5/16/2020 8:30:17 PM Transporto a Adara hacia Mapa104 X:51 Y:55
5/16/2020 8:30:17 PM Transporto a Adara hacia Mapa104 X:49 Y:52
5/16/2020 8:30:17 PM Transporto a Adara hacia Mapa104 X:48 Y:49
5/16/2020 8:30:17 PM Transporto a Adara hacia Mapa104 X:48 Y:48
5/16/2020 8:30:18 PM Transporto a Adara hacia Mapa104 X:48 Y:44
5/16/2020 8:30:18 PM Transporto a Adara hacia Mapa104 X:48 Y:40
5/16/2020 8:30:18 PM Transporto a Adara hacia Mapa104 X:46 Y:36
5/16/2020 8:30:19 PM Transporto a Adara hacia Mapa104 X:45 Y:36
5/16/2020 8:30:19 PM Transporto a Adara hacia Mapa104 X:42 Y:32
5/16/2020 8:30:19 PM Transporto a Adara hacia Mapa104 X:41 Y:28
5/16/2020 8:30:20 PM Transporto a Adara hacia Mapa104 X:42 Y:26
5/16/2020 8:30:22 PM Transporto a Adara hacia Mapa104 X:51 Y:51
5/16/2020 8:30:29 PM /EDIT ADARA
5/16/2020 8:30:43 PM /EDIT ADARA@69
5/16/2020 8:30:51 PM Transporto a Adara hacia Mapa28 X:73 Y:23
5/16/2020 8:30:52 PM Transporto a Adara hacia Mapa28 X:77 Y:26
5/16/2020 8:30:54 PM Transporto a Adara hacia Mapa104 X:51 Y:51
5/16/2020 8:31:10 PM Mensaje Broadcast:Largo torneito 1vs1
5/16/2020 8:31:18 PM Mensaje Broadcast:Que dicen chicos?
5/16/2020 8:31:36 PM Mensaje a Gms:espera q hijo de puta
5/16/2020 8:31:41 PM Mensaje a Gms:yo hago lo que quiero
5/16/2020 8:31:44 PM Mensaje a Gms:es mi sv
5/16/2020 8:31:46 PM Mensaje a Gms:AHRE
5/16/2020 8:31:53 PM /IRA Fhiriox Mapa:100 X:50 Y:50
5/16/2020 8:31:54 PM Transporto a Adara hacia Mapa100 X:51 Y:50
5/16/2020 8:33:00 PM Transporto a Adara hacia Mapa104 X:51 Y:51
5/16/2020 8:33:03 PM Transporto a Adara hacia Mapa104 X:43 Y:56
5/16/2020 8:33:06 PM Transporto a Adara hacia Mapa104 X:43 Y:59
5/16/2020 8:33:06 PM Transporto a Adara hacia Mapa104 X:49 Y:63
5/16/2020 8:33:07 PM Transporto a Adara hacia Mapa104 X:50 Y:68
5/16/2020 8:33:21 PM /HACERITEM: 512@0
5/16/2020 8:33:22 PM Agarro:1 Objeto:Vestido Calipso (E/G-M)
5/16/2020 8:33:32 PM /HACERITEM: 1536@0
5/16/2020 8:33:33 PM Agarro:1 Objeto:Corona Violeta
5/16/2020 8:33:52 PM /HACERITEM: 1268@0
5/16/2020 8:33:53 PM Agarro:1 Objeto:Corona Alada
5/16/2020 8:34:11 PM /HACERITEM: 1066@0
5/16/2020 8:34:12 PM Agarro:1 Objeto:Báculo Antiguo
5/16/2020 8:34:14 PM Transporto a Adara hacia Mapa104 X:49 Y:64
5/16/2020 8:34:26 PM /HACERITEM: 893@0
5/16/2020 8:34:27 PM Agarro:1 Objeto:Báculo Dorado
5/16/2020 8:34:37 PM Tiro cantidad:1 Objeto:Báculo Dorado
5/16/2020 8:34:38 PM /DEST
5/16/2020 8:34:45 PM /HACERITEM: 1064@0
5/16/2020 8:34:48 PM Agarro:1 Objeto:Báculo Ornamental
5/16/2020 8:34:59 PM Transporto a Adara hacia Mapa104 X:49 Y:62
5/16/2020 8:34:59 PM Transporto a Adara hacia Mapa104 X:47 Y:60
5/16/2020 8:34:59 PM Transporto a Adara hacia Mapa104 X:46 Y:60
5/16/2020 8:34:59 PM Transporto a Adara hacia Mapa104 X:44 Y:55
5/16/2020 8:35:00 PM Transporto a Adara hacia Mapa104 X:46 Y:55
5/16/2020 8:35:00 PM Transporto a Adara hacia Mapa104 X:47 Y:50
5/16/2020 8:35:00 PM Transporto a Adara hacia Mapa104 X:44 Y:50
5/16/2020 8:35:00 PM Transporto a Adara hacia Mapa104 X:40 Y:46
5/16/2020 8:35:00 PM Transporto a Adara hacia Mapa104 X:40 Y:46
5/16/2020 8:35:01 PM Transporto a Adara hacia Mapa104 X:39 Y:42
5/16/2020 8:35:01 PM Transporto a Adara hacia Mapa104 X:38 Y:38
5/16/2020 8:35:01 PM Transporto a Adara hacia Mapa104 X:37 Y:38
5/16/2020 8:35:01 PM Transporto a Adara hacia Mapa104 X:34 Y:35
5/16/2020 8:35:02 PM Transporto a Adara hacia Mapa104 X:31 Y:32
5/16/2020 8:35:02 PM Transporto a Adara hacia Mapa104 X:31 Y:32
5/16/2020 8:35:03 PM Transporto a Adara hacia Mapa104 X:30 Y:29
5/16/2020 8:35:06 PM /ESPIAR Fhiriox Mapa:100 X:49 Y:50
5/16/2020 8:35:08 PM Transporto a Adara hacia Mapa100 X:50 Y:50
5/16/2020 8:35:16 PM /INVISIBLE
5/16/2020 8:36:21 PM Mensaje Broadcast:MANDO TORNEO 1VS1 {NO CAEN ITEMS^~
5/16/2020 8:37:37 PM Transporto a Adara hacia Mapa100 X:44 Y:44
5/16/2020 8:37:37 PM Transporto a Adara hacia Mapa100 X:43 Y:43
5/16/2020 8:37:37 PM Transporto a Adara hacia Mapa100 X:43 Y:43
5/16/2020 8:37:37 PM Transporto a Adara hacia Mapa100 X:42 Y:43
5/16/2020 8:37:38 PM Transporto a Adara hacia Mapa100 X:38 Y:38
5/16/2020 8:37:38 PM Transporto a Adara hacia Mapa100 X:34 Y:33
5/16/2020 8:37:39 PM Transporto a Adara hacia Mapa100 X:30 Y:28
5/16/2020 8:37:40 PM Transporto a Adara hacia Mapa100 X:27 Y:23
5/16/2020 8:37:41 PM Transporto a Adara hacia Mapa100 X:27 Y:19
5/16/2020 8:37:42 PM Transporto a Adara hacia Mapa100 X:26 Y:18
5/16/2020 8:37:50 PM /ESPIAR Laura Mapa:103 X:40 Y:77
5/16/2020 8:37:58 PM /FPS A:Laura
5/16/2020 8:38:03 PM Transporto a Adara hacia Mapa104 X:51 Y:51
5/16/2020 8:38:05 PM Transporto a Adara hacia Mapa104 X:49 Y:54
5/16/2020 8:38:08 PM /GO 100
5/16/2020 8:38:09 PM Transporto a Adara hacia Mapa100 X:44 Y:46
5/16/2020 8:38:10 PM Transporto a Adara hacia Mapa100 X:38 Y:41
5/16/2020 8:38:10 PM Transporto a Adara hacia Mapa100 X:32 Y:36
5/16/2020 8:38:10 PM Transporto a Adara hacia Mapa100 X:33 Y:36
5/16/2020 8:38:10 PM Transporto a Adara hacia Mapa100 X:33 Y:35
5/16/2020 8:38:11 PM Transporto a Adara hacia Mapa100 X:33 Y:35
5/16/2020 8:38:11 PM Transporto a Adara hacia Mapa100 X:30 Y:31
5/16/2020 8:38:12 PM Transporto a Adara hacia Mapa100 X:29 Y:28
5/16/2020 8:38:12 PM Transporto a Adara hacia Mapa100 X:28 Y:27
5/16/2020 8:38:13 PM Transporto a Adara hacia Mapa100 X:27 Y:25
5/16/2020 8:38:18 PM /SUM iSabella Map:100 X:27 Y:24
5/16/2020 8:38:19 PM /SUM TuMa Map:100 X:27 Y:24
5/16/2020 8:38:21 PM Transporto a Adara hacia Mapa100 X:31 Y:23
5/16/2020 8:38:25 PM /SUM Ditvayz Map:100 X:31 Y:24
5/16/2020 8:38:26 PM /SUM Neo Pistea Map:100 X:31 Y:24
5/16/2020 8:38:27 PM Transporto a Adara hacia Mapa100 X:39 Y:24
5/16/2020 8:38:28 PM /SUM YSY A Map:100 X:39 Y:24
5/16/2020 8:38:29 PM /SUM Drag Rosel Map:100 X:39 Y:24
5/16/2020 8:38:30 PM Transporto a Adara hacia Mapa100 X:47 Y:24
5/16/2020 8:38:33 PM /SUM Supermatic Map:100 X:47 Y:24
5/16/2020 8:38:35 PM /SUM impacter Map:100 X:47 Y:24
5/16/2020 8:38:36 PM Transporto a Adara hacia Mapa100 X:55 Y:24
5/16/2020 8:38:38 PM /SUM dirk gentlys Map:100 X:55 Y:24
5/16/2020 8:38:39 PM /SUM Nehitan Map:100 X:55 Y:24
5/16/2020 8:38:40 PM Transporto a Adara hacia Mapa100 X:63 Y:24
5/16/2020 8:38:51 PM Mensaje Broadcast:manden pa torneo perros /torneo 1vs1 no kaen
5/16/2020 8:38:53 PM Transporto a Adara hacia Mapa100 X:56 Y:27
5/16/2020 8:38:53 PM Transporto a Adara hacia Mapa100 X:49 Y:29
5/16/2020 8:38:54 PM Transporto a Adara hacia Mapa100 X:46 Y:27
5/16/2020 8:38:55 PM Transporto a Adara hacia Mapa100 X:41 Y:27
5/16/2020 8:38:56 PM Transporto a Adara hacia Mapa100 X:40 Y:26
5/16/2020 8:38:59 PM /INVISIBLE
5/16/2020 8:39:16 PM Transporto a Adara hacia Mapa100 X:46 Y:26
5/16/2020 8:39:16 PM Transporto a Adara hacia Mapa100 X:54 Y:26
5/16/2020 8:39:17 PM Transporto a Adara hacia Mapa100 X:60 Y:25
5/16/2020 8:39:25 PM Transporto a Adara hacia Mapa100 X:55 Y:26
5/16/2020 8:39:27 PM Transporto a Adara hacia Mapa100 X:63 Y:25
5/16/2020 8:39:30 PM /SUM AubameYang Map:100 X:63 Y:24
5/16/2020 8:39:51 PM Mensaje Broadcast:MANDENNN CHIKITOS 1 MAS /TORNEO
5/16/2020 8:40:07 PM /SUM NIGGA Map:100 X:62 Y:24
5/16/2020 8:40:08 PM Transporto a Adara hacia Mapa100 X:57 Y:25
5/16/2020 8:40:08 PM Transporto a Adara hacia Mapa100 X:57 Y:26
5/16/2020 8:40:08 PM Transporto a Adara hacia Mapa100 X:57 Y:26
5/16/2020 8:40:09 PM Transporto a Adara hacia Mapa100 X:56 Y:26
5/16/2020 8:40:09 PM Transporto a Adara hacia Mapa100 X:51 Y:27
5/16/2020 8:40:09 PM Transporto a Adara hacia Mapa100 X:50 Y:27
5/16/2020 8:40:09 PM Transporto a Adara hacia Mapa100 X:50 Y:28
5/16/2020 8:40:10 PM Transporto a Adara hacia Mapa100 X:50 Y:27
5/16/2020 8:40:11 PM Transporto a Adara hacia Mapa100 X:50 Y:26
5/16/2020 8:40:12 PM Transporto a Adara hacia Mapa100 X:43 Y:26
5/16/2020 8:40:13 PM Transporto a Adara hacia Mapa100 X:43 Y:26
5/16/2020 8:40:16 PM Transporto a Adara hacia Mapa100 X:36 Y:26
5/16/2020 8:40:21 PM Mensaje a Gms:el khe
5/16/2020 8:40:22 PM Transporto a Adara hacia Mapa100 X:29 Y:26
5/16/2020 8:40:25 PM Transporto a Adara hacia Mapa100 X:27 Y:26
5/16/2020 8:40:31 PM Mensaje a Gms:deja de tokar
5/16/2020 8:40:40 PM /GO 100
5/16/2020 8:40:51 PM Mensaje Broadcast:ten atentos ke no pregunto eee
5/16/2020 8:40:52 PM Transporto a Adara hacia Mapa100 X:51 Y:50
5/16/2020 8:41:34 PM Mensaje Broadcast:no kiero
5/16/2020 8:41:37 PM Mensaje Broadcast:obligame
5/16/2020 8:41:50 PM Mensaje Broadcast:Jajajaja basta
5/16/2020 8:41:52 PM Mensaje Broadcast:Disculpame.
5/16/2020 8:42:02 PM Transporto a Adara hacia Mapa100 X:45 Y:45
5/16/2020 8:42:02 PM Transporto a Adara hacia Mapa100 X:39 Y:40
5/16/2020 8:42:02 PM Transporto a Adara hacia Mapa100 X:34 Y:35
5/16/2020 8:42:03 PM Transporto a Adara hacia Mapa100 X:32 Y:30
5/16/2020 8:42:03 PM Transporto a Adara hacia Mapa100 X:27 Y:27
5/16/2020 8:42:04 PM Transporto a Adara hacia Mapa100 X:32 Y:26
5/16/2020 8:42:13 PM /GO 100
5/16/2020 8:42:21 PM Mensaje Broadcast:y yo te voy a enseñar a jugar al ao a ver si metes un click
5/16/2020 8:42:25 PM Mensaje Broadcast:mentira brow tkm
5/16/2020 8:42:40 PM Mensaje Broadcast:Jajajaja tonces no te kiero
5/16/2020 8:44:42 PM Adara entrego donacion de $5000 a Adara
5/16/2020 8:46:43 PM Transporto a Adara hacia Mapa104 X:51 Y:51
5/16/2020 8:46:56 PM /HACERITEM: 1451@0
5/16/2020 8:46:58 PM Agarro:1 Objeto:Cetro Abisal
5/16/2020 8:47:04 PM /GO 100
5/16/2020 8:47:16 PM /HACERITEM: ANTIFAZ@0
5/16/2020 8:47:26 PM Transporto a Adara hacia Mapa100 X:52 Y:47
5/16/2020 8:47:28 PM /HACERITEM: 1605@0
5/16/2020 8:47:29 PM Agarro:1 Objeto:Antifaz dorado
5/16/2020 8:47:30 PM Transporto a Adara hacia Mapa100 X:50 Y:50
5/16/2020 8:47:46 PM /MODMAPINFO RGB 255 255 255
5/16/2020 8:48:02 PM Transporto a Adara hacia Mapa100 X:49 Y:53
5/16/2020 8:48:20 PM Transporto a Adara hacia Mapa100 X:41 Y:39
5/16/2020 8:48:20 PM Transporto a Adara hacia Mapa100 X:37 Y:33
5/16/2020 8:48:21 PM Transporto a Adara hacia Mapa100 X:35 Y:28
5/16/2020 8:48:21 PM Transporto a Adara hacia Mapa100 X:33 Y:25
5/16/2020 8:48:23 PM Transporto a Adara hacia Mapa100 X:39 Y:26
5/16/2020 8:49:19 PM Resucito a Drag Rosel
5/16/2020 8:49:24 PM Transporto a Adara hacia Mapa100 X:40 Y:29
5/16/2020 8:49:24 PM Transporto a Adara hacia Mapa100 X:41 Y:34
5/16/2020 8:49:24 PM Transporto a Adara hacia Mapa100 X:43 Y:39
5/16/2020 8:49:24 PM Transporto a Adara hacia Mapa100 X:44 Y:44
5/16/2020 8:49:25 PM Transporto a Adara hacia Mapa100 X:50 Y:48
5/16/2020 8:49:26 PM Transporto a Adara hacia Mapa100 X:50 Y:50
5/16/2020 8:49:37 PM Mensaje a Gms:q es
5/16/2020 8:49:39 PM Mensaje a Gms:esta mierda verde
5/16/2020 8:49:42 PM Mensaje a Gms:q pusiste aca amigo
5/16/2020 8:49:43 PM Mensaje a Gms:ams feo
5/16/2020 8:49:45 PM Mensaje a Gms:no puede quedar
5/16/2020 8:49:54 PM Mensaje a Gms:es horrendo
5/16/2020 8:50:06 PM Transporto a Adara hacia Mapa100 X:50 Y:50
5/16/2020 8:50:34 PM Transporto a Adara hacia Mapa100 X:47 Y:51
5/16/2020 8:50:39 PM Transporto a Adara hacia Mapa100 X:46 Y:41
5/16/2020 8:50:39 PM Transporto a Adara hacia Mapa100 X:46 Y:36
5/16/2020 8:50:40 PM Transporto a Adara hacia Mapa100 X:46 Y:30
5/16/2020 8:50:41 PM Transporto a Adara hacia Mapa100 X:48 Y:27
5/16/2020 8:50:43 PM Transporto a Adara hacia Mapa100 X:47 Y:25
5/16/2020 8:50:44 PM Transporto a Adara hacia Mapa100 X:47 Y:24
5/16/2020 8:51:02 PM Mensaje Broadcast:alguien quiere jugar con Supermatic /TORNEO
5/16/2020 8:51:43 PM Transporto a Adara hacia Mapa100 X:54 Y:26
5/16/2020 8:51:51 PM Transporto a Adara hacia Mapa100 X:49 Y:27
5/16/2020 8:51:52 PM Transporto a Adara hacia Mapa100 X:46 Y:26
5/16/2020 8:52:02 PM /GO 100
