[Fermin]
BannedBy=Fermin
Reason=cheat
[Wu Tang]
BannedBy=Shenezedy
Reason=pete
[Shay]
BannedBy=Shenezedy
Reason=Ban por IP desde Nick por 
[Aubameyang]
BannedBy=Behaviour
Reason=ad
[TEPEGOAPUBOBO]
BannedBy=Beazzel
Reason=.
[NhetzuM]
BannedBy=Itachi Uchiha
Reason=cheat
[Flo Res]
BannedBy=Behaviour
Reason=.
[ZAILA JR]
BannedBy=Shay
Reason=insultos
[Lahira]
BannedBy=Refenax
Reason=salame
[Refenax]
BannedBy=Behaviour
Reason=down
[Kaaren]
BannedBy=Kleeh
Reason=tiraservidor
[Zlum Xit]
BannedBy=Refenax
Reason=chitero
[ELViRA]
BannedBy=Refenax
Reason=bobito
[SARAY]
BannedBy=Behaviour
Reason=.
[Behaviour]
BannedBy=Behaviour
Reason=2
[Napay]
BannedBy=Refenax
Reason=tarado+
[SARkANY]
BannedBy=Kleeh
Reason=no pagar set
[jjose]
BannedBy=Refenax
Reason=prueba
[By Smodn]
BannedBy=Shay
Reason=mitomano
[ThairoN]
BannedBy=Sharku
Reason=Se aprovecho de un bug.
[Walls]
BannedBy=KeindaL
Reason=putonis
[DhyeN]
BannedBy=FriJo
Reason=123
[ZhakoVo]
BannedBy=KeindaL
Reason=gato
[Rose Marie]
BannedBy=KeindaL
Reason=Hablamucho
[Wiki wiki]
BannedBy=KeindaL
Reason=puto
[FriJo]
BannedBy=Isac Kosher
Reason=molestias
[RastoneOne]
BannedBy=Fhiriox
Reason=Ban por IP desde Nick por 
[Jhink]
BannedBy=Kalhat
Reason=Ban por IP desde Nick por 
[Tu vieja]
BannedBy=Camila
Reason=asd
[Tu novia]
BannedBy=Isac Kosher
Reason=gordodown
[Cpillin]
BannedBy=Isac Kosher
Reason=vivo
[CuidateLaCola]
BannedBy=Isac Kosher
Reason=iditoa
[L Martinez]
BannedBy=Isac Kosher
Reason=gordoteton
[SoypalaElfo]
BannedBy=Isac Kosher
Reason=idiota
[KzaDown]
BannedBy=Isac Kosher
Reason=DOWN
[Lukaku]
BannedBy=Isac Kosher
Reason=MOGO
[dfsd]
BannedBy=Isac Kosher
Reason=Ban por IP desde Nick por 
[Tyffani]
BannedBy=Isac Kosher
Reason=Ban por IP desde Nick por 
[Shaky]
BannedBy=Kalhat
Reason=corrup
[DruidadePanceta]
BannedBy=Rupertina
Reason=CERRA EL BY FEDEX NO TE LO DIGO MAS.
[KreyL]
BannedBy=XAPANA
Reason=Insulto gm
[testdios]
BannedBy=Zulima
Reason=asd
[Creevy]
BannedBy=Zulima
Reason=a
[Anzwer]
BannedBy=JiNiT
Reason=Amenaza
[CLEAR]
BannedBy=JiNiT
Reason=Amenaza
