young pimp
aneberg
codeine
verinais
behaviour
Aubameyang
TEPEGOAPUBOBO
mierev
NhetzuM
Flo Res
itachi uchiha
lahira
ZAILA JR
Lahira
klan
beazzel
mierev
super frias
Refenax
Kaaren
behaviour
sorry bro
kirzor
el viejo
Zlum Xit
ELViRA
SARAY
SARAY
Behaviour
Napay
SARkANY
yerba brava
flo res
behaviour
jjose
demisho
fripy
By Smodn
ThairoN
ThairoN
bardown
el palado
DONDE VAMOS
magopro
thairon
Walls
DhyeN
ZhakoVo
DhyeN
bardown
Rose Marie
Wiki wiki
FriJo
RastoneOne
Jhink
Tu vieja
Frijo
Tu novia
Cpillin
CuidateLaCola
L Martinez
SoypalaElfo
KzaDown
Lukaku
dfsd
Tyffani
isac kosher
Shaky
Lhaysha
DruidadePanceta
KreyL
testdios
testt
lafle chita
fhirioxx
LAFLE CHITA
Creevy
UNDERNOW
fotoshop
Paladar
Anzwer
CLEAR
