29/01/2020 22:20:58 server iniciado 0.11.45
29/01/2020 22:37:27 server cerrado.
29/01/2020 22:37:45 server iniciado 0.11.45
30/01/2020 16:04:00 server iniciado 0.11.45
30/01/2020 22:51:22 server cerrado.
30/01/2020 23:34:50 server iniciado 0.11.45
30/01/2020 23:38:21 server cerrado.
31/01/2020 15:40:21 server iniciado 0.11.45
31/01/2020 15:51:25 server apagado por Shay. 
31/01/2020 15:51:25 server cerrado.
31/01/2020 15:57:52 server iniciado 0.11.45
8 abr 2020 21:29:50 server iniciado 0.11.45
8 abr 2020 21:37:59 server cerrado.
8 abr 2020 22:00:12 server iniciado 0.11.45
8 abr 2020 22:03:58 server cerrado.
8 abr 2020 22:05:05 server iniciado 0.11.45
8 abr 2020 23:34:48 server cerrado.
8 abr 2020 23:35:19 server iniciado 0.11.45
8 abr 2020 23:37:59 server cerrado.
9 abr 2020 00:10:37 server iniciado 0.11.45
9 abr 2020 01:11:31 server cerrado.
9 abr 2020 01:51:43 server iniciado 0.11.45
9 abr 2020 02:00:21 server cerrado.
9 abr 2020 02:01:21 server iniciado 0.11.45
9 abr 2020 02:04:19 server cerrado.
9 abr 2020 02:05:54 server iniciado 0.11.45
9 abr 2020 02:18:11 server cerrado.
9 abr 2020 02:31:52 server iniciado 0.11.45
9 abr 2020 02:57:45 server cerrado.
9 abr 2020 03:07:32 server iniciado 0.11.45
9 abr 2020 03:09:19 server cerrado.
9 abr 2020 03:16:05 server iniciado 0.11.45
9 abr 2020 03:37:39 server cerrado.
9 abr 2020 03:40:30 server iniciado 0.11.45
9 abr 2020 08:34:47 server iniciado 0.11.45
9 abr 2020 19:51:30 server iniciado 0.11.45
9 abr 2020 20:16:26 server cerrado.
9 abr 2020 20:24:32 server iniciado 0.11.45
9 abr 2020 22:01:25 server iniciado 0.11.45
4/9/2020 10:35:26 PM server iniciado 0.11.45
4/9/2020 10:36:13 PM server cerrado.
4/9/2020 10:36:51 PM server iniciado 0.11.45
4/9/2020 10:37:38 PM server cerrado.
4/9/2020 10:39:58 PM server iniciado 0.11.45
4/9/2020 11:17:07 PM server cerrado.
4/9/2020 11:19:27 PM server iniciado 0.11.45
4/9/2020 11:47:41 PM server apagado por Shay. 
4/9/2020 11:47:41 PM server cerrado.
4/9/2020 11:47:56 PM server iniciado 0.11.45
4/9/2020 11:51:25 PM server cerrado.
4/10/2020 12:00:03 AM server iniciado 0.11.45
4/10/2020 12:26:59 AM server apagado por Shay. 
4/10/2020 12:27:00 AM server cerrado.
4/10/2020 12:27:16 AM server iniciado 0.11.45
4/10/2020 12:44:01 AM server apagado por Shay. 
4/10/2020 12:44:03 AM server cerrado.
4/10/2020 12:44:21 AM server iniciado 0.11.45
4/11/2020 8:44:54 PM server apagado por Fhiriox. 
4/11/2020 8:44:55 PM server cerrado.
4/11/2020 8:45:43 PM server iniciado 0.11.45
4/11/2020 10:53:44 PM server apagado por Camila. 
4/11/2020 10:53:44 PM server cerrado.
4/11/2020 10:54:09 PM server iniciado 0.11.45
4/12/2020 10:50:37 AM server apagado por Shay. 
4/12/2020 10:50:37 AM server cerrado.
4/12/2020 10:58:06 AM server iniciado 0.11.45
4/12/2020 11:00:43 AM server apagado por Shay. 
4/12/2020 11:00:43 AM server cerrado.
4/12/2020 11:01:49 AM server iniciado 0.11.45
4/12/2020 9:40:25 PM server iniciado 0.11.45
4/12/2020 9:54:38 PM server iniciado 0.11.45
4/12/2020 11:59:14 PM server iniciado 0.11.45
4/13/2020 12:32:12 AM server cerrado.
4/13/2020 12:33:02 AM server iniciado 0.11.45
4/13/2020 2:53:42 PM server iniciado 0.11.45
4/13/2020 2:58:03 PM server cerrado.
4/13/2020 3:56:10 PM server iniciado 0.11.45
4/13/2020 5:14:35 PM server iniciado 0.11.45
4/13/2020 5:22:41 PM server cerrado.
4/13/2020 5:29:36 PM server iniciado 0.11.45
4/13/2020 9:45:42 PM server iniciado 0.11.45
4/13/2020 11:12:08 PM server iniciado 0.11.45
4/13/2020 11:38:06 PM server iniciado 0.11.45
4/14/2020 12:31:38 AM server cerrado.
4/14/2020 1:09:10 AM server iniciado 0.11.45
4/14/2020 6:43:16 PM server iniciado 0.11.45
4/14/2020 7:10:01 PM server iniciado 0.11.45
4/14/2020 7:14:03 PM server iniciado 0.11.45
4/14/2020 8:12:55 PM server iniciado 0.11.45
4/14/2020 10:42:23 PM server iniciado 0.11.45
4/14/2020 10:45:35 PM server iniciado 0.11.45
4/14/2020 10:52:21 PM server iniciado 0.11.45
4/15/2020 12:22:57 AM server iniciado 0.11.45
4/15/2020 12:24:04 AM server cerrado.
4/15/2020 12:24:11 AM server cerrado.
4/15/2020 12:24:24 AM server iniciado 0.11.45
4/16/2020 1:10:08 AM server iniciado 0.11.45
4/16/2020 1:10:11 AM server cerrado.
4/16/2020 4:39:00 PM server iniciado 0.11.45
4/16/2020 4:42:11 PM server cerrado.
4/16/2020 10:50:15 PM server iniciado 0.11.45
4/17/2020 2:16:08 AM server apagado por Shay. 
4/17/2020 2:16:08 AM server cerrado.
4/17/2020 2:18:24 AM server iniciado 0.11.45
4/17/2020 2:19:23 AM server iniciado 0.11.45
4/17/2020 2:21:29 AM server iniciado 0.11.45
4/17/2020 2:22:35 AM server cerrado.
4/17/2020 2:22:41 AM server cerrado.
4/17/2020 2:22:52 AM server iniciado 0.11.45
4/17/2020 2:25:37 AM server cerrado.
4/17/2020 2:25:51 AM server iniciado 0.11.45
4/17/2020 2:55:26 AM server cerrado.
4/17/2020 2:55:37 AM server iniciado 0.11.45
4/17/2020 3:36:14 AM server apagado por Shay. 
4/17/2020 3:36:14 AM server cerrado.
4/17/2020 3:38:36 AM server iniciado 0.11.45
4/17/2020 4:00:25 AM server cerrado.
4/17/2020 4:01:55 AM server iniciado 0.11.45
4/17/2020 4:02:24 AM server cerrado.
4/17/2020 4:25:15 AM server iniciado 0.11.45
4/17/2020 4:38:31 AM server cerrado.
4/17/2020 4:49:51 AM server iniciado 0.11.45
4/17/2020 4:50:28 AM server cerrado.
4/17/2020 4:51:38 AM server iniciado 0.11.45
4/17/2020 4:53:30 AM server apagado por Shay. 
4/17/2020 4:53:30 AM server cerrado.
4/17/2020 4:53:44 AM server iniciado 0.11.45
4/17/2020 4:57:22 AM server cerrado.
4/17/2020 5:00:13 AM server iniciado 0.11.45
4/17/2020 5:10:36 AM server cerrado.
4/18/2020 2:54:38 AM server iniciado 0.11.45
4/18/2020 2:56:30 AM server apagado por Camila. 
4/18/2020 2:56:30 AM server cerrado.
4/18/2020 2:56:49 AM server iniciado 0.11.45
4/18/2020 2:59:45 AM server cerrado.
4/18/2020 3:01:45 AM server iniciado 0.11.45
4/18/2020 3:03:05 AM server apagado por Shay. 
4/18/2020 3:03:05 AM server cerrado.
4/18/2020 3:03:24 AM server iniciado 0.11.45
4/18/2020 3:05:07 AM server cerrado.
4/18/2020 3:20:31 AM server iniciado 0.11.45
4/18/2020 3:25:57 AM server cerrado.
4/18/2020 6:10:44 PM server iniciado 0.11.45
4/18/2020 7:30:00 PM server cerrado.
4/18/2020 7:30:26 PM server iniciado 0.11.45
4/18/2020 7:54:08 PM server cerrado.
4/19/2020 8:12:06 PM server iniciado 0.11.45
4/19/2020 8:19:18 PM server cerrado.
4/21/2020 4:04:03 AM server iniciado 0.11.45
4/21/2020 4:17:58 AM server cerrado.
4/21/2020 4:58:47 AM server iniciado 0.11.45
4/21/2020 5:14:05 AM server cerrado.
4/21/2020 5:14:48 AM server iniciado 0.11.45
4/21/2020 5:18:33 AM server cerrado.
4/21/2020 5:19:19 AM server iniciado 0.11.45
4/21/2020 5:36:26 AM server cerrado.
4/21/2020 5:41:12 AM server iniciado 0.11.45
4/22/2020 12:04:54 AM server iniciado 0.11.45
4/22/2020 12:06:25 AM server cerrado.
4/22/2020 8:04:03 AM server iniciado 0.11.45
4/22/2020 8:04:19 AM server cerrado.
4/22/2020 8:04:43 AM server iniciado 0.11.45
4/22/2020 8:05:40 AM server cerrado.
4/22/2020 8:06:10 AM server iniciado 0.11.45
4/22/2020 8:11:26 AM server cerrado.
4/22/2020 8:11:41 AM server iniciado 0.11.45
4/22/2020 8:17:21 AM server cerrado.
4/22/2020 8:18:16 AM server iniciado 0.11.45
4/22/2020 8:23:19 AM server iniciado 0.11.45
4/22/2020 8:24:40 AM server cerrado.
4/22/2020 8:25:39 AM server iniciado 0.11.45
4/22/2020 8:28:37 AM server cerrado.
4/22/2020 3:37:38 PM server iniciado 0.11.45
4/22/2020 3:43:24 PM server iniciado 0.11.45
4/22/2020 3:52:33 PM server cerrado.
4/22/2020 4:58:21 PM server iniciado 0.11.45
4/22/2020 5:05:42 PM server cerrado.
4/22/2020 5:06:47 PM server iniciado 0.11.45
4/22/2020 5:10:09 PM server cerrado.
4/22/2020 5:11:17 PM server iniciado 0.11.45
4/22/2020 5:11:52 PM server cerrado.
4/22/2020 5:12:12 PM server iniciado 0.11.45
4/22/2020 5:37:15 PM server cerrado.
4/22/2020 5:38:07 PM server iniciado 0.11.45
4/22/2020 5:49:07 PM server cerrado.
4/22/2020 5:51:35 PM server iniciado 0.11.45
4/22/2020 7:25:24 PM server cerrado.
4/22/2020 7:31:22 PM server iniciado 0.11.45
4/22/2020 7:34:43 PM server cerrado.
4/22/2020 7:35:52 PM server iniciado 0.11.45
4/22/2020 7:42:55 PM server cerrado.
4/22/2020 7:50:17 PM server iniciado 0.11.45
4/22/2020 7:57:25 PM server cerrado.
4/24/2020 1:36:54 AM server iniciado 0.11.45
4/24/2020 1:58:43 AM server cerrado.
4/24/2020 1:58:59 AM server iniciado 0.11.45
4/24/2020 2:14:15 AM server cerrado.
4/24/2020 2:15:20 AM server iniciado 0.11.45
4/24/2020 2:22:34 AM server cerrado.
4/24/2020 2:23:14 AM server iniciado 0.11.45
4/24/2020 2:51:25 AM server cerrado.
4/24/2020 3:01:22 AM server iniciado 0.11.45
4/24/2020 3:14:20 AM server cerrado.
4/24/2020 3:14:36 AM server iniciado 0.11.45
4/24/2020 3:20:57 AM server cerrado.
4/24/2020 3:21:34 AM server iniciado 0.11.45
4/24/2020 3:44:26 AM server apagado por Shay. 
4/24/2020 3:44:26 AM server cerrado.
4/24/2020 3:45:01 AM server iniciado 0.11.45
4/24/2020 3:51:59 AM server cerrado.
4/25/2020 9:14:48 PM server iniciado 0.11.45
4/26/2020 3:10:09 AM server cerrado.
4/26/2020 3:10:28 AM server iniciado 0.11.45
4/26/2020 3:19:03 AM server cerrado.
4/26/2020 3:42:43 AM server iniciado 0.11.45
4/26/2020 3:46:36 AM server cerrado.
4/26/2020 3:50:33 AM server iniciado 0.11.45
4/27/2020 1:39:07 AM server iniciado 0.11.45
4/27/2020 1:41:10 AM server iniciado 0.11.45
4/27/2020 1:42:16 AM server iniciado 0.11.45
4/27/2020 1:42:43 AM server cerrado.
4/27/2020 1:42:48 AM server cerrado.
4/27/2020 1:43:05 AM server iniciado 0.11.45
4/27/2020 1:43:56 AM server iniciado 0.11.45
4/27/2020 8:10:39 PM server cerrado.
4/27/2020 8:24:27 PM server iniciado 0.11.45
4/27/2020 11:39:38 PM server iniciado 0.11.45
4/28/2020 12:09:34 AM server iniciado 0.11.45
4/28/2020 9:51:10 PM server cerrado.
4/29/2020 2:10:23 AM server iniciado 0.11.45
4/29/2020 10:20:50 PM server cerrado.
4/29/2020 10:21:06 PM server iniciado 0.11.45
4/30/2020 3:43:25 AM server cerrado.
4/30/2020 3:45:18 AM server iniciado 0.11.45
4/30/2020 5:43:00 AM server cerrado.
4/30/2020 5:45:05 AM server iniciado 0.11.45
4/30/2020 6:31:37 AM server cerrado.
4/30/2020 6:33:11 AM server iniciado 0.11.45
4/30/2020 6:50:50 AM server cerrado.
4/30/2020 6:51:06 AM server iniciado 0.11.45
4/30/2020 11:58:20 PM server iniciado 0.11.45
5/1/2020 12:00:24 AM server cerrado.
5/1/2020 12:46:29 AM server iniciado 0.11.45
5/2/2020 3:45:18 AM server apagado por SHAY. 
5/2/2020 3:45:18 AM server cerrado.
5/2/2020 3:45:37 AM server iniciado 0.11.45
5/2/2020 4:06:29 PM server cerrado.
5/2/2020 4:11:47 PM server iniciado 0.11.45
5/2/2020 4:25:17 PM server cerrado.
5/2/2020 4:28:23 PM server iniciado 0.11.45
5/2/2020 4:28:26 PM server cerrado.
5/2/2020 4:28:48 PM server iniciado 0.11.45
5/2/2020 4:30:25 PM server cerrado.
5/2/2020 4:30:39 PM server iniciado 0.11.45
5/2/2020 4:31:57 PM server cerrado.
5/2/2020 4:35:33 PM server iniciado 0.11.45
5/2/2020 4:36:30 PM server cerrado.
5/2/2020 4:41:11 PM server iniciado 0.11.45
5/2/2020 4:41:19 PM server cerrado.
5/2/2020 4:41:54 PM server iniciado 0.11.45
5/2/2020 4:46:46 PM server cerrado.
5/2/2020 4:47:01 PM server iniciado 0.11.45
5/2/2020 4:48:24 PM server cerrado.
5/2/2020 4:50:50 PM server iniciado 0.11.45
5/2/2020 4:57:04 PM server cerrado.
5/2/2020 11:19:39 PM server iniciado 0.11.45
5/2/2020 11:55:40 PM server cerrado.
5/2/2020 11:55:54 PM server iniciado 0.11.45
5/3/2020 11:59:32 PM server cerrado.
5/3/2020 11:59:48 PM server iniciado 0.11.45
5/4/2020 12:01:55 AM server cerrado.
5/4/2020 12:33:07 AM server iniciado 0.11.45
5/4/2020 3:52:46 AM server cerrado.
5/4/2020 3:53:00 AM server iniciado 0.11.45
5/4/2020 5:02:31 AM server cerrado.
5/4/2020 5:03:41 AM server iniciado 0.11.45
5/5/2020 3:11:12 AM server cerrado.
5/5/2020 3:16:09 AM server iniciado 0.11.45
5/5/2020 3:21:26 AM server cerrado.
5/5/2020 3:27:22 AM server iniciado 0.11.45
5/5/2020 3:42:09 AM server iniciado 0.11.45
5/5/2020 5:07:23 AM server cerrado.
5/5/2020 5:13:36 AM server iniciado 0.11.45
5/5/2020 5:47:07 AM server cerrado.
5/5/2020 5:47:58 AM server iniciado 0.11.45
5/5/2020 5:52:35 AM server cerrado.
5/5/2020 6:31:55 AM server iniciado 0.11.45
5/5/2020 6:47:15 AM server cerrado.
5/5/2020 6:47:45 AM server iniciado 0.11.45
5/5/2020 2:36:32 PM server cerrado.
5/5/2020 2:36:46 PM server iniciado 0.11.45
5/8/2020 3:17:17 PM server cerrado.
5/8/2020 4:24:24 PM server iniciado 0.11.45
5/8/2020 5:25:26 PM server iniciado 0.11.45
5/8/2020 6:55:07 PM server iniciado 0.11.45
5/9/2020 3:52:59 AM server cerrado.
5/9/2020 4:41:35 AM server iniciado 0.11.45
5/9/2020 5:16:05 AM server cerrado.
5/9/2020 5:16:33 AM server iniciado 0.11.45
5/9/2020 5:33:21 AM server cerrado.
5/9/2020 6:07:37 AM server iniciado 0.11.45
5/9/2020 11:15:37 PM server iniciado 0.11.45
5/10/2020 1:13:17 AM server iniciado 0.11.45
5/10/2020 1:17:13 AM server iniciado 0.11.45
5/10/2020 1:20:45 AM server iniciado 0.11.45
5/10/2020 1:44:13 AM server cerrado.
5/10/2020 2:00:09 AM server iniciado 0.11.45
5/10/2020 2:00:25 AM server cerrado.
5/10/2020 2:01:16 AM server iniciado 0.11.45
5/10/2020 4:23:45 AM server cerrado.
5/10/2020 4:47:08 AM server iniciado 0.11.45
5/10/2020 4:57:31 AM server cerrado.
5/10/2020 4:57:47 AM server iniciado 0.11.45
5/10/2020 4:59:48 AM server cerrado.
5/10/2020 5:00:45 AM server iniciado 0.11.45
5/10/2020 5:18:09 AM server iniciado 0.11.45
5/10/2020 5:20:37 AM server iniciado 0.11.45
5/10/2020 5:28:44 AM server cerrado.
5/10/2020 7:01:42 PM server iniciado 0.11.45
5/10/2020 7:22:09 PM server cerrado.
5/10/2020 7:33:24 PM server iniciado 0.11.45
5/10/2020 7:38:42 PM server cerrado.
5/10/2020 7:40:03 PM server iniciado 0.11.45
5/10/2020 8:23:46 PM server cerrado.
5/10/2020 8:35:58 PM server iniciado 0.11.45
5/10/2020 8:49:30 PM server iniciado 0.11.45
5/10/2020 9:01:39 PM server cerrado.
5/10/2020 9:03:11 PM server iniciado 0.11.45
5/10/2020 9:04:29 PM server cerrado.
5/10/2020 9:05:08 PM server iniciado 0.11.45
5/10/2020 9:23:30 PM server iniciado 0.11.45
5/10/2020 9:49:15 PM server cerrado.
5/10/2020 9:50:30 PM server iniciado 0.11.45
5/10/2020 10:10:29 PM server cerrado.
5/10/2020 10:13:31 PM server iniciado 0.11.45
5/10/2020 10:17:00 PM server cerrado.
5/10/2020 10:17:52 PM server iniciado 0.11.45
5/10/2020 10:28:46 PM server cerrado.
5/10/2020 10:33:10 PM server iniciado 0.11.45
5/10/2020 11:21:06 PM server iniciado 0.11.45
5/10/2020 11:32:47 PM server iniciado 0.11.45
5/11/2020 3:24:32 AM server apagado por SHAY. 
5/11/2020 3:24:32 AM server cerrado.
5/11/2020 3:28:09 AM server iniciado 0.11.45
5/11/2020 3:29:08 AM server cerrado.
5/11/2020 3:38:39 AM server iniciado 0.11.45
5/11/2020 4:31:32 AM server cerrado.
5/11/2020 4:33:30 AM server iniciado 0.11.45
5/11/2020 4:50:43 AM server cerrado.
5/11/2020 4:51:36 AM server iniciado 0.11.45
5/11/2020 6:05:58 AM server cerrado.
5/11/2020 6:24:18 AM server iniciado 0.11.45
5/11/2020 3:27:54 PM server iniciado 0.11.45
5/11/2020 3:30:25 PM server cerrado.
5/11/2020 3:30:41 PM server iniciado 0.11.45
5/11/2020 3:31:44 PM server iniciado 0.11.45
5/11/2020 3:44:18 PM server iniciado 0.11.45
5/11/2020 3:45:27 PM server iniciado 0.11.45
5/11/2020 4:24:40 PM server iniciado 0.11.45
5/11/2020 4:25:11 PM server iniciado 0.11.45
5/11/2020 6:38:55 PM server iniciado 0.11.45
5/12/2020 12:16:48 AM server apagado por SHAY. 
5/12/2020 12:16:49 AM server cerrado.
5/12/2020 12:17:20 AM server iniciado 0.11.45
5/12/2020 12:19:56 AM server iniciado 0.11.45
5/12/2020 12:44:07 AM server cerrado.
5/12/2020 12:48:48 AM server iniciado 0.11.45
5/12/2020 1:04:38 AM server cerrado.
5/12/2020 1:06:27 AM server iniciado 0.11.45
5/12/2020 1:25:00 AM server cerrado.
5/12/2020 1:29:41 AM server iniciado 0.11.45
5/12/2020 1:45:04 AM server cerrado.
5/12/2020 1:47:20 AM server iniciado 0.11.45
5/12/2020 1:55:48 AM server cerrado.
5/12/2020 2:01:08 AM server iniciado 0.11.45
5/12/2020 2:07:18 AM server cerrado.
5/12/2020 3:43:29 AM server iniciado 0.11.45
5/12/2020 4:25:37 AM server cerrado.
5/12/2020 4:27:23 AM server iniciado 0.11.45
5/12/2020 4:40:59 AM server cerrado.
5/12/2020 4:56:32 AM server iniciado 0.11.45
5/12/2020 4:58:59 AM server cerrado.
5/12/2020 5:51:31 AM server iniciado 0.11.45
5/12/2020 7:39:17 AM server cerrado.
5/12/2020 7:40:11 AM server iniciado 0.11.45
5/12/2020 7:40:30 AM server iniciado 0.11.45
5/12/2020 7:42:34 AM server cerrado.
5/12/2020 7:46:36 AM server iniciado 0.11.45
5/12/2020 5:39:59 PM server cerrado.
5/12/2020 5:40:16 PM server iniciado 0.11.45
5/12/2020 5:40:51 PM server iniciado 0.11.45
5/12/2020 5:45:36 PM server iniciado 0.11.45
5/12/2020 5:49:44 PM server iniciado 0.11.45
5/13/2020 12:55:20 AM server apagado por SHAY. 
5/13/2020 12:55:20 AM server cerrado.
5/13/2020 12:56:04 AM server iniciado 0.11.45
5/13/2020 6:03:44 AM server apagado por SHAY. 
5/13/2020 6:03:44 AM server cerrado.
5/13/2020 6:04:07 AM server iniciado 0.11.45
5/13/2020 7:40:24 AM server apagado por SHAY. 
5/13/2020 7:40:24 AM server cerrado.
5/13/2020 7:40:37 AM server iniciado 0.11.45
5/13/2020 7:44:31 AM server cerrado.
5/13/2020 7:44:44 AM server iniciado 0.11.45
5/13/2020 9:02:52 AM server cerrado.
5/13/2020 9:03:05 AM server iniciado 0.11.45
5/13/2020 10:19:40 AM server apagado por SHAY. 
5/13/2020 10:19:40 AM server cerrado.
5/13/2020 10:30:54 AM server iniciado 0.11.45
5/13/2020 2:45:34 PM server apagado por SHAY. 
5/13/2020 2:45:34 PM server cerrado.
5/13/2020 2:49:30 PM server iniciado 0.11.45
5/13/2020 2:57:46 PM server iniciado 0.11.45
5/13/2020 4:20:37 PM server cerrado.
5/13/2020 4:20:49 PM server iniciado 0.11.45
5/13/2020 4:31:05 PM server cerrado.
5/13/2020 4:31:17 PM server iniciado 0.11.45
5/13/2020 4:39:41 PM server cerrado.
5/13/2020 4:39:53 PM server iniciado 0.11.45
5/13/2020 5:22:18 PM server cerrado.
5/13/2020 5:22:47 PM server iniciado 0.11.45
5/13/2020 5:42:33 PM server iniciado 0.11.45
5/14/2020 2:14:04 PM server apagado por Shay. 
5/14/2020 2:14:05 PM server cerrado.
5/14/2020 2:14:53 PM server iniciado 0.11.45
5/15/2020 2:21:24 PM server apagado por Shay. 
5/15/2020 2:21:25 PM server cerrado.
5/15/2020 2:21:59 PM server iniciado 0.11.45
5/15/2020 6:33:27 PM server apagado por Shay. 
5/15/2020 6:33:28 PM server cerrado.
5/15/2020 6:33:57 PM server iniciado 0.11.45
5/15/2020 7:59:33 PM server iniciado 0.11.45
5/18/2020 3:37:55 PM server apagado por Camila. 
5/18/2020 3:37:55 PM server cerrado.
5/18/2020 3:38:27 PM server iniciado 0.11.45
5/19/2020 9:40:03 AM server apagado por Rupertina. 
5/19/2020 9:40:03 AM server cerrado.
5/19/2020 9:40:23 AM server iniciado 0.11.45
5/20/2020 6:30:58 AM server apagado por Shay. 
5/20/2020 6:30:58 AM server cerrado.
5/20/2020 6:31:28 AM server iniciado 0.11.45
5/21/2020 5:45:04 AM server apagado por Shay. 
5/21/2020 5:45:04 AM server cerrado.
5/21/2020 5:45:28 AM server iniciado 0.11.45
5/21/2020 5:45:34 AM server cerrado.
5/21/2020 5:45:55 AM server iniciado 0.11.45
5/21/2020 5:45:59 AM server cerrado.
5/21/2020 5:46:27 AM server iniciado 0.11.45
5/21/2020 6:31:24 AM server apagado por Rupertina. 
5/21/2020 6:31:25 AM server cerrado.
5/21/2020 6:31:41 AM server iniciado 0.11.45
5/22/2020 6:56:19 AM server apagado por Shay. 
5/22/2020 6:56:19 AM server cerrado.
5/22/2020 6:56:47 AM server iniciado 0.11.45
5/23/2020 1:46:37 AM server apagado por Shay. 
5/23/2020 1:46:38 AM server cerrado.
5/23/2020 1:46:55 AM server iniciado 0.11.45
5/25/2020 6:28:59 AM server apagado por Shay. 
5/25/2020 6:28:59 AM server cerrado.
5/25/2020 6:29:35 AM server iniciado 0.11.45
5/25/2020 6:42:19 AM server apagado por Shay. 
5/25/2020 6:42:20 AM server cerrado.
5/25/2020 6:42:47 AM server iniciado 0.11.45
5/26/2020 8:56:54 AM server apagado por Shay. 
5/26/2020 8:56:54 AM server cerrado.
5/26/2020 8:57:31 AM server iniciado 0.11.45
5/26/2020 11:10:49 AM server apagado por Shay. 
5/26/2020 11:10:49 AM server cerrado.
5/26/2020 11:11:26 AM server iniciado 0.11.45
5/26/2020 10:27:38 PM server apagado por Shay. 
5/26/2020 10:27:38 PM server cerrado.
5/26/2020 10:27:57 PM server iniciado 0.11.45
5/27/2020 7:35:47 PM server apagado por Shay. 
5/27/2020 7:35:48 PM server cerrado.
5/27/2020 7:36:43 PM server iniciado 0.11.45
5/27/2020 7:56:44 PM server apagado por Shay. 
5/27/2020 7:56:44 PM server cerrado.
5/27/2020 7:57:08 PM server iniciado 0.11.45
5/28/2020 11:33:17 PM server apagado por Fhiriox. 
5/28/2020 11:33:18 PM server cerrado.
5/28/2020 11:33:38 PM server iniciado 0.11.45
5/28/2020 11:53:21 PM server apagado por Fhiriox. 
5/28/2020 11:53:22 PM server cerrado.
5/28/2020 11:58:05 PM server iniciado 0.11.45
5/31/2020 8:54:11 AM server apagado por Shay. 
5/31/2020 8:54:11 AM server cerrado.
5/31/2020 8:58:02 AM server iniciado 0.11.45
6/3/2020 4:22:25 AM server apagado por Shay. 
6/3/2020 4:22:25 AM server cerrado.
6/3/2020 4:22:52 AM server iniciado 0.11.45
6/3/2020 4:22:56 AM server cerrado.
6/3/2020 4:24:38 AM server iniciado 0.11.45
6/3/2020 4:38:14 AM server iniciado 0.11.45
6/3/2020 7:05:24 AM server iniciado 0.11.45
6/3/2020 7:18:21 AM server iniciado 0.11.45
6/4/2020 8:14:13 PM server apagado por Shay. 
6/4/2020 8:14:14 PM server cerrado.
6/4/2020 8:14:31 PM server iniciado 0.11.45
6/4/2020 8:15:00 PM server apagado por Shay. 
6/4/2020 8:15:00 PM server cerrado.
6/4/2020 8:18:04 PM server iniciado 0.11.45
6/4/2020 9:35:08 PM server iniciado 0.11.45
6/7/2020 6:00:24 PM server apagado por Shay. 
6/7/2020 6:00:24 PM server cerrado.
6/7/2020 6:00:37 PM server iniciado 0.11.45
6/9/2020 1:18:41 AM server iniciado 0.11.45
6/9/2020 1:33:20 PM server iniciado 0.11.45
6/10/2020 11:36:26 AM server iniciado 0.11.45
6/10/2020 11:40:52 AM server apagado por Shay. 
6/10/2020 11:40:52 AM server cerrado.
6/10/2020 11:41:52 AM server iniciado 0.11.45
6/10/2020 11:44:53 AM server apagado por Shay. 
6/10/2020 11:44:53 AM server cerrado.
6/10/2020 11:46:01 AM server iniciado 0.11.45
6/10/2020 11:46:21 AM server apagado por Shay. 
6/10/2020 11:46:21 AM server cerrado.
6/10/2020 11:46:45 AM server iniciado 0.11.45
6/10/2020 11:47:34 AM server apagado por Shay. 
6/10/2020 11:47:34 AM server cerrado.
6/10/2020 11:48:11 AM server iniciado 0.11.45
6/10/2020 11:48:24 AM server apagado por Shay. 
6/10/2020 11:48:24 AM server cerrado.
6/10/2020 11:51:53 AM server iniciado 0.11.45
6/10/2020 11:52:14 AM server cerrado.
6/10/2020 11:54:15 AM server iniciado 0.11.45
6/10/2020 11:55:06 AM server apagado por Shay. 
6/10/2020 11:55:06 AM server cerrado.
6/10/2020 11:56:46 AM server iniciado 0.11.45
6/10/2020 11:57:07 AM server apagado por Shay. 
6/10/2020 11:57:07 AM server cerrado.
6/10/2020 12:00:11 PM server iniciado 0.11.45
6/10/2020 2:03:45 PM server iniciado 0.11.45
6/10/2020 2:04:19 PM server apagado por Shay. 
6/10/2020 2:04:19 PM server cerrado.
6/10/2020 2:04:47 PM server iniciado 0.11.45
6/11/2020 1:06:49 PM server iniciado 0.11.45
6/11/2020 9:41:25 PM server cerrado.
6/11/2020 9:55:03 PM server iniciado 0.11.45
6/15/2020 9:38:23 PM server iniciado 0.11.45
6/22/2020 12:24:54 AM server apagado por Shay. 
6/22/2020 12:24:55 AM server cerrado.
6/22/2020 12:26:07 AM server iniciado 0.11.45
6/25/2020 8:47:12 PM server iniciado 0.11.45
6/27/2020 2:12:12 AM server iniciado 0.11.45
6/27/2020 6:08:53 PM server iniciado 0.11.45
6/27/2020 6:10:40 PM server iniciado 0.11.45
7/2/2020 2:26:58 AM server iniciado 0.11.45
7/2/2020 2:51:33 AM server iniciado 0.11.45
7/3/2020 4:43:33 PM server apagado por Shay. 
7/3/2020 4:43:34 PM server cerrado.
7/3/2020 4:43:51 PM server iniciado 0.11.45
7/6/2020 5:47:43 PM server apagado por Shay. 
7/6/2020 5:47:43 PM server cerrado.
7/6/2020 5:50:24 PM server iniciado 0.11.45
7/6/2020 7:41:05 PM server iniciado 0.11.45
7/6/2020 7:43:07 PM server cerrado.
7/6/2020 7:43:48 PM server iniciado 0.11.45
7/11/2020 4:49:12 PM server iniciado 0.11.45
7/12/2020 6:08:21 PM server iniciado 0.11.45
7/14/2020 12:18:07 PM server apagado por Shady. 
7/14/2020 12:18:08 PM server cerrado.
7/14/2020 12:19:01 PM server iniciado 0.11.45
7/14/2020 1:43:02 PM server iniciado 0.11.45
7/14/2020 4:26:09 PM server iniciado 0.11.45
7/14/2020 4:32:34 PM server iniciado 0.11.45
7/14/2020 4:33:37 PM server iniciado 0.11.45
7/14/2020 4:34:54 PM server iniciado 0.11.45
7/14/2020 4:46:38 PM server iniciado 0.11.45
7/14/2020 4:50:55 PM server iniciado 0.11.45
7/14/2020 6:05:53 PM server iniciado 0.11.45
7/14/2020 6:06:42 PM server iniciado 0.11.45
7/14/2020 6:19:18 PM server iniciado 0.11.45
7/16/2020 12:24:20 AM server iniciado 0.11.45
7/16/2020 8:34:25 PM server iniciado 0.11.45
7/16/2020 8:34:54 PM server iniciado 0.11.45
7/16/2020 10:43:00 PM server iniciado 0.11.45
7/16/2020 11:41:59 PM server iniciado 0.11.45
7/17/2020 2:32:05 AM server iniciado 0.11.45
7/17/2020 12:34:40 PM server apagado por Shay. 
7/17/2020 12:34:42 PM server cerrado.
7/17/2020 12:40:10 PM server iniciado 0.11.45
7/17/2020 8:27:47 PM server iniciado 0.11.45
