5/26/2020 8:07:11 AM Se conecto con ip:201.251.147.89
5/26/2020 8:07:30 AM Transporto a Menethil hacia Mapa104 X:51 Y:51
5/26/2020 8:07:45 AM /ESPIAR Shay Mapa:63 X:57 Y:52
5/26/2020 8:08:05 AM Transporto a Menethil hacia Mapa104 X:51 Y:51
5/26/2020 8:08:21 AM /GO 103
5/26/2020 8:08:41 AM /TELEPLOC a x:41 Y:54 Map:103
5/26/2020 8:08:42 AM /TELEPLOC a x:39 Y:59 Map:103
5/26/2020 8:08:43 AM /TELEPLOC a x:37 Y:64 Map:103
5/26/2020 8:08:44 AM /TELEPLOC a x:37 Y:69 Map:103
5/26/2020 8:08:45 AM /TELEPLOC a x:37 Y:74 Map:103
5/26/2020 8:08:47 AM /TELEPLOC a x:36 Y:79 Map:103
5/26/2020 8:08:48 AM /TELEPLOC a x:42 Y:81 Map:103
5/26/2020 8:08:49 AM /TELEPLOC a x:48 Y:83 Map:103
5/26/2020 8:08:52 AM /TELEPLOC a x:54 Y:83 Map:103
5/26/2020 8:08:53 AM /TELEPLOC a x:60 Y:80 Map:103
5/26/2020 8:09:07 AM /INVISIBLE
5/26/2020 8:10:40 AM /IRA Shay Mapa:63 X:57 Y:52
5/26/2020 8:11:05 AM /TELEPLOC a x:59 Y:53 Map:63
5/26/2020 8:12:34 AM /IRA Shay Mapa:165 X:50 Y:50
5/26/2020 8:12:40 AM /TELEPLOC a x:52 Y:51 Map:165
5/26/2020 8:12:42 AM /TELEPLOC a x:50 Y:48 Map:165
5/26/2020 8:12:58 AM Mensaje a Gms:Queres que los saque a todos?
5/26/2020 8:13:00 AM /TELEPLOC a x:54 Y:47 Map:165
5/26/2020 8:13:01 AM /TELEPLOC a x:60 Y:47 Map:165
5/26/2020 8:13:02 AM /TELEPLOC a x:66 Y:47 Map:165
5/26/2020 8:13:03 AM /TELEPLOC a x:72 Y:47 Map:165
5/26/2020 8:13:04 AM /TELEPLOC a x:78 Y:47 Map:165
5/26/2020 8:13:05 AM /TELEPLOC a x:83 Y:45 Map:165
5/26/2020 8:13:06 AM /TELEPLOC a x:81 Y:40 Map:165
5/26/2020 8:13:07 AM /TELEPLOC a x:82 Y:35 Map:165
5/26/2020 8:13:08 AM /TELEPLOC a x:84 Y:30 Map:165
5/26/2020 8:13:09 AM /TELEPLOC a x:84 Y:25 Map:165
5/26/2020 8:13:10 AM /TELEPLOC a x:82 Y:20 Map:165
5/26/2020 8:13:11 AM /TELEPLOC a x:82 Y:15 Map:165
5/26/2020 8:13:13 AM /TELEPLOC a x:82 Y:11 Map:165
5/26/2020 8:13:14 AM /TELEPLOC a x:82 Y:13 Map:165
5/26/2020 8:13:26 AM Mensaje a Gms:Yo los saco, hace otra cosa
5/26/2020 8:13:39 AM Mensaje a Gms:Que comando tiro desp?
5/26/2020 8:13:42 AM Mensaje a Gms:Okas
5/26/2020 8:14:15 AM Mensaje a Gms:Arrancan todos del mismo lugar?
5/26/2020 8:14:27 AM /DT
5/26/2020 8:14:28 AM /DT
5/26/2020 8:14:28 AM /DT
5/26/2020 8:14:29 AM /DT
5/26/2020 8:14:29 AM /DT
5/26/2020 8:14:30 AM /DT
5/26/2020 8:14:30 AM /DT
5/26/2020 8:14:31 AM /DT
5/26/2020 8:14:32 AM /DT
5/26/2020 8:14:40 AM Mensaje a Gms:Y no, no tira nada
5/26/2020 8:14:41 AM /TELEPLOC a x:80 Y:16 Map:165
5/26/2020 8:14:42 AM /TELEPLOC a x:75 Y:16 Map:165
5/26/2020 8:14:43 AM /TELEPLOC a x:69 Y:16 Map:165
5/26/2020 8:14:44 AM /TELEPLOC a x:63 Y:16 Map:165
5/26/2020 8:14:46 AM /TELEPLOC a x:58 Y:15 Map:165
5/26/2020 8:14:48 AM /DT
5/26/2020 8:14:49 AM /DT
5/26/2020 8:14:50 AM /DT
5/26/2020 8:14:51 AM /DT
5/26/2020 8:14:51 AM /DT
5/26/2020 8:14:52 AM /DT
5/26/2020 8:14:53 AM /DT
5/26/2020 8:14:54 AM /DT
5/26/2020 8:14:54 AM /DT
5/26/2020 8:16:08 AM /IRA Shay Mapa:162 X:50 Y:50
5/26/2020 8:16:11 AM /TELEPLOC a x:53 Y:48 Map:162
5/26/2020 8:17:02 AM Transporto a Menethil hacia Mapa104 X:51 Y:51
5/26/2020 8:17:09 AM /IRA Shay Mapa:193 X:46 Y:40
5/26/2020 8:17:54 AM /TELEPLOC a x:43 Y:54 Map:193
5/26/2020 8:17:54 AM /TELEPLOC a x:45 Y:55 Map:193
5/26/2020 8:17:55 AM /TELEPLOC a x:45 Y:55 Map:193
5/26/2020 8:17:55 AM /TELEPLOC a x:51 Y:59 Map:193
5/26/2020 8:17:56 AM /TELEPLOC a x:57 Y:63 Map:193
5/26/2020 8:17:56 AM /TELEPLOC a x:57 Y:63 Map:193
5/26/2020 8:17:56 AM /TELEPLOC a x:63 Y:67 Map:193
5/26/2020 8:17:56 AM /TELEPLOC a x:63 Y:67 Map:193
5/26/2020 8:17:57 AM /TELEPLOC a x:63 Y:67 Map:193
5/26/2020 8:17:57 AM /TELEPLOC a x:69 Y:71 Map:193
5/26/2020 8:17:57 AM /TELEPLOC a x:75 Y:71 Map:193
5/26/2020 8:17:57 AM /TELEPLOC a x:75 Y:70 Map:193
5/26/2020 8:17:58 AM /TELEPLOC a x:80 Y:69 Map:193
5/26/2020 8:17:58 AM /TELEPLOC a x:79 Y:67 Map:193
5/26/2020 8:17:58 AM /TELEPLOC a x:83 Y:66 Map:193
5/26/2020 8:17:58 AM /TELEPLOC a x:81 Y:63 Map:193
5/26/2020 8:17:59 AM /TELEPLOC a x:84 Y:62 Map:193
5/26/2020 8:17:59 AM /TELEPLOC a x:82 Y:59 Map:193
5/26/2020 8:17:59 AM /TELEPLOC a x:84 Y:58 Map:193
5/26/2020 8:18:00 AM /TELEPLOC a x:80 Y:54 Map:193
5/26/2020 8:18:00 AM /TELEPLOC a x:79 Y:55 Map:193
5/26/2020 8:18:00 AM /TELEPLOC a x:79 Y:55 Map:193
5/26/2020 8:18:03 AM /IRA Shay Mapa:193 X:42 Y:66
5/26/2020 8:18:36 AM /GO 165
5/26/2020 8:18:40 AM /TELEPLOC a x:54 Y:46 Map:165
5/26/2020 8:18:42 AM /DT
5/26/2020 8:18:43 AM /DT
5/26/2020 8:18:43 AM /DT
5/26/2020 8:18:44 AM /TELEPLOC a x:48 Y:44 Map:165
5/26/2020 8:18:46 AM /DT
5/26/2020 8:18:47 AM /DT
5/26/2020 8:18:58 AM Mensaje a Gms:De una amigo
5/26/2020 8:19:00 AM /TELEPLOC a x:42 Y:45 Map:165
5/26/2020 8:19:01 AM /TELEPLOC a x:36 Y:46 Map:165
5/26/2020 8:19:02 AM /TELEPLOC a x:31 Y:45 Map:165
5/26/2020 8:19:03 AM /TELEPLOC a x:26 Y:44 Map:165
5/26/2020 8:19:04 AM /TELEPLOC a x:20 Y:43 Map:165
5/26/2020 8:19:05 AM /TELEPLOC a x:14 Y:42 Map:165
5/26/2020 8:19:06 AM /TELEPLOC a x:13 Y:38 Map:165
5/26/2020 8:19:08 AM /TELEPLOC a x:18 Y:35 Map:165
5/26/2020 8:19:09 AM /DT
5/26/2020 8:19:10 AM /DT
5/26/2020 8:19:11 AM /DT
5/26/2020 8:19:12 AM /DT
5/26/2020 8:19:13 AM /DT
5/26/2020 8:19:14 AM /DT
5/26/2020 8:19:14 AM /DT
5/26/2020 8:19:14 AM /DT
5/26/2020 8:19:15 AM /DT
5/26/2020 8:19:15 AM /DT
5/26/2020 8:19:15 AM /DT
5/26/2020 8:19:16 AM /DT
5/26/2020 8:19:16 AM /DT
5/26/2020 8:19:16 AM /DT
5/26/2020 8:19:16 AM /DT
5/26/2020 8:19:16 AM /DT
5/26/2020 8:19:16 AM /DT
5/26/2020 8:19:17 AM /DT
5/26/2020 8:19:17 AM /TELEPLOC a x:20 Y:31 Map:165
5/26/2020 8:19:18 AM /TELEPLOC a x:20 Y:27 Map:165
5/26/2020 8:19:19 AM /TELEPLOC a x:20 Y:23 Map:165
5/26/2020 8:19:21 AM /TELEPLOC a x:25 Y:22 Map:165
5/26/2020 8:19:24 AM /DT
5/26/2020 8:19:24 AM /DT
5/26/2020 8:19:24 AM /DT
5/26/2020 8:19:24 AM /DT
5/26/2020 8:19:24 AM /DT
5/26/2020 8:19:25 AM /DT
5/26/2020 8:19:25 AM /DT
5/26/2020 8:19:25 AM /DT
5/26/2020 8:19:25 AM /DT
5/26/2020 8:19:26 AM /DT
5/26/2020 8:19:26 AM /TELEPLOC a x:24 Y:16 Map:165
5/26/2020 8:19:38 AM /TELEPLOC a x:54 Y:20 Map:165
5/26/2020 8:19:39 AM /DT
5/26/2020 8:19:39 AM /DT
5/26/2020 8:19:40 AM /DT
5/26/2020 8:19:41 AM /DT
5/26/2020 8:19:41 AM /DT
5/26/2020 8:19:43 AM /TELEPLOC a x:65 Y:20 Map:165
5/26/2020 8:19:44 AM /TELEPLOC a x:72 Y:20 Map:165
5/26/2020 8:19:45 AM /TELEPLOC a x:79 Y:20 Map:165
5/26/2020 8:19:49 AM /TELEPLOC a x:81 Y:29 Map:165
5/26/2020 8:19:50 AM /TELEPLOC a x:75 Y:29 Map:165
5/26/2020 8:19:51 AM /TELEPLOC a x:68 Y:29 Map:165
5/26/2020 8:19:52 AM /TELEPLOC a x:61 Y:29 Map:165
5/26/2020 8:19:53 AM /TELEPLOC a x:54 Y:29 Map:165
5/26/2020 8:19:54 AM /TELEPLOC a x:47 Y:29 Map:165
5/26/2020 8:19:55 AM /TELEPLOC a x:40 Y:29 Map:165
5/26/2020 8:19:55 AM /TELEPLOC a x:33 Y:29 Map:165
5/26/2020 8:19:56 AM /TELEPLOC a x:26 Y:29 Map:165
5/26/2020 8:19:57 AM /TELEPLOC a x:19 Y:29 Map:165
5/26/2020 8:19:58 AM /TELEPLOC a x:12 Y:29 Map:165
5/26/2020 8:20:01 AM /TELEPLOC a x:12 Y:34 Map:165
5/26/2020 8:20:04 AM /TELEPLOC a x:12 Y:38 Map:165
5/26/2020 8:20:05 AM /TELEPLOC a x:19 Y:39 Map:165
5/26/2020 8:20:06 AM /TELEPLOC a x:25 Y:39 Map:165
5/26/2020 8:20:07 AM /TELEPLOC a x:31 Y:39 Map:165
5/26/2020 8:20:08 AM /TELEPLOC a x:37 Y:39 Map:165
5/26/2020 8:20:09 AM /DT
5/26/2020 8:20:10 AM /DT
5/26/2020 8:20:11 AM /DT
5/26/2020 8:20:12 AM /DT
5/26/2020 8:20:12 AM /TELEPLOC a x:42 Y:39 Map:165
5/26/2020 8:20:14 AM /DT
5/26/2020 8:20:15 AM /DT
5/26/2020 8:20:15 AM /DT
5/26/2020 8:20:16 AM /TELEPLOC a x:46 Y:38 Map:165
5/26/2020 8:20:17 AM /TELEPLOC a x:51 Y:37 Map:165
5/26/2020 8:20:18 AM /TELEPLOC a x:44 Y:37 Map:165
5/26/2020 8:20:20 AM /TELEPLOC a x:40 Y:34 Map:165
5/26/2020 8:20:21 AM /DT
5/26/2020 8:20:22 AM /DT
5/26/2020 8:20:23 AM /DT
5/26/2020 8:20:24 AM /TELEPLOC a x:46 Y:35 Map:165
5/26/2020 8:20:25 AM /TELEPLOC a x:52 Y:36 Map:165
5/26/2020 8:20:26 AM /TELEPLOC a x:57 Y:36 Map:165
5/26/2020 8:20:28 AM /TELEPLOC a x:62 Y:32 Map:165
5/26/2020 8:20:29 AM /TELEPLOC a x:68 Y:35 Map:165
5/26/2020 8:20:30 AM /TELEPLOC a x:74 Y:37 Map:165
5/26/2020 8:20:31 AM /TELEPLOC a x:80 Y:37 Map:165
5/26/2020 8:20:32 AM /TELEPLOC a x:82 Y:40 Map:165
5/26/2020 8:20:33 AM /TELEPLOC a x:83 Y:44 Map:165
5/26/2020 8:20:34 AM /TELEPLOC a x:81 Y:48 Map:165
5/26/2020 8:20:35 AM /TELEPLOC a x:78 Y:52 Map:165
5/26/2020 8:20:37 AM /DT
5/26/2020 8:20:37 AM /DT
5/26/2020 8:20:38 AM /DT
5/26/2020 8:20:38 AM /DT
5/26/2020 8:20:39 AM /DT
5/26/2020 8:20:40 AM /DT
5/26/2020 8:20:41 AM /DT
5/26/2020 8:20:41 AM /DT
5/26/2020 8:20:42 AM /DT
5/26/2020 8:20:42 AM /DT
5/26/2020 8:20:42 AM /DT
5/26/2020 8:20:43 AM /DT
5/26/2020 8:20:43 AM /DT
5/26/2020 8:20:43 AM /DT
5/26/2020 8:20:44 AM /DT
5/26/2020 8:20:44 AM /DT
5/26/2020 8:20:44 AM /DT
5/26/2020 8:20:45 AM /TELEPLOC a x:75 Y:52 Map:165
5/26/2020 8:20:46 AM /TELEPLOC a x:70 Y:52 Map:165
5/26/2020 8:20:47 AM /TELEPLOC a x:64 Y:52 Map:165
5/26/2020 8:20:49 AM /DT
5/26/2020 8:20:49 AM /DT
5/26/2020 8:20:50 AM /DT
5/26/2020 8:20:50 AM /TELEPLOC a x:64 Y:47 Map:165
5/26/2020 8:20:52 AM /TELEPLOC a x:63 Y:43 Map:165
5/26/2020 8:20:53 AM /TELEPLOC a x:63 Y:47 Map:165
5/26/2020 8:20:54 AM /TELEPLOC a x:59 Y:50 Map:165
5/26/2020 8:20:55 AM /TELEPLOC a x:55 Y:52 Map:165
5/26/2020 8:20:57 AM /TELEPLOC a x:51 Y:52 Map:165
5/26/2020 8:20:58 AM /TELEPLOC a x:47 Y:52 Map:165
5/26/2020 8:20:59 AM /TELEPLOC a x:43 Y:52 Map:165
5/26/2020 8:21:00 AM /TELEPLOC a x:39 Y:52 Map:165
5/26/2020 8:21:00 AM /TELEPLOC a x:35 Y:52 Map:165
5/26/2020 8:21:01 AM /TELEPLOC a x:31 Y:52 Map:165
5/26/2020 8:21:02 AM /TELEPLOC a x:27 Y:52 Map:165
5/26/2020 8:21:03 AM /TELEPLOC a x:23 Y:52 Map:165
5/26/2020 8:21:03 AM /TELEPLOC a x:19 Y:52 Map:165
5/26/2020 8:21:05 AM /TELEPLOC a x:19 Y:57 Map:165
5/26/2020 8:21:06 AM /TELEPLOC a x:19 Y:62 Map:165
5/26/2020 8:21:07 AM /TELEPLOC a x:26 Y:60 Map:165
5/26/2020 8:21:08 AM /TELEPLOC a x:33 Y:59 Map:165
5/26/2020 8:21:09 AM /TELEPLOC a x:40 Y:57 Map:165
5/26/2020 8:21:10 AM /TELEPLOC a x:45 Y:54 Map:165
5/26/2020 8:21:12 AM /DT
5/26/2020 8:21:12 AM /DT
5/26/2020 8:21:13 AM /DT
5/26/2020 8:21:15 AM /TELEPLOC a x:46 Y:59 Map:165
5/26/2020 8:21:16 AM /DT
5/26/2020 8:21:17 AM /DT
5/26/2020 8:21:17 AM /DT
5/26/2020 8:21:18 AM /TELEPLOC a x:52 Y:62 Map:165
5/26/2020 8:21:20 AM /DT
5/26/2020 8:21:20 AM /DT
5/26/2020 8:21:21 AM /DT
5/26/2020 8:21:22 AM /TELEPLOC a x:57 Y:61 Map:165
5/26/2020 8:21:23 AM /DT
5/26/2020 8:21:24 AM /DT
5/26/2020 8:21:24 AM /DT
5/26/2020 8:21:25 AM /TELEPLOC a x:55 Y:58 Map:165
5/26/2020 8:21:26 AM /TELEPLOC a x:54 Y:54 Map:165
5/26/2020 8:21:27 AM /TELEPLOC a x:53 Y:50 Map:165
5/26/2020 8:21:28 AM /TELEPLOC a x:51 Y:47 Map:165
5/26/2020 8:21:29 AM /TELEPLOC a x:50 Y:43 Map:165
5/26/2020 8:21:30 AM /TELEPLOC a x:51 Y:39 Map:165
5/26/2020 8:21:31 AM /TELEPLOC a x:55 Y:38 Map:165
5/26/2020 8:21:31 AM /TELEPLOC a x:60 Y:39 Map:165
5/26/2020 8:21:32 AM /TELEPLOC a x:64 Y:41 Map:165
5/26/2020 8:21:32 AM /TELEPLOC a x:62 Y:42 Map:165
5/26/2020 8:21:32 AM /TELEPLOC a x:63 Y:45 Map:165
5/26/2020 8:21:33 AM /TELEPLOC a x:63 Y:45 Map:165
5/26/2020 8:21:34 AM /TELEPLOC a x:61 Y:49 Map:165
5/26/2020 8:21:35 AM /TELEPLOC a x:58 Y:53 Map:165
5/26/2020 8:21:36 AM /TELEPLOC a x:61 Y:56 Map:165
5/26/2020 8:21:37 AM /TELEPLOC a x:66 Y:56 Map:165
5/26/2020 8:21:37 AM /TELEPLOC a x:72 Y:54 Map:165
5/26/2020 8:21:38 AM /TELEPLOC a x:78 Y:52 Map:165
5/26/2020 8:21:39 AM /TELEPLOC a x:84 Y:48 Map:165
5/26/2020 8:21:41 AM /TELEPLOC a x:89 Y:50 Map:165
5/26/2020 8:21:41 AM /TELEPLOC a x:85 Y:54 Map:165
5/26/2020 8:21:42 AM /TELEPLOC a x:81 Y:59 Map:165
5/26/2020 8:21:43 AM /TELEPLOC a x:79 Y:64 Map:165
5/26/2020 8:21:44 AM /TELEPLOC a x:79 Y:69 Map:165
5/26/2020 8:21:46 AM /TELEPLOC a x:79 Y:74 Map:165
5/26/2020 8:21:47 AM /TELEPLOC a x:79 Y:78 Map:165
5/26/2020 8:21:48 AM /TELEPLOC a x:79 Y:82 Map:165
5/26/2020 8:21:49 AM /TELEPLOC a x:79 Y:86 Map:165
5/26/2020 8:21:51 AM /TELEPLOC a x:73 Y:89 Map:165
5/26/2020 8:21:52 AM /TELEPLOC a x:68 Y:90 Map:165
5/26/2020 8:21:53 AM /TELEPLOC a x:64 Y:86 Map:165
5/26/2020 8:21:54 AM /TELEPLOC a x:66 Y:81 Map:165
5/26/2020 8:21:55 AM /TELEPLOC a x:61 Y:82 Map:165
5/26/2020 8:21:56 AM /DT
5/26/2020 8:21:57 AM /DT
5/26/2020 8:21:57 AM /DT
5/26/2020 8:21:58 AM /DT
5/26/2020 8:21:59 AM /DT
5/26/2020 8:22:00 AM /TELEPLOC a x:62 Y:77 Map:165
5/26/2020 8:22:01 AM /TELEPLOC a x:65 Y:73 Map:165
5/26/2020 8:22:02 AM /TELEPLOC a x:69 Y:70 Map:165
5/26/2020 8:22:03 AM /TELEPLOC a x:70 Y:65 Map:165
5/26/2020 8:22:04 AM /TELEPLOC a x:69 Y:60 Map:165
5/26/2020 8:22:05 AM /TELEPLOC a x:67 Y:55 Map:165
5/26/2020 8:22:05 AM /TELEPLOC a x:62 Y:56 Map:165
5/26/2020 8:22:06 AM /TELEPLOC a x:58 Y:59 Map:165
5/26/2020 8:22:07 AM /TELEPLOC a x:56 Y:63 Map:165
5/26/2020 8:22:07 AM /TELEPLOC a x:56 Y:68 Map:165
5/26/2020 8:22:08 AM /TELEPLOC a x:57 Y:73 Map:165
5/26/2020 8:22:09 AM /TELEPLOC a x:58 Y:78 Map:165
5/26/2020 8:22:09 AM /TELEPLOC a x:56 Y:83 Map:165
5/26/2020 8:22:10 AM /TELEPLOC a x:51 Y:84 Map:165
5/26/2020 8:22:11 AM /TELEPLOC a x:46 Y:83 Map:165
5/26/2020 8:22:12 AM /TELEPLOC a x:41 Y:81 Map:165
5/26/2020 8:22:12 AM /TELEPLOC a x:35 Y:80 Map:165
5/26/2020 8:22:13 AM /TELEPLOC a x:29 Y:80 Map:165
5/26/2020 8:22:14 AM /TELEPLOC a x:24 Y:81 Map:165
5/26/2020 8:22:15 AM /DT
5/26/2020 8:22:16 AM /DT
5/26/2020 8:22:17 AM /DT
5/26/2020 8:22:18 AM /DT
5/26/2020 8:22:19 AM /DT
5/26/2020 8:22:20 AM /DT
5/26/2020 8:22:20 AM /TELEPLOC a x:19 Y:82 Map:165
5/26/2020 8:22:22 AM /TELEPLOC a x:19 Y:78 Map:165
5/26/2020 8:22:23 AM /TELEPLOC a x:21 Y:73 Map:165
5/26/2020 8:22:23 AM /TELEPLOC a x:24 Y:69 Map:165
5/26/2020 8:22:24 AM /TELEPLOC a x:32 Y:70 Map:165
5/26/2020 8:22:25 AM /TELEPLOC a x:39 Y:72 Map:165
5/26/2020 8:22:27 AM /DT
5/26/2020 8:22:27 AM /DT
5/26/2020 8:22:28 AM /DT
5/26/2020 8:22:28 AM /TELEPLOC a x:41 Y:68 Map:165
5/26/2020 8:22:29 AM /TELEPLOC a x:41 Y:64 Map:165
5/26/2020 8:22:30 AM /TELEPLOC a x:35 Y:59 Map:165
5/26/2020 8:22:31 AM /TELEPLOC a x:28 Y:58 Map:165
5/26/2020 8:22:32 AM /TELEPLOC a x:23 Y:57 Map:165
5/26/2020 8:22:32 AM /TELEPLOC a x:21 Y:56 Map:165
5/26/2020 8:22:33 AM /TELEPLOC a x:22 Y:52 Map:165
5/26/2020 8:22:34 AM /TELEPLOC a x:25 Y:47 Map:165
5/26/2020 8:22:35 AM /TELEPLOC a x:25 Y:42 Map:165
5/26/2020 8:22:35 AM /TELEPLOC a x:22 Y:38 Map:165
5/26/2020 8:22:36 AM /TELEPLOC a x:17 Y:34 Map:165
5/26/2020 8:22:37 AM /TELEPLOC a x:18 Y:29 Map:165
5/26/2020 8:22:38 AM /TELEPLOC a x:21 Y:24 Map:165
5/26/2020 8:22:38 AM /TELEPLOC a x:27 Y:20 Map:165
5/26/2020 8:22:39 AM /TELEPLOC a x:31 Y:23 Map:165
5/26/2020 8:22:40 AM /TELEPLOC a x:35 Y:27 Map:165
5/26/2020 8:22:41 AM /INVISIBLE
5/26/2020 8:22:45 AM /ESPIAR Kail Mapa:103 X:50 Y:86
5/26/2020 8:22:53 AM /INVISIBLE
5/26/2020 8:23:57 AM Transporto a Menethil hacia Mapa104 X:51 Y:51
5/26/2020 8:24:06 AM /GO 28
5/26/2020 8:24:25 AM /ESPIAR Owen Mapa:125 X:46 Y:51
5/26/2020 8:24:35 AM Transporto a Menethil hacia Mapa104 X:51 Y:51
5/26/2020 8:46:50 PM Se conecto con ip:186.143.197.116
5/26/2020 8:47:13 PM /ESPIAR Rupertina Mapa:104 X:39 Y:39
5/26/2020 8:47:16 PM /TELEPLOC a x:43 Y:39 Map:104
5/26/2020 8:47:18 PM /TELEPLOC a x:47 Y:39 Map:104
5/26/2020 8:47:26 PM /GO 28
5/26/2020 8:48:20 PM /GO 100
5/26/2020 8:48:50 PM Mensaje Broadcast:Mando DM, NO CAEN ITEMS. VALE TODO. Premio Medalla y 50 puntos.
5/26/2020 8:48:54 PM /TELEPLOC a x:51 Y:49 Map:100
5/26/2020 8:48:56 PM /TELEPLOC a x:51 Y:51 Map:100
5/26/2020 8:49:04 PM Mensaje Broadcast:En 2 min lo mando.
5/26/2020 8:49:07 PM /GO 28
5/26/2020 8:49:08 PM /INVISIBLE
5/26/2020 8:49:27 PM Mensaje Broadcast:Mando DM, NO CAEN ITEMS. VALE TODO. Premio Medalla y 50 puntos.
5/26/2020 8:49:32 PM Transporto a Menethil hacia Mapa104 X:51 Y:51
5/26/2020 8:50:22 PM Mensaje Broadcast:Mando DM, NO CAEN ITEMS. VALE TODO. Premio Medalla y 50 puntos.
5/26/2020 8:50:25 PM /GO 100
5/26/2020 8:50:35 PM Mensaje Broadcast:Lo mando
5/26/2020 8:51:23 PM Mensaje Broadcast:Mando DM, NO CAEN ITEMS. VALE TODO. Premio Medalla y 50 puntos.   /TORNEO
5/26/2020 8:51:40 PM /TELEPLOC a x:51 Y:50 Map:100
5/26/2020 8:51:54 PM /TELEPLOC a x:51 Y:50 Map:100
5/26/2020 8:52:14 PM /INVISIBLE
5/26/2020 8:54:46 PM /TELEPLOC a x:51 Y:50 Map:100
5/26/2020 8:54:57 PM /TELEPLOC a x:51 Y:50 Map:100
5/26/2020 8:55:18 PM /TELEPLOC a x:51 Y:50 Map:100
5/26/2020 8:55:29 PM /INVISIBLE
5/26/2020 8:55:48 PM Mensaje Broadcast:Ganador del DM, ZAKARiA
5/26/2020 8:56:06 PM Le entregó una medalla de Oro a ZAKARiA
5/26/2020 8:56:18 PM Mensaje a Gms:Manso papi
5/26/2020 8:56:24 PM Transporto a Menethil hacia Mapa104 X:51 Y:51
5/26/2020 9:02:49 PM /GO 18
5/26/2020 9:03:41 PM /TELEPLOC a x:35 Y:40 Map:18
5/26/2020 9:04:01 PM /TELEPLOC a x:22 Y:22 Map:18
5/26/2020 9:04:02 PM Transporto a Menethil hacia Mapa104 X:51 Y:51
5/26/2020 9:38:59 PM Se conecto con ip:186.143.197.116
5/26/2020 9:40:41 PM /IRA Shay Mapa:104 X:38 Y:40
5/26/2020 9:40:48 PM /TELEPLOC a x:47 Y:51 Map:104
5/26/2020 9:40:49 PM /TELEPLOC a x:49 Y:55 Map:104
5/26/2020 9:40:50 PM /TELEPLOC a x:50 Y:60 Map:104
5/26/2020 9:40:52 PM /TELEPLOC a x:50 Y:65 Map:104
5/26/2020 9:42:42 PM Mensaje Broadcast:El que tenga el DON a las 9:50 gana Medalla de Oro y sacri!
5/26/2020 9:42:53 PM Mensaje Broadcast:El que tenga el DON a las 9:50 gana Medalla de Oro y sacri!
5/26/2020 9:42:57 PM /INVISIBLE
5/26/2020 9:43:00 PM /GO 124
5/26/2020 9:43:21 PM Mensaje Broadcast:El que tenga el DON a las 9:50 gana Medalla de Oro y sacri!
5/26/2020 9:44:03 PM Mensaje Broadcast:El que tenga el DON a las 9:50 gana Medalla de Oro y sacri!
5/26/2020 9:44:58 PM Mensaje Broadcast:El que tenga el DON a las 9:50 gana Medalla de Oro y sacri!
5/26/2020 9:45:05 PM /ESPIAR cancer Mapa:73 X:60 Y:41
5/26/2020 9:45:20 PM /HACERITEM: 474@0
5/26/2020 9:45:20 PM Agarro:1 Objeto:Barca
5/26/2020 9:45:30 PM /edit menethil
5/26/2020 9:45:37 PM Mensaje Broadcast:El que tenga el DON a las 9:50 gana Medalla de Oro y sacri!
5/26/2020 9:45:48 PM /ESPIAR cancer Mapa:62 X:70 Y:93
5/26/2020 9:45:51 PM /TELEPLOC a x:46 Y:41 Map:124
5/26/2020 9:45:55 PM /ESPIAR cancer Mapa:63 X:90 Y:16
5/26/2020 9:45:58 PM /TELEPLOC a x:88 Y:18 Map:63
5/26/2020 9:45:59 PM /TELEPLOC a x:88 Y:22 Map:63
5/26/2020 9:46:00 PM /TELEPLOC a x:88 Y:26 Map:63
5/26/2020 9:46:01 PM /TELEPLOC a x:88 Y:30 Map:63
5/26/2020 9:46:02 PM /TELEPLOC a x:89 Y:34 Map:63
5/26/2020 9:46:03 PM /TELEPLOC a x:90 Y:38 Map:63
5/26/2020 9:46:04 PM /TELEPLOC a x:90 Y:42 Map:63
5/26/2020 9:46:04 PM /TELEPLOC a x:90 Y:46 Map:63
5/26/2020 9:46:05 PM /TELEPLOC a x:90 Y:50 Map:63
5/26/2020 9:46:06 PM /TELEPLOC a x:90 Y:54 Map:63
5/26/2020 9:46:07 PM /TELEPLOC a x:90 Y:58 Map:63
5/26/2020 9:46:08 PM /TELEPLOC a x:90 Y:62 Map:63
5/26/2020 9:46:09 PM /TELEPLOC a x:90 Y:66 Map:63
5/26/2020 9:46:09 PM /TELEPLOC a x:90 Y:70 Map:63
5/26/2020 9:46:10 PM /TELEPLOC a x:90 Y:74 Map:63
5/26/2020 9:46:11 PM /TELEPLOC a x:90 Y:78 Map:63
5/26/2020 9:46:18 PM /ESPIAR cancer Mapa:64 X:91 Y:13
5/26/2020 9:46:20 PM /TELEPLOC a x:89 Y:16 Map:64
5/26/2020 9:46:22 PM /TELEPLOC a x:89 Y:21 Map:64
5/26/2020 9:46:23 PM /TELEPLOC a x:89 Y:26 Map:64
5/26/2020 9:46:29 PM Mensaje Broadcast:El que tenga el DON a las 9:50 gana Medalla de Oro y sacri!
5/26/2020 9:46:31 PM /TELEPLOC a x:89 Y:31 Map:64
5/26/2020 9:46:32 PM /TELEPLOC a x:89 Y:36 Map:64
5/26/2020 9:46:33 PM /TELEPLOC a x:89 Y:41 Map:64
5/26/2020 9:46:34 PM /TELEPLOC a x:89 Y:46 Map:64
5/26/2020 9:46:35 PM /TELEPLOC a x:89 Y:51 Map:64
5/26/2020 9:46:40 PM /ESPIAR cancer Mapa:65 X:92 Y:13
5/26/2020 9:46:43 PM /TELEPLOC a x:91 Y:15 Map:65
5/26/2020 9:46:44 PM /TELEPLOC a x:90 Y:20 Map:65
5/26/2020 9:46:44 PM /TELEPLOC a x:90 Y:20 Map:65
5/26/2020 9:46:45 PM /TELEPLOC a x:89 Y:25 Map:65
5/26/2020 9:46:45 PM /TELEPLOC a x:89 Y:25 Map:65
5/26/2020 9:46:46 PM /TELEPLOC a x:88 Y:30 Map:65
5/26/2020 9:46:46 PM /TELEPLOC a x:87 Y:35 Map:65
5/26/2020 9:46:47 PM /TELEPLOC a x:87 Y:35 Map:65
5/26/2020 9:46:47 PM /TELEPLOC a x:88 Y:40 Map:65
5/26/2020 9:46:48 PM /TELEPLOC a x:91 Y:45 Map:65
5/26/2020 9:46:49 PM /TELEPLOC a x:92 Y:50 Map:65
5/26/2020 9:46:50 PM /TELEPLOC a x:90 Y:54 Map:65
5/26/2020 9:46:53 PM /TELEPLOC a x:89 Y:59 Map:65
5/26/2020 9:46:54 PM /TELEPLOC a x:89 Y:64 Map:65
5/26/2020 9:46:56 PM /TELEPLOC a x:89 Y:69 Map:65
5/26/2020 9:46:57 PM /TELEPLOC a x:89 Y:74 Map:65
5/26/2020 9:46:58 PM /TELEPLOC a x:89 Y:79 Map:65
5/26/2020 9:47:06 PM /ESPIAR cancer Mapa:67 X:19 Y:14
5/26/2020 9:47:14 PM /ESPIAR cancer Mapa:12 X:25 Y:74
5/26/2020 9:47:25 PM Mensaje Broadcast:El que tenga el DON a las 9:50 gana Medalla de Oro y sacri!
5/26/2020 9:47:29 PM /ESPIAR cancer Mapa:12 X:28 Y:17
5/26/2020 9:48:00 PM Mensaje Broadcast:El que tenga el DON a las 9:50 gana Medalla de Oro y sacri!
5/26/2020 9:48:14 PM /ESPIAR cancer Mapa:9 X:19 Y:83
5/26/2020 9:48:24 PM /TELEPLOC a x:22 Y:41 Map:9
5/26/2020 9:48:40 PM Mensaje Broadcast:El que tenga el DON a las 9:50 gana Medalla de Oro y sacri!
5/26/2020 9:49:04 PM Mensaje Broadcast:El que tenga el DON a las 9:50 gana Medalla de Oro y sacri!
5/26/2020 9:49:16 PM /ESPIAR cancer Mapa:5 X:91 Y:66
5/26/2020 9:49:43 PM Mensaje Broadcast:El que tenga el DON a las 9:50 gana Medalla de Oro y sacri!
5/26/2020 9:50:15 PM Mensaje Broadcast:Ganador cancer
5/26/2020 9:50:27 PM /INVISIBLE
5/26/2020 9:50:31 PM /IRA cancer Mapa:6 X:24 Y:46
5/26/2020 9:50:44 PM Le entregó una medalla de Oro a cancer
5/26/2020 9:50:53 PM /HACERITEM: 936@0
5/26/2020 9:51:00 PM Transporto a Menethil hacia Mapa104 X:51 Y:51
5/26/2020 9:51:06 PM /INVISIBLE
5/26/2020 9:51:08 PM /GO 28
5/26/2020 9:51:52 PM /GO 100
5/26/2020 9:52:00 PM /GO 28
5/26/2020 9:52:08 PM /INVISIBLE
5/26/2020 9:52:22 PM Mensaje Broadcast:/TORNEO
5/26/2020 9:52:28 PM Transporto a Menethil hacia Mapa104 X:51 Y:51
5/26/2020 9:54:36 PM /INVISIBLE
5/26/2020 9:55:24 PM Mensaje Broadcast:Atiendo consultas y duelos por set /GM
5/26/2020 9:55:30 PM /TELEPLOC a x:58 Y:56 Map:104
5/26/2020 9:55:30 PM /INVISIBLE
5/26/2020 9:55:43 PM /HACERITEM: 1035@0
5/26/2020 9:55:44 PM Agarro:1 Objeto:Tiara Dorada
5/26/2020 9:56:32 PM /TELEPLOC a x:53 Y:59 Map:104
5/26/2020 9:57:00 PM Mensaje a Gms:Que pasa con esos fps
5/26/2020 9:58:08 PM /GO 119
5/26/2020 9:59:13 PM Transporto a Menethil hacia Mapa104 X:51 Y:51
5/26/2020 10:03:06 PM Mensaje a Gms:Cami, estas?
5/26/2020 10:03:33 PM Mensaje Broadcast:Le decis a fer que en duelos el espectador puede matar los elementales?
5/26/2020 10:03:45 PM Mensaje Broadcast:JAjajajajjajaklsdjalksd
5/26/2020 10:19:19 PM Se conecto con ip:186.143.197.116
5/26/2020 10:37:23 PM Se conecto con ip:186.143.197.116
5/26/2020 10:41:40 PM /INVISIBLE
5/26/2020 10:41:42 PM /GO 28
5/26/2020 10:43:42 PM Mensaje Broadcast:Mando seguidilla 2vs2 al AZAR. NO CAEN ITEMS. Premio Medalla, 50 puntos y sacri.
5/26/2020 10:44:11 PM Mensaje Broadcast:Equipen, en 2 minutos la mando.
5/26/2020 10:44:31 PM Mensaje Broadcast:Mando seguidilla 2vs2 al AZAR. NO CAEN ITEMS. Premio Medalla, 50 puntos y sacri.
5/26/2020 10:45:00 PM /GO 100
5/26/2020 10:45:06 PM /SUM sida Map:100 X:44 Y:43
5/26/2020 10:45:07 PM /SUM hYPER bESTiA Map:100 X:44 Y:43
5/26/2020 10:45:10 PM /INVISIBLE
5/26/2020 10:45:19 PM Mensaje Broadcast:Abro para 2 más.
5/26/2020 10:46:06 PM /SUM mamerta Map:100 X:56 Y:54
5/26/2020 10:46:07 PM /SUM DrashieT Map:100 X:56 Y:54
5/26/2020 10:46:31 PM /INVISIBLE
5/26/2020 10:46:32 PM /TELEPLOC a x:46 Y:50 Map:100
5/26/2020 10:46:33 PM /TELEPLOC a x:44 Y:46 Map:100
5/26/2020 10:46:38 PM /TELEPLOC a x:47 Y:48 Map:100
5/26/2020 10:46:39 PM /TELEPLOC a x:50 Y:53 Map:100
5/26/2020 10:46:40 PM /TELEPLOC a x:54 Y:57 Map:100
5/26/2020 10:47:04 PM /TELEPLOC a x:50 Y:50 Map:100
5/26/2020 10:47:29 PM /INVISIBLE
5/26/2020 10:47:52 PM Mensaje Broadcast:Primera ronda para el team mamerta - DrashieT
5/26/2020 10:48:14 PM Mensaje Broadcast:Abro para dos más.
5/26/2020 10:48:40 PM /SUM Darrel Map:100 X:56 Y:56
5/26/2020 10:48:41 PM /SUM sifilis Map:100 X:56 Y:56
5/26/2020 10:48:49 PM /INVISIBLE
5/26/2020 10:49:08 PM /TELEPLOC a x:50 Y:50 Map:100
5/26/2020 10:49:33 PM /INVISIBLE
5/26/2020 10:50:06 PM Mensaje Broadcast:Primera ronda para el team sifilis - Darrel
5/26/2020 10:50:08 PM Mensaje Broadcast:Abro para dos más.
5/26/2020 10:50:33 PM /SUM Nhoa Map:100 X:56 Y:56
5/26/2020 10:50:34 PM /SUM DrashieT Map:100 X:56 Y:56
5/26/2020 10:50:41 PM /TELEPLOC a x:44 Y:49 Map:100
5/26/2020 10:50:42 PM /INVISIBLE
5/26/2020 10:51:03 PM /TELEPLOC a x:50 Y:50 Map:100
5/26/2020 10:52:05 PM Mensaje Broadcast:Segunda Ronda para sifilis - Darrel
5/26/2020 10:52:07 PM Mensaje Broadcast:Abro para dos más.
5/26/2020 10:52:21 PM /INVISIBLE
5/26/2020 10:52:29 PM /SUM Zetsu Map:100 X:57 Y:55
5/26/2020 10:52:30 PM /SUM jHiFFlACORev Map:100 X:57 Y:55
5/26/2020 10:52:44 PM /INVISIBLE
5/26/2020 10:52:48 PM /TELEPLOC a x:52 Y:52 Map:100
5/26/2020 10:52:49 PM /TELEPLOC a x:54 Y:56 Map:100
5/26/2020 10:52:55 PM /TELEPLOC a x:50 Y:50 Map:100
5/26/2020 10:53:56 PM Mensaje Broadcast:Primera Ronda para Zetsu - jHiFFlACORev
5/26/2020 10:53:57 PM Mensaje Broadcast:Abro para dos más.
5/26/2020 10:54:23 PM /SUM UN FASiTOhh Map:100 X:56 Y:55
5/26/2020 10:54:24 PM /SUM BalTher Map:100 X:56 Y:55
5/26/2020 10:54:27 PM /TELEPLOC a x:48 Y:48 Map:100
5/26/2020 10:54:33 PM /TELEPLOC a x:50 Y:50 Map:100
5/26/2020 10:55:07 PM /INVISIBLE
5/26/2020 10:55:20 PM /INVISIBLE
5/26/2020 10:55:25 PM /TELEPLOC a x:52 Y:51 Map:100
5/26/2020 10:55:27 PM /TELEPLOC a x:53 Y:56 Map:100
5/26/2020 10:55:35 PM /TELEPLOC a x:50 Y:50 Map:100
5/26/2020 10:55:37 PM Mensaje Broadcast:Atiendo consultas y duelos por set /GM
5/26/2020 10:56:08 PM /INVISIBLE
5/26/2020 10:56:21 PM Mensaje Broadcast:Segunda Ronda para Zetsu - jHiFFlACORev
5/26/2020 10:56:31 PM Mensaje Broadcast:Abro para dos más.
5/26/2020 10:56:53 PM Se conecto con ip:186.143.197.116
5/26/2020 10:56:58 PM /SUM mamerta Map:100 X:56 Y:56
5/26/2020 10:56:59 PM /SUM sifilis Map:100 X:56 Y:56
5/26/2020 10:57:02 PM /TELEPLOC a x:47 Y:48 Map:100
5/26/2020 10:57:13 PM /INVISIBLE
5/26/2020 10:57:15 PM /TELEPLOC a x:50 Y:50 Map:100
5/26/2020 10:57:54 PM Mensaje Broadcast:Tercera Ronda para Zetsu - jHiFFlACORev
5/26/2020 10:58:04 PM Mensaje Broadcast:Abro para dos más.
5/26/2020 10:58:05 PM /INVISIBLE
5/26/2020 10:58:39 PM /SUM hYPER bESTiA Map:100 X:56 Y:57
5/26/2020 10:58:40 PM /SUM NalaH Map:100 X:56 Y:57
5/26/2020 10:59:05 PM /INVISIBLE
5/26/2020 10:59:06 PM /TELEPLOC a x:50 Y:50 Map:100
5/26/2020 10:59:52 PM /INVISIBLE
5/26/2020 11:00:56 PM /TELEPLOC a x:51 Y:50 Map:100
5/26/2020 11:00:57 PM /INVISIBLE
5/26/2020 11:01:21 PM /INVISIBLE
5/26/2020 11:01:37 PM Mensaje Broadcast:Cuarta Ronda para Zetsu - jHiFFlACORev
5/26/2020 11:01:47 PM Mensaje Broadcast:Abro para dos más.
5/26/2020 11:02:20 PM /SUM hYPER bESTiA Map:100 X:56 Y:56
5/26/2020 11:02:21 PM /SUM Lyric Map:100 X:56 Y:56
5/26/2020 11:02:51 PM /INVISIBLE
5/26/2020 11:02:52 PM /TELEPLOC a x:51 Y:51 Map:100
5/26/2020 11:02:53 PM /TELEPLOC a x:54 Y:55 Map:100
5/26/2020 11:02:57 PM /TELEPLOC a x:51 Y:50 Map:100
5/26/2020 11:03:34 PM /INVISIBLE
5/26/2020 11:03:50 PM Le entregó una medalla de Oro a Zetsu
5/26/2020 11:04:03 PM Le entregó una medalla de Oro a jHiFFlACORev
5/26/2020 11:04:18 PM /HACERITEM: 936@0
5/26/2020 11:04:24 PM /HACERITEM: 936@0
5/26/2020 11:05:12 PM Mensaje Broadcast:Zetsu dedida al clan North Arm y a todos los pibes del ao
5/26/2020 11:06:07 PM Mensaje Broadcast:El de nombre raro me dedica a mi por hacer el torneo
5/26/2020 11:06:47 PM /CT: 28 50 50
5/26/2020 11:07:18 PM /INVISIBLE
5/26/2020 11:07:21 PM /GO 28
5/26/2020 11:08:25 PM Transporto a Menethil hacia Mapa104 X:51 Y:51
5/26/2020 11:08:34 PM Mensaje Broadcast:Me fui gente, buenas noches.
5/26/2020 11:08:37 PM /TELEPLOC a x:58 Y:56 Map:104
5/26/2020 11:08:40 PM /INVISIBLE
5/26/2020 11:08:52 PM Se conecto con ip:186.143.197.116
5/26/2020 11:08:57 PM Mensaje Broadcast:Atiendo consultas y duelos por set /GM
5/27/2020 10:41:54 AM Se conecto con ip:201.251.147.89
5/27/2020 10:42:13 AM /ESPIAR Staff Mapa:106 X:49 Y:51
5/27/2020 10:42:27 AM /GO 28
5/27/2020 10:43:01 AM Transporto a Menethil hacia Mapa104 X:51 Y:51
5/27/2020 10:43:06 AM /TELEPLOC a x:59 Y:56 Map:104
5/27/2020 10:43:10 AM /TELEPLOC a x:59 Y:56 Map:104
5/27/2020 10:32:07 PM Se conecto con ip:186.141.138.26
5/27/2020 10:32:13 PM /TELEPLOC a x:53 Y:58 Map:104
5/27/2020 10:32:52 PM /INVISIBLE
5/27/2020 10:32:52 PM /INVISIBLE
5/27/2020 10:32:53 PM /INVISIBLE
5/27/2020 10:32:53 PM /INVISIBLE
5/27/2020 10:32:54 PM /INVISIBLE
5/27/2020 10:32:54 PM /INVISIBLE
5/27/2020 10:32:55 PM /INVISIBLE
5/27/2020 10:32:55 PM /INVISIBLE
5/27/2020 10:36:15 PM Mensaje Broadcast:Atiendo consultas y duelos por set /GM
5/27/2020 10:36:44 PM BODY 2
5/27/2020 10:36:46 PM BODY 3
5/27/2020 10:36:48 PM BODY 4
5/27/2020 10:36:50 PM BODY 5
5/27/2020 10:36:51 PM BODY 6
5/27/2020 10:36:54 PM BODY 7
5/27/2020 10:36:56 PM BODY 8
5/27/2020 10:36:58 PM BODY 9
5/27/2020 10:37:03 PM BODY 9
5/27/2020 10:37:04 PM BODY 10
5/27/2020 10:37:06 PM BODY 11
5/27/2020 10:37:09 PM BODY 12
5/27/2020 10:37:16 PM BODY 21
5/27/2020 10:37:17 PM BODY 21
5/27/2020 10:37:17 PM BODY 21
5/27/2020 10:37:17 PM BODY 21
5/27/2020 10:37:17 PM BODY 21
5/27/2020 10:37:19 PM BODY 22
5/27/2020 10:37:21 PM BODY 23
5/27/2020 10:37:22 PM BODY 24
5/27/2020 10:37:25 PM BODY 25
5/27/2020 10:37:26 PM BODY 26
5/27/2020 10:37:31 PM BODY 27
5/27/2020 10:37:33 PM BODY 28
5/27/2020 10:37:36 PM BODY 29
5/27/2020 10:37:49 PM BODY 30
5/27/2020 10:38:08 PM BODY 30
5/27/2020 10:38:10 PM BODY 31
5/27/2020 10:38:15 PM BODY 51
5/27/2020 10:38:19 PM BODY 61
5/27/2020 10:38:44 PM /HACERITEM: 1466@0
5/27/2020 10:38:45 PM Agarro:1 Objeto:Daga Abismal
5/27/2020 10:38:52 PM /TELEPLOC a x:52 Y:69 Map:104
5/27/2020 10:39:02 PM Echo a Menethil
5/27/2020 10:39:24 PM Se conecto con ip:186.141.138.26
5/27/2020 10:40:08 PM /HACERITEM: 1039@0
5/27/2020 10:40:08 PM Agarro:1 Objeto:Escudo NO-NOMBRE
5/27/2020 10:40:50 PM Mensaje a Gms:mmmmm
5/27/2020 10:51:27 PM /HACERITEM: 1580@0
5/27/2020 10:51:28 PM Agarro:1 Objeto:Cofre Premium
5/27/2020 10:54:57 PM Tiro cantidad:100 Objeto:Manzana Roja (Newbie)
5/27/2020 10:54:57 PM Tiro cantidad:100 Objeto:Botella de Agua (Newbie)
5/27/2020 10:54:57 PM Tiro cantidad:1 Objeto:Daga (Newbie)
5/27/2020 10:54:57 PM Tiro cantidad:1 Objeto:Vestimentas Comunes (Newbie)
5/27/2020 10:54:57 PM Tiro cantidad:150 Objeto:Poción Roja (Newbie)
5/27/2020 10:54:57 PM Tiro cantidad:150 Objeto:Poción Verde (Newbie)
5/27/2020 10:54:57 PM Tiro cantidad:150 Objeto:Poción Azul (Newbie)
5/27/2020 10:54:57 PM Tiro cantidad:1 Objeto:Barca
5/27/2020 10:54:57 PM Tiro cantidad:1 Objeto:Tiara Dorada
5/27/2020 10:54:57 PM Tiro cantidad:2 Objeto:Cofre de Madera
5/27/2020 10:54:57 PM Tiro cantidad:1 Objeto:Daga Abismal
5/27/2020 10:54:57 PM Tiro cantidad:1 Objeto:Escudo NO-NOMBRE
5/27/2020 10:54:57 PM Tiro cantidad:1 Objeto:Gorro de Bufón Rojo y Negro
5/27/2020 10:54:57 PM  le tiro todos los items a Menethil
5/27/2020 10:54:59 PM Agarro:1 Objeto:Daga Abismal
5/27/2020 10:55:01 PM Agarro:1 Objeto:Tiara Dorada
5/27/2020 10:55:08 PM /LMAP 104
5/27/2020 10:55:22 PM BODY 61
5/27/2020 10:56:11 PM /HACERITEM: 1627@0
5/27/2020 10:56:11 PM Agarro:1 Objeto:Máscara Anonymous
5/27/2020 10:56:32 PM /HACERITEM: 1227@0
5/27/2020 10:56:33 PM Agarro:1 Objeto:Túnica Suprema
5/27/2020 10:56:39 PM Mensaje a Gms:Dale 
5/27/2020 10:56:58 PM Mensaje a Gms:mira la poronga que tengo 
5/27/2020 10:57:10 PM Mensaje a Gms:laksjdlajskld
5/27/2020 10:58:51 PM /HACERITEM: 1214@0
5/27/2020 10:58:51 PM Agarro:1 Objeto:Túnica Perseus (E/G)
5/27/2020 10:59:19 PM /GO 28
5/27/2020 11:00:03 PM Transporto a Menethil hacia Mapa104 X:51 Y:51
5/27/2020 11:00:06 PM /INVISIBLE
5/27/2020 11:00:12 PM /ESPIAR Zulima Mapa:28 X:43 Y:63
5/27/2020 11:00:39 PM Transporto a Menethil hacia Mapa104 X:51 Y:51
5/27/2020 11:00:43 PM /TELEPLOC a x:59 Y:56 Map:104
5/27/2020 11:00:43 PM /INVISIBLE
5/27/2020 11:00:47 PM Mensaje Broadcast:Atiendo consultas y duelos por set /GM
5/27/2020 11:05:10 PM Se conecto con ip:186.141.138.26
5/27/2020 11:05:23 PM BODY 61
5/27/2020 11:05:27 PM /TELEPLOC a x:58 Y:61 Map:104
5/27/2020 11:05:46 PM /TELEPLOC a x:58 Y:56 Map:104
5/28/2020 12:51:23 AM Se conecto con ip:186.141.138.26
5/28/2020 12:51:30 AM /TELEPLOC a x:56 Y:59 Map:104
5/28/2020 12:51:57 AM /INVISIBLE
5/28/2020 12:52:01 AM /GO 82
5/28/2020 12:52:17 AM /ESPIAR Cusenier Mapa:82 X:63 Y:27
5/28/2020 12:52:46 AM Transporto a Menethil hacia Mapa104 X:51 Y:51
5/28/2020 12:53:13 AM Mensaje Broadcast:Buenas!
5/28/2020 12:53:15 AM Mensaje Broadcast:Atiendo consultas y duelos por set /GM
5/28/2020 12:53:45 AM /GO 28
5/28/2020 12:55:46 AM Transporto a Menethil hacia Mapa104 X:51 Y:51
5/28/2020 12:56:47 AM /ESPIAR HeatoN Mapa:28 X:45 Y:61
5/28/2020 12:58:49 AM Transporto a Menethil hacia Mapa104 X:51 Y:51
5/28/2020 12:58:58 AM /GO 28
5/28/2020 1:00:05 AM Transporto a Menethil hacia Mapa104 X:51 Y:51
5/28/2020 1:00:11 AM /TELEPLOC a x:59 Y:56 Map:104
5/28/2020 1:00:25 AM Mensaje Broadcast:Atiendo consultas y duelos por set /GM
5/28/2020 1:00:43 AM /IRA Cletis Mapa:28 X:55 Y:34
5/28/2020 1:01:56 AM Transporto a Menethil hacia Mapa104 X:51 Y:51
5/28/2020 1:04:15 AM /TELEPLOC a x:58 Y:56 Map:104
5/28/2020 1:04:15 AM Mensaje Broadcast:Atiendo consultas y duelos por set /GM
5/28/2020 1:28:22 AM Se conecto con ip:186.141.138.26
5/28/2020 4:49:46 AM Se conecto con ip:201.251.147.89
5/28/2020 4:50:22 AM /TELEPLOC a x:61 Y:53 Map:104
5/28/2020 4:50:27 AM /TELEPLOC a x:64 Y:53 Map:104
5/28/2020 4:50:42 AM /TELEPLOC a x:58 Y:56 Map:104
5/29/2020 12:11:54 AM Se conecto con ip:201.251.147.89
5/29/2020 12:12:20 AM /TELEPLOC a x:53 Y:56 Map:104
5/29/2020 12:25:26 AM Se conecto con ip:201.251.147.89
5/29/2020 12:25:44 AM /INVISIBLE
5/29/2020 12:25:47 AM /GO 28
5/29/2020 12:25:57 AM /TELEPLOC a x:46 Y:62 Map:28
5/29/2020 12:26:13 AM /SUM Positive Map:28 X:46 Y:65
5/29/2020 12:26:20 AM /SUM Diclofenax Map:28 X:47 Y:65
5/29/2020 12:26:24 AM /SUM Dorian Map:28 X:46 Y:65
5/29/2020 12:26:32 AM /SUM Palaxd Map:28 X:48 Y:65
5/29/2020 12:26:39 AM /INVISIBLE
5/29/2020 12:26:48 AM /INVISIBLE
5/29/2020 12:26:55 AM Transporto a Menethil hacia Mapa104 X:51 Y:51
5/29/2020 12:27:06 AM /IRA Aezerehv Mapa:177 X:38 Y:23
5/29/2020 12:27:14 AM /INVISIBLE
5/29/2020 12:28:12 AM Transporto a Menethil hacia Mapa104 X:51 Y:51
5/29/2020 12:28:55 AM /TELEPLOC a x:38 Y:30 Map:177
5/29/2020 12:29:10 AM Transporto a Menethil hacia Mapa104 X:51 Y:51
5/29/2020 12:30:15 AM Mensaje a Gms:fran
5/29/2020 12:30:28 AM Mensaje a Gms:cuando puedas
5/29/2020 12:30:30 AM Mensaje a Gms:me tiras rango?
5/29/2020 12:30:38 AM Mensaje a Gms:no se puede hacer una mierda con esto
5/29/2020 12:30:40 AM Mensaje a Gms:sisi
5/29/2020 12:30:50 AM Mensaje a Gms:no quise entrar
5/29/2020 12:30:52 AM Mensaje a Gms:lo tengo
5/29/2020 12:30:59 AM Mensaje a Gms:por si estaban ustedes
5/29/2020 12:31:31 AM Mensaje a Gms:Vos primero me chupas los huevos
5/29/2020 12:31:36 AM Mensaje a Gms:y despues la pinga
5/29/2020 12:31:57 AM Se conecto con ip:201.251.147.89
5/29/2020 12:32:15 AM Mensaje a Gms:Gracias perro
5/29/2020 12:32:16 AM Mensaje a Gms:
5/29/2020 12:32:17 AM Mensaje a Gms:asd
5/29/2020 12:32:17 AM Mensaje a Gms:
5/29/2020 12:32:34 AM /INVISIBLE
5/29/2020 12:32:37 AM /GO 28
5/29/2020 12:33:24 AM Mensaje a Gms:Que pasa
5/29/2020 12:33:28 AM Mensaje a Gms:ya nervioso
5/29/2020 12:33:32 AM /IRA Zulima Mapa:104 X:51 Y:61
5/29/2020 12:33:41 AM /INVISIBLE
5/29/2020 12:33:54 AM Mensaje a Gms:quiero un inventario como el de alejo 
5/29/2020 12:35:57 AM /SUM Rodolfito Map:104 X:50 Y:65
5/29/2020 12:36:57 AM RODOLFITO HP 1040
5/29/2020 12:37:19 AM RODOLFITO MP 1040
5/29/2020 12:43:41 AM /SUM Zulima Map:104 X:50 Y:71
5/29/2020 12:45:34 AM /HACERITEM: 1580@0
5/29/2020 12:45:40 AM Agarro:1 Objeto:Cofre Premium
5/29/2020 12:47:51 AM /HACERITEM: 1580@10@0
5/29/2020 1:14:30 AM Se conecto con ip:186.141.199.246
5/29/2020 1:14:37 AM /IRA Fhiriox Mapa:104 X:51 Y:51
5/29/2020 1:14:59 AM /SUM Fhiriox Map:104 X:50 Y:53
5/29/2020 1:15:41 AM /ESPIAR Zulima Mapa:120 X:55 Y:50
5/29/2020 1:15:53 AM /TELEPLOC a x:55 Y:52 Map:120
5/29/2020 1:22:54 AM Se conecto con ip:186.141.199.246
5/29/2020 1:23:13 AM /TELEPLOC a x:55 Y:48 Map:120
5/29/2020 1:23:15 AM /INVISIBLE
5/29/2020 1:23:24 AM /TELEPLOC a x:64 Y:50 Map:120
5/29/2020 1:24:39 AM Mensaje a Gms:fran
5/29/2020 1:24:55 AM Mensaje a Gms:
5/29/2020 1:25:18 AM Mensaje a Gms:
5/29/2020 1:25:19 AM Mensaje a Gms:
5/29/2020 1:26:30 AM Mensaje a Gms:
5/29/2020 1:27:41 AM Mensaje a Gms:
5/29/2020 1:27:50 AM Transporto a Menethil hacia Mapa104 X:51 Y:51
5/29/2020 1:28:14 AM Se conecto con ip:186.141.199.246
5/29/2020 1:28:17 AM /INVISIBLE
5/29/2020 1:28:21 AM /ESPIAR Zulima Mapa:120 X:55 Y:50
5/29/2020 1:28:25 AM /TELEPLOC a x:60 Y:44 Map:120
5/29/2020 1:28:27 AM /TELEPLOC a x:64 Y:50 Map:120
5/29/2020 1:33:20 AM /ESPIAR Zulima Mapa:120 X:15 Y:50
5/29/2020 1:33:22 AM /TELEPLOC a x:19 Y:50 Map:120
5/29/2020 1:33:24 AM /TELEPLOC a x:24 Y:50 Map:120
5/29/2020 1:33:27 AM /TELEPLOC a x:22 Y:50 Map:120
5/29/2020 1:46:59 AM Mensaje a Gms:que onda gato
5/29/2020 1:49:50 AM Mensaje a Gms:mmmmm
5/29/2020 1:49:50 AM Mensaje a Gms:
5/29/2020 1:50:04 AM /TELEPLOC a x:17 Y:50 Map:120
5/29/2020 1:50:07 AM /TELEPLOC a x:12 Y:50 Map:120
5/29/2020 1:50:08 AM /INVISIBLE
5/29/2020 1:51:21 AM /TELEPLOC a x:20 Y:50 Map:120
5/29/2020 1:53:32 AM Transporto a Menethil hacia Mapa104 X:51 Y:51
5/29/2020 1:53:45 AM MENETHIL ORO 10000000
5/29/2020 1:53:47 AM /TELEPLOC a x:58 Y:52 Map:104
5/29/2020 1:53:48 AM /TELEPLOC a x:63 Y:52 Map:104
5/29/2020 1:53:57 AM /TELEPLOC a x:59 Y:56 Map:104
5/29/2020 1:53:58 AM /TELEPLOC a x:55 Y:60 Map:104
6/6/2020 2:09:55 PM Se conecto con ip:201.251.147.69
6/6/2020 2:13:04 PM /TELEPLOC a x:56 Y:59 Map:104
6/6/2020 2:13:05 PM /TELEPLOC a x:53 Y:58 Map:104
6/6/2020 2:13:07 PM /TELEPLOC a x:54 Y:61 Map:104
6/6/2020 2:13:08 PM /TELEPLOC a x:56 Y:66 Map:104
6/6/2020 2:13:09 PM /TELEPLOC a x:56 Y:70 Map:104
6/6/2020 2:13:10 PM /TELEPLOC a x:51 Y:72 Map:104
6/6/2020 2:13:17 PM /TELEPLOC a x:53 Y:65 Map:104
6/6/2020 2:13:33 PM /INVISIBLE
6/6/2020 2:13:49 PM Transporto a Menethil hacia Mapa104 X:51 Y:51
6/6/2020 2:13:52 PM /TELEPLOC a x:58 Y:56 Map:104
6/7/2020 7:30:53 PM Se conecto con ip:201.251.147.89
6/7/2020 7:32:25 PM Mensaje Broadcast:Atiendo consultas y duelos por set /GM
6/7/2020 7:33:54 PM Se conecto con ip:201.251.147.89
6/7/2020 7:35:05 PM /TELEPLOC a x:54 Y:59 Map:104
6/7/2020 7:35:14 PM /INVISIBLE
6/7/2020 7:36:07 PM Mensaje a Gms:alguno esta borrando pjts?
6/7/2020 7:36:26 PM Mensaje a Gms:ahora me tiro admin
6/7/2020 7:36:33 PM Mensaje a Gms:y borro
6/7/2020 7:42:45 PM Se conecto con ip:201.251.147.89
6/7/2020 7:44:14 PM Se conecto con ip:201.251.147.89
6/7/2020 7:49:06 PM Mensaje Broadcast:Atiendo consultas y duelos por set /GM
6/8/2020 1:15:54 PM Se conecto con ip:201.251.147.89
6/8/2020 1:16:15 PM /IRA Shay Mapa:104 X:44 Y:56
6/8/2020 1:16:22 PM /TELEPLOC a x:51 Y:54 Map:104
6/8/2020 1:17:05 PM Mensaje a Gms:amigo mira la primero consulta jajajaja
6/8/2020 1:17:44 PM Mensaje a Gms:
6/8/2020 1:17:45 PM /INVISIBLE
6/8/2020 1:17:57 PM Mensaje a Gms:es un boludin
6/8/2020 1:18:03 PM Mensaje a Gms:ya deben saber quien es
6/8/2020 1:18:21 PM Mensaje a Gms:jajajaja
6/8/2020 1:18:29 PM Mensaje a Gms:tengo que rendir dos materias amigo, alta paja
6/8/2020 1:18:38 PM Mensaje a Gms:no estudie nada
6/8/2020 1:18:55 PM Mensaje a Gms:me da 18 mese para rendir 
6/8/2020 1:18:59 PM Mensaje a Gms:y tengo 3 intentos
6/8/2020 1:19:09 PM Mensaje a Gms:yo tengo que hacer eso
6/8/2020 1:19:17 PM Mensaje a Gms:ponerme en la pc a estudiar
6/8/2020 1:19:21 PM Mensaje a Gms:sisi son finales
6/8/2020 1:19:26 PM Mensaje a Gms:tenes 3 intentos gratis
6/8/2020 1:19:30 PM Mensaje a Gms:y despues te cobran
6/8/2020 1:19:37 PM Mensaje a Gms:si, yo igual pero bueno
6/8/2020 1:19:51 PM /IRA iSSACk Mapa:27 X:44 Y:18
6/8/2020 1:20:14 PM Mensaje a Gms:ahi me fijo amigo
6/8/2020 1:21:05 PM Mensaje a Gms:se, 1200 me paso
6/8/2020 1:21:12 PM Transporto a Menethil hacia Mapa104 X:51 Y:51
6/8/2020 1:21:39 PM Mensaje a Gms:como la pido?
6/8/2020 1:21:45 PM /TELEPLOC a x:59 Y:56 Map:104
6/8/2020 1:22:08 PM Mensaje a Gms:nono jajaja
6/8/2020 1:22:12 PM Mensaje a Gms:tengo que hacer eso?
6/8/2020 1:22:31 PM Mensaje a Gms:me la hice por internet a la cuenta
6/8/2020 1:22:34 PM Mensaje a Gms:y quedo ahi
6/8/2020 1:23:18 PM Mensaje a Gms:amigo, le quedaban 70k al rey horda
6/8/2020 1:23:21 PM Mensaje a Gms:por que gano la alianza?
6/8/2020 1:23:45 PM Mensaje a Gms:jajajja que secador
6/8/2020 1:24:36 PM Mensaje a Gms:me flodearon toda la consola aklsjdklasd
6/8/2020 1:26:38 PM Mensaje Broadcast:Atiendo consultas y duelos por set /GM
6/11/2020 12:57:20 AM Se conecto con ip:201.251.147.89
6/11/2020 12:57:43 AM /TELEPLOC a x:53 Y:59 Map:104
6/11/2020 12:57:57 AM /GO 100
6/11/2020 12:58:02 AM /TELEPLOC a x:51 Y:49 Map:100
6/11/2020 12:58:04 AM /INVISIBLE
6/11/2020 12:58:39 AM Mensaje a Gms:Ando todo lag
6/11/2020 1:01:18 AM Mensaje a Gms:jujuu
6/16/2020 11:27:27 AM Se conecto con ip:186.143.199.17
6/16/2020 11:28:33 AM Transporto a Menethil hacia Mapa104 X:51 Y:51
6/16/2020 11:28:38 AM /INVISIBLE
6/16/2020 11:28:56 AM /GO 28
6/16/2020 11:29:13 AM /GO 103
6/16/2020 11:30:37 AM Transporto a Menethil hacia Mapa104 X:51 Y:51
6/17/2020 2:33:24 PM Se conecto con ip:201.251.147.69
6/17/2020 2:33:46 PM Se conecto con ip:201.251.147.69
6/17/2020 2:33:51 PM /IRA Shay Mapa:123 X:50 Y:50
6/17/2020 2:33:56 PM /INVISIBLE
6/17/2020 2:34:05 PM Mensaje a Gms:hijo el diablo
6/17/2020 2:34:10 PM Transporto a Menethil hacia Mapa104 X:51 Y:51
6/17/2020 6:19:44 PM Se conecto con ip:201.251.147.89
6/18/2020 5:22:17 PM Se conecto con ip:201.251.147.89
6/18/2020 5:22:32 PM /TELEPLOC a x:59 Y:56 Map:104
6/19/2020 11:17:09 AM Se conecto con ip:201.251.147.89
6/19/2020 11:17:34 AM /ESPIAR Shanka Mapa:104 X:51 Y:69
6/19/2020 11:17:39 AM /GO 28
6/19/2020 11:17:51 AM Transporto a Menethil hacia Mapa104 X:51 Y:51
6/19/2020 11:17:54 AM /TELEPLOC a x:58 Y:56 Map:104
6/19/2020 10:01:59 PM Se conecto con ip:186.143.198.27
6/19/2020 10:02:05 PM /TELEPLOC a x:54 Y:60 Map:104
6/19/2020 10:03:17 PM Se conecto con ip:186.143.198.27
6/19/2020 10:03:41 PM Mensaje Broadcast:Atiendo consultas y duelos por set /GM
6/19/2020 10:03:54 PM /INVISIBLE
6/19/2020 10:03:56 PM /GO 28
6/19/2020 10:04:40 PM Transporto a Menethil hacia Mapa104 X:51 Y:51
6/19/2020 10:04:48 PM /TELEPLOC a x:58 Y:56 Map:104
6/20/2020 4:56:12 PM Se conecto con ip:186.143.134.51
6/20/2020 4:56:40 PM /TELEPLOC a x:53 Y:51 Map:104
6/20/2020 4:56:41 PM /TELEPLOC a x:48 Y:46 Map:104
6/20/2020 4:57:04 PM /TELEPLOC a x:43 Y:40 Map:104
6/20/2020 4:57:06 PM /TELEPLOC a x:37 Y:35 Map:104
6/20/2020 4:57:07 PM /TELEPLOC a x:33 Y:30 Map:104
6/20/2020 4:57:19 PM /Donde Drag Rosel
6/20/2020 4:57:24 PM /SUM Drag Rosel Map:104 X:33 Y:30
6/20/2020 4:57:27 PM /SUM Neliam Map:104 X:33 Y:30
6/20/2020 4:58:45 PM /TELEPLOC a x:30 Y:29 Map:104
6/20/2020 4:58:52 PM /INVISIBLE
6/20/2020 4:59:43 PM Mensaje a Gms:Que onda perrin
6/20/2020 5:00:55 PM Mensaje a Gms:Podria ser si
6/20/2020 5:01:14 PM Mensaje a Gms:Yo como ni hago no me preocupo jajaja
6/20/2020 5:03:16 PM Mensaje a Gms:por?
6/20/2020 5:03:23 PM Mensaje a Gms:jajaja, a veces pasa
6/20/2020 5:03:42 PM Mensaje a Gms:Hay un ao en tu bug
6/20/2020 5:04:01 PM /INVISIBLE
6/20/2020 5:05:26 PM /DEST
6/20/2020 5:05:28 PM Transporto a Menethil hacia Mapa104 X:51 Y:51
6/20/2020 5:05:31 PM /TELEPLOC a x:59 Y:56 Map:104
6/22/2020 2:47:02 AM Se conecto con ip:201.251.147.89
6/22/2020 2:47:21 AM /TELEPLOC a x:56 Y:60 Map:104
6/23/2020 9:21:47 PM Se conecto con ip:201.251.147.89
6/23/2020 9:23:39 PM /TELEPLOC a x:58 Y:56 Map:104
6/30/2020 10:25:55 AM Se conecto con ip:201.251.147.89
6/30/2020 10:26:17 AM /Donde RAMONA
6/30/2020 10:26:52 AM /INVISIBLE
6/30/2020 10:26:55 AM /GO 28
6/30/2020 10:27:11 AM Transporto a Menethil hacia Mapa104 X:51 Y:51
6/30/2020 10:27:15 AM /TELEPLOC a x:58 Y:56 Map:104
6/30/2020 10:27:16 AM Mensaje Broadcast:Atiendo consultas y duelos por set /GM
6/30/2020 5:53:18 PM Se conecto con ip:201.251.147.89
6/30/2020 5:55:16 PM /INVISIBLE
6/30/2020 5:55:18 PM /GO 123
6/30/2020 5:55:35 PM /IRA Owen thiz Mapa:33 X:50 Y:43
6/30/2020 5:55:52 PM /IRA Renger Mapa:33 X:53 Y:67
6/30/2020 5:55:55 PM Transporto a Menethil hacia Mapa104 X:51 Y:51
6/30/2020 5:56:01 PM /GO 28
6/30/2020 5:56:40 PM /IRA Renger Mapa:33 X:51 Y:50
6/30/2020 5:56:44 PM Transporto a Menethil hacia Mapa104 X:51 Y:51
6/30/2020 5:56:51 PM /TELEPLOC a x:59 Y:56 Map:104
6/30/2020 8:28:48 PM Se conecto con ip:186.141.134.226
6/30/2020 8:28:53 PM /TELEPLOC a x:51 Y:60 Map:104
6/30/2020 8:31:43 PM AURA 40
6/30/2020 8:31:50 PM /GO 28
6/30/2020 8:32:00 PM /TELEPLOC a x:51 Y:60 Map:104
6/30/2020 8:32:10 PM AURA 41
6/30/2020 8:32:17 PM AURA 42
6/30/2020 8:32:21 PM /GO 28
6/30/2020 8:32:27 PM /TELEPLOC a x:51 Y:60 Map:104
7/15/2020 7:26:21 PM Se conecto con ip:201.251.147.89
7/15/2020 7:27:09 PM /ESPIAR Thyanax Mapa:111 X:16 Y:67
7/15/2020 7:27:50 PM Mensaje a Gms:que hacian?
7/15/2020 7:28:04 PM /TELEPLOC a x:20 Y:74 Map:111
7/15/2020 7:28:04 PM Transporto a Menethil hacia Mapa104 X:51 Y:51
7/15/2020 7:28:12 PM Mensaje a Gms:hablando con ese digo...
7/15/2020 7:28:46 PM Mensaje a Gms:aca es facil...
7/15/2020 7:29:25 PM Mensaje a Gms:si, no pasa nada por los premios
7/15/2020 7:29:51 PM Mensaje a Gms:pero no se vuelen mucho por que si los ven hablando con otro despues flashan
7/15/2020 7:30:07 PM Mensaje a Gms:y flashan corrupcion enseguida
7/15/2020 7:30:09 PM /TELEPLOC a x:20 Y:74 Map:111
7/15/2020 7:30:14 PM Transporto a Menethil hacia Mapa104 X:51 Y:51
7/15/2020 7:30:26 PM /INVISIBLE
7/16/2020 1:10:27 PM Se conecto con ip:201.251.147.69
7/16/2020 1:10:45 PM /INVISIBLE
7/16/2020 1:10:46 PM /INVISIBLE
7/16/2020 1:10:51 PM Se conecto con ip:201.251.147.69
7/16/2020 1:10:53 PM /INVISIBLE
7/16/2020 1:10:55 PM /TELEPLOC a x:0 Y:0 Map:0
7/16/2020 1:11:03 PM /TELEPLOC a x:53 Y:69 Map:0
7/16/2020 1:11:13 PM Se conecto con ip:201.251.147.69
7/16/2020 1:11:15 PM Transporto a Menethil hacia Mapa104 X:51 Y:51
7/16/2020 1:11:32 PM /ESPIAR Shady Mapa:104 X:49 Y:63
7/16/2020 1:11:53 PM /INVISIBLE
7/16/2020 1:13:32 PM /INVISIBLE
7/16/2020 1:13:34 PM /INVISIBLE
