7/16/2020 2:32:00 PM Se conecto con ip:200.31.253.217
7/16/2020 2:32:02 PM Transporto a Nifuh hacia Mapa104 X:50 Y:60
7/16/2020 2:32:02 PM Transporto a Nifuh hacia Mapa104 X:48 Y:62
7/16/2020 2:32:03 PM Transporto a Nifuh hacia Mapa104 X:51 Y:60
7/16/2020 2:32:18 PM Agarro:1 Objeto:Escudo Milagroso
7/16/2020 2:32:18 PM Agarro:1 Objeto:Cetro Supremo
7/16/2020 2:32:18 PM Agarro:1 Objeto:Corona Alada
7/16/2020 2:32:19 PM Agarro:1 Objeto:Túnica Apocaliptica Erebea (Altos)
7/16/2020 2:34:53 PM Transporto a Nifuh hacia Mapa104 X:43 Y:52
7/16/2020 2:34:53 PM Transporto a Nifuh hacia Mapa104 X:37 Y:48
7/16/2020 2:34:54 PM Transporto a Nifuh hacia Mapa104 X:33 Y:48
7/16/2020 2:34:54 PM Transporto a Nifuh hacia Mapa104 X:31 Y:45
7/16/2020 2:34:55 PM Transporto a Nifuh hacia Mapa104 X:29 Y:41
7/16/2020 2:34:55 PM Transporto a Nifuh hacia Mapa104 X:29 Y:38
7/16/2020 2:34:56 PM Transporto a Nifuh hacia Mapa104 X:30 Y:34
7/16/2020 2:34:56 PM Transporto a Nifuh hacia Mapa104 X:31 Y:30
7/16/2020 2:34:57 PM Transporto a Nifuh hacia Mapa104 X:32 Y:26
7/16/2020 2:34:57 PM Transporto a Nifuh hacia Mapa104 X:36 Y:24
7/16/2020 2:34:58 PM Transporto a Nifuh hacia Mapa104 X:43 Y:22
7/16/2020 2:34:59 PM Transporto a Nifuh hacia Mapa104 X:49 Y:18
7/16/2020 2:35:00 PM Transporto a Nifuh hacia Mapa104 X:55 Y:18
7/16/2020 2:35:00 PM Transporto a Nifuh hacia Mapa104 X:60 Y:19
7/16/2020 2:35:01 PM Transporto a Nifuh hacia Mapa104 X:65 Y:21
7/16/2020 2:35:01 PM Transporto a Nifuh hacia Mapa104 X:70 Y:24
7/16/2020 2:35:02 PM Transporto a Nifuh hacia Mapa104 X:75 Y:27
7/16/2020 2:35:02 PM Transporto a Nifuh hacia Mapa104 X:77 Y:30
7/16/2020 2:35:03 PM Transporto a Nifuh hacia Mapa104 X:77 Y:33
7/16/2020 2:35:03 PM Transporto a Nifuh hacia Mapa104 X:76 Y:36
7/16/2020 2:35:04 PM Transporto a Nifuh hacia Mapa104 X:75 Y:40
7/16/2020 2:35:04 PM Transporto a Nifuh hacia Mapa104 X:73 Y:44
7/16/2020 2:35:05 PM Transporto a Nifuh hacia Mapa104 X:72 Y:48
7/16/2020 2:35:05 PM Transporto a Nifuh hacia Mapa104 X:71 Y:52
7/16/2020 2:35:06 PM Transporto a Nifuh hacia Mapa104 X:75 Y:53
7/16/2020 2:35:10 PM Transporto a Nifuh hacia Mapa104 X:67 Y:54
7/16/2020 2:35:12 PM Transporto a Nifuh hacia Mapa104 X:65 Y:57
7/16/2020 2:35:12 PM Transporto a Nifuh hacia Mapa104 X:65 Y:61
7/16/2020 2:35:13 PM Transporto a Nifuh hacia Mapa104 X:65 Y:65
7/16/2020 2:35:14 PM Transporto a Nifuh hacia Mapa104 X:65 Y:69
7/16/2020 2:35:14 PM Transporto a Nifuh hacia Mapa104 X:70 Y:70
7/16/2020 2:35:14 PM Transporto a Nifuh hacia Mapa104 X:76 Y:70
7/16/2020 2:35:15 PM Transporto a Nifuh hacia Mapa104 X:79 Y:72
7/16/2020 2:35:15 PM Transporto a Nifuh hacia Mapa104 X:79 Y:75
7/16/2020 2:35:16 PM Transporto a Nifuh hacia Mapa104 X:78 Y:78
7/16/2020 2:35:16 PM Transporto a Nifuh hacia Mapa104 X:77 Y:82
7/16/2020 2:35:16 PM Transporto a Nifuh hacia Mapa104 X:78 Y:85
7/16/2020 2:35:17 PM Transporto a Nifuh hacia Mapa104 X:81 Y:87
7/16/2020 2:35:17 PM Transporto a Nifuh hacia Mapa104 X:86 Y:88
7/16/2020 2:35:17 PM Transporto a Nifuh hacia Mapa104 X:87 Y:92
7/16/2020 2:35:19 PM Transporto a Nifuh hacia Mapa104 X:82 Y:94
7/16/2020 2:35:19 PM Transporto a Nifuh hacia Mapa104 X:77 Y:94
7/16/2020 2:35:20 PM Transporto a Nifuh hacia Mapa104 X:71 Y:93
7/16/2020 2:35:20 PM Transporto a Nifuh hacia Mapa104 X:65 Y:92
7/16/2020 2:35:20 PM Transporto a Nifuh hacia Mapa104 X:59 Y:91
7/16/2020 2:35:20 PM Transporto a Nifuh hacia Mapa104 X:54 Y:89
7/16/2020 2:35:20 PM Transporto a Nifuh hacia Mapa104 X:49 Y:87
7/16/2020 2:35:20 PM Transporto a Nifuh hacia Mapa104 X:44 Y:85
7/16/2020 2:35:21 PM Transporto a Nifuh hacia Mapa104 X:44 Y:87
7/16/2020 2:35:21 PM Transporto a Nifuh hacia Mapa104 X:44 Y:90
7/16/2020 2:35:21 PM Transporto a Nifuh hacia Mapa104 X:42 Y:93
7/16/2020 2:35:22 PM Transporto a Nifuh hacia Mapa104 X:39 Y:94
7/16/2020 2:35:22 PM Transporto a Nifuh hacia Mapa104 X:39 Y:93
7/16/2020 2:35:22 PM Transporto a Nifuh hacia Mapa104 X:36 Y:92
7/16/2020 2:35:22 PM Transporto a Nifuh hacia Mapa104 X:33 Y:91
7/16/2020 2:35:23 PM Transporto a Nifuh hacia Mapa104 X:29 Y:90
7/16/2020 2:35:23 PM Transporto a Nifuh hacia Mapa104 X:28 Y:87
7/16/2020 2:35:23 PM Transporto a Nifuh hacia Mapa104 X:28 Y:83
7/16/2020 2:35:23 PM Transporto a Nifuh hacia Mapa104 X:29 Y:79
7/16/2020 2:35:23 PM Transporto a Nifuh hacia Mapa104 X:31 Y:75
7/16/2020 2:35:24 PM Transporto a Nifuh hacia Mapa104 X:33 Y:72
7/16/2020 2:35:24 PM Transporto a Nifuh hacia Mapa104 X:36 Y:69
7/16/2020 2:35:24 PM Transporto a Nifuh hacia Mapa104 X:39 Y:66
7/16/2020 2:35:25 PM Transporto a Nifuh hacia Mapa104 X:43 Y:64
7/16/2020 2:35:25 PM Transporto a Nifuh hacia Mapa104 X:48 Y:62
7/16/2020 2:35:26 PM Transporto a Nifuh hacia Mapa104 X:51 Y:59
7/16/2020 2:35:36 PM /INVISIBLE
7/16/2020 2:35:47 PM /IRA Shady Mapa:104 X:52 Y:57
7/16/2020 2:35:53 PM /INVISIBLE
7/16/2020 2:43:40 PM Transporto a Nifuh hacia Mapa104 X:52 Y:59
7/16/2020 2:43:40 PM Transporto a Nifuh hacia Mapa104 X:52 Y:59
7/16/2020 2:43:41 PM Transporto a Nifuh hacia Mapa104 X:52 Y:59
7/16/2020 2:43:41 PM Transporto a Nifuh hacia Mapa104 X:52 Y:60
7/16/2020 2:43:47 PM /FPS A:RoMa
7/16/2020 2:43:54 PM /INV RoMa
7/16/2020 2:46:04 PM Se conecto con ip:200.31.253.217
7/16/2020 2:50:22 PM Transporto a Nifuh hacia Mapa104 X:51 Y:63
7/16/2020 2:50:25 PM Transporto a Nifuh hacia Mapa104 X:52 Y:63
7/16/2020 2:50:27 PM Transporto a Nifuh hacia Mapa104 X:50 Y:63
7/16/2020 2:51:38 PM Transporto a Nifuh hacia Mapa104 X:54 Y:63
7/16/2020 2:51:39 PM Transporto a Nifuh hacia Mapa104 X:51 Y:64
7/16/2020 3:07:41 PM Se conecto con ip:200.31.253.217
7/16/2020 3:15:30 PM Se conecto con ip:200.31.253.217
7/16/2020 3:15:48 PM Mensaje a Gms:asd
7/16/2020 3:16:46 PM Agarro:1 Objeto:Tiara Dorada
7/16/2020 3:16:55 PM Agarro:1 Objeto:Túnica Perseus
7/16/2020 3:19:15 PM /SUM Shandon Map:104 X:50 Y:55
7/16/2020 3:31:08 PM /ESPIAR totala Mapa:100 X:45 Y:48
7/16/2020 3:31:12 PM Transporto a Nifuh hacia Mapa100 X:51 Y:49
7/16/2020 3:31:44 PM Mensaje a Gms:na amigo
7/16/2020 3:31:45 PM Mensaje a Gms:como hago
7/16/2020 3:31:52 PM Mensaje a Gms:buenas!
7/16/2020 3:31:56 PM /IRA Shady Mapa:104 X:51 Y:58
7/16/2020 3:32:45 PM /INVISIBLE
7/16/2020 3:49:33 PM Mensaje a Gms:che
7/16/2020 3:49:34 PM Mensaje a Gms:estan haciendo
7/16/2020 3:49:35 PM Mensaje a Gms:team
7/16/2020 3:49:36 PM Mensaje a Gms:en el toreno
7/16/2020 3:49:38 PM Mensaje a Gms:es penable eso?
7/16/2020 3:49:38 PM Mensaje a Gms:
7/16/2020 3:53:51 PM Mensaje a Gms:ce
7/16/2020 3:53:52 PM Mensaje a Gms:chicos
7/16/2020 3:53:55 PM Mensaje a Gms:como era el comando
7/16/2020 3:54:01 PM Mensaje a Gms:para hablar por global'
7/16/2020 4:04:38 PM Mensaje Broadcast:asd
7/16/2020 4:05:05 PM Mensaje Broadcast:Cualquer duda o consulta, /GM
7/16/2020 4:05:10 PM Mensaje a Gms:
7/16/2020 4:12:44 PM /SUM Shandon Map:104 X:49 Y:56
7/16/2020 4:13:00 PM Mensaje a Gms:
7/18/2020 12:11:12 AM Se conecto con ip:200.31.253.217
7/18/2020 12:11:19 AM Mensaje a Gms:Buenas!!!
7/18/2020 12:11:24 AM Transporto a Nifuh hacia Mapa28 X:48 Y:56
7/18/2020 12:11:34 AM Mensaje a Gms:Buenas!
7/18/2020 12:11:50 AM /FPS A:totala
7/18/2020 12:11:55 AM /FPS A:The Unknown
7/18/2020 12:12:02 AM /INV totala
7/18/2020 12:12:17 AM /INFO totala
7/18/2020 12:12:32 AM Transporto a Nifuh hacia Mapa28 X:44 Y:59
7/18/2020 12:12:32 AM Transporto a Nifuh hacia Mapa28 X:43 Y:58
7/18/2020 12:12:35 AM Transporto a Nifuh hacia Mapa183 X:39 Y:55
7/18/2020 12:12:36 AM Transporto a Nifuh hacia Mapa183 X:42 Y:58
7/18/2020 12:12:37 AM Transporto a Nifuh hacia Mapa28 X:49 Y:58
7/18/2020 12:12:39 AM Transporto a Nifuh hacia Mapa28 X:46 Y:63
7/18/2020 12:12:41 AM Transporto a Nifuh hacia Mapa104 X:51 Y:51
