6/19/2020 12:27:09 AM Mensaje a Gms:q
6/19/2020 12:27:10 AM Transporto a Sombra hacia Mapa114 X:37 Y:23
6/19/2020 12:27:11 AM Transporto a Sombra hacia Mapa114 X:32 Y:24
6/19/2020 12:27:21 AM ATRI 20
6/19/2020 12:27:26 AM Mensaje a Gms:c
6/19/2020 12:28:06 AM Mensaje a Gms:deci
6/19/2020 12:28:09 AM Mensaje a Gms:que son un npc nuevo
6/19/2020 12:28:14 AM Mensaje a Gms:aparecen
6/19/2020 12:28:17 AM Mensaje a Gms:en los dungeons
6/19/2020 12:28:47 AM ATRI 35
6/19/2020 12:28:56 AM CLASE ASESINO
6/19/2020 12:28:59 AM Mensaje a Gms:mira
6/19/2020 12:29:11 AM Mensaje a Gms:jajajajajajajjajaja
6/19/2020 12:29:17 AM Mensaje a Gms:la reflashan
6/19/2020 12:29:20 AM Mensaje a Gms:no
6/19/2020 12:29:21 AM Mensaje a Gms:la mala
6/19/2020 12:29:24 AM Resucito a KiLAJE
6/19/2020 12:29:26 AM /INVISIBLE
6/19/2020 12:29:31 AM Tiro cantidad:1 Objeto:Pendiente de sacrificio
6/19/2020 12:30:03 AM /INVISIBLE
6/19/2020 12:30:10 AM /HACERITEM: 1580@0
6/19/2020 12:30:13 AM /HACERITEM: 1580@0
6/19/2020 12:30:17 AM /HACERITEM: 1580@0
6/19/2020 12:30:32 AM /ESPIAR chowcha Mapa:82 X:44 Y:26
6/19/2020 12:30:37 AM ATRI 20
6/19/2020 12:30:39 AM Mensaje a Gms:mira este
6/19/2020 12:30:40 AM Transporto a Sombra hacia Mapa82 X:43 Y:27
6/19/2020 12:30:41 AM Transporto a Sombra hacia Mapa82 X:45 Y:32
6/19/2020 12:30:42 AM Transporto a Sombra hacia Mapa82 X:46 Y:37
6/19/2020 12:30:43 AM Transporto a Sombra hacia Mapa82 X:46 Y:43
6/19/2020 12:30:45 AM Transporto a Sombra hacia Mapa82 X:46 Y:48
6/19/2020 12:30:46 AM Transporto a Sombra hacia Mapa82 X:40 Y:47
6/19/2020 12:30:52 AM Transporto a Sombra hacia Mapa82 X:40 Y:44
6/19/2020 12:30:56 AM Transporto a Sombra hacia Mapa82 X:38 Y:47
6/19/2020 12:31:07 AM Mensaje a Gms:ta re flasheando
6/19/2020 12:31:09 AM Transporto a Sombra hacia Mapa82 X:47 Y:42
6/19/2020 12:31:09 AM Transporto a Sombra hacia Mapa82 X:48 Y:37
6/19/2020 12:31:10 AM Transporto a Sombra hacia Mapa82 X:46 Y:32
6/19/2020 12:31:11 AM Transporto a Sombra hacia Mapa82 X:47 Y:38
6/19/2020 12:31:11 AM Transporto a Sombra hacia Mapa82 X:47 Y:42
6/19/2020 12:31:13 AM Transporto a Sombra hacia Mapa82 X:49 Y:47
6/19/2020 12:31:16 AM Transporto a Sombra hacia Mapa82 X:50 Y:47
6/19/2020 12:31:16 AM Transporto a Sombra hacia Mapa82 X:52 Y:46
6/19/2020 12:31:21 AM Mensaje a Gms:JAJAJAJAJAJAJAJJAJA
6/19/2020 12:31:29 AM ATRI 10
6/19/2020 12:31:32 AM Transporto a Sombra hacia Mapa82 X:46 Y:48
6/19/2020 12:31:35 AM Transporto a Sombra hacia Mapa82 X:42 Y:53
6/19/2020 12:31:35 AM Transporto a Sombra hacia Mapa82 X:39 Y:58
6/19/2020 12:31:35 AM Transporto a Sombra hacia Mapa82 X:42 Y:54
6/19/2020 12:31:39 AM Transporto a Sombra hacia Mapa82 X:44 Y:59
6/19/2020 12:32:00 AM Resucito a chowcha
6/19/2020 12:32:04 AM Mensaje a Gms:XD
6/19/2020 12:32:07 AM /INVISIBLE
6/19/2020 12:32:14 AM /HACERITEM: 1580@0
6/19/2020 12:32:43 AM /INVISIBLE
6/19/2020 12:32:46 AM /ESPIAR totala Mapa:28 X:42 Y:62
6/19/2020 12:32:55 AM /modmapinfo pk 0
6/19/2020 12:32:58 AM Mensaje a Gms:vni
6/19/2020 12:32:58 AM Mensaje a Gms:mira
6/19/2020 12:33:02 AM Mensaje a Gms: 
6/19/2020 12:33:09 AM /modmapinfo pk 0
6/19/2020 12:33:12 AM /modmapinfo pk 1
6/19/2020 12:33:18 AM Mensaje a Gms:JAJAJAJAJAJAJAJAAJAJAJ
6/19/2020 12:33:24 AM Mensaje a Gms:Que descanso amigo JAJAJAJAJA
6/19/2020 12:33:42 AM Mensaje a Gms:me voy a estallar dios
6/19/2020 12:33:44 AM Mensaje a Gms:a ver que otroo
6/19/2020 12:33:48 AM /ESPIAR TAiCHU Mapa:28 X:51 Y:71
6/19/2020 12:33:51 AM Mensaje a Gms:
6/19/2020 12:34:02 AM /ESPIAR Power Mapa:82 X:53 Y:49
6/19/2020 12:34:10 AM /ESPIAR Ras aGhul Mapa:79 X:51 Y:34
6/19/2020 12:34:12 AM Mensaje a Gms:aca
6/19/2020 12:34:13 AM Mensaje a Gms:amigo
6/19/2020 12:34:28 AM Mensaje a Gms:AJNJAJAJAJAJAJAJA
6/19/2020 12:34:37 AM Transporto a Sombra hacia Mapa79 X:46 Y:36
6/19/2020 12:34:44 AM Transporto a Sombra hacia Mapa79 X:39 Y:39
6/19/2020 12:34:44 AM Transporto a Sombra hacia Mapa79 X:34 Y:40
6/19/2020 12:34:47 AM Transporto a Sombra hacia Mapa79 X:38 Y:39
6/19/2020 12:34:48 AM Transporto a Sombra hacia Mapa79 X:43 Y:38
6/19/2020 12:34:48 AM Transporto a Sombra hacia Mapa79 X:49 Y:37
6/19/2020 12:35:08 AM Mensaje a Gms:JAJAJAJAJAJAJAJAJAJAJA
6/19/2020 12:35:32 AM Resucito a Ras aGhul
6/19/2020 12:35:35 AM /INVISIBLE
6/19/2020 12:35:41 AM /HACERITEM: 1580@0
6/19/2020 12:36:04 AM /HACERITEM: 1568@0
6/19/2020 12:36:07 AM /HACERITEM: 1567@0
6/19/2020 12:36:24 AM Transporto a Sombra hacia Mapa79 X:45 Y:27
6/19/2020 12:36:24 AM Transporto a Sombra hacia Mapa79 X:39 Y:28
6/19/2020 12:36:25 AM Transporto a Sombra hacia Mapa79 X:37 Y:25
6/19/2020 12:36:25 AM Transporto a Sombra hacia Mapa79 X:33 Y:23
6/19/2020 12:36:26 AM Transporto a Sombra hacia Mapa79 X:27 Y:25
6/19/2020 12:36:26 AM Transporto a Sombra hacia Mapa79 X:27 Y:22
6/19/2020 12:36:26 AM Transporto a Sombra hacia Mapa79 X:30 Y:19
6/19/2020 12:36:26 AM Transporto a Sombra hacia Mapa79 X:31 Y:20
6/19/2020 12:36:26 AM Transporto a Sombra hacia Mapa79 X:36 Y:18
6/19/2020 12:36:26 AM Transporto a Sombra hacia Mapa79 X:37 Y:18
6/19/2020 12:36:27 AM Transporto a Sombra hacia Mapa79 X:43 Y:15
6/19/2020 12:36:27 AM Transporto a Sombra hacia Mapa79 X:43 Y:15
6/19/2020 12:36:27 AM Transporto a Sombra hacia Mapa79 X:49 Y:11
6/19/2020 12:36:27 AM Transporto a Sombra hacia Mapa79 X:55 Y:7
6/19/2020 12:36:28 AM Transporto a Sombra hacia Mapa79 X:60 Y:10
6/19/2020 12:36:28 AM Transporto a Sombra hacia Mapa79 X:65 Y:11
6/19/2020 12:36:28 AM Transporto a Sombra hacia Mapa79 X:65 Y:11
6/19/2020 12:36:28 AM Transporto a Sombra hacia Mapa79 X:70 Y:11
6/19/2020 12:36:28 AM Transporto a Sombra hacia Mapa79 X:74 Y:11
6/19/2020 12:36:32 AM ATRI 400
6/19/2020 12:36:43 AM ATRI 1200
6/19/2020 12:37:22 AM /SUM Ras aGhul Map:79 X:73 Y:7
6/19/2020 12:38:07 AM /INVISIBLE
6/19/2020 12:38:08 AM Mensaje a Gms:go
6/19/2020 12:38:09 AM Mensaje a Gms:a trollear a otro
6/19/2020 12:38:10 AM Mensaje a Gms:
6/19/2020 12:38:11 AM Mensaje a Gms:JAJAJAJAJAJAJA
6/19/2020 12:38:12 AM Mensaje a Gms:C
6/19/2020 12:38:13 AM Mensaje a Gms:dejalo
6/19/2020 12:38:13 AM Mensaje a Gms:
6/19/2020 12:38:17 AM /ESPIAR KiLAJE Mapa:114 X:28 Y:79
6/19/2020 12:38:20 AM Mensaje a Gms:a na
6/19/2020 12:38:24 AM Mensaje a Gms:stos ya los troleamos
6/19/2020 12:38:31 AM /ESPIAR Vanztek Mapa:28 X:44 Y:61
6/19/2020 12:38:34 AM Mensaje a Gms:mira
6/19/2020 12:38:37 AM Mensaje a Gms:como la flasheamo
6/19/2020 12:38:39 AM Mensaje a Gms:nono veni
6/19/2020 12:38:39 AM Mensaje a Gms:tanaris
6/19/2020 12:38:42 AM Mensaje a Gms:banca que macreo
6/19/2020 12:39:07 AM Transporto a Sombra hacia Mapa28 X:47 Y:55
6/19/2020 12:39:09 AM Transporto a Sombra hacia Mapa28 X:46 Y:60
6/19/2020 12:39:09 AM Transporto a Sombra hacia Mapa28 X:43 Y:64
6/19/2020 12:39:12 AM /modmapinfo pk 0
6/19/2020 12:39:25 AM /modmapinfo pk 1
6/19/2020 12:39:29 AM /modmapinfo pk 0
6/19/2020 12:39:34 AM /modmapinfo pk 0
6/19/2020 12:39:36 AM /modmapinfo pk 1
6/19/2020 12:39:41 AM Mensaje a Gms:xd
6/19/2020 12:39:45 AM Mensaje a Gms:se habia descontrolado
6/19/2020 12:39:46 AM Mensaje a Gms:JAJAJAJAJAJA
6/19/2020 12:39:58 AM Mensaje a Gms:mira como la flashan
6/19/2020 12:40:00 AM Mensaje a Gms:JAJAJAJAJA
6/19/2020 12:40:08 AM /modmapinfo pk 1
6/19/2020 12:40:10 AM /modmapinfo pk 0
6/19/2020 12:40:12 AM /modmapinfo pk 1
6/19/2020 12:40:22 AM  ejecuto a Canty
6/19/2020 12:40:26 AM /modmapinfo pk 1
6/19/2020 12:40:27 AM /modmapinfo pk 1
6/19/2020 12:40:51 AM Mensaje a Gms:pero si a este
6/19/2020 12:40:53 AM Mensaje a Gms:ya se lo hicimos amigo
6/19/2020 12:40:57 AM Mensaje a Gms:si 
6/19/2020 12:40:58 AM Mensaje a Gms:era power
6/19/2020 12:41:00 AM /INFO Power
6/19/2020 12:41:14 AM Transporto a Sombra hacia Mapa82 X:20 Y:28
6/19/2020 12:41:18 AM ATRI 5
6/19/2020 12:42:09 AM Mensaje a Gms:da
6/19/2020 12:42:09 AM Mensaje a Gms:
6/19/2020 12:42:16 AM /INVISIBLE
6/19/2020 12:42:24 AM Tiro cantidad:1 Objeto:Saco de 10 créditos
6/19/2020 12:42:36 AM Transporto a Sombra hacia Mapa104 X:51 Y:51
6/19/2020 12:42:43 AM Mensaje Broadcast:Bueno gente, suerte
6/19/2020 12:42:45 AM Mensaje a Gms:
