7/6/2020 7:24:17 PM Tiro cantidad:1 Objeto:Túnica de Poseidon (Mago)
7/6/2020 7:24:18 PM Tiro cantidad:1 Objeto:Túnica de Poseidon (Mago)
7/6/2020 7:24:18 PM Tiro cantidad:1 Objeto:Anillo de Poseidon (Mago)
7/6/2020 7:24:19 PM Tiro cantidad:1 Objeto:Cetro de Poseidon (Mago)
7/6/2020 7:24:20 PM Tiro cantidad:1 Objeto:Diadema de Erebros (Mago)
7/6/2020 7:24:20 PM Tiro cantidad:1 Objeto:Diadema de Poseidon (Mago)
7/6/2020 7:24:21 PM Tiro cantidad:1 Objeto:Cetro de Erebros (Mago)
7/6/2020 7:24:21 PM Tiro cantidad:1 Objeto:Anillo de Erebros (Mago)
7/6/2020 7:24:22 PM Tiro cantidad:1 Objeto:Túnica de Erebros (Mago)
7/6/2020 7:24:23 PM Tiro cantidad:1 Objeto:Diadema de Mifrit (Mago)
7/6/2020 7:24:24 PM Tiro cantidad:1 Objeto:Túnica de Mifrit (Mago)
7/6/2020 7:24:26 PM Tiro cantidad:2 Objeto:Túnica de Mifrit (Mago)
7/6/2020 7:24:26 PM Tiro cantidad:1 Objeto:Anillo de Mifrit (Mago)
7/6/2020 7:24:27 PM Tiro cantidad:1 Objeto:Cetro de Mifrit (Mago)
7/6/2020 7:26:05 PM Tiro cantidad:2 Objeto:Túnica de Tarraske (Mago)
7/6/2020 7:26:05 PM Tiro cantidad:1 Objeto:Contenedor de Almas
7/6/2020 7:26:11 PM /DEST
7/6/2020 7:26:13 PM /DEST
7/6/2020 7:26:26 PM /GO 104
7/6/2020 7:26:28 PM Transporto a TierrasSagradas hacia Mapa104 X:51 Y:58
7/6/2020 7:27:45 PM Transporto a TierrasSagradas hacia Mapa104 X:49 Y:65
7/6/2020 7:27:45 PM Transporto a TierrasSagradas hacia Mapa104 X:49 Y:65
7/6/2020 7:27:46 PM Transporto a TierrasSagradas hacia Mapa104 X:51 Y:60
7/6/2020 7:27:46 PM Transporto a TierrasSagradas hacia Mapa104 X:53 Y:60
7/6/2020 7:27:46 PM Transporto a TierrasSagradas hacia Mapa104 X:56 Y:57
7/6/2020 7:27:46 PM Transporto a TierrasSagradas hacia Mapa104 X:61 Y:60
7/6/2020 7:27:46 PM Transporto a TierrasSagradas hacia Mapa104 X:59 Y:62
7/6/2020 7:27:46 PM Transporto a TierrasSagradas hacia Mapa104 X:60 Y:66
7/6/2020 7:27:47 PM Transporto a TierrasSagradas hacia Mapa104 X:56 Y:72
7/6/2020 7:27:47 PM Transporto a TierrasSagradas hacia Mapa104 X:55 Y:70
7/6/2020 7:27:47 PM Transporto a TierrasSagradas hacia Mapa104 X:49 Y:66
7/6/2020 7:27:48 PM Transporto a TierrasSagradas hacia Mapa104 X:46 Y:66
7/6/2020 7:27:48 PM Transporto a TierrasSagradas hacia Mapa104 X:43 Y:68
7/6/2020 7:27:48 PM Transporto a TierrasSagradas hacia Mapa104 X:37 Y:71
7/6/2020 7:27:48 PM Transporto a TierrasSagradas hacia Mapa104 X:31 Y:69
7/6/2020 7:27:49 PM Transporto a TierrasSagradas hacia Mapa104 X:38 Y:64
7/6/2020 7:27:49 PM Transporto a TierrasSagradas hacia Mapa104 X:44 Y:64
