6/15/2020 4:05:09 AM /edit valiz hp 5000
6/15/2020 4:09:50 AM Transporto a Valiz hacia Mapa104 X:70 Y:34
6/15/2020 4:09:51 AM Transporto a Valiz hacia Mapa104 X:61 Y:34
6/15/2020 4:09:52 AM Transporto a Valiz hacia Mapa104 X:57 Y:36
6/15/2020 4:09:53 AM Transporto a Valiz hacia Mapa104 X:53 Y:36
6/15/2020 4:10:21 AM Mensaje Broadcast:Buenas noches!
6/15/2020 4:10:47 AM Transporto a Valiz hacia Mapa104 X:45 Y:33
6/15/2020 4:10:48 AM Transporto a Valiz hacia Mapa28 X:45 Y:54
6/15/2020 4:10:49 AM Transporto a Valiz hacia Mapa28 X:47 Y:58
6/15/2020 4:10:50 AM Transporto a Valiz hacia Mapa28 X:46 Y:62
6/15/2020 4:11:22 AM /GO 104
6/15/2020 4:11:26 AM Transporto a Valiz hacia Mapa104 X:50 Y:60
6/15/2020 4:11:57 AM Transporto a Valiz hacia Mapa104 X:49 Y:54
6/15/2020 4:12:03 AM HP 50000
6/15/2020 4:12:13 AM HP 5000
6/15/2020 4:12:18 AM MP 5000
6/15/2020 4:12:43 AM MP 4300
6/15/2020 4:12:55 AM HP 395
6/15/2020 4:13:08 AM ORO 52000000
6/15/2020 4:13:12 AM Transporto a Valiz hacia Mapa104 X:46 Y:58
6/15/2020 4:13:14 AM Transporto a Valiz hacia Mapa28 X:46 Y:53
6/15/2020 4:13:15 AM Transporto a Valiz hacia Mapa28 X:43 Y:59
6/15/2020 4:13:45 AM /GO 104
6/15/2020 4:13:50 AM /GO 28
6/15/2020 4:13:51 AM Transporto a Valiz hacia Mapa28 X:46 Y:55
6/15/2020 4:13:52 AM Transporto a Valiz hacia Mapa28 X:43 Y:59
6/15/2020 4:14:18 AM Echo a 
6/15/2020 4:14:26 AM /GO 104
6/15/2020 4:15:47 AM /INVISIBLE
6/15/2020 4:15:48 AM Transporto a Valiz hacia Mapa104 X:46 Y:59
6/15/2020 4:15:49 AM Transporto a Valiz hacia Mapa28 X:47 Y:55
6/15/2020 4:15:50 AM Transporto a Valiz hacia Mapa28 X:47 Y:58
6/15/2020 4:15:51 AM Transporto a Valiz hacia Mapa28 X:46 Y:61
6/15/2020 4:15:55 AM /IRA Renger Mapa:98 X:43 Y:25
6/15/2020 4:15:57 AM /INVISIBLE
6/15/2020 4:16:01 AM /INVISIBLE
6/15/2020 4:16:22 AM /GO 104
6/15/2020 4:16:25 AM /INVISIBLE
6/15/2020 4:19:55 AM Transporto a Valiz hacia Mapa104 X:53 Y:60
6/15/2020 4:20:07 AM SUERTE 21
6/15/2020 4:20:12 AM ATRI 21
6/15/2020 4:20:18 AM Transporto a Valiz hacia Mapa104 X:46 Y:59
6/15/2020 4:20:19 AM Transporto a Valiz hacia Mapa28 X:48 Y:54
6/15/2020 4:20:20 AM Transporto a Valiz hacia Mapa28 X:47 Y:57
6/15/2020 4:20:37 AM Transporto a Valiz hacia Mapa28 X:50 Y:66
6/15/2020 4:20:51 AM /GO 104
6/16/2020 11:09:13 PM Se conecto con ip:181.84.201.107
6/16/2020 11:09:16 PM Transporto a Valiz hacia Mapa104 X:51 Y:51
6/16/2020 11:10:41 PM STAMINA@5000
6/16/2020 11:11:08 PM /ESPIAR Zhendall Mapa:103 X:66 Y:54
6/16/2020 11:11:20 PM Transporto a Valiz hacia Mapa103 X:67 Y:70
6/16/2020 11:11:21 PM Transporto a Valiz hacia Mapa104 X:51 Y:51
6/16/2020 11:12:03 PM Mensaje Broadcast:Atiendo consultas y duelos por set /GM
6/16/2020 11:13:39 PM /GO 28
6/16/2020 11:13:40 PM Transporto a Valiz hacia Mapa28 X:48 Y:55
6/16/2020 11:13:41 PM Transporto a Valiz hacia Mapa28 X:46 Y:58
6/16/2020 11:13:42 PM Transporto a Valiz hacia Mapa28 X:43 Y:61
6/16/2020 11:13:44 PM Transporto a Valiz hacia Mapa28 X:42 Y:65
6/16/2020 11:13:46 PM Transporto a Valiz hacia Mapa28 X:48 Y:68
6/16/2020 11:14:04 PM Transporto a Valiz hacia Mapa28 X:49 Y:68
6/16/2020 11:14:42 PM Transporto a Valiz hacia Mapa28 X:52 Y:60
6/16/2020 11:14:57 PM Transporto a Valiz hacia Mapa104 X:51 Y:51
6/16/2020 11:15:00 PM /INVISIBLE
6/16/2020 11:15:23 PM Se conecto con ip:181.84.201.107
6/16/2020 11:22:44 PM Se conecto con ip:181.84.201.107
6/16/2020 11:23:32 PM /INVISIBLE
6/16/2020 11:23:33 PM Transporto a Valiz hacia Mapa104 X:46 Y:46
6/16/2020 11:23:34 PM Transporto a Valiz hacia Mapa104 X:42 Y:41
6/16/2020 11:23:35 PM Transporto a Valiz hacia Mapa104 X:38 Y:36
6/16/2020 11:23:36 PM Transporto a Valiz hacia Mapa104 X:34 Y:31
6/16/2020 11:23:37 PM Transporto a Valiz hacia Mapa104 X:30 Y:27
6/16/2020 11:23:38 PM Transporto a Valiz hacia Mapa104 X:26 Y:23
6/16/2020 11:23:38 PM Transporto a Valiz hacia Mapa104 X:22 Y:18
6/16/2020 11:23:39 PM Transporto a Valiz hacia Mapa104 X:18 Y:13
6/16/2020 11:23:40 PM Transporto a Valiz hacia Mapa104 X:13 Y:8
6/16/2020 11:23:51 PM /IRA KZ BOLUDON Mapa:104 X:84 Y:10
6/16/2020 11:23:53 PM /INVISIBLE
6/16/2020 11:24:56 PM /INVISIBLE
6/16/2020 11:24:57 PM /INVISIBLE
6/16/2020 11:25:23 PM Transporto a Valiz hacia Mapa104 X:51 Y:51
6/16/2020 11:25:59 PM /HACERITEM: 1457@0
6/16/2020 11:26:03 PM Agarro:1 Objeto:Túnica Nobleza (Altos)
6/16/2020 11:26:38 PM /HACERITEM: 1530@0
6/16/2020 11:26:56 PM /HACERITEM: 1536@0
6/16/2020 11:27:01 PM /DEST
6/16/2020 11:27:03 PM /DEST
6/16/2020 11:27:30 PM /HACERITEM: 1035@0
6/16/2020 11:27:31 PM Agarro:1 Objeto:Tiara Dorada
6/16/2020 11:27:50 PM /HACERITEM: 1446@0
6/16/2020 11:27:51 PM Agarro:1 Objeto:Cetro de Nobleza
6/16/2020 11:28:05 PM Tiro cantidad:921 Objeto:Poción Roja
6/16/2020 11:28:05 PM Tiro cantidad:1550 Objeto:Poción Azul
6/16/2020 11:28:05 PM Tiro cantidad:64 Objeto:Poción Amarilla
6/16/2020 11:28:05 PM Tiro cantidad:1 Objeto:Daga
6/16/2020 11:28:05 PM Tiro cantidad:1 Objeto:Vestimenta comun verde
6/16/2020 11:28:05 PM Tiro cantidad:133 Objeto:Poción Verde
6/16/2020 11:28:05 PM Tiro cantidad:1 Objeto:Túnica Apocalíptica (RM+15)
6/16/2020 11:28:05 PM Tiro cantidad:1 Objeto:Manto Alado (Altos)
6/16/2020 11:28:05 PM Tiro cantidad:1 Objeto:Anillo de los Dioses
6/16/2020 11:28:05 PM Tiro cantidad:1 Objeto:Scroll de Experiencia (Newbie) (30m)
6/16/2020 11:28:05 PM Tiro cantidad:1 Objeto:Scroll de Oro (Newbie) (30m)
6/16/2020 11:28:05 PM Tiro cantidad:1 Objeto:Corona
6/16/2020 11:28:05 PM Tiro cantidad:1 Objeto:Cetro de Archimago
6/16/2020 11:28:05 PM Tiro cantidad:1 Objeto:Túnica Nobleza (Altos)
6/16/2020 11:28:05 PM Tiro cantidad:1 Objeto:Tiara Dorada
6/16/2020 11:28:05 PM Tiro cantidad:1 Objeto:Cetro de Nobleza
6/16/2020 11:28:05 PM  le tiro todos los items a Valiz
6/16/2020 11:28:08 PM Agarro:1 Objeto:Túnica Nobleza (Altos)
6/16/2020 11:28:08 PM Agarro:1 Objeto:Cetro de Nobleza
6/16/2020 11:28:09 PM Agarro:1 Objeto:Tiara Dorada
6/16/2020 11:28:25 PM /DEST
6/16/2020 11:28:26 PM /DEST
6/16/2020 11:28:26 PM /DEST
6/16/2020 11:28:26 PM /DEST
6/16/2020 11:28:27 PM /DEST
6/16/2020 11:28:27 PM /DEST
6/16/2020 11:28:28 PM /DEST
6/16/2020 11:28:28 PM /DEST
6/16/2020 11:28:28 PM /DEST
6/16/2020 11:28:29 PM /DEST
6/16/2020 11:28:29 PM /DEST
6/16/2020 11:28:29 PM /DEST
6/16/2020 11:28:30 PM /DEST
6/16/2020 11:28:31 PM /DEST
6/16/2020 11:28:31 PM /DEST
6/16/2020 11:28:31 PM /DEST
6/16/2020 11:28:32 PM /DEST
6/16/2020 11:28:32 PM /DEST
6/16/2020 11:28:32 PM /DEST
6/16/2020 11:28:57 PM /HACERITEM: 1596@0
6/16/2020 11:29:00 PM /DEST
6/16/2020 11:29:23 PM /HACERITEM: 1623@0
6/16/2020 11:29:24 PM Agarro:1 Objeto:Máscara de Gato Furioso
6/16/2020 11:29:34 PM Mensaje Broadcast:Atiendo consultas y duelos por set /GM
6/16/2020 11:29:36 PM Transporto a Valiz hacia Mapa104 X:51 Y:45
6/16/2020 11:29:40 PM Transporto a Valiz hacia Mapa104 X:51 Y:50
6/16/2020 11:30:06 PM Transporto a Valiz hacia Mapa104 X:51 Y:51
6/16/2020 11:30:32 PM /GO 100
6/16/2020 11:30:53 PM /DT
6/16/2020 11:51:20 PM /INVISIBLE
6/16/2020 11:51:21 PM Transporto a Valiz hacia Mapa191 X:43 Y:39
6/16/2020 11:51:21 PM Transporto a Valiz hacia Mapa191 X:47 Y:41
6/16/2020 11:51:22 PM Transporto a Valiz hacia Mapa191 X:52 Y:38
6/16/2020 11:51:22 PM Transporto a Valiz hacia Mapa191 X:58 Y:35
6/16/2020 11:51:22 PM Transporto a Valiz hacia Mapa191 X:60 Y:32
6/16/2020 11:51:23 PM Transporto a Valiz hacia Mapa191 X:59 Y:35
6/16/2020 11:51:24 PM Transporto a Valiz hacia Mapa191 X:59 Y:35
6/16/2020 11:51:24 PM Transporto a Valiz hacia Mapa191 X:58 Y:38
6/16/2020 11:51:24 PM Transporto a Valiz hacia Mapa191 X:56 Y:38
6/16/2020 11:51:24 PM Transporto a Valiz hacia Mapa191 X:55 Y:41
6/16/2020 11:51:25 PM Transporto a Valiz hacia Mapa191 X:54 Y:41
6/16/2020 11:51:25 PM Transporto a Valiz hacia Mapa191 X:54 Y:41
6/16/2020 11:51:25 PM Transporto a Valiz hacia Mapa191 X:51 Y:44
6/16/2020 11:51:25 PM Transporto a Valiz hacia Mapa191 X:48 Y:46
6/16/2020 11:51:26 PM Transporto a Valiz hacia Mapa191 X:45 Y:48
6/16/2020 11:51:26 PM Transporto a Valiz hacia Mapa191 X:43 Y:46
6/16/2020 11:51:26 PM Transporto a Valiz hacia Mapa191 X:43 Y:45
6/16/2020 11:51:26 PM Transporto a Valiz hacia Mapa191 X:38 Y:43
6/16/2020 11:51:26 PM Transporto a Valiz hacia Mapa191 X:40 Y:41
6/16/2020 11:51:28 PM /INVISIBLE
6/16/2020 11:51:30 PM Transporto a Valiz hacia Mapa191 X:40 Y:38
6/16/2020 11:51:40 PM /INVISIBLE
6/16/2020 11:51:41 PM Transporto a Valiz hacia Mapa191 X:42 Y:48
6/16/2020 11:51:42 PM Transporto a Valiz hacia Mapa191 X:43 Y:51
6/16/2020 11:51:43 PM Transporto a Valiz hacia Mapa191 X:44 Y:51
6/16/2020 11:51:59 PM /IRA iSSACk Mapa:27 X:44 Y:18
6/16/2020 11:52:11 PM /INVISIBLE
6/16/2020 11:53:13 PM /IRA Owen thiz Mapa:191 X:42 Y:52
6/16/2020 11:53:15 PM Transporto a Valiz hacia Mapa191 X:39 Y:47
6/16/2020 11:53:16 PM Transporto a Valiz hacia Mapa191 X:37 Y:41
6/16/2020 11:53:16 PM /INVISIBLE
6/16/2020 11:53:17 PM Transporto a Valiz hacia Mapa191 X:39 Y:37
6/16/2020 11:53:20 PM /SUM iSSACk Map:191 X:39 Y:37
6/16/2020 11:53:24 PM Transporto a Valiz hacia Mapa104 X:51 Y:51
6/16/2020 11:53:38 PM Transporto a Valiz hacia Mapa104 X:51 Y:51
6/16/2020 11:53:43 PM /IRA Shevchenko Mapa:191 X:41 Y:74
6/16/2020 11:53:47 PM Transporto a Valiz hacia Mapa191 X:38 Y:73
6/16/2020 11:53:51 PM Transporto a Valiz hacia Mapa191 X:33 Y:68
6/16/2020 11:53:52 PM Transporto a Valiz hacia Mapa191 X:28 Y:63
6/16/2020 11:53:52 PM Transporto a Valiz hacia Mapa191 X:23 Y:58
6/16/2020 11:53:52 PM Transporto a Valiz hacia Mapa191 X:24 Y:58
6/16/2020 11:53:52 PM Transporto a Valiz hacia Mapa191 X:21 Y:53
6/16/2020 11:53:53 PM Transporto a Valiz hacia Mapa191 X:27 Y:53
6/16/2020 11:53:53 PM Transporto a Valiz hacia Mapa191 X:25 Y:48
6/16/2020 11:53:53 PM Transporto a Valiz hacia Mapa191 X:33 Y:47
6/16/2020 11:53:53 PM Transporto a Valiz hacia Mapa191 X:33 Y:42
6/16/2020 11:53:54 PM Transporto a Valiz hacia Mapa191 X:39 Y:37
6/16/2020 11:53:55 PM Transporto a Valiz hacia Mapa191 X:42 Y:33
6/16/2020 11:53:56 PM /INVISIBLE
6/16/2020 11:54:07 PM Resucito a iSSACk
6/16/2020 11:54:13 PM /INVISIBLE
6/16/2020 11:54:20 PM Transporto a Valiz hacia Mapa191 X:46 Y:40
6/16/2020 11:54:34 PM Transporto a Valiz hacia Mapa191 X:43 Y:35
6/16/2020 11:54:35 PM Transporto a Valiz hacia Mapa191 X:40 Y:30
6/16/2020 11:54:41 PM Resucito a iSSACk
6/16/2020 11:55:00 PM Transporto a Valiz hacia Mapa191 X:45 Y:41
6/16/2020 11:55:01 PM Transporto a Valiz hacia Mapa191 X:49 Y:40
6/16/2020 11:55:01 PM Transporto a Valiz hacia Mapa191 X:52 Y:44
6/16/2020 11:55:02 PM Transporto a Valiz hacia Mapa191 X:54 Y:48
6/16/2020 11:55:03 PM Transporto a Valiz hacia Mapa191 X:56 Y:52
6/16/2020 11:55:04 PM Transporto a Valiz hacia Mapa191 X:58 Y:56
6/16/2020 11:55:05 PM Transporto a Valiz hacia Mapa191 X:58 Y:60
6/16/2020 11:55:05 PM Transporto a Valiz hacia Mapa191 X:58 Y:64
6/16/2020 11:55:06 PM Transporto a Valiz hacia Mapa191 X:58 Y:68
6/16/2020 11:55:07 PM Transporto a Valiz hacia Mapa191 X:58 Y:72
6/16/2020 11:55:09 PM Transporto a Valiz hacia Mapa191 X:51 Y:65
6/16/2020 11:55:12 PM Transporto a Valiz hacia Mapa191 X:50 Y:66
6/16/2020 11:55:16 PM Transporto a Valiz hacia Mapa191 X:45 Y:64
6/16/2020 11:55:40 PM Transporto a Valiz hacia Mapa104 X:51 Y:51
6/17/2020 12:00:52 AM Mensaje Broadcast:Atiendo consultas y duelos por set /GM
6/17/2020 12:02:26 AM /INVISIBLE
6/17/2020 12:02:31 AM CLASE TODAS
6/17/2020 12:02:54 AM /HACERITEM: 1534@0
6/17/2020 12:02:56 AM Agarro:1 Objeto:Espada de Nobleza 1
6/17/2020 12:34:22 AM ENERGIA 500
6/17/2020 12:37:07 AM /INVISIBLE
6/17/2020 12:37:08 AM Transporto a Valiz hacia Mapa104 X:46 Y:58
6/17/2020 12:37:20 AM /GO 104
6/17/2020 12:37:35 AM ATRI 500
6/17/2020 12:37:37 AM /INVISIBLE
6/17/2020 12:39:15 AM Agarro:2 Objeto:Máscara de Pikachu
6/17/2020 12:39:46 AM Agarro:1 Objeto:Máscara de Mono
6/17/2020 12:40:07 AM Agarro:1 Objeto:Máscara Tricolor
6/17/2020 12:40:25 AM Agarro:2 Objeto:Máscara Esqueletica
6/17/2020 12:40:46 AM Agarro:1 Objeto:Antifaz con pluma
6/17/2020 12:42:33 AM /EDIT VALIZ
6/17/2020 12:42:57 AM Transporto a Valiz hacia Mapa104 X:52 Y:65
6/17/2020 12:44:01 AM Agarro:3 Objeto:Máscara Oscura
6/17/2020 12:44:25 AM Transporto a Valiz hacia Mapa104 X:48 Y:73
6/17/2020 12:44:45 AM Agarro:2 Objeto:Máscara de Alien
6/17/2020 12:45:03 AM Agarro:1 Objeto:Túnica Perseus
6/17/2020 12:45:13 AM Tiro cantidad:1 Objeto:Túnica Nobleza (Altos)
6/17/2020 12:45:13 AM Tiro cantidad:1 Objeto:Cetro de Nobleza
6/17/2020 12:45:13 AM Tiro cantidad:1 Objeto:Tiara Dorada
6/17/2020 12:45:13 AM Tiro cantidad:1 Objeto:Máscara de Gato Furioso
6/17/2020 12:45:13 AM Tiro cantidad:2 Objeto:Cofre de Madera
6/17/2020 12:45:13 AM Tiro cantidad:1 Objeto:Espada de Nobleza 1
6/17/2020 12:45:13 AM Tiro cantidad:2 Objeto:Máscara de Pikachu
6/17/2020 12:45:13 AM Tiro cantidad:1 Objeto:Máscara de Mono
6/17/2020 12:45:13 AM Tiro cantidad:1 Objeto:Máscara Tricolor
6/17/2020 12:45:13 AM Tiro cantidad:2 Objeto:Máscara Esqueletica
6/17/2020 12:45:13 AM Tiro cantidad:1 Objeto:Antifaz con pluma
6/17/2020 12:45:13 AM Tiro cantidad:3 Objeto:Máscara Oscura
6/17/2020 12:45:13 AM Tiro cantidad:2 Objeto:Máscara de Alien
6/17/2020 12:45:13 AM Tiro cantidad:1 Objeto:Túnica Perseus
6/17/2020 12:45:13 AM  le tiro todos los items a Valiz
6/17/2020 12:45:15 AM Agarro:1 Objeto:Túnica Nobleza (Altos)
6/17/2020 12:45:15 AM Agarro:1 Objeto:Cetro de Nobleza
6/17/2020 12:45:15 AM Agarro:1 Objeto:Tiara Dorada
6/17/2020 12:45:17 AM Agarro:1 Objeto:Máscara de Gato Furioso
6/17/2020 12:45:17 AM Agarro:1 Objeto:Espada de Nobleza 1
6/17/2020 12:45:18 AM Agarro:2 Objeto:Máscara de Pikachu
6/17/2020 12:45:18 AM Agarro:1 Objeto:Máscara de Mono
6/17/2020 12:45:19 AM Agarro:1 Objeto:Antifaz con pluma
6/17/2020 12:45:20 AM Agarro:3 Objeto:Máscara Oscura
6/17/2020 12:45:20 AM Agarro:2 Objeto:Máscara de Alien
6/17/2020 12:45:27 AM /DEST
6/17/2020 12:45:29 AM /DEST
6/17/2020 12:45:30 AM /DEST
6/17/2020 12:45:32 AM /DEST
6/17/2020 12:45:32 AM /DEST
6/17/2020 12:45:33 AM /DEST
6/17/2020 12:45:33 AM /DEST
6/17/2020 12:46:37 AM /DEST
6/17/2020 12:46:41 AM Transporto a Valiz hacia Mapa104 X:54 Y:66
6/17/2020 12:46:42 AM Transporto a Valiz hacia Mapa104 X:55 Y:61
6/17/2020 12:46:42 AM Transporto a Valiz hacia Mapa104 X:55 Y:56
6/17/2020 12:46:44 AM Transporto a Valiz hacia Mapa104 X:51 Y:51
6/17/2020 12:46:46 AM Transporto a Valiz hacia Mapa104 X:50 Y:59
6/17/2020 12:46:47 AM Transporto a Valiz hacia Mapa104 X:50 Y:64
6/17/2020 12:46:47 AM Transporto a Valiz hacia Mapa104 X:50 Y:69
6/17/2020 12:46:51 AM Transporto a Valiz hacia Mapa104 X:51 Y:74
6/17/2020 12:47:02 AM Transporto a Valiz hacia Mapa104 X:51 Y:65
6/17/2020 12:47:03 AM Transporto a Valiz hacia Mapa104 X:50 Y:60
6/17/2020 12:47:04 AM Transporto a Valiz hacia Mapa104 X:49 Y:55
6/17/2020 12:47:09 AM Transporto a Valiz hacia Mapa104 X:45 Y:46
6/17/2020 12:47:09 AM Transporto a Valiz hacia Mapa104 X:40 Y:41
6/17/2020 12:47:42 AM /ESPIAR Renger Mapa:71 X:31 Y:72
6/17/2020 12:48:39 AM /GO 104
6/17/2020 12:48:55 AM /IRA Freyja Mapa:28 X:48 Y:59
6/17/2020 12:49:12 AM /GO 104
6/17/2020 12:49:47 AM /IRA Sin Nombre Mapa:191 X:57 Y:69
6/17/2020 12:49:51 AM Transporto a Valiz hacia Mapa191 X:51 Y:61
6/17/2020 12:49:53 AM Transporto a Valiz hacia Mapa191 X:42 Y:64
6/17/2020 12:49:55 AM Transporto a Valiz hacia Mapa191 X:42 Y:58
6/17/2020 12:49:55 AM Transporto a Valiz hacia Mapa191 X:42 Y:57
6/17/2020 12:49:56 AM Transporto a Valiz hacia Mapa191 X:43 Y:52
6/17/2020 12:49:57 AM Transporto a Valiz hacia Mapa191 X:44 Y:46
6/17/2020 12:49:57 AM Transporto a Valiz hacia Mapa191 X:45 Y:40
6/17/2020 12:49:58 AM Transporto a Valiz hacia Mapa191 X:44 Y:35
6/17/2020 12:50:00 AM Transporto a Valiz hacia Mapa191 X:49 Y:40
6/17/2020 12:50:11 AM Mensaje Broadcast:/PARTICIPAR 2+
6/17/2020 12:50:28 AM /GO 104
6/17/2020 12:50:38 AM /INVISIBLE
6/17/2020 12:51:20 AM Transporto a Valiz hacia Mapa104 X:51 Y:66
6/17/2020 12:51:51 AM /INVISIBLE
6/17/2020 12:51:52 AM Transporto a Valiz hacia Mapa104 X:66 Y:55
6/18/2020 12:25:13 AM ATRI 50
