27/5/2025 05:56:28 Se conecto con ip:127.0.0.1
27/5/2025 05:57:01 YAHAD
27/5/2025 05:57:04 YAHAD
27/5/2025 05:57:14 YAHAD
27/5/2025 05:57:44 YAHAD FUERZA 50
27/5/2025 05:57:54 ORO YAHAD
27/5/2025 05:58:04 ORO YAHAD 5000000
27/5/2025 05:58:10 ORO 500000
27/5/2025 05:58:14 EXP 500000
27/5/2025 05:58:23 EXP 99999999999999
27/5/2025 05:58:54 Transporto a YAHAD hacia Mapa28 X:52 Y:44
27/5/2025 05:58:55 Transporto a YAHAD hacia Mapa28 X:52 Y:49
27/5/2025 05:58:55 Transporto a YAHAD hacia Mapa28 X:52 Y:54
27/5/2025 05:58:56 Transporto a YAHAD hacia Mapa28 X:49 Y:58
27/5/2025 06:04:20 Sumoneo a Freezer en mapa 28
27/5/2025 06:04:26 Sumoneo a Lobo en mapa 28
27/5/2025 06:04:30 Sumoneo a Barco Fantasma en mapa 28
27/5/2025 06:04:34 Sumoneo a Hechizera en mapa 28
27/5/2025 06:04:39 Sumoneo a Roksar en mapa 28
27/5/2025 06:04:45 Sumoneo a Aparicion en mapa 28
27/5/2025 06:04:49 Sumoneo a Gran Dragón de Plata en mapa 28
27/5/2025 06:04:53 Sumoneo a Roksar en mapa 28
27/5/2025 06:04:58 Sumoneo a Hechizera en mapa 28
27/5/2025 06:05:01 Sumoneo a Banquero en mapa 28
27/5/2025 06:05:06 Sumoneo a Mago en mapa 28
27/5/2025 06:05:11 Sumoneo a Hechizera en mapa 28
27/5/2025 06:05:17 Sumoneo a Hechizera en mapa 28
27/5/2025 06:05:20 Transporto a YAHAD hacia Mapa28 X:50 Y:64
27/5/2025 06:06:58 ORO 500000
27/5/2025 06:07:03 ORO 500000
27/5/2025 06:07:08 ORO 999999
27/5/2025 06:07:49 LVL 50
27/5/2025 06:07:55 EXP 99999999999
27/5/2025 06:08:18 EXP 99999999999
27/5/2025 06:08:18 EXP 99999999999
27/5/2025 06:08:18 EXP 99999999999
27/5/2025 06:08:18 EXP 99999999999
27/5/2025 06:08:18 EXP 99999999999
27/5/2025 06:08:19 EXP 99999999999
27/5/2025 06:08:19 EXP 99999999999
27/5/2025 06:08:19 EXP 99999999999
27/5/2025 06:08:19 EXP 99999999999
27/5/2025 06:08:19 EXP 99999999999
27/5/2025 06:08:19 EXP 99999999999
27/5/2025 06:08:20 EXP 99999999999
27/5/2025 06:08:20 EXP 99999999999
27/5/2025 06:08:20 EXP 99999999999
27/5/2025 06:08:20 EXP 99999999999
27/5/2025 06:08:20 EXP 99999999999
27/5/2025 06:08:21 EXP 99999999999
27/5/2025 06:08:21 EXP 99999999999
27/5/2025 06:08:21 EXP 99999999999
27/5/2025 06:08:21 EXP 99999999999
27/5/2025 06:08:21 EXP 99999999999
27/5/2025 06:08:21 EXP 99999999999
27/5/2025 06:08:22 EXP 99999999999
27/5/2025 06:08:22 EXP 99999999999
27/5/2025 06:08:22 EXP 99999999999
27/5/2025 06:08:22 EXP 99999999999
27/5/2025 06:08:22 EXP 99999999999
27/5/2025 06:08:23 EXP 99999999999
27/5/2025 06:08:23 EXP 99999999999
27/5/2025 06:08:23 EXP 99999999999
27/5/2025 06:08:23 EXP 99999999999
27/5/2025 06:08:23 EXP 99999999999
27/5/2025 06:08:23 EXP 99999999999
27/5/2025 06:08:24 EXP 99999999999
27/5/2025 06:08:24 EXP 99999999999
27/5/2025 06:08:24 EXP 99999999999
27/5/2025 06:08:24 EXP 99999999999
27/5/2025 06:08:24 EXP 99999999999
27/5/2025 06:08:25 EXP 99999999999
27/5/2025 06:08:25 EXP 99999999999
27/5/2025 06:08:25 EXP 99999999999
27/5/2025 06:08:25 EXP 99999999999
27/5/2025 06:09:35 HP 500000
27/5/2025 06:09:42 MANA 5000000
27/5/2025 06:09:49 FUERZA 50
27/5/2025 06:09:57 /edit 
27/5/2025 06:10:02 /edit lvl
27/5/2025 06:10:08 /edit yahad
27/5/2025 06:10:15 Transporto a YAHAD hacia Mapa104 X:51 Y:51
27/5/2025 06:10:19 Transporto a YAHAD hacia Mapa104 X:52 Y:59
27/5/2025 06:10:20 Transporto a YAHAD hacia Mapa104 X:52 Y:64
27/5/2025 06:10:20 Transporto a YAHAD hacia Mapa104 X:52 Y:69
27/5/2025 06:10:21 Transporto a YAHAD hacia Mapa104 X:52 Y:74
27/5/2025 06:10:22 Transporto a YAHAD hacia Mapa104 X:52 Y:79
27/5/2025 06:10:22 Transporto a YAHAD hacia Mapa104 X:52 Y:84
27/5/2025 06:10:23 Transporto a YAHAD hacia Mapa104 X:52 Y:89
27/5/2025 06:10:28 Transporto a YAHAD hacia Mapa104 X:48 Y:80
27/5/2025 06:10:29 Transporto a YAHAD hacia Mapa104 X:48 Y:75
27/5/2025 06:10:30 Transporto a YAHAD hacia Mapa104 X:48 Y:70
27/5/2025 06:10:30 Transporto a YAHAD hacia Mapa104 X:48 Y:65
27/5/2025 06:10:31 Transporto a YAHAD hacia Mapa104 X:48 Y:60
27/5/2025 06:11:29 Transporto a YAHAD hacia Mapa161 X:50 Y:59
27/5/2025 06:11:30 Transporto a YAHAD hacia Mapa161 X:50 Y:63
27/5/2025 06:11:30 Transporto a YAHAD hacia Mapa161 X:50 Y:67
27/5/2025 06:11:32 Transporto a YAHAD hacia Mapa161 X:50 Y:75
27/5/2025 06:11:32 Transporto a YAHAD hacia Mapa161 X:50 Y:80
27/5/2025 06:11:33 Transporto a YAHAD hacia Mapa161 X:50 Y:85
27/5/2025 06:11:34 Transporto a YAHAD hacia Mapa161 X:49 Y:90
27/5/2025 06:11:38 Transporto a YAHAD hacia Mapa173 X:49 Y:19
27/5/2025 06:11:38 Transporto a YAHAD hacia Mapa173 X:48 Y:24
27/5/2025 06:11:39 Transporto a YAHAD hacia Mapa173 X:47 Y:29
27/5/2025 06:11:40 Transporto a YAHAD hacia Mapa173 X:46 Y:34
27/5/2025 06:11:40 Transporto a YAHAD hacia Mapa173 X:45 Y:39
27/5/2025 06:11:40 Transporto a YAHAD hacia Mapa173 X:44 Y:44
27/5/2025 06:11:41 Transporto a YAHAD hacia Mapa173 X:43 Y:49
27/5/2025 06:11:41 Transporto a YAHAD hacia Mapa173 X:42 Y:54
27/5/2025 06:11:43 Transporto a YAHAD hacia Mapa173 X:41 Y:64
27/5/2025 06:11:43 Transporto a YAHAD hacia Mapa173 X:36 Y:68
27/5/2025 06:11:43 Transporto a YAHAD hacia Mapa173 X:31 Y:72
27/5/2025 06:11:43 Transporto a YAHAD hacia Mapa173 X:26 Y:76
27/5/2025 06:11:44 Transporto a YAHAD hacia Mapa173 X:21 Y:81
27/5/2025 06:11:44 Transporto a YAHAD hacia Mapa173 X:16 Y:86
27/5/2025 06:11:44 Transporto a YAHAD hacia Mapa173 X:11 Y:91
27/5/2025 06:11:48 Transporto a YAHAD hacia Mapa172 X:22 Y:16
27/5/2025 06:11:48 Transporto a YAHAD hacia Mapa172 X:27 Y:20
27/5/2025 06:11:48 Transporto a YAHAD hacia Mapa172 X:32 Y:24
27/5/2025 06:11:48 Transporto a YAHAD hacia Mapa172 X:37 Y:28
27/5/2025 06:12:32 Transporto a YAHAD hacia Mapa172 X:35 Y:27
27/5/2025 06:12:33 Transporto a YAHAD hacia Mapa172 X:38 Y:28
27/5/2025 06:12:34 Transporto a YAHAD hacia Mapa172 X:43 Y:30
27/5/2025 06:12:34 Transporto a YAHAD hacia Mapa172 X:47 Y:34
27/5/2025 06:12:34 Transporto a YAHAD hacia Mapa172 X:51 Y:38
27/5/2025 06:12:35 Transporto a YAHAD hacia Mapa172 X:55 Y:42
27/5/2025 06:12:35 Transporto a YAHAD hacia Mapa172 X:60 Y:46
27/5/2025 06:12:36 Transporto a YAHAD hacia Mapa172 X:66 Y:48
27/5/2025 06:12:36 Transporto a YAHAD hacia Mapa172 X:72 Y:49
27/5/2025 06:12:36 Transporto a YAHAD hacia Mapa172 X:79 Y:50
27/5/2025 06:12:36 Transporto a YAHAD hacia Mapa172 X:86 Y:51
27/5/2025 06:12:40 Transporto a YAHAD hacia Mapa171 X:22 Y:49
27/5/2025 06:12:40 Transporto a YAHAD hacia Mapa171 X:29 Y:46
27/5/2025 06:12:41 Transporto a YAHAD hacia Mapa171 X:36 Y:43
27/5/2025 06:12:41 Transporto a YAHAD hacia Mapa171 X:43 Y:40
27/5/2025 06:12:42 Transporto a YAHAD hacia Mapa171 X:49 Y:37
27/5/2025 06:21:09 /GO 123
27/5/2025 06:21:31 Transporto a YAHAD hacia Mapa104 X:51 Y:51
27/5/2025 06:21:32 Transporto a YAHAD hacia Mapa104 X:46 Y:47
27/5/2025 06:21:32 Transporto a YAHAD hacia Mapa104 X:39 Y:44
27/5/2025 06:21:32 Transporto a YAHAD hacia Mapa104 X:42 Y:39
27/5/2025 06:21:34 Transporto a YAHAD hacia Mapa104 X:45 Y:34
27/5/2025 06:21:48 Sumoneo a AgitedeGuerrero en mapa 28
27/5/2025 06:30:00 /edit fuerza 50
27/5/2025 06:30:07 /edit mana
27/5/2025 06:30:27 /INVISIBLE
27/5/2025 06:30:32 /INVISIBLE
27/5/2025 06:39:36 ORO 5000000
27/5/2025 06:39:43 GOLPE 5000
27/5/2025 06:39:50 SALUD 5000
27/5/2025 06:43:25 /TELEPLOC a x:46 Y:55 Map:28
27/5/2025 06:45:46 /edit yahad
27/5/2025 06:46:23 /inv yahad
27/5/2025 06:51:54 /FPS A:YAHAD
27/5/2025 06:52:27 /CT: 123 50 50
27/5/2025 06:52:54 /SGCT: 50
27/5/2025 06:53:07 /SGCT: yahad
27/5/2025 06:53:28 /DT
27/5/2025 06:55:06 /HACERITEM: 50 50 @0
27/5/2025 06:55:39 /MASSKILL
27/5/2025 07:03:04 YAHAD MAGO
27/5/2025 07:05:25 YO EXP 500000000
27/5/2025 07:05:34 YO ORO 39495043
27/5/2025 07:06:20 HEAD 5
27/5/2025 07:06:25 ESCU 5
27/5/2025 07:06:32 ESCU 10
27/5/2025 07:06:36 CASCO 10
27/5/2025 07:06:41 ARMA 20
27/5/2025 07:06:49 HP 5000
27/5/2025 07:06:53 MAN 50000
27/5/2025 07:07:01 MP 50000
27/5/2025 07:07:06 MP 9999
27/5/2025 07:07:17 STA 50
27/5/2025 07:07:26 STA 1000
27/5/2025 07:07:58 ATRI 50
27/5/2025 07:09:02 YAHAD HEAD 5
27/5/2025 07:09:11 YAHAD ATRI 50
27/5/2025 07:09:23 YAHAD ARMA 5
27/5/2025 07:09:31 YAHAD AMA 5
27/5/2025 07:09:41 YAHAD ORO 5000
27/5/2025 07:11:28 Transporto a YAHAD hacia Mapa104 X:51 Y:51
27/5/2025 07:11:37 Transporto a YAHAD hacia Mapa104 X:46 Y:44
27/5/2025 07:11:38 Transporto a YAHAD hacia Mapa104 X:46 Y:39
27/5/2025 07:11:38 Transporto a YAHAD hacia Mapa104 X:45 Y:33
27/5/2025 07:12:27 HECHI 100
27/5/2025 07:12:32 HECHI 5
27/5/2025 07:12:39 YAHAD HECHI 5
27/5/2025 07:12:45 YAHAD HECHIZO 10
27/5/2025 07:13:41 YAHAD CLASE PALADIN
27/5/2025 07:14:52 /HACERITEM: 1467@50@0
27/5/2025 07:14:53 Agarro:50 Objeto:Espada Balrog Maestra
27/5/2025 07:15:07 Agarro:1 Objeto:Sombrero Magico
27/5/2025 07:15:49 YAHAD ATRI 500
27/5/2025 07:15:54 ATRI 500
27/5/2025 07:16:01 ATRI 1000
27/5/2025 07:16:51 Agarro:300 Objeto:Poción Azul
27/5/2025 07:16:52 Agarro:1 Objeto:Túnica de Druída
27/5/2025 07:16:52 Agarro:300 Objeto:Poción Roja
27/5/2025 07:16:53 Agarro:1 Objeto:Tormenta de Fuego
27/5/2025 07:17:08 Agarro:100 Objeto:Poción Roja
27/5/2025 07:17:09 Agarro:1 Objeto:Gema Azul
27/5/2025 07:17:09 Agarro:1 Objeto:Sombrero Magico
27/5/2025 07:17:09 Agarro:100 Objeto:Poción Azul
27/5/2025 07:18:42 Transporto a YAHAD hacia Mapa28 X:50 Y:59
27/5/2025 07:20:23 /HACERITEM: 618@50@0
27/5/2025 07:20:24 Agarro:50 Objeto:Monedas de Oro
27/5/2025 07:21:16 Transporto a YAHAD hacia Mapa183 X:60 Y:48
27/5/2025 07:21:17 Transporto a YAHAD hacia Mapa183 X:66 Y:47
27/5/2025 07:21:17 Transporto a YAHAD hacia Mapa183 X:73 Y:47
27/5/2025 07:21:18 Transporto a YAHAD hacia Mapa183 X:80 Y:47
27/5/2025 07:21:20 Transporto a YAHAD hacia Mapa183 X:90 Y:47
27/5/2025 07:21:22 Transporto a YAHAD hacia Mapa183 X:92 Y:47
27/5/2025 07:21:24 Transporto a YAHAD hacia Mapa183 X:92 Y:48
27/5/2025 07:21:24 Transporto a YAHAD hacia Mapa183 X:92 Y:50
27/5/2025 07:21:25 Transporto a YAHAD hacia Mapa183 X:92 Y:53
27/5/2025 07:21:25 Transporto a YAHAD hacia Mapa183 X:92 Y:56
27/5/2025 07:21:26 Transporto a YAHAD hacia Mapa183 X:92 Y:59
27/5/2025 07:21:27 Transporto a YAHAD hacia Mapa183 X:92 Y:63
27/5/2025 19:23:21 Se conecto con ip:127.0.0.1
27/5/2025 19:23:32 /GO 28
27/5/2025 19:23:54 Tiro cantidad:1 Objeto:Vestimenta comun verde
27/5/2025 19:23:54 Tiro cantidad:1 Objeto:Túnica de Monje
27/5/2025 19:23:54 Tiro cantidad:2 Objeto:Daga
27/5/2025 19:23:55 Tiro cantidad:150 Objeto:Poción Amarilla
27/5/2025 19:23:55 Tiro cantidad:2400 Objeto:Poción Azul
27/5/2025 19:23:55 Tiro cantidad:1399 Objeto:Poción Roja
27/5/2025 19:23:55 Tiro cantidad:146 Objeto:Poción Verde
27/5/2025 19:23:55 Tiro cantidad:1 Objeto:Báculo Ancestral
27/5/2025 19:23:55 Tiro cantidad:1 Objeto:Arco de los Bosques
27/5/2025 19:23:55 Tiro cantidad:1 Objeto:Espada Mata Dragones
27/5/2025 19:23:55 Tiro cantidad:1 Objeto:Coraza Clerical
27/5/2025 19:23:55 Tiro cantidad:1 Objeto:Guerrero del Pantano (Bajos)
27/5/2025 19:23:55 Tiro cantidad:50 Objeto:Espada Balrog Maestra
27/5/2025 19:23:55 Tiro cantidad:3 Objeto:Sombrero Magico
27/5/2025 19:23:55 Tiro cantidad:1 Objeto:Escudo de Tortuga
27/5/2025 19:23:55 Tiro cantidad:1 Objeto:Túnica de Druída
27/5/2025 19:23:55 Tiro cantidad:1 Objeto:Tormenta de Fuego
27/5/2025 19:23:55 Tiro cantidad:1 Objeto:Gema Azul
27/5/2025 19:23:55 Tiro cantidad:50 Objeto:Monedas de Oro
27/5/2025 19:23:55 Tiro cantidad:1 Objeto:Armadura de Dragón (E/G)
27/5/2025 19:23:55  le tiro todos los items a YAHAD
27/5/2025 19:23:59 Agarro:50 Objeto:Espada Balrog Maestra
27/5/2025 19:24:00 Agarro:1 Objeto:Espada Mata Dragones
27/5/2025 19:24:01 Agarro:3 Objeto:Sombrero Magico
27/5/2025 19:24:03 Agarro:1 Objeto:Túnica de Monje
27/5/2025 19:24:06 Agarro:1 Objeto:Armadura de Dragón (E/G)
27/5/2025 19:24:07 Agarro:50 Objeto:Monedas de Oro
27/5/2025 19:24:09 Agarro:1 Objeto:Gema Azul
27/5/2025 19:24:31 /GO 123
27/5/2025 19:25:44 /modmapinfo yahad
27/5/2025 19:28:07 /modmapinfo 123
27/5/2025 19:28:16 /guardarmapa 28
27/5/2025 19:29:03 AURA 2
27/5/2025 19:29:07 AURA 22
27/5/2025 19:29:11 AURA 35
27/5/2025 19:29:17 AURA 40
27/5/2025 19:29:23 AURA 60
27/5/2025 19:29:27 AURA 90
27/5/2025 19:29:30 AURA 23
27/5/2025 19:29:35 AURA 22
27/5/2025 19:29:38 AURA 24
27/5/2025 19:29:40 AURA 23
27/5/2025 19:29:43 AURA 26
27/5/2025 19:29:46 AURA 24
27/5/2025 19:29:48 AURA 32
27/5/2025 19:29:51 AURA 43
27/5/2025 19:29:54 AURA 102
27/5/2025 19:29:57 AURA 100
27/5/2025 19:30:00 AURA 99
27/5/2025 19:30:02 AURA 98
27/5/2025 19:30:07 AURA 96
27/5/2025 19:30:10 AURA 97
27/5/2025 19:30:13 AURA 95
27/5/2025 19:30:15 AURA 90
27/5/2025 19:30:19 AURA 91
27/5/2025 19:30:23 AURA 93
27/5/2025 19:30:26 AURA 86
27/5/2025 19:30:30 AUAR 98
27/5/2025 19:30:33 AURA 98
27/5/2025 19:30:35 AURA 88}
27/5/2025 19:30:38 AURA 88
27/5/2025 19:30:47 AURA 85
27/5/2025 19:30:51 AURA 84
27/5/2025 19:30:58 AURA 82
27/5/2025 19:31:01 AURA 82
27/5/2025 19:31:08 AURA 79
27/5/2025 19:31:12 AURA 75
27/5/2025 19:31:17 AURA 73
27/5/2025 19:32:50 PART 4
27/5/2025 19:32:55 PART 40
27/5/2025 19:33:01 PART 40
27/5/2025 19:33:05 PART 41
27/5/2025 19:33:09 PART 45
27/5/2025 19:33:14 PART 56
27/5/2025 19:33:18 PART 90
27/5/2025 19:33:21 PART 100
27/5/2025 19:33:27 PART 102
27/5/2025 19:33:35 PART 103
27/5/2025 19:33:39 PART 109
27/5/2025 19:33:44 PART 115
27/5/2025 19:33:50 PART 111
27/5/2025 19:33:55 PART 109
27/5/2025 19:33:59 PART 107
27/5/2025 19:34:03 PART 103
27/5/2025 19:34:06 PART 104
27/5/2025 19:34:11 PART 98
27/5/2025 19:34:15 PART 96
27/5/2025 19:34:19 PART 94
27/5/2025 19:34:22 PART 92
27/5/2025 19:34:25 PART 93
27/5/2025 19:34:28 PART 92
27/5/2025 19:34:31 PART 91
27/5/2025 19:34:33 PART 90
27/5/2025 19:34:39 PART 89
27/5/2025 19:34:43 PART 82
27/5/2025 19:34:52 PART 81
27/5/2025 19:34:55 PART 81
27/5/2025 19:34:59 PART 82
27/5/2025 19:35:02 PART 83
27/5/2025 19:35:08 PART 82
27/5/2025 19:35:58 PART 80
27/5/2025 19:36:02 PART 80
27/5/2025 19:36:06 PART 79
27/5/2025 19:36:10 PART 88
27/5/2025 19:36:16 PART 78
27/5/2025 19:36:27 PART 75
27/5/2025 19:36:32 PART 73
27/5/2025 19:36:37 PART 71
27/5/2025 19:36:41 PART 72
27/5/2025 19:36:49 PART 69
27/5/2025 19:36:57 PART 67
27/5/2025 19:37:02 PART 79
27/5/2025 19:37:05 PART 69
27/5/2025 19:37:09 PART 67
27/5/2025 19:37:11 PART 66
27/5/2025 19:37:14 PART 65
27/5/2025 19:37:17 PART 64
27/5/2025 19:37:21 PART 64
27/5/2025 19:37:25 PART 63
27/5/2025 19:37:40 PART 63
27/5/2025 19:39:44 HECHI 20
27/5/2025 19:40:12 YO ORO 340
27/5/2025 19:40:17 YAHAD ORO 500000
27/5/2025 19:40:21 ORO 5000000
27/5/2025 19:41:04 FX 1
27/5/2025 19:41:08 FX 3
27/5/2025 19:41:11 FX 19
27/5/2025 19:41:16 FX 40
27/5/2025 19:41:21 FX 40
27/5/2025 19:41:29 FX 50
27/5/2025 19:41:35 FX 39
27/5/2025 19:41:39 FX 35
27/5/2025 19:41:53 ATRI 1000
27/5/2025 19:42:15 CRI 5000
27/5/2025 19:42:24 /GO 19
27/5/2025 19:42:27 /GO 28
27/5/2025 19:42:44 Transporto a YAHAD hacia Mapa29 X:59 Y:78
27/5/2025 19:42:44 Transporto a YAHAD hacia Mapa29 X:67 Y:74
27/5/2025 19:42:51 CIU
27/5/2025 19:43:07 Transporto a YAHAD hacia Mapa29 X:71 Y:69
27/5/2025 19:43:08 Transporto a YAHAD hacia Mapa29 X:71 Y:64
27/5/2025 19:43:10 Transporto a YAHAD hacia Mapa29 X:75 Y:58
27/5/2025 19:43:11 Transporto a YAHAD hacia Mapa29 X:79 Y:52
27/5/2025 19:44:27 /GO 19
27/5/2025 19:46:22 Se conecto con ip:127.0.0.1
27/5/2025 19:46:35 /GO 123
27/5/2025 19:46:56 Sumoneo a Hormiga Gigante en mapa 123
27/5/2025 19:47:03 Sumoneo a Freezer en mapa 123
27/5/2025 19:47:07 Sumoneo a Araña Gigante en mapa 123
27/5/2025 19:49:53 YAHAD ATRI 5000
27/5/2025 19:50:18 Sumoneo a Hechizera en mapa 123
27/5/2025 19:50:21 Sumoneo a Sacerdote en mapa 123
27/5/2025 19:50:25 Sumoneo a Demonio en mapa 123
27/5/2025 19:50:29 Sumoneo a Hechizera en mapa 123
27/5/2025 19:50:33 Sumoneo a Hechizera en mapa 123
27/5/2025 19:50:38 Sumoneo a  en mapa 123
27/5/2025 19:50:41 Sumoneo a  en mapa 123
27/5/2025 19:50:48 Sumoneo a  en mapa 123
27/5/2025 19:50:52 Sumoneo a  en mapa 123
27/5/2025 19:50:56 Sumoneo a  en mapa 123
27/5/2025 19:50:58 Sumoneo a  en mapa 123
27/5/2025 19:51:03 Sumoneo a Banquero en mapa 123
27/5/2025 19:51:08 Sumoneo a Roksar en mapa 123
27/5/2025 19:51:13 Sumoneo a Sacerdote en mapa 123
27/5/2025 19:51:18 Sumoneo a Orco Oscuro en mapa 123
27/5/2025 19:51:21 Sumoneo a Aparicion en mapa 123
27/5/2025 19:51:26 Sumoneo a Aparicion en mapa 123
27/5/2025 19:51:31 Sumoneo a Aparicion en mapa 123
27/5/2025 19:51:49 /MATA NPC SIN INICIAR
27/5/2025 19:51:54 Transporto a YAHAD hacia Mapa123 X:52 Y:26
27/5/2025 19:52:33 Agarro:1 Objeto:Gema Verde
27/5/2025 19:53:43 Sumoneo a Aparicion en mapa 123
27/5/2025 19:53:48 Sumoneo a Aparicion en mapa 123
27/5/2025 19:53:56 Sumoneo a Aparicion en mapa 123
27/5/2025 19:53:59 Sumoneo a Gran Dragón de Plata en mapa 123
27/5/2025 19:54:04 Sumoneo a Aparicion en mapa 123
27/5/2025 19:54:07 Sumoneo a Aparicion en mapa 123
27/5/2025 19:54:10 Sumoneo a Aparicion en mapa 123
27/5/2025 19:54:14 Sumoneo a Aparicion en mapa 123
27/5/2025 19:54:17 Sumoneo a Gran Dragón de Plata en mapa 123
27/5/2025 19:54:29 Agarro:1 Objeto:Huevo de Dragón Rojo
27/5/2025 19:55:31 Agarro:1 Objeto:Fragmento de la Hermandad (Izquierdo)
27/5/2025 19:56:32 Sumoneo a Gran Dragón de Plata en mapa 123
27/5/2025 19:56:35 Sumoneo a Gran Dragón de Plata en mapa 123
27/5/2025 19:56:42 Sumoneo a Banquero en mapa 123
27/5/2025 19:56:48 Sumoneo a Hechizera en mapa 123
27/5/2025 19:56:52 Sumoneo a Mago VendeHechizTorneo en mapa 123
27/5/2025 19:57:07 /MATA NPC SIN INICIAR
27/5/2025 19:57:28 Agarro:1 Objeto:Cofre de Diamante
27/5/2025 19:57:28 Agarro:1 Objeto:Cofre Premium
27/5/2025 19:57:29 Agarro:1 Objeto:Cofre de Oro
27/5/2025 19:57:30 Agarro:1 Objeto:Scroll de Drop (x2) (15m)
27/5/2025 19:57:42 /MATA NPC SIN INICIAR
27/5/2025 19:58:59 /HACERITEM: 1558@9000@0
27/5/2025 19:59:00 Agarro:9000 Objeto:Saco de 25 créditos
27/5/2025 20:00:49 HEAD 15
27/5/2025 20:00:54 HEAD 1
27/5/2025 20:00:57 HEAD 3
27/5/2025 20:01:02 HEAD 7
27/5/2025 20:01:08 HEAD 20
27/5/2025 20:01:56 Sumoneo a Mago VendeHechizTorneo en mapa 123
27/5/2025 20:01:59 Sumoneo a Boluditodetana en mapa 123
27/5/2025 20:02:02 Sumoneo a Tabernero en mapa 123
27/5/2025 20:02:41 Agarro:1 Objeto:Cofre de Diamante
27/5/2025 20:02:42 Agarro:1 Objeto:Cofre Premium
27/5/2025 20:02:42 Agarro:1 Objeto:Cofre de Oro
27/5/2025 20:03:49 Agarro:1 Objeto:Amuleto de Lider
27/5/2025 20:03:50 Agarro:1 Objeto:Gema Negra
27/5/2025 20:04:06 Tiro cantidad:50 Objeto:Espada Balrog Maestra
27/5/2025 20:04:06 Tiro cantidad:1 Objeto:Espada Mata Dragones
27/5/2025 20:04:06 Tiro cantidad:3 Objeto:Sombrero Magico
27/5/2025 20:04:06 Tiro cantidad:1 Objeto:Túnica de Monje
27/5/2025 20:04:06 Tiro cantidad:1 Objeto:Armadura de Dragón (E/G)
27/5/2025 20:04:06 Tiro cantidad:50 Objeto:Monedas de Oro
27/5/2025 20:04:06 Tiro cantidad:1 Objeto:Gema Azul
27/5/2025 20:04:06 Tiro cantidad:1 Objeto:Armadura 1ra Jerarquia Alianza (Altos)
27/5/2025 20:04:06 Tiro cantidad:1 Objeto:Armadura 2da Jerarquia Alianza (Altos)
27/5/2025 20:04:06 Tiro cantidad:1 Objeto:Armadura 3ra Jerarquia Alianza (Altos)
27/5/2025 20:04:06 Tiro cantidad:1 Objeto:Gema Verde
27/5/2025 20:04:06 Tiro cantidad:1 Objeto:Huevo de Dragón Rojo
27/5/2025 20:04:06 Tiro cantidad:1 Objeto:Fragmento de la Hermandad (Izquierdo)
27/5/2025 20:04:06 Tiro cantidad:1 Objeto:Máscara sin nombre
27/5/2025 20:04:06 Tiro cantidad:1 Objeto:Scroll de Experiencia (x2) (15m)
27/5/2025 20:04:06 Tiro cantidad:8988 Objeto:Saco de 25 créditos
27/5/2025 20:04:06 Tiro cantidad:1 Objeto:Scroll de Drop (x2) (15m)
27/5/2025 20:04:06 Tiro cantidad:1 Objeto:Túnica de los Campeones
27/5/2025 20:04:06 Tiro cantidad:1 Objeto:Tùnica Erebea +2
27/5/2025 20:04:06 Tiro cantidad:3 Objeto:Pendiente de sacrificio
27/5/2025 20:04:06 Tiro cantidad:3 Objeto:Poción de la Resurrección
27/5/2025 20:04:06 Tiro cantidad:2 Objeto:Anillo de la Inmunidad
27/5/2025 20:04:06 Tiro cantidad:1 Objeto:Amuleto de Lider
27/5/2025 20:04:06 Tiro cantidad:1 Objeto:Máscara de Pez
27/5/2025 20:04:06 Tiro cantidad:1 Objeto:Gema Negra
27/5/2025 20:04:06  le tiro todos los items a YAHAD
27/5/2025 20:04:09 Agarro:2 Objeto:Anillo de la Inmunidad
27/5/2025 20:04:10 Agarro:1 Objeto:Armadura 3ra Jerarquia Alianza (Altos)
27/5/2025 20:04:11 Agarro:1 Objeto:Amuleto de Lider
27/5/2025 20:04:13 Agarro:1 Objeto:Fragmento de la Hermandad (Izquierdo)
27/5/2025 20:04:15 Agarro:1 Objeto:Huevo de Dragón Rojo
27/5/2025 20:04:16 Agarro:50 Objeto:Espada Balrog Maestra
27/5/2025 20:04:17 Agarro:1 Objeto:Espada Mata Dragones
27/5/2025 20:04:17 Agarro:1 Objeto:Máscara sin nombre
27/5/2025 20:04:18 Agarro:8988 Objeto:Saco de 25 créditos
27/5/2025 20:04:18 Agarro:1 Objeto:Túnica de los Campeones
27/5/2025 20:04:19 Agarro:3 Objeto:Pendiente de sacrificio
27/5/2025 20:04:20 Agarro:1 Objeto:Gema Azul
27/5/2025 20:04:23 Agarro:3 Objeto:Poción de la Resurrección
27/5/2025 20:04:23 Agarro:1 Objeto:Armadura 1ra Jerarquia Alianza (Altos)
27/5/2025 20:04:23 Agarro:1 Objeto:Tùnica Erebea +2
27/5/2025 20:04:25 Agarro:1 Objeto:Scroll de Drop (x2) (15m)
27/5/2025 20:04:26 Agarro:1 Objeto:Scroll de Experiencia (x2) (15m)
27/5/2025 20:04:27 Agarro:3 Objeto:Sombrero Magico
27/5/2025 20:04:28 Agarro:1 Objeto:Gema Negra
27/5/2025 20:04:28 Agarro:1 Objeto:Cofre Premium
27/5/2025 20:05:10 Sumoneo a Banquero en mapa 123
27/5/2025 20:05:14 Sumoneo a Roksar en mapa 123
27/5/2025 20:06:17 Sumoneo a Tabernero en mapa 123
27/5/2025 20:06:21 Sumoneo a Sacerdote en mapa 123
27/5/2025 20:06:25 Sumoneo a Hechizera en mapa 123
27/5/2025 20:06:29 Sumoneo a Hechizera en mapa 123
27/5/2025 20:06:31 Sumoneo a Sacerdote en mapa 123
27/5/2025 20:06:33 Sumoneo a Roksar en mapa 123
27/5/2025 20:06:37 Sumoneo a Hechizera en mapa 123
27/5/2025 20:06:50 Sumoneo a Hechizera en mapa 123
27/5/2025 20:06:58 Sumoneo a AgitedeDruida en mapa 123
27/5/2025 20:07:01 Sumoneo a AgitedeClerigo en mapa 123
27/5/2025 20:07:05 Sumoneo a AgitedeAsesino en mapa 123
27/5/2025 20:07:08 Sumoneo a AgitedeGuerrero en mapa 123
27/5/2025 20:07:11 Sumoneo a AgitedeCazador en mapa 123
27/5/2025 20:07:17 Transporto a YAHAD hacia Mapa123 X:59 Y:26
27/5/2025 20:07:23 Agarro:1 Objeto:Gema Negra
27/5/2025 20:07:42 Agarro:1 Objeto:Cofre de Oro
27/5/2025 20:07:57 Sumoneo a Mago VendeHechizTorneo en mapa 123
27/5/2025 20:08:03 Sumoneo a Banquero en mapa 123
27/5/2025 20:08:07 Sumoneo a Aparicion en mapa 123
27/5/2025 20:08:10 Sumoneo a Gran Dragón de Plata en mapa 123
27/5/2025 20:08:15 Sumoneo a Mago en mapa 123
27/5/2025 20:08:19 Sumoneo a Hechizera en mapa 123
27/5/2025 20:08:21 Sumoneo a Hechizera en mapa 123
27/5/2025 20:08:25 Sumoneo a Banquero en mapa 123
27/5/2025 20:08:28 Sumoneo a Tabernero en mapa 123
27/5/2025 20:08:31 Sumoneo a Roksar en mapa 123
27/5/2025 20:08:34 Sumoneo a Mago en mapa 123
27/5/2025 20:08:37 Sumoneo a Mago VendeHechizTorneo en mapa 123
27/5/2025 20:08:55 Agarro:1 Objeto:Huevo de Dragón Rojo
27/5/2025 20:09:02 Agarro:1 Objeto:Fragmento de la Hermandad (Izquierdo)
27/5/2025 20:09:13 Agarro:1 Objeto:Cristal de Almas (Pequeño)
27/5/2025 20:09:13 Agarro:1 Objeto:Cristal de Almas (Pequeño)
27/5/2025 20:09:35 Agarro:1 Objeto:Cofre de Diamante
27/5/2025 20:09:35 Agarro:1 Objeto:Cofre Premium
27/5/2025 20:09:36 Agarro:1 Objeto:Cofre de Oro
27/5/2025 20:09:43 Tiro cantidad:2 Objeto:Cristal de Almas (Pequeño)
27/5/2025 20:09:58 Tiro cantidad:1 Objeto:Máscara de Bronce
27/5/2025 20:10:35 Sumoneo a Banquero en mapa 123
27/5/2025 20:10:39 Sumoneo a Hechizera en mapa 123
27/5/2025 20:10:42 Sumoneo a Sacerdote en mapa 123
27/5/2025 20:10:46 Sumoneo a Roksar en mapa 123
27/5/2025 20:10:49 Sumoneo a Hechizera en mapa 123
27/5/2025 20:10:51 Sumoneo a Mago en mapa 123
27/5/2025 20:10:54 Sumoneo a Sacerdote en mapa 123
27/5/2025 20:10:57 Sumoneo a Tabernero en mapa 123
27/5/2025 20:10:59 Sumoneo a Banquero en mapa 123
27/5/2025 20:11:03 Sumoneo a Roksar en mapa 123
27/5/2025 20:11:08 Sumoneo a Hechizera en mapa 123
27/5/2025 20:11:22 Agarro:1 Objeto:Fragmento de la Hermandad (Izquierdo)
27/5/2025 20:11:26 Agarro:1 Objeto:Cofre de Oro
27/5/2025 20:11:39 Agarro:1 Objeto:Túnica Azul
27/5/2025 20:11:48 Sumoneo a Mago en mapa 123
27/5/2025 20:11:52 Sumoneo a Roksar en mapa 123
27/5/2025 20:12:01 Sumoneo a Hechizera en mapa 123
27/5/2025 20:12:07 Sumoneo a Banquero en mapa 123
27/5/2025 20:12:10 Sumoneo a Sacerdote en mapa 123
27/5/2025 20:12:15 Sumoneo a Hechizera en mapa 123
27/5/2025 20:12:20 Sumoneo a Roksar en mapa 123
27/5/2025 20:12:24 Sumoneo a Hechicero de la Oscuridad en mapa 123
27/5/2025 20:12:26 Sumoneo a Orco Oscuro en mapa 123
27/5/2025 20:12:30 Sumoneo a Orco Oscuro en mapa 123
27/5/2025 20:12:32 Sumoneo a Escorpión en mapa 123
27/5/2025 20:12:35 Sumoneo a Barco Fantasma en mapa 123
27/5/2025 20:12:38 Sumoneo a Bestia Infernal en mapa 123
27/5/2025 20:12:41 Sumoneo a Araña Gigante en mapa 123
27/5/2025 20:12:46 Sumoneo a Araña Gigante en mapa 123
27/5/2025 20:12:49 Sumoneo a Araña Gigante en mapa 123
27/5/2025 20:12:52 Sumoneo a Araña Gigante en mapa 123
27/5/2025 20:14:34 /MATA NPC SIN INICIAR
27/5/2025 20:14:52 Transporto a YAHAD hacia Mapa123 X:60 Y:48
27/5/2025 20:15:11 Agarro:1 Objeto:Sable
27/5/2025 20:15:13 Agarro:4300 Objeto:Plata
27/5/2025 20:15:44 Tiro cantidad:4300 Objeto:Plata
27/5/2025 20:16:05 Sumoneo a Roksar en mapa 123
27/5/2025 20:16:11 Sumoneo a Escorpión en mapa 123
27/5/2025 20:16:18 Sumoneo a Bestia Infernal en mapa 123
27/5/2025 20:16:22 Sumoneo a Araña Gigante en mapa 123
27/5/2025 20:16:27 Sumoneo a Araña Gigante en mapa 123
27/5/2025 20:16:30 Sumoneo a Araña Gigante en mapa 123
27/5/2025 20:16:59 Sumoneo a Araña Gigante en mapa 123
27/5/2025 20:17:05 Sumoneo a Araña Gigante en mapa 123
27/5/2025 20:17:08 Sumoneo a Araña Gigante en mapa 123
27/5/2025 20:17:12 Sumoneo a Serpiente en mapa 123
27/5/2025 20:17:30 Sumoneo a Araña Gigante en mapa 123
27/5/2025 20:17:34 Sumoneo a Araña Gigante en mapa 123
27/5/2025 20:17:40 Sumoneo a Serpiente en mapa 123
27/5/2025 20:17:48 Sumoneo a Araña Gigante en mapa 123
27/5/2025 20:17:59 Sumoneo a Serpiente en mapa 123
27/5/2025 20:18:04 Sumoneo a Araña Gigante en mapa 123
27/5/2025 20:18:08 Sumoneo a Araña Gigante en mapa 123
27/5/2025 20:18:11 Sumoneo a Araña Gigante en mapa 123
27/5/2025 20:18:15 Sumoneo a Araña Gigante en mapa 123
27/5/2025 20:18:18 Sumoneo a Araña Gigante en mapa 123
27/5/2025 20:18:22 Sumoneo a Orco en mapa 123
27/5/2025 20:18:25 Sumoneo a Araña Gigante en mapa 123
27/5/2025 20:18:30 Sumoneo a Orco en mapa 123
27/5/2025 20:19:02 Sumoneo a Araña Gigante en mapa 123
27/5/2025 20:19:07 Sumoneo a Araña Gigante en mapa 123
27/5/2025 20:19:26 Sumoneo a Araña Gigante en mapa 123
27/5/2025 20:19:29 Sumoneo a Araña Gigante en mapa 123
27/5/2025 20:19:33 Sumoneo a Araña Gigante en mapa 123
27/5/2025 20:19:36 Sumoneo a Araña Gigante en mapa 123
27/5/2025 20:19:39 Sumoneo a Araña Gigante en mapa 123
27/5/2025 20:19:42 Sumoneo a Araña Gigante en mapa 123
27/5/2025 20:19:47 Sumoneo a Araña Gigante en mapa 123
27/5/2025 20:19:49 Sumoneo a Araña Gigante en mapa 123
27/5/2025 20:20:04 /MATA NPC SIN INICIAR
27/5/2025 20:20:14 Sumoneo a Araña Gigante en mapa 123
27/5/2025 20:20:20 /MATA NPC SIN INICIAR
27/5/2025 20:21:01 /MATA NPC SIN INICIAR
27/5/2025 20:21:04 /MATA NPC SIN INICIAR
27/5/2025 20:21:08 /MATA NPC SIN INICIAR
27/5/2025 20:21:13 Sumoneo a Araña Gigante en mapa 123
27/5/2025 20:21:22 Sumoneo a Araña Gigante en mapa 123
27/5/2025 20:21:27 Sumoneo a Araña Gigante en mapa 123
27/5/2025 20:21:34 Sumoneo a Bestia Infernal en mapa 123
27/5/2025 20:21:39 Sumoneo a Medusa en mapa 123
27/5/2025 20:21:42 Sumoneo a Medusa en mapa 123
27/5/2025 20:21:46 Sumoneo a Bestia Infernal en mapa 123
27/5/2025 20:21:50 Sumoneo a Medusa en mapa 123
27/5/2025 20:21:56 Sumoneo a Tabernero en mapa 123
27/5/2025 20:22:03 Sumoneo a Medusa en mapa 123
27/5/2025 20:22:09 Sumoneo a Medusa en mapa 123
27/5/2025 20:22:33 Agarro:1 Objeto:Gema Roja
27/5/2025 20:22:40 /MATA NPC SIN INICIAR
27/5/2025 20:22:51 Tiro cantidad:1 Objeto:Túnica Azul
27/5/2025 20:22:53 Agarro:1 Objeto:Daga Infernal
27/5/2025 20:23:08 CLASE ASESINO
27/5/2025 20:23:16 Sumoneo a Medusa en mapa 123
27/5/2025 20:23:22 Sumoneo a Aparicion en mapa 123
27/5/2025 20:24:01 Tiro cantidad:3 Objeto:Poción de la Resurrección
27/5/2025 20:24:05 Tiro cantidad:1 Objeto:Sable
27/5/2025 20:24:12 Tiro cantidad:3 Objeto:Sombrero Magico
27/5/2025 20:24:18 Agarro:1 Objeto:Gema Celeste
27/5/2025 20:24:37 Sumoneo a Medusa en mapa 123
27/5/2025 20:24:42 Sumoneo a Medusa en mapa 123
27/5/2025 20:24:47 Sumoneo a Medusa en mapa 123
27/5/2025 20:24:51 Sumoneo a Medusa en mapa 123
27/5/2025 20:24:55 Sumoneo a Medusa en mapa 123
27/5/2025 20:25:15 Sumoneo a Bastet en mapa 123
27/5/2025 20:25:19 Sumoneo a Bastet en mapa 123
27/5/2025 20:25:27 Agarro:1 Objeto:Hacha
27/5/2025 20:25:41 Tiro cantidad:1 Objeto:Hacha
27/5/2025 20:25:47 Sumoneo a Bastet en mapa 123
27/5/2025 20:25:51 Sumoneo a Bastet en mapa 123
27/5/2025 20:25:55 Sumoneo a Bastet en mapa 123
27/5/2025 20:26:00 Sumoneo a Bastet en mapa 123
27/5/2025 20:26:04 Sumoneo a Aparicion en mapa 123
27/5/2025 20:26:09 Sumoneo a Aparicion en mapa 123
27/5/2025 20:26:12 Sumoneo a Hechicero de la Oscuridad en mapa 123
27/5/2025 20:26:19 Sumoneo a Gran Dragón de la Oscuridad en mapa 123
27/5/2025 20:26:26 Sumoneo a Hechicero de la Oscuridad en mapa 123
27/5/2025 20:26:31 Sumoneo a Gran Dragón de la Oscuridad en mapa 123
27/5/2025 20:27:36 Sumoneo a Aparicion en mapa 123
27/5/2025 20:27:39 Sumoneo a Hechicero de la Oscuridad en mapa 123
27/5/2025 20:27:44 Sumoneo a Freezer en mapa 123
27/5/2025 20:27:48 Sumoneo a Freezer en mapa 123
27/5/2025 20:29:30 Sumoneo con respawn Goblin en mapa 123
27/5/2025 20:48:39 Se conecto con ip:127.0.0.1
27/5/2025 20:48:45 Transporto a YAHAD hacia Mapa123 X:62 Y:54
27/5/2025 20:48:45 Transporto a YAHAD hacia Mapa123 X:61 Y:49
27/5/2025 20:48:46 Transporto a YAHAD hacia Mapa123 X:60 Y:44
27/5/2025 20:48:47 Transporto a YAHAD hacia Mapa123 X:59 Y:39
27/5/2025 20:48:49 Transporto a YAHAD hacia Mapa123 X:58 Y:34
27/5/2025 20:48:50 Transporto a YAHAD hacia Mapa123 X:57 Y:29
27/5/2025 20:48:50 Transporto a YAHAD hacia Mapa123 X:56 Y:24
27/5/2025 20:48:51 Transporto a YAHAD hacia Mapa123 X:55 Y:19
27/5/2025 20:49:13 Agarro:1 Objeto:Casco de Hierro Completo
27/5/2025 20:49:14 Agarro:1 Objeto:Hacha de Guerra Dos Filos
27/5/2025 20:49:32 Tiro cantidad:1 Objeto:Cabeza de Abominación
27/5/2025 20:49:35 Agarro:1 Objeto:Armadura de Placas Completa
27/5/2025 20:49:43 Tiro cantidad:2 Objeto:Huevo de Dragón Rojo
27/5/2025 20:49:46 Agarro:1 Objeto:Escudo de Hierro
27/5/2025 20:51:02 /MATA NPC SIN INICIAR
27/5/2025 20:51:04 /MATA NPC SIN INICIAR
27/5/2025 20:51:07 /MATA NPC SIN INICIAR
27/5/2025 20:51:08 /MATA NPC SIN INICIAR
27/5/2025 20:51:10 /MATA NPC SIN INICIAR
27/5/2025 20:51:13 /MATA NPC SIN INICIAR
27/5/2025 20:51:18 /MATA NPC SIN INICIAR
27/5/2025 20:51:20 /MATA NPC SIN INICIAR
27/5/2025 20:51:21 /MATA NPC SIN INICIAR
27/5/2025 20:51:26 /MATA NPC SIN INICIAR
27/5/2025 20:51:28 /MATA NPC SIN INICIAR
27/5/2025 20:51:31 /MATA NPC SIN INICIAR
27/5/2025 20:51:33 /MATA NPC SIN INICIAR
27/5/2025 20:51:39 /MATA NPC SIN INICIAR
27/5/2025 20:51:39 /MATA NPC SIN INICIAR
27/5/2025 20:51:39 /MATA NPC SIN INICIAR
27/5/2025 20:51:40 /MATA NPC SIN INICIAR
27/5/2025 20:51:40 /MATA NPC SIN INICIAR
27/5/2025 20:51:41 /MATA NPC SIN INICIAR
27/5/2025 20:51:46 /MATA NPC SIN INICIAR
27/5/2025 20:51:52 /MATA NPC SIN INICIAR
27/5/2025 20:51:56 /MATA NPC SIN INICIAR
27/5/2025 20:51:57 /MATA NPC SIN INICIAR
27/5/2025 20:51:58 /MATA NPC SIN INICIAR
27/5/2025 20:52:00 /MATA NPC SIN INICIAR
27/5/2025 20:52:09 /MATA NPC SIN INICIAR
27/5/2025 20:52:11 /MATA NPC SIN INICIAR
27/5/2025 20:52:11 /MATA NPC SIN INICIAR
27/5/2025 20:52:11 /MATA NPC SIN INICIAR
27/5/2025 20:52:12 /MATA NPC SIN INICIAR
27/5/2025 20:52:14 /MATA NPC SIN INICIAR
27/5/2025 20:52:15 /MATA NPC SIN INICIAR
27/5/2025 20:52:16 /MATA NPC SIN INICIAR
27/5/2025 20:52:18 /MATA NPC SIN INICIAR
27/5/2025 20:52:25 /MATA NPC SIN INICIAR
27/5/2025 20:52:33 /MATA NPC SIN INICIAR
27/5/2025 20:52:34 /MATA NPC SIN INICIAR
27/5/2025 20:52:36 /MATA NPC SIN INICIAR
27/5/2025 20:52:39 /MATA NPC SIN INICIAR
27/5/2025 20:52:40 /MATA NPC SIN INICIAR
27/5/2025 20:52:44 /MATA NPC SIN INICIAR
27/5/2025 20:52:46 /MATA NPC SIN INICIAR
27/5/2025 20:52:48 /MATA NPC SIN INICIAR
27/5/2025 20:52:51 /MATA NPC SIN INICIAR
27/5/2025 20:52:52 /MATA NPC SIN INICIAR
27/5/2025 20:52:59 /MATA NPC SIN INICIAR
27/5/2025 20:53:01 /MATA NPC SIN INICIAR
27/5/2025 20:53:01 /MATA NPC SIN INICIAR
27/5/2025 20:53:01 /MATA NPC SIN INICIAR
27/5/2025 20:53:02 /MATA NPC SIN INICIAR
27/5/2025 20:53:06 /MATA NPC SIN INICIAR
27/5/2025 20:53:18 /MATA NPC SIN INICIAR
27/5/2025 20:53:20 /MATA NPC SIN INICIAR
27/5/2025 20:53:25 /MATA NPC SIN INICIAR
27/5/2025 20:53:27 /MATA NPC SIN INICIAR
27/5/2025 20:53:28 /MATA NPC SIN INICIAR
27/5/2025 20:53:29 /MATA NPC SIN INICIAR
27/5/2025 20:53:34 /MATA NPC SIN INICIAR
27/5/2025 20:53:36 /MATA NPC SIN INICIAR
27/5/2025 20:53:43 /MATA NPC SIN INICIAR
27/5/2025 20:53:44 /MATA NPC SIN INICIAR
27/5/2025 20:53:46 /MATA NPC SIN INICIAR
27/5/2025 20:53:47 /MATA NPC SIN INICIAR
27/5/2025 20:53:48 /MATA NPC SIN INICIAR
27/5/2025 20:53:56 /MATA NPC SIN INICIAR
27/5/2025 20:53:59 /MATA NPC SIN INICIAR
27/5/2025 20:54:01 /MATA NPC SIN INICIAR
27/5/2025 20:54:03 /MATA NPC SIN INICIAR
27/5/2025 20:54:04 /MATA NPC SIN INICIAR
27/5/2025 20:54:06 /MATA NPC SIN INICIAR
27/5/2025 20:54:07 /MATA NPC SIN INICIAR
27/5/2025 20:54:12 /MATA NPC SIN INICIAR
27/5/2025 20:54:13 /MATA NPC SIN INICIAR
27/5/2025 20:54:15 /MATA NPC SIN INICIAR
27/5/2025 20:54:16 /MATA NPC SIN INICIAR
27/5/2025 20:54:19 /MATA NPC SIN INICIAR
27/5/2025 20:54:20 /MATA NPC SIN INICIAR
27/5/2025 20:54:22 /MATA NPC SIN INICIAR
27/5/2025 20:54:23 /MATA NPC SIN INICIAR
27/5/2025 20:54:25 /MATA NPC SIN INICIAR
27/5/2025 20:54:28 /MATA NPC SIN INICIAR
27/5/2025 20:54:42 /MATA NPC SIN INICIAR
27/5/2025 20:54:44 /MATA NPC SIN INICIAR
27/5/2025 20:54:46 /MATA NPC SIN INICIAR
27/5/2025 20:54:47 /MATA NPC SIN INICIAR
27/5/2025 20:54:50 /MATA NPC SIN INICIAR
27/5/2025 20:54:52 /MATA NPC SIN INICIAR
27/5/2025 20:54:54 /MATA NPC SIN INICIAR
27/5/2025 20:54:55 /MATA NPC SIN INICIAR
27/5/2025 20:54:58 /MATA NPC SIN INICIAR
27/5/2025 20:55:06 /MATA NPC SIN INICIAR
27/5/2025 20:55:07 /MATA NPC SIN INICIAR
27/5/2025 20:55:09 /MATA NPC SIN INICIAR
27/5/2025 20:55:11 /MATA NPC SIN INICIAR
27/5/2025 20:55:13 /MATA NPC SIN INICIAR
27/5/2025 20:55:13 /MATA NPC SIN INICIAR
27/5/2025 20:55:20 /MATA NPC SIN INICIAR
27/5/2025 20:55:21 /MATA NPC SIN INICIAR
27/5/2025 20:55:27 /MATA NPC SIN INICIAR
27/5/2025 20:55:29 /MATA NPC SIN INICIAR
27/5/2025 20:55:32 /MATA NPC SIN INICIAR
27/5/2025 20:55:33 /MATA NPC SIN INICIAR
27/5/2025 20:55:41 /MATA NPC SIN INICIAR
27/5/2025 20:55:44 /MATA NPC SIN INICIAR
27/5/2025 20:55:44 /MATA NPC SIN INICIAR
27/5/2025 20:55:44 /MATA NPC SIN INICIAR
27/5/2025 20:55:47 /MATA NPC SIN INICIAR
27/5/2025 20:55:48 /MATA NPC SIN INICIAR
27/5/2025 20:55:56 /MATA NPC SIN INICIAR
27/5/2025 20:55:57 /MATA NPC SIN INICIAR
27/5/2025 20:55:58 /MATA NPC SIN INICIAR
27/5/2025 20:56:15 /MATA NPC SIN INICIAR
27/5/2025 20:56:16 /MATA NPC SIN INICIAR
27/5/2025 20:56:16 /MATA NPC SIN INICIAR
27/5/2025 20:56:24 /MATA NPC SIN INICIAR
27/5/2025 20:56:24 /MATA NPC SIN INICIAR
27/5/2025 20:56:24 /MATA NPC SIN INICIAR
27/5/2025 20:56:25 /MATA NPC SIN INICIAR
27/5/2025 20:56:27 /MATA NPC SIN INICIAR
27/5/2025 20:56:27 /MATA NPC SIN INICIAR
27/5/2025 20:56:35 /MATA NPC SIN INICIAR
27/5/2025 20:56:35 /MATA NPC SIN INICIAR
27/5/2025 20:56:35 /MATA NPC SIN INICIAR
27/5/2025 20:56:35 /MATA NPC SIN INICIAR
27/5/2025 20:56:35 /MATA NPC SIN INICIAR
27/5/2025 20:56:36 /MATA NPC SIN INICIAR
27/5/2025 20:56:40 /MATA NPC SIN INICIAR
27/5/2025 20:56:40 /MATA NPC SIN INICIAR
27/5/2025 20:56:47 /MATA NPC SIN INICIAR
27/5/2025 20:56:49 /MATA NPC SIN INICIAR
27/5/2025 20:57:03 /MATA NPC SIN INICIAR
27/5/2025 20:57:04 /MATA NPC SIN INICIAR
27/5/2025 20:57:05 /MATA NPC SIN INICIAR
27/5/2025 20:57:05 /MATA NPC SIN INICIAR
27/5/2025 20:57:15 /MATA NPC SIN INICIAR
27/5/2025 20:57:23 /MATA NPC SIN INICIAR
27/5/2025 20:57:25 /MATA NPC SIN INICIAR
27/5/2025 20:57:27 /MATA NPC SIN INICIAR
27/5/2025 20:57:28 /MATA NPC SIN INICIAR
27/5/2025 20:57:33 /MATA NPC SIN INICIAR
27/5/2025 20:57:35 /MATA NPC SIN INICIAR
27/5/2025 20:57:58 Tiro cantidad:1 Objeto:Armadura Plateada (Bajos)
27/5/2025 20:58:04 Tiro cantidad:1 Objeto:Casco de Hierro Completo
27/5/2025 20:58:09 Tiro cantidad:3 Objeto:Pendiente de sacrificio
27/5/2025 20:58:26 /GO 28
