6/24/2020 9:07:20 PM OffSet sacrifico: 30000
6/25/2020 9:44:48 PM Shandon sacrifico: 30000
6/25/2020 11:28:37 PM Da Vinci sacrifico: 2588
6/25/2020 11:40:25 PM RiNGTiNTiNSiNTi sacrifico: 30000
6/25/2020 11:41:25 PM RiNGTiNTiNSiNTi sacrifico: 30000
6/26/2020 1:53:09 AM RiNGTiNTiNSiNTi sacrifico: 30000
6/26/2020 9:06:04 AM Ziruja sacrifico: 30000
6/27/2020 12:09:03 PM No Juego sacrifico: 30000
6/27/2020 12:23:39 PM No Juego sacrifico: 30000
6/27/2020 7:45:58 PM Lamonsoff sacrifico: 30000
6/27/2020 8:01:16 PM Vhimmala sacrifico: 30000
6/27/2020 8:45:52 PM Power sacrifico: 19408
6/28/2020 12:18:24 AM Vhimmala sacrifico: 30000
6/28/2020 3:13:10 AM Vhimmala sacrifico: 30000
6/28/2020 5:25:19 AM Vhimmala sacrifico: 30000
6/28/2020 8:50:25 AM Ziruja sacrifico: 30000
6/28/2020 3:10:31 PM Owencito sacrifico: 30000
6/28/2020 3:34:55 PM The Virzi sacrifico: 30000
6/28/2020 3:46:03 PM The Virzi sacrifico: 30000
6/28/2020 5:25:32 PM Xhev sacrifico: 1
6/28/2020 5:48:44 PM The Virzi sacrifico: 60000
6/29/2020 5:53:26 AM Husseim sacrifico: 30000
6/29/2020 11:50:23 AM Eloy sacrifico: 23557
6/29/2020 1:40:09 PM DanyhieL sacrifico: 30000
6/29/2020 6:19:33 PM Owencito sacrifico: 30000
6/29/2020 7:19:00 PM Owencito sacrifico: 30000
6/29/2020 7:43:09 PM thyam sacrifico: 30000
6/29/2020 11:30:42 PM Owencito sacrifico: 30000
6/30/2020 12:26:03 AM OffSet sacrifico: 30000
6/30/2020 10:17:53 AM EsTRinKeR sacrifico: 30000
6/30/2020 8:34:23 PM Owencito sacrifico: 5149
6/30/2020 10:44:33 PM Abra Kadabra sacrifico: 1537
7/1/2020 5:05:41 AM Eloy sacrifico: 13672
7/1/2020 10:39:55 AM Owencito sacrifico: 1
7/1/2020 10:40:02 AM Owencito sacrifico: 1
7/1/2020 1:37:42 PM Ziruja sacrifico: 30000
7/1/2020 2:36:47 PM Chupala sacrifico: 10000
7/1/2020 2:37:31 PM Chupala sacrifico: 3841
7/2/2020 12:39:09 AM Chupala sacrifico: 4634
7/2/2020 6:59:12 AM Husseim sacrifico: 30000
7/2/2020 11:50:14 AM Zasko Master sacrifico: 19
7/2/2020 12:05:16 PM Zasko Master sacrifico: 29981
7/2/2020 1:22:17 PM Zasko Master sacrifico: 30000
7/2/2020 4:39:41 PM fotoshop sacrifico: 30000
7/2/2020 4:50:21 PM MAgopro sacrifico: 80000
7/2/2020 4:51:33 PM MAgopro sacrifico: 10000
7/2/2020 5:42:10 PM MAgopro sacrifico: 30000
7/2/2020 9:57:14 PM Power sacrifico: 10000
7/2/2020 9:58:50 PM Zasko Master sacrifico: 30000
7/2/2020 10:46:50 PM Lamonsoff sacrifico: 30000
7/2/2020 10:47:11 PM Lamonsoff sacrifico: 30000
7/2/2020 10:47:50 PM Lamonsoff sacrifico: 30000
7/3/2020 6:53:18 AM XhenkyS sacrifico: 5030
7/3/2020 12:09:37 PM DanyhieL sacrifico: 30010
7/3/2020 3:29:57 PM Michael Farady sacrifico: 30000
7/3/2020 5:56:11 PM OffSet sacrifico: 25000
7/3/2020 6:09:51 PM OffSet sacrifico: 5000
7/3/2020 7:30:53 PM OffSet sacrifico: 30000
7/3/2020 9:34:22 PM Enanos sacrifico: 50006
7/4/2020 12:24:52 AM Zasko Master sacrifico: 30000
7/4/2020 6:26:34 PM Michael Farady sacrifico: 30000
7/4/2020 6:35:00 PM Enanos sacrifico: 24000
7/4/2020 7:02:01 PM Sin Nombre sacrifico: 31128
7/4/2020 7:23:16 PM albeiro sacrifico: 13687
7/4/2020 8:04:37 PM Michael Farady sacrifico: 30000
7/4/2020 8:04:51 PM Michael Farady sacrifico: 30000
7/4/2020 8:22:18 PM Sin Nombre sacrifico: 22341
7/4/2020 8:30:18 PM Sin Nombre sacrifico: 5000
7/4/2020 8:30:24 PM Sin Nombre sacrifico: 441
7/4/2020 10:08:19 PM Chupala sacrifico: 4500
7/4/2020 10:50:53 PM Chupala sacrifico: 1662
7/5/2020 1:18:03 AM Sin Nombre sacrifico: 1000
7/5/2020 1:18:10 AM Sin Nombre sacrifico: 176
7/5/2020 4:59:55 AM Eloy sacrifico: 26404
7/5/2020 3:46:04 PM Chupala sacrifico: 1400
7/5/2020 4:53:00 PM Chupala sacrifico: 1956
7/5/2020 4:53:49 PM Chupala sacrifico: 1006
7/5/2020 5:24:54 PM Chupala sacrifico: 1300
7/5/2020 11:02:11 PM Strenker sacrifico: 30000
7/6/2020 6:45:42 PM Enanos sacrifico: 30000
7/6/2020 7:20:18 PM TierrasSagradas sacrifico: 120000
7/6/2020 9:08:05 PM Chupala sacrifico: 30000
7/7/2020 12:39:41 PM Enanos sacrifico: 7864
7/7/2020 12:45:22 PM Enanos sacrifico: 1675
7/7/2020 3:44:04 PM Strenker sacrifico: 30000
7/7/2020 11:48:26 PM Enanos sacrifico: 7177
7/8/2020 2:24:46 AM CORONAViRUS sacrifico: 30000
7/8/2020 4:07:06 AM albeiro sacrifico: 42224
7/9/2020 1:26:53 AM CORONAViRUS sacrifico: 30000
7/9/2020 5:53:26 AM CORONAViRUS sacrifico: 10
7/9/2020 5:53:57 AM CORONAViRUS sacrifico: 22598
7/9/2020 6:55:36 AM Eloy sacrifico: 25734
7/9/2020 6:55:49 AM BlackSoull sacrifico: 30000
7/9/2020 10:08:50 PM Strenker sacrifico: 30000
7/9/2020 10:37:26 PM TiEDEMANN sacrifico: 120000
7/10/2020 2:28:40 AM CORONAViRUS sacrifico: 3423
7/10/2020 4:26:54 PM Strenker sacrifico: 30000
7/10/2020 6:37:41 PM albeiro sacrifico: 11484
7/10/2020 6:43:14 PM albeiro sacrifico: 5246
7/10/2020 6:44:45 PM albeiro sacrifico: 2353
7/10/2020 7:54:21 PM HeyertaL I sacrifico: 30000
7/10/2020 8:21:50 PM albeiro sacrifico: 10089
7/10/2020 8:26:52 PM albeiro sacrifico: 6037
7/11/2020 1:17:27 AM mellodas sacrifico: 60000
7/11/2020 1:27:32 AM CORONAViRUS sacrifico: 14000
7/11/2020 1:27:52 AM CORONAViRUS sacrifico: 229
7/11/2020 1:35:13 AM kAENNo sacrifico: 368
7/11/2020 3:18:55 AM Hlagles sacrifico: 30000
7/11/2020 6:29:58 PM HeyertaL I sacrifico: 30000
7/11/2020 7:36:20 PM Chupala sacrifico: 30000
7/12/2020 6:25:42 AM CORONAViRUS sacrifico: 19700
7/12/2020 6:25:49 AM CORONAViRUS sacrifico: 40
7/12/2020 6:26:02 AM CORONAViRUS sacrifico: 1
7/12/2020 10:51:45 AM BlackSoull sacrifico: 20000
7/12/2020 10:51:57 AM BlackSoull sacrifico: 4000
7/12/2020 7:40:36 PM TraviesO sacrifico: 30000
7/12/2020 8:04:56 PM HeyertaL I sacrifico: 30000
7/12/2020 10:32:29 PM lord Ragnar sacrifico: 30000
7/13/2020 12:48:30 AM Bhavi sacrifico: 30000
7/13/2020 9:51:37 AM BlackSoull sacrifico: 2000
7/13/2020 11:36:09 AM BlackSoull sacrifico: 2000
7/13/2020 11:41:53 AM BlackSoull sacrifico: 2000
7/13/2020 3:24:34 PM HeyertaL I sacrifico: 30000
7/13/2020 10:25:11 PM Owen thiz sacrifico: 120000
7/13/2020 11:30:54 PM Sin Nombre sacrifico: 30000
7/13/2020 11:30:59 PM Sin Nombre sacrifico: 30000
7/13/2020 11:31:10 PM Sin Nombre sacrifico: 30000
7/13/2020 11:31:16 PM Sin Nombre sacrifico: 30000
7/14/2020 7:03:58 PM No Juego sacrifico: 3000
7/14/2020 7:04:09 PM No Juego sacrifico: 3000
7/14/2020 7:04:18 PM No Juego sacrifico: 30000
7/14/2020 7:04:30 PM No Juego sacrifico: 30000
7/14/2020 7:04:37 PM No Juego sacrifico: 30000
7/14/2020 7:04:44 PM No Juego sacrifico: 4000
7/14/2020 7:04:47 PM No Juego sacrifico: 2000
7/14/2020 7:04:53 PM No Juego sacrifico: 18000
7/15/2020 9:26:10 PM NIKE sacrifico: 30000
7/15/2020 9:26:17 PM NIKE sacrifico: 30000
7/15/2020 9:26:20 PM NIKE sacrifico: 3000
7/15/2020 9:26:25 PM NIKE sacrifico: 3000
7/15/2020 9:26:29 PM NIKE sacrifico: 3000
7/15/2020 9:26:34 PM NIKE sacrifico: 9000
7/15/2020 9:26:37 PM NIKE sacrifico: 9000
7/15/2020 9:26:50 PM NIKE sacrifico: 30000
7/15/2020 9:26:55 PM NIKE sacrifico: 1000
7/15/2020 9:27:02 PM NIKE sacrifico: 1000
7/15/2020 9:27:05 PM NIKE sacrifico: 1000
7/15/2020 10:18:42 PM AxxA II sacrifico: 30000
7/16/2020 8:52:53 AM XhenkyS sacrifico: 11260
7/18/2020 12:24:50 AM AxxA II sacrifico: 30000
7/18/2020 12:25:07 AM AxxA II sacrifico: 30000
7/18/2020 12:31:40 AM Apudor sacrifico: 4924
7/18/2020 1:41:39 AM TURBOSPORT sacrifico: 5472
