6/24/2020 2:23:11 PM berenicE le entrego en comercio: 1 - Túnica Bendita a OffSet
6/24/2020 2:23:11 PM OffSet le entrego en comercio: 1 - Espada Aurum a berenicE
6/24/2020 2:23:11 PM OffSet le entrego en comercio: 1 - Armadura Triunfal (Altos) a berenicE
6/24/2020 2:23:11 PM OffSet le entrego en comercio: 1 - Manto Alado de Sangre (Altos) a berenicE
6/24/2020 2:23:11 PM OffSet le entrego en comercio: 1 - Túnica Apocaliptica Erebea (Altos) a berenicE
6/24/2020 2:23:11 PM OffSet le entrego en comercio: 1 - Anillo Del Origen a berenicE
6/24/2020 2:23:11 PM OffSet le entrego en comercio: 1 - Escudo Milagroso a berenicE
6/24/2020 2:57:57 PM iNDiHiKiEV le entrego en comercio: 1 - Manto Alado (Altos) a OffSet
6/24/2020 2:57:57 PM iNDiHiKiEV le entrego en comercio: 1 - Túnica Apocalíptica (RM+15) a OffSet
6/24/2020 2:57:57 PM iNDiHiKiEV le entrego en comercio: 1 - Anillo de los Dioses a OffSet
6/24/2020 9:06:58 PM iNSiNSiNSiTiNTO le entrego en comercio: 1 - Anillo de la Inmunidad a berenicE
6/24/2020 9:06:58 PM berenicE le entrego en comercio: 1 - Gema Naranja a iNSiNSiNSiTiNTO
6/24/2020 10:10:52 PM berenicE le entrego en comercio: 1 - Anillo de la Inmunidad a dasfar
6/24/2020 10:10:52 PM dasfar le entrego en comercio: 1 - Gema Octarina a berenicE
6/24/2020 10:14:11 PM fACiLiTO le entrego en comercio: 1 - Anillo de la Inmunidad a Michael Farady
6/24/2020 10:14:11 PM Michael Farady le entrego en comercio: 1 - Gema Naranja a fACiLiTO
6/24/2020 10:26:06 PM iNDiHiViKiNSiTO le entrego en comercio: 1 - Gema Celeste a Scrazy
6/24/2020 11:29:32 PM iNDiHiViKiN le entrego en comercio: 1 - Poción Roja a RiNGTiNTiNSiNTi
6/24/2020 11:29:32 PM RiNGTiNTiNSiNTi le entrego en comercio: 1 - Manto Alado (Altos) a iNDiHiViKiN
6/24/2020 11:29:32 PM RiNGTiNTiNSiNTi le entrego en comercio: 1 - Corona a iNDiHiViKiN
6/24/2020 11:29:32 PM RiNGTiNTiNSiNTi le entrego en comercio: 1 - Cetro Supremo a iNDiHiViKiN
6/25/2020 11:50:05 PM thyam le entrego en comercio: 100 - Cristal de Almas (Pequeño) a RiNGTiNTiNSiNTi
6/26/2020 1:21:08 AM Lamonsoff le entrego en comercio: 1 - Anillo de la Inmunidad a iNDiHiViKiN
6/26/2020 1:21:08 AM iNDiHiViKiN le entrego en comercio: 1 - Cetro Supremo a Lamonsoff
6/26/2020 4:16:18 PM RiNGTiNTiNSiNTi le entrego en comercio: 1 - Anillo Del Origen a fACiLiTO
6/26/2020 4:16:18 PM RiNGTiNTiNSiNTi le entrego en comercio: 1 - Túnica Perseus a fACiLiTO
6/27/2020 1:51:17 PM RiNGTiNTiNSiNTi le entrego en comercio: 1 - Túnica Perseus a iNDiHiViKiN
6/27/2020 5:30:28 PM RiNGTiNTiNSiNTi le entrego en comercio: 1 - Arco Aurum a iNDiHiKiEV
6/27/2020 5:30:28 PM RiNGTiNTiNSiNTi le entrego en comercio: 1 - Escudo Milagroso a iNDiHiKiEV
6/27/2020 5:30:28 PM RiNGTiNTiNSiNTi le entrego en comercio: 13 - Pendiente de sacrificio a iNDiHiKiEV
6/27/2020 5:30:28 PM RiNGTiNTiNSiNTi le entrego en comercio: 1 - Armadura de los Heroes (Bajos) a iNDiHiKiEV
6/27/2020 5:30:28 PM RiNGTiNTiNSiNTi le entrego en comercio: 1 - Casco Oscuro a iNDiHiKiEV
6/27/2020 5:30:28 PM RiNGTiNTiNSiNTi le entrego en comercio: 1 - Manto Alado de Sangre (Bajos) a iNDiHiKiEV
6/27/2020 5:30:54 PM RiNGTiNTiNSiNTi le entrego en comercio: 1 - Daga de Hielo a iNDiHiKiEV
6/27/2020 5:30:54 PM RiNGTiNTiNSiNTi le entrego en comercio: 1 - Tiara Dorada a iNDiHiKiEV
6/27/2020 5:30:54 PM RiNGTiNTiNSiNTi le entrego en comercio: 1 - Anillo Del Origen a iNDiHiKiEV
6/27/2020 9:25:48 PM ZAKARiA le entrego en comercio: 1 - Anillo Del Origen a No Juego
6/27/2020 9:25:48 PM No Juego le entrego en comercio: 1 - Cetro Supremo a ZAKARiA
6/27/2020 9:59:32 PM BenjaEsPro le entrego en comercio: 1 - Amuleto de Lider a Lyan
6/27/2020 9:59:32 PM Lyan le entrego en comercio: 1 - Gema Negra a BenjaEsPro
6/27/2020 9:59:32 PM BenjaEsPro le entrego en comercio: 1 - Túnica Apocaliptica Erebea (Altos) a Lyan
6/28/2020 12:11:17 AM Fuerza Gordoo le entrego en comercio: 1 - Gema Naranja a SehkaY
6/28/2020 12:11:17 AM SehkaY le entrego en comercio: 1 - Gema Celeste a Fuerza Gordoo
6/28/2020 12:18:38 AM Ziruja le entrego en comercio: 1 - Gema Plateada a totala
6/28/2020 12:19:54 AM fACiLiTO le entrego en comercio: 1 - Gema Lila a Fuerza Gordoo
6/28/2020 12:43:08 AM EsTRinKeR le entrego en comercio: 1 - Gema Roja a JaKSoN
6/28/2020 3:00:47 PM TraviesO le entrego en comercio: 1 - Gema Lila a Bardera
6/28/2020 4:18:55 PM Oliver tree le entrego en comercio: 162 - Cristal de Almas (Pequeño) a EsTRinKeR
6/28/2020 4:18:55 PM Oliver tree le entrego en comercio: 38 - Cristal de Almas (Mediano) a EsTRinKeR
6/28/2020 8:10:38 PM Michael Farady le entrego en comercio: 200 - Cristal de Almas (Pequeño) a OffSet
6/28/2020 8:21:31 PM BenjaEsPro le entrego en comercio: 1 - Poción Azul a thyam
6/28/2020 8:21:31 PM thyam le entrego en comercio: 1 - Cetro Supremo a BenjaEsPro
6/28/2020 8:21:31 PM thyam le entrego en comercio: 1 - Anillo Del Origen a BenjaEsPro
6/28/2020 10:13:24 PM dasfar le entrego en comercio: 1 - Corona Alada a ZAKARiA
6/28/2020 10:13:24 PM dasfar le entrego en comercio: 1 - Túnica Apocaliptica Erebea (Altos) a ZAKARiA
6/28/2020 10:13:24 PM dasfar le entrego en comercio: 1 - Anillo Del Origen a ZAKARiA
6/28/2020 10:13:24 PM dasfar le entrego en comercio: 1 - Manto Alado de Sangre (Altos) a ZAKARiA
6/28/2020 10:13:24 PM ZAKARiA le entrego en comercio: 1 - Túnica del Embajador a dasfar
6/29/2020 3:26:25 PM DrixPoweR le entrego en comercio: 1 - Corona a DanyhieL
6/29/2020 3:26:25 PM DrixPoweR le entrego en comercio: 1 - Cetro de Archimago a DanyhieL
6/29/2020 7:46:40 PM thyam le entrego en comercio: 1 - Túnica Perseus a Elver Galarga
6/29/2020 7:46:40 PM thyam le entrego en comercio: 1 - Anillo de la Inmunidad a Elver Galarga
6/29/2020 7:46:40 PM Elver Galarga le entrego en comercio: 1 - Túnica Bendita a thyam
6/30/2020 1:02:39 PM SehkaY le entrego en comercio: 371 - Cristal de Almas (Pequeño) a DanyhieL
6/30/2020 1:02:39 PM SehkaY le entrego en comercio: 1 - Cristal de Almas (Epico) a DanyhieL
6/30/2020 1:02:39 PM SehkaY le entrego en comercio: 2 - Cristal de Almas (Grande) a DanyhieL
6/30/2020 1:02:39 PM SehkaY le entrego en comercio: 85 - Cristal de Almas (Mediano) a DanyhieL
7/1/2020 5:55:34 PM berenicE le entrego en comercio: 1 - Gema Naranja a totala
7/1/2020 11:48:26 PM Fenne le entrego en comercio: 1 - Armadura de Dragon Oscuro (E/G) a fotoshop
7/1/2020 11:48:26 PM Fenne le entrego en comercio: 1 - Arco de los Bosques a fotoshop
7/2/2020 12:17:10 AM fotoshop le entrego en comercio: 1 - Gema Negra a sifilis
7/2/2020 12:17:10 AM sifilis le entrego en comercio: 1 - Cetro Supremo a fotoshop
7/2/2020 2:01:49 PM OffSet le entrego en comercio: 1 - Gema Plateada a Zasko Master
7/2/2020 2:03:09 PM OffSet le entrego en comercio: 1 - Gema Verde a Zasko Master
7/2/2020 2:03:09 PM OffSet le entrego en comercio: 1 - Gema Azul a Zasko Master
7/2/2020 2:17:40 PM OffSet le entrego en comercio: 1 - Túnica de los Heroes a ADELINA
7/2/2020 2:17:40 PM ADELINA le entrego en comercio: 911 - Cristal de Almas (Pequeño) a OffSet
7/2/2020 3:16:31 PM Keylogger le entrego en comercio: 2 - Medalla de Oro a Michael Farady
7/2/2020 3:46:50 PM Zasko Master le entrego en comercio: 2 - Medalla de Oro a Michael Farady
7/2/2020 3:46:50 PM Michael Farady le entrego en comercio: 1 - Gema Verde a Zasko Master
7/2/2020 3:46:50 PM Michael Farady le entrego en comercio: 1 - Gema Violeta a Zasko Master
7/2/2020 3:46:50 PM Michael Farady le entrego en comercio: 1 - Gema Azul a Zasko Master
7/2/2020 4:06:40 PM Keylogger le entrego en comercio: 1 - Poción Azul a TAiCHU
7/2/2020 4:06:40 PM Keylogger le entrego en comercio: 1 - Poción Roja a TAiCHU
7/2/2020 4:06:40 PM TAiCHU le entrego en comercio: 1 - Armadura Heróica (Altos) a Keylogger
7/2/2020 4:06:40 PM TAiCHU le entrego en comercio: 1 - Casco de Gladiador a Keylogger
7/2/2020 7:20:07 PM ADELINA le entrego en comercio: 329 - Cristal de Almas (Mediano) a DanyhieL
7/2/2020 10:11:59 PM SehkaY le entrego en comercio: 1 - Scroll de Experiencia (x2) (15m) a baki hAnma
7/2/2020 10:27:37 PM baki hAnma le entrego en comercio: 1 - Gema Naranja a totala
7/3/2020 12:27:19 AM AzdareL le entrego en comercio: 38 - Gema Violeta a Bobeda Off
7/3/2020 12:27:19 AM AzdareL le entrego en comercio: 9 - Gema Azul a Bobeda Off
7/3/2020 12:27:19 AM AzdareL le entrego en comercio: 2 - Gema Roja a Bobeda Off
7/3/2020 12:27:19 AM AzdareL le entrego en comercio: 1 - Gema Naranja a Bobeda Off
7/3/2020 12:27:19 AM AzdareL le entrego en comercio: 1 - Gema Celeste a Bobeda Off
7/3/2020 12:27:19 AM AzdareL le entrego en comercio: 1 - Gema Lila a Bobeda Off
7/3/2020 12:27:19 AM AzdareL le entrego en comercio: 8 - Medalla de Oro a Bobeda Off
7/3/2020 12:56:02 PM KastherniV le entrego en comercio: 1 - Corona Alada a Shibe
7/3/2020 12:56:59 PM Shirigan le entrego en comercio: 1 - Gema Octarina a Shibe
7/3/2020 12:59:15 PM Shibe le entrego en comercio: 1 - Corona Alada a kinight
7/3/2020 12:59:15 PM Shibe le entrego en comercio: 1 - Cetro Supremo a kinight
7/3/2020 12:59:15 PM Shibe le entrego en comercio: 1 - Gema Octarina a kinight
7/3/2020 12:59:15 PM Shibe le entrego en comercio: 1 - Anillo Del Origen a kinight
7/3/2020 2:06:22 PM DanyhieL le entrego en comercio: 1 - Anillo de la Inmunidad a Florence
7/3/2020 2:06:22 PM DanyhieL le entrego en comercio: 1 - Tiara Dorada a Florence
7/3/2020 2:06:22 PM DanyhieL le entrego en comercio: 1 - Túnica Apocaliptica Erebea (Bajos) a Florence
7/3/2020 2:06:22 PM DanyhieL le entrego en comercio: 1 - Manto Alado de Sangre (Bajos) a Florence
7/3/2020 4:19:12 PM Bobeda Off le entrego en comercio: 1 - Gema Azul a OffSet
7/3/2020 4:19:12 PM Bobeda Off le entrego en comercio: 1 - Gema Verde a OffSet
7/3/2020 5:16:48 PM Manatee le entrego en comercio: 1 - Scroll de Drop (x2) (15m) a Manantial
7/3/2020 5:16:48 PM Manatee le entrego en comercio: 1 - Máscara de Bulbasaur a Manantial
7/3/2020 5:16:48 PM Manatee le entrego en comercio: 1 - Scroll de Experiencia (x2) (30m) a Manantial
7/3/2020 5:16:48 PM Manatee le entrego en comercio: 7 - Scroll de Experiencia (x2) (15m) a Manantial
7/3/2020 5:16:48 PM Manatee le entrego en comercio: 1 - Gorro de Bufón Tricolor a Manantial
7/3/2020 5:16:48 PM Manatee le entrego en comercio: 644 - Cristal de Almas (Mediano) a Manantial
7/3/2020 5:16:48 PM Manatee le entrego en comercio: 5340 - Cristal de Almas (Pequeño) a Manantial
7/3/2020 5:16:48 PM Manatee le entrego en comercio: 14 - Cabeza de Dragón Oscuro a Manantial
7/3/2020 5:16:48 PM Manatee le entrego en comercio: 2 - Amuleto de Lider a Manantial
7/3/2020 5:16:48 PM Manatee le entrego en comercio: 2 - Scroll de Oro (x2) (15m) a Manantial
7/3/2020 5:16:48 PM Manatee le entrego en comercio: 1 - Túnica Divina a Manantial
7/3/2020 5:16:48 PM Manatee le entrego en comercio: 1 - Anillo de la Inmunidad a Manantial
7/3/2020 5:16:48 PM Manatee le entrego en comercio: 1 - Manto Alado de Sangre (Bajos) a Manantial
7/3/2020 5:16:48 PM Manatee le entrego en comercio: 3 - Anillo Del Origen a Manantial
7/3/2020 5:16:48 PM Manatee le entrego en comercio: 1 - Gorro de Bufón Rojo y Negro a Manantial
7/3/2020 5:16:48 PM Manatee le entrego en comercio: 2 - Espada de las Almas a Manantial
7/3/2020 5:16:48 PM Manatee le entrego en comercio: 2 - Túnica de los Heroes a Manantial
7/3/2020 5:16:48 PM Manatee le entrego en comercio: 3 - Túnica de los Campeones a Manantial
7/3/2020 5:16:48 PM Manatee le entrego en comercio: 23 - Espada Mata Dragones a Manantial
7/3/2020 5:16:48 PM Manatee le entrego en comercio: 37 - Cabeza de Dragón Rojo a Manantial
7/3/2020 5:19:42 PM Manatee le entrego en comercio: 22 - Cabeza de Dragón Plateado a Manantial
7/3/2020 5:19:42 PM Manatee le entrego en comercio: 2 - Corona Alada a Manantial
7/3/2020 5:19:42 PM Manatee le entrego en comercio: 1 - Saco de 5 créditos a Manantial
7/3/2020 5:19:42 PM Manatee le entrego en comercio: 5 - Fragmento de la Hermandad (Izquierdo) a Manantial
7/3/2020 5:19:42 PM Manatee le entrego en comercio: 1 - Cetro de Archimago a Manantial
7/3/2020 5:19:42 PM Manatee le entrego en comercio: 1 - Armadura Heróica (Altos) a Manantial
7/3/2020 5:19:42 PM Manatee le entrego en comercio: 1 - Escudo Tenebroso a Manantial
7/3/2020 5:19:42 PM Manatee le entrego en comercio: 1 - Escudo Lirico a Manantial
7/3/2020 5:19:42 PM Manatee le entrego en comercio: 1 - Túnica Apocalíptica (RM+15)(Bajos) a Manantial
7/3/2020 5:19:42 PM Manatee le entrego en comercio: 1 - Corona a Manantial
7/3/2020 5:19:42 PM Manatee le entrego en comercio: 1 - Armadura de Dragon Oscuro (Altos) a Manantial
7/3/2020 5:19:42 PM Manatee le entrego en comercio: 1 - Sombrero de Baile a Manantial
7/3/2020 5:19:42 PM Manatee le entrego en comercio: 1 - Máscara de Dragón Rojo a Manantial
7/3/2020 5:19:42 PM Manatee le entrego en comercio: 1 - Máscara de Pikachu a Manantial
7/3/2020 5:19:42 PM Manatee le entrego en comercio: 1 - Poción de la Resurrección a Manantial
7/3/2020 5:19:42 PM Manatee le entrego en comercio: 1 - Scroll de Cristales (x2) (15m) a Manantial
7/3/2020 5:19:42 PM Manatee le entrego en comercio: 1 - Gema Violeta a Manantial
7/3/2020 5:19:42 PM Manatee le entrego en comercio: 1 - Gema Azul a Manantial
7/3/2020 5:19:42 PM Manatee le entrego en comercio: 1 - Gema Lila a Manantial
7/3/2020 5:23:28 PM Manatee le entrego en comercio: 9 - Gema Plateada a TeEnchufo
7/3/2020 5:23:28 PM Manatee le entrego en comercio: 13 - Gema Azul a TeEnchufo
7/3/2020 5:23:28 PM Manatee le entrego en comercio: 3 - Gema Roja a TeEnchufo
7/3/2020 5:23:28 PM Manatee le entrego en comercio: 4 - Gema Celeste a TeEnchufo
7/3/2020 5:23:28 PM Manatee le entrego en comercio: 3 - Túnica Apocaliptica Erebea (Altos) a TeEnchufo
7/3/2020 5:23:28 PM Manatee le entrego en comercio: 1 - Corona a TeEnchufo
7/3/2020 5:23:28 PM Manatee le entrego en comercio: 35 - Gema Violeta a TeEnchufo
7/3/2020 5:23:28 PM Manatee le entrego en comercio: 8 - Gema Lila a TeEnchufo
7/3/2020 5:23:28 PM Manatee le entrego en comercio: 2 - Espada del Balrog a TeEnchufo
7/3/2020 5:23:28 PM Manatee le entrego en comercio: 1 - Máscara de Mono a TeEnchufo
7/3/2020 5:23:28 PM Manatee le entrego en comercio: 29 - Pendiente de sacrificio a TeEnchufo
7/3/2020 5:23:28 PM Manatee le entrego en comercio: 1 - Túnica de los Campeones a TeEnchufo
7/3/2020 5:23:28 PM Manatee le entrego en comercio: 3 - Gema Verde a TeEnchufo
7/3/2020 5:23:28 PM Manatee le entrego en comercio: 1 - Anillo de la Inmunidad a TeEnchufo
7/3/2020 5:23:28 PM Manatee le entrego en comercio: 2 - Saco de 10 créditos a TeEnchufo
7/3/2020 5:23:28 PM Manatee le entrego en comercio: 1 - Daga Infernal a TeEnchufo
7/3/2020 5:23:28 PM Manatee le entrego en comercio: 5 - Túnica Apocalíptica (RM+15) a TeEnchufo
7/3/2020 5:23:28 PM Manatee le entrego en comercio: 4 - Anillo de los Dioses a TeEnchufo
7/3/2020 5:23:28 PM Manatee le entrego en comercio: 4 - Manto Alado (Altos) a TeEnchufo
7/3/2020 5:23:28 PM Manatee le entrego en comercio: 2 - Espada Argentum a TeEnchufo
7/3/2020 5:25:42 PM Manatee le entrego en comercio: 1 - Daga de Hielo a TeEnchufo
7/3/2020 5:25:42 PM Manatee le entrego en comercio: 1 - Túnica de la Maestria a TeEnchufo
7/3/2020 5:25:42 PM Manatee le entrego en comercio: 3 - Cetro Supremo a TeEnchufo
7/3/2020 5:25:42 PM Manatee le entrego en comercio: 3 - Manto Alado de Sangre (Altos) a TeEnchufo
7/3/2020 5:25:42 PM Manatee le entrego en comercio: 1 - Máscara de Pikachu a TeEnchufo
7/3/2020 5:51:16 PM MAgopro le entrego en comercio: 4 - Cristal de Almas (Mitico) a OffSet
7/3/2020 6:07:36 PM Bobeda Off le entrego en comercio: 6 - Medalla de Oro a OffSet
7/3/2020 6:07:36 PM OffSet le entrego en comercio: 1 - Gema Octarina a Bobeda Off
7/3/2020 6:07:36 PM Bobeda Off le entrego en comercio: 1 - Cristal de Almas (Mitico) a OffSet
7/3/2020 6:07:36 PM Bobeda Off le entrego en comercio: 368 - Cristal de Almas (Mediano) a OffSet
7/3/2020 6:07:36 PM Bobeda Off le entrego en comercio: 1464 - Cristal de Almas (Pequeño) a OffSet
7/3/2020 6:51:12 PM Strenker le entrego en comercio: 1 - Gema Naranja a MAgopro
7/3/2020 6:51:12 PM Strenker le entrego en comercio: 2 - Gema Celeste a MAgopro
7/3/2020 6:51:12 PM MAgopro le entrego en comercio: 4 - Saco de 10 créditos a Strenker
7/3/2020 6:52:37 PM Strenker le entrego en comercio: 1 - Gema Naranja a MAgopro
7/3/2020 6:52:37 PM Strenker le entrego en comercio: 1 - Gema Celeste a MAgopro
7/3/2020 6:52:37 PM MAgopro le entrego en comercio: 1 - Saco de 5 créditos a Strenker
7/3/2020 6:52:37 PM MAgopro le entrego en comercio: 1 - Saco de 25 créditos a Strenker
7/3/2020 7:10:25 PM Shazam le entrego en comercio: 2 - Saco de 10 créditos a Gemass
7/3/2020 7:10:25 PM Shazam le entrego en comercio: 36 - Gema Violeta a Gemass
7/3/2020 7:10:25 PM Shazam le entrego en comercio: 14 - Gema Azul a Gemass
7/3/2020 7:10:25 PM Shazam le entrego en comercio: 9 - Gema Lila a Gemass
7/3/2020 7:10:25 PM Shazam le entrego en comercio: 9 - Gema Plateada a Gemass
7/3/2020 7:10:25 PM Shazam le entrego en comercio: 3 - Gema Roja a Gemass
7/3/2020 7:10:58 PM Shazam le entrego en comercio: 4 - Gema Celeste a Gemass
7/3/2020 7:10:58 PM Shazam le entrego en comercio: 3 - Gema Verde a Gemass
7/3/2020 7:15:16 PM Shazam le entrego en comercio: 29 - Pendiente de sacrificio a Scrazy
7/3/2020 7:29:11 PM Puyol le entrego en comercio: 4 - Scroll de Cristales (x2) (15m) a TAiCHU
7/3/2020 7:29:11 PM Puyol le entrego en comercio: 4 - Fragmento de la Hermandad (Izquierdo) a TAiCHU
7/3/2020 7:29:11 PM Puyol le entrego en comercio: 2 - Gema Octarina a TAiCHU
7/3/2020 7:29:11 PM Puyol le entrego en comercio: 2 - Gema Lila a TAiCHU
7/3/2020 7:29:11 PM Puyol le entrego en comercio: 1 - Máscara Tropical a TAiCHU
7/3/2020 7:29:11 PM Puyol le entrego en comercio: 2 - Cetro de Archimago a TAiCHU
7/3/2020 7:29:11 PM Puyol le entrego en comercio: 1 - Manto Alado (E/G) a TAiCHU
7/3/2020 7:29:11 PM Puyol le entrego en comercio: 2 - Anillo de los Dioses a TAiCHU
7/3/2020 7:29:11 PM Puyol le entrego en comercio: 1 - Máscara de Calavera a TAiCHU
7/3/2020 9:14:15 PM adioS le entrego en comercio: 1 - Gema Verde a Enanos
7/3/2020 11:25:56 PM KreiL le entrego en comercio: 1 - Gema Celeste a Scrazy
7/3/2020 11:27:41 PM MAgopro le entrego en comercio: 1 - Gema Celeste a Scrazy
7/4/2020 2:22:43 PM OffSet le entrego en comercio: 1 - Saco de 10 créditos a Strenker
7/4/2020 2:22:43 PM Strenker le entrego en comercio: 1 - Gema Plateada a OffSet
7/4/2020 3:00:02 PM The Unknown le entrego en comercio: 1 - Saco de 10 créditos a Strenker
7/4/2020 3:00:02 PM The Unknown le entrego en comercio: 1 - Saco de 5 créditos a Strenker
7/4/2020 3:07:31 PM DROPEADOR le entrego en comercio: 220 - Cristal de Almas (Pequeño) a Micaela
7/4/2020 3:07:31 PM DROPEADOR le entrego en comercio: 3 - Cristal de Almas (Epico) a Micaela
7/4/2020 3:07:31 PM DROPEADOR le entrego en comercio: 43 - Cristal de Almas (Mediano) a Micaela
7/4/2020 3:07:31 PM DROPEADOR le entrego en comercio: 6 - Cristal de Almas (Grande) a Micaela
7/4/2020 11:18:24 PM MAgopro le entrego en comercio: 1 - Gema Naranja a Scrazy
7/5/2020 7:03:51 PM Maria le entrego en comercio: 636 - Cristal de Almas (Pequeño) a Strenker
7/5/2020 10:26:13 PM OffSet le entrego en comercio: 520 - Cristal de Almas (Pequeño) a Strenker
7/5/2020 10:26:13 PM Strenker le entrego en comercio: 2 - Pendiente de sacrificio a OffSet
7/5/2020 10:26:13 PM OffSet le entrego en comercio: 46 - Cristal de Almas (Mediano) a Strenker
7/5/2020 10:26:13 PM Strenker le entrego en comercio: 1 - Espada del Balrog a OffSet
7/5/2020 10:32:38 PM EL Clitoris le entrego en comercio: 1 - Espada Argentum a MAgopro
7/5/2020 10:32:38 PM EL Clitoris le entrego en comercio: 2 - Escudo Tenebroso a MAgopro
7/5/2020 10:32:38 PM EL Clitoris le entrego en comercio: 1 - Armadura Heróica (Altos) a MAgopro
7/5/2020 10:32:38 PM EL Clitoris le entrego en comercio: 1 - Manto Alado (E/G) a MAgopro
7/5/2020 10:32:38 PM EL Clitoris le entrego en comercio: 1 - Casco de Gladiador a MAgopro
7/5/2020 10:32:38 PM EL Clitoris le entrego en comercio: 1 - Armadura de Campeón (E/G) a MAgopro
7/5/2020 10:32:38 PM EL Clitoris le entrego en comercio: 1 - Escudo de Dragón a MAgopro
7/5/2020 10:32:38 PM EL Clitoris le entrego en comercio: 1 - Arco Argentum a MAgopro
7/5/2020 10:32:38 PM EL Clitoris le entrego en comercio: 1 - Armadura de Dragon Oscuro (E/G) a MAgopro
7/5/2020 10:32:38 PM EL Clitoris le entrego en comercio: 1 - Gema Lila a MAgopro
7/5/2020 10:32:38 PM EL Clitoris le entrego en comercio: 1 - Túnica Apocalíptica (RM+15)(Bajos) a MAgopro
7/5/2020 10:32:38 PM EL Clitoris le entrego en comercio: 2 - Poción de la Resurrección a MAgopro
7/5/2020 10:32:38 PM MAgopro le entrego en comercio: 21 - Cristal de Almas (Mitico) a EL Clitoris
7/5/2020 10:32:38 PM EL Clitoris le entrego en comercio: 4 - Pendiente de sacrificio a MAgopro
7/5/2020 10:36:40 PM MAgopro le entrego en comercio: 373 - Cristal de Almas (Pequeño) a Strenker
7/5/2020 10:36:40 PM MAgopro le entrego en comercio: 68 - Cristal de Almas (Mediano) a Strenker
7/5/2020 10:36:40 PM Strenker le entrego en comercio: 2 - Pendiente de sacrificio a MAgopro
7/5/2020 10:36:40 PM Strenker le entrego en comercio: 2 - Poción de la Resurrección a MAgopro
7/6/2020 8:33:23 PM UnderNow le entrego en comercio: 1 - Túnica Apocaliptica Erebea (Altos) a franchezca
7/6/2020 8:33:23 PM franchezca le entrego en comercio: 1 - Corona Alada a UnderNow
7/6/2020 11:09:29 PM Hector Lavoe le entrego en comercio: 1 - Túnica del Averno a Lamonsoff
7/6/2020 11:09:29 PM Lamonsoff le entrego en comercio: 1 - Túnica del Embajador a Hector Lavoe
7/6/2020 11:09:29 PM Lamonsoff le entrego en comercio: 1 - Gema Octarina a Hector Lavoe
7/7/2020 12:20:02 AM HERCULES le entrego en comercio: 1 - Poción Azul a DrixPoweR
7/7/2020 12:20:02 AM DrixPoweR le entrego en comercio: 1 - Túnica Apocalíptica (RM+15) a HERCULES
7/7/2020 12:20:02 AM DrixPoweR le entrego en comercio: 1 - Corona a HERCULES
7/7/2020 12:20:02 AM DrixPoweR le entrego en comercio: 1 - Manto Alado (Altos) a HERCULES
7/7/2020 12:20:02 AM DrixPoweR le entrego en comercio: 1 - Cetro de Archimago a HERCULES
7/7/2020 12:20:02 AM DrixPoweR le entrego en comercio: 1 - Anillo de los Dioses a HERCULES
7/7/2020 2:39:22 AM TAiCHU le entrego en comercio: 1 - Manto Alado de Sangre (Altos) a Shibe
7/7/2020 2:40:39 AM Shibe le entrego en comercio: 1 - Poción Azul a TAiCHU
7/7/2020 2:40:39 AM TAiCHU le entrego en comercio: 2 - Gema Lila a Shibe
7/7/2020 2:40:39 AM TAiCHU le entrego en comercio: 1 - Gema Plateada a Shibe
7/7/2020 2:40:39 AM TAiCHU le entrego en comercio: 1 - Gema Naranja a Shibe
7/7/2020 2:40:39 AM TAiCHU le entrego en comercio: 2 - Gema Octarina a Shibe
7/7/2020 2:11:57 PM Fumado le entrego en comercio: 1 - Gema Lila a OffSet
7/7/2020 2:55:17 PM OffSet le entrego en comercio: 517 - Cristal de Almas (Pequeño) a Strenker
7/7/2020 2:55:17 PM OffSet le entrego en comercio: 64 - Cristal de Almas (Mediano) a Strenker
7/7/2020 2:55:17 PM Strenker le entrego en comercio: 1 - Pendiente de sacrificio a OffSet
7/7/2020 2:55:17 PM Strenker le entrego en comercio: 6 - Espada Mata Dragones a OffSet
7/7/2020 3:47:21 PM TomorrowLand le entrego en comercio: 7 - Espada Mata Dragones a Michael Farady
7/7/2020 4:47:08 PM OffSet le entrego en comercio: 1 - Pendiente de sacrificio a lord Ragnar
7/7/2020 4:59:54 PM TIDEO le entrego en comercio: 1 - Gema Roja a TomorrowLand
7/7/2020 8:40:06 PM TomorrowLand le entrego en comercio: 1 - Máscara de Squirtle a lord Ragnar
7/7/2020 8:42:26 PM SehkaY le entrego en comercio: 1 - Gema Lila a Michael Farady
7/7/2020 9:56:40 PM NOT YOOUR le entrego en comercio: 1 - Anillo de la Inmunidad a TIDEO
7/7/2020 9:56:40 PM NOT YOOUR le entrego en comercio: 1 - Túnica Perseus a TIDEO
7/7/2020 9:56:40 PM TIDEO le entrego en comercio: 1 - Túnica Bendita a NOT YOOUR
7/7/2020 10:49:08 PM DESTROGGER le entrego en comercio: 1 - Gema Celeste a Enanos
7/8/2020 12:01:10 AM The Unknown le entrego en comercio: 1 - Gema Plateada a Fumado
7/8/2020 3:25:37 AM OffSet le entrego en comercio: 5 - Espada Mata Dragones a MAgopro
7/8/2020 3:25:37 AM OffSet le entrego en comercio: 2 - Pendiente de sacrificio a MAgopro
7/8/2020 3:25:37 AM MAgopro le entrego en comercio: 1 - Gema Lila a OffSet
7/8/2020 3:25:37 AM MAgopro le entrego en comercio: 1 - Gema Celeste a OffSet
7/8/2020 5:36:34 PM Bardera le entrego en comercio: 1 - Manto Alado de Sangre (Bajos) a Johnson muerto
7/8/2020 5:36:34 PM Johnson muerto le entrego en comercio: 1 - Túnica Apocaliptica Erebea (Bajos) a Bardera
7/8/2020 5:38:21 PM Johnson muerto le entrego en comercio: 1 - Manto Alado de Sangre (Bajos) a Bardera
7/8/2020 5:38:21 PM Bardera le entrego en comercio: 1 - Túnica Apocaliptica Erebea (Bajos) a Johnson muerto
7/9/2020 1:45:19 AM COPA le entrego en comercio: 1 - Tiara Dorada a OffSet
7/9/2020 1:45:19 AM OffSet le entrego en comercio: 1 - Daga Abismal a COPA
7/9/2020 1:45:19 AM OffSet le entrego en comercio: 483 - Cristal de Almas (Pequeño) a COPA
7/9/2020 1:45:19 AM OffSet le entrego en comercio: 118 - Cristal de Almas (Mediano) a COPA
7/9/2020 1:45:19 AM OffSet le entrego en comercio: 1 - Anillo de la Inmunidad a COPA
7/9/2020 1:45:19 AM OffSet le entrego en comercio: 2 - Gema Naranja a COPA
7/9/2020 1:45:19 AM OffSet le entrego en comercio: 2 - Gema Plateada a COPA
7/9/2020 1:45:19 AM OffSet le entrego en comercio: 3 - Gema Roja a COPA
7/9/2020 1:45:19 AM OffSet le entrego en comercio: 3 - Gema Verde a COPA
7/9/2020 1:45:19 AM OffSet le entrego en comercio: 3 - Gema Violeta a COPA
7/9/2020 1:45:19 AM OffSet le entrego en comercio: 4 - Gema Azul a COPA
7/9/2020 1:45:19 AM OffSet le entrego en comercio: 3 - Gema Lila a COPA
7/9/2020 1:45:19 AM OffSet le entrego en comercio: 3 - Gema Celeste a COPA
7/9/2020 8:47:16 PM UnderNow le entrego en comercio: 1 - Gema Plateada a Strenker
7/9/2020 8:47:16 PM Strenker le entrego en comercio: 1 - Pendiente de sacrificio a UnderNow
7/10/2020 2:17:40 AM mellodas le entrego en comercio: 1 - Gema Celeste a Zhendall
7/10/2020 2:17:40 AM Zhendall le entrego en comercio: 1 - Gema Lila a mellodas
7/10/2020 11:26:52 PM The Unknown le entrego en comercio: 1 - Gema Plateada a mellodas
7/10/2020 11:26:52 PM mellodas le entrego en comercio: 1 - Gema Naranja a The Unknown
7/11/2020 9:10:33 PM The Unknown le entrego en comercio: 1 - Gema Naranja a lord Ragnar
7/13/2020 7:24:47 PM The Unknown le entrego en comercio: 1 - Túnica Apocaliptica Erebea (Altos) a TIDEO
7/13/2020 7:24:47 PM TIDEO le entrego en comercio: 1 - Túnica Perseus a The Unknown
7/15/2020 8:10:05 PM No Juego le entrego en comercio: 1 - Gema Roja a NIKE
7/15/2020 9:40:44 PM The Unknown le entrego en comercio: 1 - Gema Celeste a NIKE
7/15/2020 9:56:53 PM Noga Lite le entrego en comercio: 1 - Gema Naranja a Dolce
7/15/2020 9:56:53 PM Dolce le entrego en comercio: 1 - Gema Lila a Noga Lite
7/15/2020 9:56:53 PM Dolce le entrego en comercio: 1 - Gema Celeste a Noga Lite
7/17/2020 10:18:30 PM dasfar le entrego en comercio: 1 - Gema Verde a Renegado
7/17/2020 10:18:30 PM dasfar le entrego en comercio: 1 - Gema Azul a Renegado
