6/24/2020 6:00:16 PM SehkaY retiró: 2 - Saco de 5 créditos
6/28/2020 5:43:12 PM Khronzek retiró: 1 - Gema Lila
6/28/2020 5:43:16 PM Khronzek retiró: 1 - Gema Azul
6/28/2020 5:43:16 PM Khronzek retiró: 1 - Gema Verde
6/28/2020 5:43:16 PM Khronzek retiró: 1 - Armadura Heróica (Altos)
6/28/2020 5:43:16 PM Khronzek retiró: 1 - Máscara de Calavera
6/28/2020 5:43:16 PM Khronzek retiró: 1 - Manto Alado (Altos)
6/28/2020 5:43:16 PM Khronzek retiró: 1 - Túnica Apocalíptica (RM+15)
6/28/2020 5:43:16 PM Khronzek retiró: 1 - Corona
6/28/2020 5:43:16 PM Khronzek retiró: 1 - Pendiente de sacrificio
6/28/2020 5:43:16 PM Khronzek retiró: 1 - Espada Mata Dragones
6/28/2020 5:43:16 PM Khronzek retiró: 1 - Anillo de los Dioses
6/28/2020 5:43:16 PM Khronzek retiró: 1 - Cetro de Archimago
6/28/2020 5:45:36 PM Khronzek retiró: 1 - Gema Violeta
6/28/2020 5:45:38 PM Khronzek retiró: 1 - Gema Roja
6/28/2020 8:59:29 PM EsTRinKeR retiró: 140 - Cristal de Almas (Pequeño)
6/28/2020 8:59:29 PM EsTRinKeR retiró: 31 - Cristal de Almas (Mediano)
6/28/2020 9:34:27 PM EsTRinKeR retiró: 48 - Cristal de Almas (Pequeño)
6/28/2020 11:41:06 PM EsTRinKeR retiró: 90 - Cristal de Almas (Pequeño)
6/28/2020 11:41:06 PM EsTRinKeR retiró: 26 - Cristal de Almas (Mediano)
6/29/2020 12:50:47 AM SehkaY retiró: 200 - Cristal de Almas (Pequeño)
6/29/2020 12:50:47 AM SehkaY retiró: 35 - Cristal de Almas (Mediano)
6/29/2020 1:34:34 PM EsTRinKeR retiró: 29 - Cristal de Almas (Pequeño)
6/29/2020 1:34:34 PM EsTRinKeR retiró: 5 - Cristal de Almas (Mediano)
6/29/2020 2:53:46 PM SehkaY retiró: 21 - Cristal de Almas (Mediano)
6/29/2020 2:53:46 PM SehkaY retiró: 84 - Cristal de Almas (Pequeño)
6/29/2020 2:53:46 PM SehkaY retiró: 1 - Gema Lila
6/29/2020 8:07:20 PM EsTRinKeR retiró: 52 - Cristal de Almas (Pequeño)
6/29/2020 8:07:20 PM EsTRinKeR retiró: 14 - Cristal de Almas (Mediano)
6/30/2020 10:14:12 AM EsTRinKeR retiró: 271 - Cristal de Almas (Pequeño)
6/30/2020 10:14:12 AM EsTRinKeR retiró: 50 - Cristal de Almas (Mediano)
6/30/2020 10:14:12 AM EsTRinKeR retiró: 1 - Báculo Ancestral
6/30/2020 10:14:12 AM EsTRinKeR retiró: 1 - Anillo Neutro
6/30/2020 10:19:57 AM GrandChester retiró: 271 - Cristal de Almas (Pequeño)
6/30/2020 10:19:57 AM GrandChester retiró: 10 - Cristal de Almas (Mediano)
7/2/2020 11:30:14 PM Goten SSj retiró: 1 - Pendiente de sacrificio
7/4/2020 9:14:54 PM Scrazy retiró: 1 - Túnica Bendita
7/4/2020 9:14:54 PM Scrazy retiró: 372 - Cristal de Almas (Pequeño)
7/6/2020 11:47:42 PM Strenker retiró: 1 - Máscara Anonymous
7/6/2020 11:47:42 PM Strenker retiró: 56 - Cristal de Almas (Pequeño)
7/6/2020 11:47:42 PM Strenker retiró: 10 - Cristal de Almas (Mediano)
7/6/2020 11:47:42 PM Strenker retiró: 3 - Pendiente de sacrificio
7/6/2020 11:47:53 PM Strenker retiró: 1 - Gema Violeta
7/10/2020 8:23:16 PM SehkaY retiró: 1 - Túnica Apocaliptica Erebea (Altos)
7/12/2020 1:57:29 AM OffSet retiró: 17 - Cristal de Almas (Mediano)
7/12/2020 1:57:29 AM OffSet retiró: 110 - Cristal de Almas (Pequeño)
7/12/2020 2:01:10 AM OffSet retiró: 1 - Tiara Dorada
7/12/2020 2:01:10 AM OffSet retiró: 1 - Túnica Apocaliptica Erebea (Altos)
7/12/2020 2:01:10 AM OffSet retiró: 1 - Anillo Del Origen
7/12/2020 2:01:10 AM OffSet retiró: 1 - Manto Alado (Altos)
7/14/2020 12:54:08 PM Ultra Instic retiró: 1 - Acta de Fundación
7/14/2020 12:54:08 PM Ultra Instic retiró: 1 - Amuleto de Lider
7/14/2020 9:21:23 PM Sra Lamonsoff retiró: 1 - Pendiente de sacrificio
7/14/2020 9:21:23 PM Sra Lamonsoff retiró: 1 - Tiara Dorada
7/14/2020 9:21:23 PM Sra Lamonsoff retiró: 1 - Túnica Apocaliptica Erebea (Altos)
7/14/2020 9:21:23 PM Sra Lamonsoff retiró: 1 - Anillo Del Origen
7/15/2020 3:59:19 AM Sra Lamonsoff retiró: 1 - Gema Celeste
7/15/2020 3:59:19 AM Sra Lamonsoff retiró: 158 - Cristal de Almas (Mediano)
7/15/2020 3:59:19 AM Sra Lamonsoff retiró: 660 - Cristal de Almas (Pequeño)
7/18/2020 1:08:50 AM puntoExe retiró: 1 - Anillo Del Origen
7/18/2020 1:08:50 AM puntoExe retiró: 1 - Corona Alada
7/18/2020 1:08:50 AM puntoExe retiró: 1 - Túnica Apocaliptica Erebea (Altos)
7/18/2020 1:08:50 AM puntoExe retiró: 1 - Manto Alado de Sangre (Bajos)
7/18/2020 1:08:50 AM puntoExe retiró: 1 - Manto Alado de Sangre (Altos)
7/18/2020 6:04:46 PM SehkaY retiró: 1 - Túnica Perseus
