6/24/2020 5:58:35 PM Abra Kadabra envio: 2 - Saco de 5 créditos (OBJ: 1556) a SEHKAY
6/28/2020 5:42:19 PM EsTRinKeR envio: 1 - Gema Azul (OBJ: 407) a KHRONZEK
6/28/2020 5:42:19 PM EsTRinKeR envio: 1 - Gema Verde (OBJ: 412) a KHRONZEK
6/28/2020 5:42:19 PM EsTRinKeR envio: 1 - Armadura Heróica (Altos) (OBJ: 932) a KHRONZEK
6/28/2020 5:42:19 PM EsTRinKeR envio: 1 - Máscara de Calavera (OBJ: 1584) a KHRONZEK
6/28/2020 5:42:19 PM EsTRinKeR envio: 1 - Manto Alado (Altos) (OBJ: 865) a KHRONZEK
6/28/2020 5:42:19 PM EsTRinKeR envio: 1 - Túnica Apocalíptica (RM+15) (OBJ: 859) a KHRONZEK
6/28/2020 5:42:19 PM EsTRinKeR envio: 1 - Corona (OBJ: 868) a KHRONZEK
6/28/2020 5:42:19 PM EsTRinKeR envio: 1 - Pendiente de sacrificio (OBJ: 936) a KHRONZEK
6/28/2020 5:42:19 PM EsTRinKeR envio: 1 - Espada Mata Dragones (OBJ: 1053) a KHRONZEK
6/28/2020 5:42:19 PM EsTRinKeR envio: 1 - Anillo de los Dioses (OBJ: 879) a KHRONZEK
6/28/2020 5:42:19 PM EsTRinKeR envio: 1 - Cetro de Archimago (OBJ: 945) a KHRONZEK
6/28/2020 5:42:53 PM EsTRinKeR envio: 1 - Gema Lila (OBJ: 410) a KHRONZEK
6/28/2020 5:45:01 PM EsTRinKeR envio: 1 - Gema Violeta (OBJ: 413) a KHRONZEK
6/28/2020 5:45:15 PM EsTRinKeR envio: 1 - Gema Roja (OBJ: 411) a KHRONZEK
6/28/2020 7:11:08 PM TraviesO envio: 200 - Cristal de Almas (Pequeño) (OBJ: 1275) a SEHKAY
6/28/2020 7:11:08 PM TraviesO envio: 35 - Cristal de Almas (Mediano) (OBJ: 1276) a SEHKAY
6/28/2020 8:58:53 PM Khronzek envio: 140 - Cristal de Almas (Pequeño) (OBJ: 1275) a EsTRinKeR
6/28/2020 8:58:53 PM Khronzek envio: 31 - Cristal de Almas (Mediano) (OBJ: 1276) a EsTRinKeR
6/28/2020 9:33:53 PM Khronzek envio: 48 - Cristal de Almas (Pequeño) (OBJ: 1275) a EsTRinKeR
6/28/2020 11:40:21 PM Khronzek envio: 90 - Cristal de Almas (Pequeño) (OBJ: 1275) a EsTRinKeR
6/28/2020 11:40:21 PM Khronzek envio: 26 - Cristal de Almas (Mediano) (OBJ: 1276) a EsTRinKeR
6/29/2020 1:34:06 PM Khronzek envio: 29 - Cristal de Almas (Pequeño) (OBJ: 1275) a EsTRinKeR
6/29/2020 1:34:06 PM Khronzek envio: 5 - Cristal de Almas (Mediano) (OBJ: 1276) a EsTRinKeR
6/29/2020 2:49:49 PM TraviesO envio: 21 - Cristal de Almas (Mediano) (OBJ: 1276) a SEHKAY
6/29/2020 2:49:49 PM TraviesO envio: 84 - Cristal de Almas (Pequeño) (OBJ: 1275) a SEHKAY
6/29/2020 2:49:49 PM TraviesO envio: 1 - Gema Lila (OBJ: 410) a SEHKAY
6/29/2020 8:06:57 PM Khronzek envio: 52 - Cristal de Almas (Pequeño) (OBJ: 1275) a EsTRinKeR
6/29/2020 8:06:57 PM Khronzek envio: 14 - Cristal de Almas (Mediano) (OBJ: 1276) a EsTRinKeR
6/30/2020 10:13:48 AM GrandChester envio: 271 - Cristal de Almas (Pequeño) (OBJ: 1275) a estrinker
6/30/2020 10:13:48 AM GrandChester envio: 50 - Cristal de Almas (Mediano) (OBJ: 1276) a estrinker
6/30/2020 10:13:48 AM GrandChester envio: 1 - Báculo Ancestral (OBJ: 860) a estrinker
6/30/2020 10:13:48 AM GrandChester envio: 1 - Anillo Neutro (OBJ: 861) a estrinker
6/30/2020 10:19:38 AM EsTRinKeR envio: 271 - Cristal de Almas (Pequeño) (OBJ: 1275) a GrandChester
6/30/2020 10:19:38 AM EsTRinKeR envio: 10 - Cristal de Almas (Mediano) (OBJ: 1276) a GrandChester
6/30/2020 12:34:24 PM TraviesO envio: 26 - Cristal de Almas (Mediano) (OBJ: 1276) a SEHKAY
6/30/2020 12:34:24 PM TraviesO envio: 106 - Cristal de Almas (Pequeño) (OBJ: 1275) a SEHKAY
6/30/2020 9:28:39 PM HikeM envio: 1201 - Cristal de Almas (Pequeño) (OBJ: 1275) a CORONAVIRUS
7/2/2020 11:27:29 PM GrandChester envio: 1 - Túnica Apocaliptica Erebea (Altos) (OBJ: 1263) a goten ssj
7/2/2020 11:27:29 PM GrandChester envio: 1 - Anillo Del Origen (OBJ: 1267) a goten ssj
7/2/2020 11:27:29 PM GrandChester envio: 1 - Corona Alada (OBJ: 1268) a goten ssj
7/2/2020 11:27:29 PM GrandChester envio: 1 - Cetro de Archimago (OBJ: 945) a goten ssj
7/2/2020 11:27:29 PM GrandChester envio: 1 - Manto Alado (Altos) (OBJ: 865) a goten ssj
7/2/2020 11:29:54 PM GrandChester envio: 1 - Pendiente de sacrificio (OBJ: 936) a goten ssj
7/4/2020 9:14:33 PM Michael Farady envio: 1 - Túnica Bendita (OBJ: 1577) a Scrazy
7/4/2020 9:14:33 PM Michael Farady envio: 372 - Cristal de Almas (Pequeño) (OBJ: 1275) a Scrazy
7/6/2020 11:46:53 PM Freya envio: 1 - Gema Violeta (OBJ: 413) a STRENKER
7/6/2020 11:47:25 PM Freya envio: 1 - Máscara Anonymous (OBJ: 1627) a STRENKER
7/6/2020 11:47:25 PM Freya envio: 56 - Cristal de Almas (Pequeño) (OBJ: 1275) a STRENKER
7/6/2020 11:47:25 PM Freya envio: 10 - Cristal de Almas (Mediano) (OBJ: 1276) a STRENKER
7/6/2020 11:47:25 PM Freya envio: 3 - Pendiente de sacrificio (OBJ: 936) a STRENKER
7/7/2020 6:03:27 PM Shazam envio: 1 - Manto Alado de Sangre (Altos) (OBJ: 1265) a salvador dali
7/7/2020 6:03:27 PM Shazam envio: 1 - Anillo Del Origen (OBJ: 1267) a salvador dali
7/10/2020 8:22:50 PM Abra Kadabra envio: 1 - Túnica Apocaliptica Erebea (Altos) (OBJ: 1263) a SEHKAY
7/12/2020 1:55:18 AM Sra Lamonsoff envio: 17 - Cristal de Almas (Mediano) (OBJ: 1276) a offset
7/12/2020 1:55:18 AM Sra Lamonsoff envio: 110 - Cristal de Almas (Pequeño) (OBJ: 1275) a offset
7/12/2020 2:00:24 AM Sra Lamonsoff envio: 1 - Tiara Dorada (OBJ: 1035) a Offset
7/12/2020 2:00:24 AM Sra Lamonsoff envio: 1 - Túnica Apocaliptica Erebea (Altos) (OBJ: 1263) a Offset
7/12/2020 2:00:24 AM Sra Lamonsoff envio: 1 - Anillo Del Origen (OBJ: 1267) a Offset
7/12/2020 2:00:24 AM Sra Lamonsoff envio: 1 - Manto Alado (Altos) (OBJ: 865) a Offset
7/14/2020 12:53:34 PM Enanos envio: 1 - Acta de Fundación (OBJ: 1048) a ULTRA INSTIC
7/14/2020 12:53:34 PM Enanos envio: 1 - Amuleto de Lider (OBJ: 939) a ULTRA INSTIC
7/14/2020 9:17:22 PM Zhendall envio: 1 - Pendiente de sacrificio (OBJ: 936) a sra Lamonsoff
7/14/2020 9:17:22 PM Zhendall envio: 1 - Tiara Dorada (OBJ: 1035) a sra Lamonsoff
7/14/2020 9:17:22 PM Zhendall envio: 1 - Túnica Apocaliptica Erebea (Altos) (OBJ: 1263) a sra Lamonsoff
7/14/2020 9:17:22 PM Zhendall envio: 1 - Anillo Del Origen (OBJ: 1267) a sra Lamonsoff
7/15/2020 3:57:27 AM OffSet envio: 1 - Gema Celeste (OBJ: 409) a Sra Lamonsoff
7/15/2020 3:57:27 AM OffSet envio: 158 - Cristal de Almas (Mediano) (OBJ: 1276) a Sra Lamonsoff
7/15/2020 3:57:27 AM OffSet envio: 660 - Cristal de Almas (Pequeño) (OBJ: 1275) a Sra Lamonsoff
7/15/2020 10:27:56 AM JharD envio: 1 - Gema Plateada (OBJ: 406) a BlenD
7/18/2020 1:08:32 AM Shazam envio: 1 - Anillo Del Origen (OBJ: 1267) a puntoexe
7/18/2020 1:08:32 AM Shazam envio: 1 - Corona Alada (OBJ: 1268) a puntoexe
7/18/2020 1:08:32 AM Shazam envio: 1 - Túnica Apocaliptica Erebea (Altos) (OBJ: 1263) a puntoexe
7/18/2020 1:08:32 AM Shazam envio: 1 - Manto Alado de Sangre (Bajos) (OBJ: 1266) a puntoexe
7/18/2020 1:08:32 AM Shazam envio: 1 - Manto Alado de Sangre (Altos) (OBJ: 1265) a puntoexe
7/18/2020 6:04:30 PM RenaTo envio: 1 - Túnica Perseus (OBJ: 1215) a SEHKAY
