6/24/2020 11:58:21 AM Ryzhak le dio 200000 monedas de oro a fotoshop.
6/24/2020 2:08:43 PM OffSet le dio 1000000 monedas de oro a Papaleta.
6/24/2020 3:12:59 PM iNDiHiViKiNSiTO le dio 10000000 monedas de oro a RoMa.
6/24/2020 3:53:23 PM iNDiHiViKiN le dio 70000 monedas de oro a iNSiNSiNSiTiNTO.
6/24/2020 4:03:29 PM iNDiHiViKiNSiTO le dio 4919852 monedas de oro a iNSiNSiNSiTiNTO.
6/24/2020 4:19:29 PM Zombra le dio 1000000 monedas de oro a Diabla.
6/24/2020 4:19:32 PM Renger le dio 2000000 monedas de oro a fotoshop.
6/24/2020 4:29:17 PM Renger le dio 2000000 monedas de oro a JAJAJA.
6/24/2020 5:29:10 PM Renger le dio 5000000 monedas de oro a Roben.
6/24/2020 5:34:28 PM IPHONE le dio 150000 monedas de oro a Vente.
6/24/2020 6:18:46 PM berenicE le dio 300000 monedas de oro a Dovhel.
6/24/2020 6:48:31 PM Michael Farady le dio 100000 monedas de oro a COPA.
6/24/2020 6:48:55 PM Michael Farady le dio 50000 monedas de oro a COPA.
6/24/2020 6:54:44 PM Renger le dio 2500000 monedas de oro a Pal Pisoo.
6/24/2020 7:42:43 PM Strenker le dio 100000 monedas de oro a el menstru.
6/24/2020 7:42:44 PM totala le dio 100000 monedas de oro a el menstru.
6/24/2020 7:44:55 PM berenicE le dio 100000 monedas de oro a Strenker.
6/24/2020 8:18:08 PM iNSiNSiNSiTiNTO le dio 200000 monedas de oro a COPA.
6/24/2020 8:19:58 PM Renger le dio 2000000 monedas de oro a fotoshop.
6/24/2020 8:23:48 PM Scrazy le dio 100000 monedas de oro a Chupala.
6/24/2020 8:23:58 PM iSSACk le dio 1000000 monedas de oro a Chupala.
6/24/2020 8:43:58 PM berenicE le dio 10000000 monedas de oro a RoMa.
6/24/2020 8:58:25 PM DanyhieL le dio 50000000 monedas de oro a TAiCHU.
6/24/2020 9:07:45 PM iNSiNSiNSiTiNTO le dio 40000000 monedas de oro a iNDiHiViKiN.
6/24/2020 9:40:48 PM TAiCHU le dio 85000000 monedas de oro a DanyhieL.
6/24/2020 9:40:54 PM TAiCHU le dio 6000000 monedas de oro a DanyhieL.
6/24/2020 9:51:09 PM lampara le dio 500000 monedas de oro a fotoshop.
6/24/2020 10:25:05 PM Husseim le dio 1000000 monedas de oro a berenicE.
6/24/2020 10:25:17 PM berenicE le dio 1000000 monedas de oro a Dolce.
6/24/2020 10:28:53 PM Scrazy le dio 200000 monedas de oro a iNDiHiViKiNSiTO.
6/24/2020 10:30:40 PM SehkaY le dio 100000 monedas de oro a fotoshop.
6/24/2020 11:00:46 PM TROMPO ELANUEL le dio 300000 monedas de oro a VhradliS.
6/24/2020 11:16:29 PM Husseim le dio 100000 monedas de oro a fotoshop.
6/24/2020 11:19:23 PM Lamonsoff le dio 10000000 monedas de oro a RoMa.
6/24/2020 11:19:46 PM RiNGTiNTiNSiNTi le dio 200000 monedas de oro a iNDiHiViKiNSiTO.
6/24/2020 11:30:06 PM Roben le dio 300000 monedas de oro a fotoshop.
6/24/2020 11:43:09 PM lampara le dio 50000 monedas de oro a calabuth.
6/24/2020 11:43:52 PM adioS le dio 100000 monedas de oro a calabuth.
6/25/2020 8:59:22 PM Micaela le dio 1000000 monedas de oro a cruyf.
6/25/2020 9:39:17 PM Zasko Master le dio 500000 monedas de oro a Anzwer.
6/25/2020 9:44:01 PM Nhoa le dio 400000 monedas de oro a Roben.
6/25/2020 9:45:08 PM Nhoa le dio 400000 monedas de oro a Roben.
6/25/2020 9:54:56 PM Renger le dio 50000 monedas de oro a Nhoa.
6/25/2020 10:18:05 PM los uno le dio 3000000 monedas de oro a Boludeandoo.
6/25/2020 10:51:42 PM NOROMPASLAPIJA le dio 500000 monedas de oro a iNDiHiKiEV.
6/25/2020 10:52:00 PM iNDiHiKiEV le dio 540000 monedas de oro a Lucila Tanga.
6/25/2020 11:08:36 PM Renger le dio 1000000 monedas de oro a Drag Rosel.
6/25/2020 11:09:52 PM iNDiHiKiEV le dio 1000000 monedas de oro a RoMa.
6/25/2020 11:10:07 PM Drag Rosel le dio 1000000 monedas de oro a RoMa.
6/26/2020 12:37:11 AM iNDiHiViKiN le dio 200000 monedas de oro a cHUPAMELACONCHA.
6/26/2020 12:48:17 AM dasfar le dio 100000 monedas de oro a Tomas Demichele.
6/26/2020 12:57:49 AM dasfar le dio 100000 monedas de oro a fotoshop.
6/26/2020 1:06:04 AM Chupala le dio 200000 monedas de oro a Tomas Demichele.
6/26/2020 1:23:21 AM cHUPAMELACONCHA le dio 1000000 monedas de oro a iNDiHiViKiN.
6/26/2020 1:38:06 PM SehkaY le dio 300000 monedas de oro a SHAWARMA.
6/26/2020 1:46:26 PM SehkaY le dio 150000 monedas de oro a bobediton.
6/26/2020 2:39:14 PM Michael Farady le dio 100000 monedas de oro a asesinato.
6/26/2020 3:25:05 PM cancer le dio 20000 monedas de oro a Pety.
6/26/2020 3:27:49 PM Renger le dio 100000 monedas de oro a asesinato.
6/26/2020 3:50:10 PM RiNGTiNTiNSiNTi le dio 200000 monedas de oro a ATR CUMBiA.
6/26/2020 3:54:29 PM Michael Farady le dio 150000 monedas de oro a asesinato.
6/26/2020 3:59:04 PM OffSet le dio 400000 monedas de oro a asesinato.
6/26/2020 4:03:14 PM Renger le dio 3000000 monedas de oro a Roben.
6/26/2020 4:13:27 PM totala le dio 2000000 monedas de oro a Cusenier.
6/26/2020 4:23:10 PM totala le dio 5000000 monedas de oro a Zombra.
6/27/2020 3:14:51 AM DanyhieL le dio 1500000 monedas de oro a Hombre Mosca.
6/27/2020 4:35:01 AM SHAWARMA le dio 70000 monedas de oro a Brhama.
6/27/2020 4:36:21 AM SHAWARMA le dio 15000 monedas de oro a Brhama.
6/27/2020 8:41:10 AM Noga Lite le dio 500000 monedas de oro a Xhev.
6/27/2020 8:55:23 AM Genius le dio 50000 monedas de oro a Xhev.
6/27/2020 10:34:48 AM Bardera le dio 200000 monedas de oro a Xhev.
6/27/2020 10:35:13 AM Xhev le dio 500000 monedas de oro a xaxa.
6/27/2020 10:38:07 AM Xhev le dio 10000 monedas de oro a xaxa.
6/27/2020 11:12:14 AM Bardera le dio 1500000 monedas de oro a xaxa.
6/27/2020 11:30:59 AM Xhev le dio 1000000 monedas de oro a xaxa.
6/27/2020 1:38:25 PM Bardera le dio 250000 monedas de oro a asesinato.
6/27/2020 3:54:59 PM Oliver tree le dio 200000 monedas de oro a JKASJLEF.
6/27/2020 4:24:28 PM DanyhieL le dio 5000000 monedas de oro a Lherian.
6/27/2020 5:31:07 PM RiNGTiNTiNSiNTi le dio 5778492 monedas de oro a iNDiHiKiEV.
6/27/2020 5:31:11 PM Zasko Master le dio 100000 monedas de oro a GOYTA.
6/27/2020 7:09:32 PM Lherian le dio 600000 monedas de oro a GOYTA.
6/27/2020 7:52:50 PM BenjaEsPro le dio 15000 monedas de oro a EsTRinKeR.
6/27/2020 8:36:37 PM berenicE le dio 300000 monedas de oro a HiRAM.
6/27/2020 8:45:40 PM iSSACk le dio 10000000 monedas de oro a HiRAM.
6/27/2020 9:10:30 PM HiRAM le dio 9400000 monedas de oro a iSSACk.
6/27/2020 9:23:42 PM Lherian le dio 1000000 monedas de oro a DaBabY.
6/27/2020 9:30:48 PM totala le dio 15000000 monedas de oro a Lyan.
6/27/2020 9:38:10 PM berenicE le dio 100000 monedas de oro a DaBabY.
6/27/2020 9:45:17 PM Husseim le dio 2000000 monedas de oro a Lherian.
6/27/2020 9:45:32 PM Lherian le dio 2000000 monedas de oro a Dolce.
6/27/2020 10:41:17 PM DanyhieL le dio 1000000 monedas de oro a BenjaEsPro.
6/27/2020 10:41:24 PM DanyhieL le dio 9000000 monedas de oro a BenjaEsPro.
6/27/2020 11:21:31 PM LAblanca le dio 100000 monedas de oro a calabuth.
6/27/2020 11:22:20 PM LAblanca le dio 100000 monedas de oro a calabuth.
6/27/2020 11:36:48 PM Aezerehv le dio 1000000 monedas de oro a EsTRinKeR.
6/28/2020 12:03:06 AM Owencito le dio 10000 monedas de oro a Foras.
6/28/2020 12:04:58 AM Owencito le dio 100000 monedas de oro a Foras.
6/28/2020 12:15:03 AM Fuerza Gordoo le dio 7000000 monedas de oro a bobediton.
6/28/2020 12:17:35 AM DanyhieL le dio 100000 monedas de oro a Grimm.
6/28/2020 12:18:03 AM bobediton le dio 7000000 monedas de oro a Fuerza Gordoo.
6/28/2020 12:21:26 AM RenaTo le dio 500000 monedas de oro a Zyanya.
6/28/2020 12:21:42 AM NOROMPASLAPIJA le dio 2000000 monedas de oro a Cooper.
6/28/2020 12:29:04 AM Zasko Master le dio 200000 monedas de oro a Zyanya.
6/28/2020 12:37:41 AM Aezerehv le dio 500000 monedas de oro a Rhyakef.
6/28/2020 12:38:21 AM Fuerza Gordoo le dio 6000000 monedas de oro a dasfar.
6/28/2020 12:38:32 AM dasfar le dio 6000000 monedas de oro a The Virzi.
6/28/2020 12:53:32 AM SoteldO le dio 18000000 monedas de oro a RenaTa.
6/28/2020 1:27:41 AM RenaTo le dio 500000 monedas de oro a The Unknown.
6/28/2020 1:28:01 AM Fuerza Gordoo le dio 200000 monedas de oro a The Unknown.
6/28/2020 1:28:06 AM Fuerza Gordoo le dio 2000000 monedas de oro a The Unknown.
6/28/2020 1:30:55 AM Aezerehv le dio 5000000 monedas de oro a Renger.
6/28/2020 1:31:27 AM Renger le dio 5000000 monedas de oro a LAblanca.
6/28/2020 1:47:19 AM Ziruja le dio 5000000 monedas de oro a Bobli.
6/28/2020 1:53:30 AM The Unknown le dio 100000 monedas de oro a zhOkTeL.
6/28/2020 1:58:53 AM TAiCHU le dio 2000000 monedas de oro a CORONAViRUS.
6/28/2020 4:55:10 AM SHAWARMA le dio 1000000 monedas de oro a Oliver tree.
6/28/2020 4:55:59 AM Oliver tree le dio 1000000 monedas de oro a Pe PeRReito.
6/28/2020 2:40:50 PM The Virzi le dio 200000 monedas de oro a Zasko Master.
6/28/2020 3:04:04 PM Ziruja le dio 1000000 monedas de oro a angelito.
6/28/2020 3:05:32 PM Ziruja le dio 1000000 monedas de oro a angelito.
6/28/2020 3:33:27 PM The Virzi le dio 10000000 monedas de oro a RoMa.
6/28/2020 3:43:01 PM iSSACk le dio 7000000 monedas de oro a The Virzi.
6/28/2020 3:44:08 PM The Virzi le dio 10000000 monedas de oro a RoMa.
6/28/2020 3:47:19 PM Owen thiz le dio 1000000 monedas de oro a Pipo.
6/28/2020 4:44:50 PM Owen thiz le dio 1000000 monedas de oro a BenjaEsPro.
6/28/2020 4:47:28 PM Owen thiz le dio 2000000 monedas de oro a BenjaEsPro.
6/28/2020 4:55:33 PM Khronzek le dio 9000000 monedas de oro a KRIMTA.
6/28/2020 5:10:23 PM KRIMTA le dio 9000000 monedas de oro a BenjaEsPro.
6/28/2020 5:10:52 PM BenjaEsPro le dio 9000000 monedas de oro a The Virzi.
6/28/2020 5:32:55 PM Zhurius le dio 1400000 monedas de oro a The Unknown.
6/28/2020 5:34:47 PM Zhurius le dio 1000000 monedas de oro a Owencito.
6/28/2020 5:38:01 PM totala le dio 300000 monedas de oro a Jhuisk.
6/28/2020 5:46:50 PM The Virzi le dio 20000000 monedas de oro a Shay.
6/28/2020 5:50:56 PM Zhurius le dio 900000 monedas de oro a The Unknown.
6/28/2020 5:55:53 PM Jhuisk le dio 150000 monedas de oro a khet.
6/28/2020 6:13:01 PM Rhufus le dio 5000000 monedas de oro a The Unknown.
6/28/2020 6:14:44 PM Rhufus le dio 1000000 monedas de oro a The Unknown.
6/28/2020 6:19:12 PM The Unknown le dio 500000 monedas de oro a khet.
6/28/2020 7:24:28 PM berenicE le dio 10000000 monedas de oro a SehkaY.
6/28/2020 7:25:08 PM SehkaY le dio 10000000 monedas de oro a RoMa.
6/28/2020 7:54:14 PM No Juego le dio 5000000 monedas de oro a Zasko Master.
6/28/2020 8:23:24 PM NAVONI le dio 18000000 monedas de oro a cancer.
6/28/2020 9:02:54 PM MithiaN le dio 10000000 monedas de oro a RoMa.
6/28/2020 9:07:32 PM ZAKARiA le dio 10000000 monedas de oro a RoMa.
6/28/2020 9:29:45 PM ZAKARiA le dio 1000000 monedas de oro a Palaxd.
6/28/2020 9:35:08 PM Xhev le dio 1000000 monedas de oro a khet.
6/28/2020 9:56:36 PM Axel angus le dio 200000 monedas de oro a Alea.
6/28/2020 9:57:05 PM Alea le dio 200000 monedas de oro a Khronzek.
6/28/2020 9:57:11 PM Owencito le dio 10000 monedas de oro a Khizs.
6/28/2020 9:59:55 PM Khronzek le dio 9800000 monedas de oro a RoMa.
6/28/2020 10:02:05 PM khet le dio 100000 monedas de oro a Khizs.
6/28/2020 10:04:17 PM ZAKARiA le dio 1000000 monedas de oro a fACiLiTO.
6/28/2020 10:27:04 PM iSSACk le dio 1000000 monedas de oro a RoMa.
6/28/2020 10:27:29 PM ZAKARiA le dio 1000000 monedas de oro a RoMa.
6/28/2020 10:32:19 PM khet le dio 500000 monedas de oro a Khizs.
6/28/2020 11:51:06 PM calabuth le dio 500000 monedas de oro a NAVONI.
6/29/2020 12:20:10 AM iSSACk le dio 5000000 monedas de oro a Maria.
6/29/2020 12:31:41 AM iNDiHiKiEV le dio 1000000 monedas de oro a RiNGTiNTiNSiNTi.
6/29/2020 12:41:24 AM RiNGTiNTiNSiNTi le dio 800000 monedas de oro a iNDiHiKiEV.
6/29/2020 12:45:41 AM iNDiHiKiEV le dio 1000000 monedas de oro a Spinetta.
6/29/2020 12:45:44 AM iNDiHiKiEV le dio 1000000 monedas de oro a RiNGTiNTiNSiNTi.
6/29/2020 1:03:27 AM RiNGTiNTiNSiNTi le dio 1000000 monedas de oro a iNDiHiKiEV.
6/29/2020 1:17:20 AM iSSACk le dio 3000000 monedas de oro a Leeroy Jenkins.
6/29/2020 1:35:33 AM RenaTo le dio 1000000 monedas de oro a Maria.
6/29/2020 1:43:44 AM Maria le dio 200000 monedas de oro a fACiLiTO.
6/29/2020 1:43:55 AM Maria le dio 50000 monedas de oro a fACiLiTO.
6/29/2020 1:44:46 AM MERO MERO le dio 1000000 monedas de oro a iSSACk.
6/29/2020 2:02:20 AM The Unknown le dio 500000 monedas de oro a DaBabY.
6/29/2020 2:15:54 AM iNDiHiKiEV le dio 1000000 monedas de oro a Maria.
6/29/2020 4:19:12 AM Owen thiz le dio 2000000 monedas de oro a NARNIA.
6/29/2020 9:54:07 AM Zombra le dio 1000000 monedas de oro a khet.
6/29/2020 10:04:09 AM Zombra le dio 2000000 monedas de oro a khet.
6/29/2020 10:32:05 AM khet le dio 100000 monedas de oro a GOYTA.
6/29/2020 12:53:12 PM iSSACk le dio 1000000 monedas de oro a GOYTA.
6/29/2020 1:10:27 PM thyam le dio 200000 monedas de oro a mede.
6/29/2020 3:53:10 PM SehkaY le dio 5000000 monedas de oro a berenicE.
6/29/2020 3:54:04 PM Michael Farady le dio 15000000 monedas de oro a berenicE.
6/29/2020 4:25:29 PM Michael Farady le dio 100000 monedas de oro a RAMONA.
6/29/2020 4:25:41 PM Michael Farady le dio 100000 monedas de oro a RAMONA.
6/29/2020 4:29:29 PM ZAKARiA le dio 200000 monedas de oro a GrandChester.
6/29/2020 4:32:34 PM GrandChester le dio 200000 monedas de oro a ZAKARiA.
6/29/2020 4:49:02 PM thyam le dio 1000000 monedas de oro a GrandChester.
6/29/2020 5:18:32 PM thyam le dio 200000 monedas de oro a Renger.
6/29/2020 5:43:56 PM ADELINA le dio 200000 monedas de oro a Basurera Tana.
6/29/2020 6:01:55 PM Lherian le dio 200000 monedas de oro a Akhender.
6/29/2020 6:48:35 PM los uno le dio 10000000 monedas de oro a Strenker.
6/29/2020 6:56:36 PM adioS le dio 2000000 monedas de oro a RoMa.
6/29/2020 7:09:08 PM Fuerza Gordoo le dio 2000000 monedas de oro a Owencito.
6/29/2020 7:17:00 PM Owencito le dio 10000000 monedas de oro a The Virzi.
6/29/2020 7:17:05 PM The Virzi le dio 10000000 monedas de oro a RoMa.
6/29/2020 7:18:45 PM adioS le dio 2000000 monedas de oro a RoMa.
6/29/2020 7:25:54 PM Renger JR le dio 1000000 monedas de oro a adioS.
6/29/2020 7:51:52 PM berenicE le dio 1000000 monedas de oro a RoMa.
6/29/2020 7:51:54 PM adioS le dio 1000000 monedas de oro a RoMa.
6/29/2020 8:25:57 PM Nhoa le dio 200000 monedas de oro a Alea.
6/29/2020 8:29:39 PM Owen thiz le dio 10000000 monedas de oro a RoMa.
6/29/2020 8:39:46 PM Renger le dio 5000000 monedas de oro a Shael.
6/29/2020 8:39:54 PM Shael le dio 2500000 monedas de oro a Lyric.
6/29/2020 8:55:43 PM iSSACk le dio 100000 monedas de oro a puntoExe.
6/29/2020 9:13:25 PM berenicE le dio 10000000 monedas de oro a RoMa.
6/29/2020 10:02:43 PM Scrazy le dio 400000 monedas de oro a Klerhoff.
6/29/2020 10:05:52 PM Cabron le dio 10000000 monedas de oro a kRUSTY.
6/29/2020 10:06:29 PM kRUSTY le dio 10000000 monedas de oro a MithiaN.
6/29/2020 11:33:48 PM Porta gemas le dio 1000000 monedas de oro a Owen thiz.
6/29/2020 11:33:56 PM Porta gemas le dio 8000000 monedas de oro a ZAKARiA.
6/29/2020 11:37:22 PM Zhurius le dio 5000000 monedas de oro a The Unknown.
6/29/2020 11:42:38 PM Craneo Rojo le dio 100000 monedas de oro a AxxA II.
6/29/2020 11:49:41 PM Owen thiz le dio 3000000 monedas de oro a Shael.
6/29/2020 11:52:08 PM Zhurius le dio 1000000 monedas de oro a AxxA II.
6/29/2020 11:52:30 PM Zhurius le dio 2000000 monedas de oro a GrandChester.
6/29/2020 11:52:39 PM AxxA II le dio 100000 monedas de oro a GrandChester.
6/30/2020 12:02:39 AM Zhurius le dio 10000000 monedas de oro a The Unknown.
6/30/2020 12:09:26 AM Zhurius le dio 2000000 monedas de oro a The Unknown.
6/30/2020 12:15:04 AM Zhurius le dio 20000000 monedas de oro a The Unknown.
6/30/2020 12:16:55 AM The Unknown le dio 1000000 monedas de oro a mellodas.
6/30/2020 12:21:53 AM The Unknown le dio 1000000 monedas de oro a mellodas.
6/30/2020 12:35:23 AM The Unknown le dio 1000000 monedas de oro a mellodas.
6/30/2020 12:49:12 AM Shael le dio 200000 monedas de oro a Klerhoff.
6/30/2020 12:56:57 AM Me meo le dio 500000 monedas de oro a Klerhoff.
6/30/2020 1:12:43 AM Me meo le dio 1000000 monedas de oro a Klerhoff.
6/30/2020 1:12:45 AM HUAWEI JRS le dio 1000000 monedas de oro a Klerhoff.
6/30/2020 3:09:27 AM krystal le dio 400000 monedas de oro a XhenkyS.
6/30/2020 12:35:19 PM TraviesO le dio 1200000 monedas de oro a OffSet.
6/30/2020 12:35:47 PM OffSet le dio 1200000 monedas de oro a SehkaY.
6/30/2020 2:02:31 PM thyam le dio 50000000 monedas de oro a DanyhieL.
6/30/2020 2:13:22 PM Shael le dio 200000 monedas de oro a RonaldinhO.
6/30/2020 2:32:22 PM RenaTo le dio 500000 monedas de oro a mede.
6/30/2020 4:19:33 PM thyam le dio 10000000 monedas de oro a RoMa.
6/30/2020 4:48:59 PM ADELINA le dio 10000000 monedas de oro a RoMa.
6/30/2020 5:00:58 PM Shael le dio 1200000 monedas de oro a Reina.
6/30/2020 6:03:41 PM Renger le dio 3500000 monedas de oro a Roben.
6/30/2020 6:03:42 PM Freyja le dio 10000 monedas de oro a Roben.
6/30/2020 6:03:56 PM Freyja le dio 500000 monedas de oro a Roben.
6/30/2020 7:43:37 PM Shael le dio 200000 monedas de oro a RUFFILIN.
6/30/2020 8:49:25 PM haniya le dio 2000000 monedas de oro a Michael Farady.
6/30/2020 9:25:53 PM iSSACk le dio 2000000 monedas de oro a CLEAR.
6/30/2020 9:46:22 PM RenaTo le dio 30000000 monedas de oro a RoMa.
6/30/2020 9:47:40 PM MithiaN le dio 10000000 monedas de oro a RoMa.
6/30/2020 9:58:14 PM Strenker le dio 1000000 monedas de oro a Shael.
6/30/2020 9:59:37 PM No Juego le dio 10000000 monedas de oro a RoMa.
6/30/2020 10:54:15 PM Power le dio 2500000 monedas de oro a Renegado.
6/30/2020 10:54:45 PM Renegado le dio 2500000 monedas de oro a pega fuerte.
6/30/2020 11:04:10 PM Cooper le dio 300111 monedas de oro a Stharth.
6/30/2020 11:15:19 PM Shevchenko le dio 1000000 monedas de oro a RoMa.
6/30/2020 11:15:20 PM cachivache le dio 1000000 monedas de oro a RoMa.
6/30/2020 11:29:03 PM Scrazy le dio 100000 monedas de oro a HiRAM.
6/30/2020 11:31:43 PM Scrazy le dio 1000000 monedas de oro a HiRAM.
6/30/2020 11:45:44 PM The Unknown le dio 1000000 monedas de oro a cachivache.
6/30/2020 11:50:14 PM Scrazy le dio 300000 monedas de oro a KiLAJE.
7/1/2020 12:16:56 AM SehkaY le dio 2000000 monedas de oro a RenaTo.
7/1/2020 12:17:12 AM RenaTo le dio 2000000 monedas de oro a Diclofenax.
7/1/2020 12:21:37 AM RenaTo le dio 1000000 monedas de oro a Diclofenax.
7/1/2020 12:26:14 AM RenaTo le dio 1000000 monedas de oro a DrixPoweR.
7/1/2020 12:28:06 AM Renegado le dio 1231231 monedas de oro a SAMSUNG.
7/1/2020 12:52:54 AM RenaTo le dio 200000 monedas de oro a DrixPoweR.
7/1/2020 12:53:03 AM RenaTo le dio 200000 monedas de oro a DrixPoweR.
7/1/2020 12:54:26 AM RenaTo le dio 200000 monedas de oro a DrixPoweR.
7/1/2020 1:50:50 AM The Unknown le dio 500000 monedas de oro a HikeM.
7/1/2020 2:15:59 AM The Unknown le dio 100000 monedas de oro a MMGV VIII.
7/1/2020 2:20:36 AM DanyhieL le dio 155555 monedas de oro a GraSias.
7/1/2020 2:20:42 AM Hector Lavoe le dio 100000 monedas de oro a GraSias.
7/1/2020 2:24:05 AM DanyhieL le dio 200000 monedas de oro a GraSias.
7/1/2020 2:26:37 AM KKKKKKKKKKKKKKK le dio 1300000 monedas de oro a DanyhieL.
7/1/2020 2:26:50 AM DanyhieL le dio 1300000 monedas de oro a GraSias.
7/1/2020 2:28:06 AM GraSias le dio 200000 monedas de oro a contala.
7/1/2020 2:31:15 AM GraSias le dio 200000 monedas de oro a contala.
7/1/2020 2:34:56 AM GraSias le dio 20000 monedas de oro a el menstru.
7/1/2020 4:42:35 AM AoeN le dio 200000 monedas de oro a PIER.
7/1/2020 4:46:01 AM DanyhieL le dio 222222 monedas de oro a Eloy.
7/1/2020 2:00:29 PM Bonjour le dio 250000 monedas de oro a POLAkO.
7/1/2020 2:22:41 PM Renegado le dio 2123123 monedas de oro a fotoshop.
7/1/2020 3:05:19 PM Lherian le dio 1000000 monedas de oro a Salvador Dali.
7/1/2020 3:06:10 PM SehkaY le dio 7500000 monedas de oro a ZAKARiA.
7/1/2020 4:08:29 PM Zasko Master le dio 300000 monedas de oro a firulais resusi.
7/1/2020 5:52:07 PM franchezca le dio 2000000 monedas de oro a Zasko Master.
7/1/2020 5:52:51 PM totala le dio 15000000 monedas de oro a Zasko Master.
7/1/2020 6:54:40 PM Renegado le dio 1231231 monedas de oro a Lizzie Stark.
7/1/2020 8:24:55 PM LAblanca le dio 500000 monedas de oro a fotoshop.
7/1/2020 9:06:16 PM dasfar le dio 1000000 monedas de oro a Owencito.
7/1/2020 9:53:11 PM Lherian le dio 2000000 monedas de oro a AoeN.
7/1/2020 10:15:13 PM MAgopro le dio 10000000 monedas de oro a PALERMO.
7/1/2020 10:39:39 PM The Unknown le dio 300000 monedas de oro a DaBabY.
7/1/2020 10:41:42 PM The Unknown le dio 2000000 monedas de oro a DaBabY.
7/1/2020 10:42:07 PM Stharth le dio 326000 monedas de oro a Tupai.
7/1/2020 10:43:24 PM AddiDaS le dio 100000 monedas de oro a fotoshop.
7/1/2020 10:45:05 PM Renegado le dio 212312 monedas de oro a fotoshop.
7/1/2020 11:02:58 PM IPHONE le dio 500000 monedas de oro a fotoshop.
7/1/2020 11:45:58 PM calabuth le dio 50000 monedas de oro a lampara.
7/1/2020 11:54:37 PM calabuth le dio 100000 monedas de oro a lampara.
7/1/2020 11:59:42 PM calabuth le dio 1000000 monedas de oro a lampara.
7/2/2020 12:03:08 AM RenaTo le dio 500000 monedas de oro a uli ao.
7/2/2020 3:11:19 AM GraSias le dio 200000 monedas de oro a Alresugato.
7/2/2020 3:11:33 AM GraSias le dio 10000 monedas de oro a Alresugato.
7/2/2020 3:11:50 AM Shaq le dio 500111 monedas de oro a Alresugato.
7/2/2020 10:39:04 AM RonaldinhO le dio 200000 monedas de oro a Dolce.
7/2/2020 10:42:00 AM TuMa le dio 1000000 monedas de oro a Dolce.
7/2/2020 1:52:43 PM MAgopro le dio 1000000 monedas de oro a Kalahari.
7/2/2020 2:57:15 PM RenaTo le dio 1000000 monedas de oro a MAgopro.
7/2/2020 2:57:20 PM RenaTo le dio 9000000 monedas de oro a MAgopro.
7/2/2020 3:19:46 PM Keylogger le dio 2000000 monedas de oro a Dywalan.
7/2/2020 3:44:33 PM ADELINA le dio 1000000 monedas de oro a NiDo.
7/2/2020 3:52:54 PM Keylogger le dio 20000000 monedas de oro a TAiCHU.
7/2/2020 4:01:10 PM ZAKARiA le dio 1000000 monedas de oro a NiDo.
7/2/2020 4:57:34 PM Michael Farady le dio 400000 monedas de oro a KastherniV.
7/2/2020 5:00:00 PM KastherniV le dio 200000 monedas de oro a perukA.
7/2/2020 5:00:00 PM Michael Farady le dio 12000000 monedas de oro a Shevchenko.
7/2/2020 5:00:18 PM Michael Farady le dio 139047 monedas de oro a Shevchenko.
7/2/2020 5:01:50 PM Michael Farady le dio 200000 monedas de oro a KastherniV.
7/2/2020 5:24:35 PM Michael Farady le dio 500000 monedas de oro a dos dos.
7/2/2020 5:54:13 PM DanyhieL le dio 6000000 monedas de oro a MAgopro.
7/2/2020 6:33:43 PM Michael Farady le dio 200000 monedas de oro a MERO MERO.
7/2/2020 7:13:35 PM Michael Farady le dio 2000000 monedas de oro a GrandChester.
7/2/2020 7:56:30 PM Michael Farady le dio 100000 monedas de oro a asesinato.
7/2/2020 7:56:34 PM fotoshop le dio 100000 monedas de oro a asesinato.
7/2/2020 7:56:53 PM Michael Farady le dio 100000 monedas de oro a DanyhieL.
7/2/2020 8:15:29 PM RenaTo le dio 500000 monedas de oro a JhazkyT.
7/2/2020 8:34:07 PM ADELINA le dio 20000000 monedas de oro a fotoshop.
7/2/2020 8:34:26 PM fotoshop le dio 20000000 monedas de oro a ADELINA.
7/2/2020 8:36:03 PM ADELINA le dio 5000000 monedas de oro a fotoshop.
7/2/2020 8:39:29 PM RenaTo le dio 1000000 monedas de oro a The Unknown.
7/2/2020 9:03:18 PM ADELINA le dio 16600000 monedas de oro a DROPEADOR.
7/2/2020 9:04:07 PM RenaTo le dio 200000 monedas de oro a Gaia.
7/2/2020 9:04:57 PM DROPEADOR le dio 16600000 monedas de oro a TIDEO.
7/2/2020 9:31:40 PM RenaTo le dio 8000000 monedas de oro a SehkaY.
7/2/2020 9:32:04 PM RenaTo le dio 2000000 monedas de oro a SehkaY.
7/2/2020 9:33:45 PM RenaTo le dio 10000 monedas de oro a ZAKARiA.
7/2/2020 9:33:46 PM RenaTo le dio 10000 monedas de oro a ZAKARiA.
7/2/2020 9:33:46 PM RenaTo le dio 10000 monedas de oro a ZAKARiA.
7/2/2020 9:33:46 PM RenaTo le dio 10000 monedas de oro a ZAKARiA.
7/2/2020 9:33:47 PM RenaTo le dio 10000 monedas de oro a ZAKARiA.
7/2/2020 9:33:47 PM RenaTo le dio 10000 monedas de oro a ZAKARiA.
7/2/2020 9:33:47 PM RenaTo le dio 10000 monedas de oro a ZAKARiA.
7/2/2020 9:33:48 PM RenaTo le dio 10000 monedas de oro a ZAKARiA.
7/2/2020 9:33:48 PM RenaTo le dio 10000 monedas de oro a ZAKARiA.
7/2/2020 9:33:49 PM RenaTo le dio 10000 monedas de oro a ZAKARiA.
7/2/2020 9:33:49 PM RenaTo le dio 10000 monedas de oro a ZAKARiA.
7/2/2020 9:33:49 PM RenaTo le dio 10000 monedas de oro a ZAKARiA.
7/2/2020 9:33:50 PM RenaTo le dio 10000 monedas de oro a ZAKARiA.
7/2/2020 9:33:50 PM RenaTo le dio 10000 monedas de oro a ZAKARiA.
7/2/2020 9:33:50 PM RenaTo le dio 10000 monedas de oro a ZAKARiA.
7/2/2020 9:33:51 PM RenaTo le dio 10000 monedas de oro a ZAKARiA.
7/2/2020 9:33:51 PM RenaTo le dio 10000 monedas de oro a ZAKARiA.
7/2/2020 9:33:52 PM RenaTo le dio 10000 monedas de oro a ZAKARiA.
7/2/2020 9:33:52 PM RenaTo le dio 10000 monedas de oro a ZAKARiA.
7/2/2020 9:33:52 PM RenaTo le dio 10000 monedas de oro a ZAKARiA.
7/2/2020 9:33:53 PM RenaTo le dio 10000 monedas de oro a ZAKARiA.
7/2/2020 9:33:53 PM RenaTo le dio 10000 monedas de oro a ZAKARiA.
7/2/2020 9:33:53 PM RenaTo le dio 10000 monedas de oro a ZAKARiA.
7/2/2020 9:33:54 PM RenaTo le dio 10000 monedas de oro a ZAKARiA.
7/2/2020 9:33:55 PM RenaTo le dio 10000 monedas de oro a ZAKARiA.
7/2/2020 10:14:18 PM RenaTo le dio 200000 monedas de oro a SehkaY.
7/2/2020 10:28:46 PM baki hAnma le dio 2000000 monedas de oro a Noga Lite.
7/2/2020 11:16:01 PM dasfar le dio 500000 monedas de oro a Ghirtudes.
7/3/2020 1:03:33 AM Enanos le dio 200000 monedas de oro a GraSias.
7/3/2020 1:03:35 AM RenaTo le dio 200000 monedas de oro a GraSias.
7/3/2020 1:04:48 AM RenaTo le dio 200000 monedas de oro a GraSias.
7/3/2020 1:04:51 AM Michael Farady le dio 10000000 monedas de oro a iSSACk.
7/3/2020 1:06:41 AM RenaTo le dio 200000 monedas de oro a GraSias.
7/3/2020 1:28:00 AM totala le dio 400000 monedas de oro a Enanos.
7/3/2020 1:37:54 AM totala le dio 400000 monedas de oro a Enanos.
7/3/2020 2:01:50 AM TAiCHU le dio 20000000 monedas de oro a ZAKARiA.
7/3/2020 2:19:05 AM Neliam le dio 1539246 monedas de oro a Bonjour.
7/3/2020 2:19:34 AM Bonjour le dio 200000 monedas de oro a Neliam.
7/3/2020 2:20:26 AM Neliam le dio 200000 monedas de oro a Bonjour.
7/3/2020 2:23:12 AM XhenkyS le dio 100000 monedas de oro a Neliam.
7/3/2020 2:25:57 AM Shaqq le dio 951301 monedas de oro a Scrazy.
7/3/2020 2:26:05 AM Scrazy le dio 200000 monedas de oro a Shaqq.
7/3/2020 2:27:21 AM Moco le dio 63313 monedas de oro a Scrazy.
7/3/2020 2:28:28 AM Shaq le dio 666228 monedas de oro a Scrazy.
7/3/2020 2:28:34 AM Scrazy le dio 200000 monedas de oro a Shaq.
7/3/2020 2:29:31 AM Cooper le dio 8917637 monedas de oro a Scrazy.
7/3/2020 2:29:48 AM Scrazy le dio 200000 monedas de oro a Cooper.
7/3/2020 2:46:12 AM Porta gemas le dio 35000000 monedas de oro a Riquelmessi.
7/3/2020 2:46:24 AM Owen thiz le dio 2000000 monedas de oro a Enanos.
7/3/2020 2:50:35 AM Owencito le dio 6000000 monedas de oro a Shibe.
7/3/2020 2:53:19 AM Nhou Pio le dio 6900000 monedas de oro a iSSACk.
7/3/2020 2:53:36 AM Nhou Pio le dio 2000000 monedas de oro a iSSACk.
7/3/2020 2:54:52 AM Farruco le dio 4800000 monedas de oro a Shibe.
7/3/2020 2:56:59 AM Shibe le dio 10000000 monedas de oro a HiRAM.
7/3/2020 3:19:14 AM CUARENtENA le dio 3000000 monedas de oro a KastherniV.
7/3/2020 3:22:22 AM KRIMTA le dio 1000000 monedas de oro a Shibe.
7/3/2020 3:24:34 AM Marito le dio 15000000 monedas de oro a Shibe.
7/3/2020 3:32:02 AM HERCULES le dio 2000000 monedas de oro a Shibe.
7/3/2020 3:33:35 AM John Shelby le dio 3800000 monedas de oro a Shibe.
7/3/2020 3:33:50 AM Chulako le dio 4400000 monedas de oro a Shibe.
7/3/2020 3:49:53 AM Zheyda le dio 2800000 monedas de oro a Shibe.
7/3/2020 3:50:25 AM Korit le dio 1300000 monedas de oro a Shibe.
7/3/2020 3:53:40 AM totala le dio 3000000 monedas de oro a Enanos.
7/3/2020 3:59:16 AM totala le dio 400000 monedas de oro a Neliam.
7/3/2020 4:00:36 AM Neliam le dio 10000 monedas de oro a Bart Simpson.
7/3/2020 4:04:39 AM Vhimmala le dio 14000000 monedas de oro a Shibe.
7/3/2020 4:05:31 AM No Juego le dio 14000000 monedas de oro a KastherniV.
7/3/2020 4:06:18 AM Bladimir le dio 6000000 monedas de oro a KastherniV.
7/3/2020 4:06:54 AM No Juega le dio 8000000 monedas de oro a Shibe.
7/3/2020 4:30:52 AM DanyhieL le dio 1000000 monedas de oro a Neliam.
7/3/2020 4:31:11 AM Grado Cero le dio 1900000 monedas de oro a Neliam.
7/3/2020 4:31:28 AM Tila le dio 1500000 monedas de oro a Neliam.
7/3/2020 4:33:49 AM frutigram le dio 1100000 monedas de oro a Neliam.
7/3/2020 4:47:47 AM eternel le dio 56666 monedas de oro a iSSACk.
7/3/2020 4:59:59 AM Scrazy le dio 10000 monedas de oro a Shirigan.
7/3/2020 7:56:15 AM Rosario TIjeras le dio 500000 monedas de oro a Espinoza.
7/3/2020 12:36:20 PM Keylogger le dio 1000000 monedas de oro a PaTaTa.
7/3/2020 1:07:31 PM Shibe le dio 400000 monedas de oro a ASHAUSDJ.
7/3/2020 2:07:51 PM DanyhieL le dio 100000000 monedas de oro a Florence.
7/3/2020 2:16:14 PM Lyric le dio 200000 monedas de oro a fotoshop.
7/3/2020 2:18:00 PM fotoshop le dio 9800000 monedas de oro a PALERMO.
7/3/2020 2:40:55 PM Renger le dio 1000000 monedas de oro a fotoshop.
7/3/2020 3:01:16 PM Owen thiz le dio 17000000 monedas de oro a KastherniV.
7/3/2020 3:01:42 PM plashe est le dio 1000000 monedas de oro a KastherniV.
7/3/2020 3:01:55 PM SIN NOMBREE le dio 4000000 monedas de oro a KastherniV.
7/3/2020 3:04:12 PM Kamolina le dio 2000000 monedas de oro a KastherniV.
7/3/2020 3:04:59 PM Owen thiz le dio 29000000 monedas de oro a KastherniV.
7/3/2020 3:13:08 PM Zasko Master le dio 500000 monedas de oro a LA DEMONIA.
7/3/2020 3:17:18 PM Zasko Master le dio 100000 monedas de oro a sabalero.
7/3/2020 3:20:17 PM KastherniV le dio 75000000 monedas de oro a sabalero.
7/3/2020 3:22:53 PM MERO MERO le dio 1000000 monedas de oro a sabalero.
7/3/2020 3:40:42 PM CharLy le dio 200000 monedas de oro a fotoshop.
7/3/2020 3:43:58 PM CharLy le dio 40000 monedas de oro a MMGV VIII.
7/3/2020 3:44:37 PM calabuth le dio 100000 monedas de oro a fotoshop.
7/3/2020 3:49:32 PM Renger le dio 2333000 monedas de oro a fotoshop.
7/3/2020 4:15:11 PM Praimfaya le dio 500000 monedas de oro a Michael Farady.
7/3/2020 5:07:21 PM Zasko Master le dio 2500000 monedas de oro a Owen thiz.
7/3/2020 5:07:37 PM Zasko Master le dio 10000000 monedas de oro a Owen thiz.
7/3/2020 5:22:12 PM HiRAM le dio 10000000 monedas de oro a TeEnchufo.
7/3/2020 5:49:51 PM Eloy le dio 3000000 monedas de oro a Cusenier.
7/3/2020 6:21:16 PM iSSACk le dio 1000000 monedas de oro a Netmak.
7/3/2020 6:24:50 PM OffSet le dio 300000 monedas de oro a Netmak.
7/3/2020 7:01:43 PM Enanos le dio 4000000 monedas de oro a GreenGo.
7/3/2020 7:03:03 PM HeatoN le dio 10000000 monedas de oro a Enanos.
7/3/2020 7:15:26 PM Shazam le dio 94300113 monedas de oro a Scrazy.
7/3/2020 8:04:17 PM iSSACk le dio 2000000 monedas de oro a ZAKAGOD.
7/3/2020 8:05:19 PM ZAKARiA le dio 48000000 monedas de oro a ZAKAGOD.
7/3/2020 8:06:18 PM Selpher le dio 6000000 monedas de oro a ZAKAGOD.
7/3/2020 8:07:00 PM Riquelmessi le dio 35000000 monedas de oro a ZAKAGOD.
7/3/2020 9:25:16 PM Lherian le dio 1000000 monedas de oro a The Unknown.
7/3/2020 9:34:00 PM Beuttly le dio 1000000 monedas de oro a The Unknown.
7/3/2020 9:42:40 PM The Unknown le dio 1500000 monedas de oro a Beuttly.
7/3/2020 9:44:21 PM Zhurius le dio 500000 monedas de oro a qwertyuiop.
7/3/2020 10:20:14 PM Fuerza Gordoo le dio 100000 monedas de oro a Zhurius.
7/3/2020 11:01:12 PM Owen thiz le dio 5000000 monedas de oro a UnderNow.
7/4/2020 12:05:09 AM Dywalan le dio 100000 monedas de oro a Cooper.
7/4/2020 1:09:20 AM The Virzi le dio 1000000 monedas de oro a ottavis.
7/4/2020 1:21:36 AM RapunZeL le dio 500000 monedas de oro a Vjshel.
7/4/2020 1:58:42 AM KiRiXAN le dio 200000 monedas de oro a Shaqq.
7/4/2020 2:04:53 AM Maria le dio 600000 monedas de oro a Vjshel.
7/4/2020 2:52:14 AM KiRiXAN le dio 200000 monedas de oro a Maria.
7/4/2020 3:09:02 AM KleNry le dio 5500000 monedas de oro a Scrazy.
7/4/2020 3:09:54 AM Zasko Master le dio 300000 monedas de oro a Shaqq.
7/4/2020 3:10:11 AM RenaTo le dio 200000 monedas de oro a Shaqq.
7/4/2020 3:15:29 AM TAiCHU le dio 10000000 monedas de oro a RoMa.
7/4/2020 1:41:04 PM Dywalan le dio 1000000 monedas de oro a PaTaTa.
7/4/2020 2:23:19 PM DESTROGGER le dio 1000000 monedas de oro a fotoshop.
7/4/2020 2:34:56 PM Reina le dio 5000000 monedas de oro a Micaela.
7/4/2020 2:35:34 PM Renger JR le dio 4000000 monedas de oro a Micaela.
7/4/2020 2:39:13 PM Nato le dio 1900000 monedas de oro a Micaela.
7/4/2020 2:58:35 PM Renger le dio 11000000 monedas de oro a Strenker.
7/4/2020 3:01:44 PM The Unknown le dio 200000 monedas de oro a PaTaTa.
7/4/2020 3:03:02 PM Michael Farady le dio 500000 monedas de oro a PaTaTa.
7/4/2020 3:06:30 PM The Unknown le dio 1000000 monedas de oro a PaTaTa.
7/4/2020 3:17:39 PM fotoshop le dio 1000000 monedas de oro a Sovorno.
7/4/2020 3:38:10 PM Zasko Master le dio 2350000 monedas de oro a Zhara Eveh.
7/4/2020 9:41:51 PM Strenker le dio 1000000 monedas de oro a Lherian.
7/4/2020 9:47:49 PM Sin Nombre le dio 60000 monedas de oro a Cusenier.
7/4/2020 9:47:54 PM Sin Nombre le dio 600000 monedas de oro a Cusenier.
7/4/2020 9:52:15 PM Owen thiz le dio 6000000 monedas de oro a Cusenier.
7/4/2020 9:52:33 PM Cusenier le dio 2000000 monedas de oro a franchezca.
7/4/2020 10:39:57 PM franchezca le dio 10000000 monedas de oro a Shady.
7/4/2020 10:44:06 PM dasfar le dio 100000 monedas de oro a TomorrowLand.
7/4/2020 10:57:04 PM Strenker le dio 1000000 monedas de oro a Lherian.
7/4/2020 10:57:06 PM SehkaY le dio 1000000 monedas de oro a Lherian.
7/4/2020 11:20:35 PM jHON JAiRO le dio 10000000 monedas de oro a puntoExe.
7/4/2020 11:21:03 PM Lherian le dio 800000 monedas de oro a The Unknown.
7/4/2020 11:44:42 PM jHON JAiRO le dio 1000000 monedas de oro a ATR CUMBiA.
7/5/2020 12:39:52 AM RenaTo le dio 1000000 monedas de oro a DrixPoweR.
7/5/2020 12:46:50 AM The Unknown le dio 300000 monedas de oro a Klerhoff.
7/5/2020 12:54:16 AM The Unknown le dio 1000000 monedas de oro a UnderNow.
7/5/2020 12:58:20 AM The Unknown le dio 1000000 monedas de oro a Klerhoff.
7/5/2020 1:05:07 AM HUAWEI JRS le dio 700000 monedas de oro a wEsT dUBA.
7/5/2020 2:04:58 AM DaBabY le dio 50000 monedas de oro a Marito.
7/5/2020 4:51:57 AM bandolier le dio 300000 monedas de oro a IzZo.
7/5/2020 11:00:51 AM ZAKAGOD le dio 6000000 monedas de oro a Lherian.
7/5/2020 11:08:30 AM iNDiHiKiEV le dio 5000000 monedas de oro a Scrazy.
7/5/2020 11:12:20 AM iNDiHiViKiN le dio 40000000 monedas de oro a Scrazy.
7/5/2020 3:16:20 PM Beuttly le dio 1000000 monedas de oro a The Unknown.
7/5/2020 3:20:10 PM Renegado le dio 312312 monedas de oro a KARASANO.
7/5/2020 5:11:55 PM Michael Farady le dio 50000 monedas de oro a DaBabY.
7/5/2020 6:00:55 PM Owen thiz le dio 5000000 monedas de oro a Klerhoff.
7/5/2020 6:07:59 PM kRUSTY le dio 1000000 monedas de oro a Shael.
7/5/2020 6:30:33 PM Dywalan le dio 1000000 monedas de oro a Madelaine.
7/5/2020 7:42:32 PM UnderNow le dio 1000000 monedas de oro a Gioconda.
7/5/2020 8:34:25 PM Scrazy le dio 10000000 monedas de oro a RoMa.
7/5/2020 8:48:54 PM UnderNow le dio 500000 monedas de oro a MarHiuanO.
7/5/2020 9:13:48 PM Shady le dio 10000000 monedas de oro a Strenker.
7/5/2020 9:49:34 PM Renegado le dio 1231231 monedas de oro a Zabaleta.
7/5/2020 9:58:10 PM Renger le dio 10000000 monedas de oro a Shael.
7/5/2020 9:58:23 PM Shael le dio 8000000 monedas de oro a Chipi Barijho.
7/5/2020 10:07:34 PM Scrazy le dio 15000000 monedas de oro a jOwell.
7/5/2020 10:09:58 PM Scrazy le dio 20000 monedas de oro a Gioconda.
7/5/2020 10:12:10 PM Scrazy le dio 100000 monedas de oro a Gioconda.
7/5/2020 10:32:27 PM Dywalan le dio 200000 monedas de oro a AtheNea.
7/5/2020 11:11:22 PM Scrazy le dio 10000000 monedas de oro a Cooper.
7/5/2020 11:44:47 PM MAgopro le dio 1000000 monedas de oro a Strenker.
7/6/2020 12:14:21 AM RenaTo le dio 1000000 monedas de oro a Zabaleta.
7/6/2020 12:23:35 AM Chupala le dio 1231231 monedas de oro a Power.
7/6/2020 12:43:16 AM Chupala le dio 1231231 monedas de oro a Flash.
7/6/2020 1:23:28 AM totala le dio 1000000 monedas de oro a DON RAMON.
7/6/2020 1:32:30 AM Power le dio 200000 monedas de oro a Elver Galarga.
7/6/2020 1:34:23 AM Power le dio 200000 monedas de oro a Elver Galarga.
7/6/2020 2:31:06 AM Michael Farady le dio 5000000 monedas de oro a Shevchenko.
7/6/2020 2:37:22 PM Owen thiz le dio 2000000 monedas de oro a JiNiT.
7/6/2020 2:37:24 PM UnderNow le dio 2000000 monedas de oro a JiNiT.
7/6/2020 2:44:26 PM RenaTo le dio 100000 monedas de oro a SehkaY.
7/6/2020 2:45:16 PM RenaTo le dio 500000 monedas de oro a SehkaY.
7/6/2020 3:13:17 PM DESTROGGER le dio 500000 monedas de oro a misouri.
7/6/2020 3:21:42 PM Michael Farady le dio 200000 monedas de oro a Zabaleta.
7/6/2020 3:28:42 PM GrandChester le dio 50000 monedas de oro a Johnson muerto.
7/6/2020 3:31:39 PM Owen thiz le dio 10000000 monedas de oro a Zasko Master.
7/6/2020 3:32:08 PM Michael Farady le dio 1264662 monedas de oro a LE ZIMBAWE.
7/6/2020 3:33:05 PM Zasko Master le dio 10000000 monedas de oro a Shady.
7/6/2020 3:34:29 PM Zasko Master le dio 10000000 monedas de oro a Shady.
7/6/2020 3:37:12 PM Sin Nombre le dio 79000 monedas de oro a Johnson muerto.
7/6/2020 3:43:15 PM Owen thiz le dio 10000000 monedas de oro a Zasko Master.
7/6/2020 4:17:24 PM Zasko Master le dio 1000000 monedas de oro a JiNiT.
7/6/2020 5:45:39 PM No Juego le dio 300000 monedas de oro a Sin Nombre.
7/6/2020 6:00:33 PM Strenker le dio 300000 monedas de oro a Lherian.
7/6/2020 6:08:49 PM Lherian le dio 300000 monedas de oro a Strenker.
7/6/2020 6:38:21 PM Lucky le dio 7000000 monedas de oro a Bobeda Off.
7/6/2020 6:44:26 PM Rosario TIjeras le dio 5000000 monedas de oro a Bobeda Off.
7/6/2020 7:50:27 PM TAiCHU le dio 1000000 monedas de oro a HERCULES.
7/6/2020 7:52:31 PM Micaela le dio 500000 monedas de oro a Shael.
7/6/2020 7:57:12 PM jHON JAiRO le dio 1000000 monedas de oro a RoMa.
7/6/2020 7:57:47 PM KiRiXAN le dio 1000000 monedas de oro a RoMa.
7/6/2020 8:03:33 PM TIDEO le dio 10000000 monedas de oro a UnderNow.
7/6/2020 8:06:27 PM Renger le dio 8000000 monedas de oro a Shael.
7/6/2020 8:09:39 PM UnderNow le dio 10000000 monedas de oro a RoMa.
7/6/2020 8:28:57 PM Strenker le dio 1000000 monedas de oro a HAiDA.
7/6/2020 8:37:02 PM UnderNow le dio 1000000 monedas de oro a lord Ragnar.
7/6/2020 9:14:19 PM Chupala le dio 10123123 monedas de oro a Power.
7/6/2020 9:43:47 PM Hector Lavoe le dio 10000000 monedas de oro a JiNiT.
7/6/2020 10:59:23 PM The Unknown le dio 500000 monedas de oro a lord Ragnar.
7/6/2020 11:05:30 PM HUAWEI JRS le dio 500000 monedas de oro a lord Ragnar.
7/6/2020 11:06:16 PM Pheonix le dio 200000 monedas de oro a Rels B.
7/6/2020 11:08:50 PM Roben le dio 4000000 monedas de oro a Bardo G.
7/6/2020 11:09:08 PM Pheonix le dio 200000 monedas de oro a Rels B.
7/6/2020 11:10:44 PM Bot Magic le dio 2000000 monedas de oro a Bobeda Off.
7/6/2020 11:12:18 PM Lucky le dio 20000000 monedas de oro a Bobeda Off.
7/6/2020 11:22:35 PM HERCULES le dio 1400000 monedas de oro a iSSACk.
7/6/2020 11:23:09 PM Strenker le dio 500000 monedas de oro a Vjshel.
7/6/2020 11:24:14 PM Strenker le dio 400000 monedas de oro a UnderNow.
7/6/2020 11:27:55 PM The Unknown le dio 200000 monedas de oro a Rels B.
7/6/2020 11:28:21 PM The Unknown le dio 300000 monedas de oro a Rels B.
7/6/2020 11:38:51 PM Quintana le dio 2000000 monedas de oro a Scrazy.
7/6/2020 11:40:35 PM The Unknown le dio 500000 monedas de oro a Zabaleta.
7/6/2020 11:46:07 PM UnderNow le dio 100000 monedas de oro a Vjshel.
7/6/2020 11:55:56 PM RenaTo le dio 1000000 monedas de oro a The Unknown.
7/6/2020 11:57:26 PM RenaTo le dio 200000 monedas de oro a SehkaY.
7/7/2020 12:04:51 AM Cooper le dio 2000000 monedas de oro a Vjshel.
7/7/2020 12:04:54 AM Arya Stark le dio 200000 monedas de oro a Vjshel.
7/7/2020 12:06:09 AM Hector Lavoe le dio 2000000 monedas de oro a UnderNow.
7/7/2020 12:11:45 AM RenaTo le dio 200000 monedas de oro a SehkaY.
7/7/2020 12:52:57 AM Power le dio 200000 monedas de oro a Klerhoff.
7/7/2020 8:12:51 AM UnderNow le dio 2000000 monedas de oro a BlackSoull.
7/7/2020 8:41:20 AM UnderNow le dio 2000000 monedas de oro a BlackSoull.
7/7/2020 9:42:26 AM UnderNow le dio 2000000 monedas de oro a BlackSoull.
7/7/2020 11:41:41 AM lord Ragnar le dio 857844 monedas de oro a lula.
7/7/2020 1:08:29 PM TIDEO le dio 500000 monedas de oro a Elysa.
7/7/2020 1:55:26 PM iSSACk le dio 1000000 monedas de oro a Gioconda.
7/7/2020 2:18:45 PM Husseim le dio 2000000 monedas de oro a JiNiT.
7/7/2020 2:18:50 PM Zasko Master le dio 2000000 monedas de oro a JiNiT.
7/7/2020 2:54:14 PM Renger le dio 5000000 monedas de oro a Strenker.
7/7/2020 2:55:40 PM Cyrus le dio 1000000 monedas de oro a Strenker.
7/7/2020 3:45:02 PM los uno le dio 12000000 monedas de oro a Strenker.
7/7/2020 4:23:31 PM SehkaY le dio 1000000 monedas de oro a Chose Life.
7/7/2020 4:24:47 PM KreiL le dio 900000 monedas de oro a Galileo Galilei.
7/7/2020 5:13:22 PM Shibe le dio 1500000 monedas de oro a Casita.
7/7/2020 5:40:05 PM Ziruja le dio 1000000 monedas de oro a xeamy.
7/7/2020 5:54:02 PM TAiCHU le dio 1000000 monedas de oro a Madelaine.
7/7/2020 6:12:54 PM Noga Lite le dio 500000 monedas de oro a KiRiXAN.
7/7/2020 7:23:54 PM RenaTo le dio 12000000 monedas de oro a SehkaY.
7/7/2020 7:29:05 PM UnderNow le dio 1000000 monedas de oro a The Unknown.
7/7/2020 8:33:30 PM lord Ragnar le dio 2000000 monedas de oro a Der Verbrecher.
7/7/2020 8:38:15 PM SehkaY le dio 17000000 monedas de oro a Hector Lavoe.
7/7/2020 9:46:24 PM Owen thiz le dio 6000000 monedas de oro a Casita.
7/7/2020 10:23:21 PM HeatoN le dio 5000000 monedas de oro a MarGaritta.
7/7/2020 10:26:10 PM RenaTo le dio 1000000 monedas de oro a The Unknown.
7/7/2020 10:26:12 PM Lherian le dio 3000000 monedas de oro a The Unknown.
7/7/2020 10:27:59 PM Lherian le dio 600000 monedas de oro a Gioconda.
7/7/2020 11:06:00 PM Ultra Instic le dio 8000000 monedas de oro a Zhennmeng.
7/7/2020 11:06:38 PM Zhennmeng le dio 8000000 monedas de oro a Enanos.
7/7/2020 11:23:27 PM The Unknown le dio 500000 monedas de oro a Zabaleta.
7/7/2020 11:55:45 PM RenaTo le dio 200000 monedas de oro a Gioconda.
7/7/2020 11:56:43 PM RenaTo le dio 1000000 monedas de oro a Gioconda.
7/7/2020 11:58:39 PM Gioconda le dio 500000 monedas de oro a RenaTo.
7/7/2020 11:58:55 PM RenaTo le dio 100000 monedas de oro a Fumado.
7/8/2020 12:01:41 AM The Unknown le dio 2000000 monedas de oro a RenaTo.
7/8/2020 12:01:46 AM The Unknown le dio 1000000 monedas de oro a Zabaleta.
7/8/2020 12:21:24 AM Klerhoff le dio 25000 monedas de oro a Jhon KonoR.
7/8/2020 12:28:44 AM Zabaleta le dio 200000 monedas de oro a Zhaer.
7/8/2020 12:39:31 AM Power le dio 200000 monedas de oro a Zabaleta.
7/8/2020 12:46:01 AM Gioconda le dio 45000 monedas de oro a Zabaleta.
7/8/2020 12:47:00 AM The Unknown le dio 1000000 monedas de oro a Zabaleta.
7/8/2020 12:47:02 AM Power le dio 500000 monedas de oro a Zabaleta.
7/8/2020 12:53:51 AM KiaToNe le dio 100000 monedas de oro a OffSet.
7/8/2020 1:17:59 AM Owen thiz le dio 2000000 monedas de oro a Klerhoff.
7/8/2020 1:45:58 AM Owen thiz le dio 5000000 monedas de oro a Cusenier.
7/8/2020 1:50:19 AM MAgopro le dio 2000000 monedas de oro a Johnson muerto.
7/8/2020 2:02:12 AM DESTROGGER le dio 1000000 monedas de oro a DaBabY.
7/8/2020 2:10:04 AM DESTROGGER le dio 1000000 monedas de oro a DaBabY.
7/8/2020 2:10:12 AM ROBIN HOOD le dio 600000 monedas de oro a DaBabY.
7/8/2020 2:28:51 AM Owen thiz le dio 5000000 monedas de oro a Johnson muerto.
7/8/2020 2:41:04 AM berenicE le dio 5000000 monedas de oro a BlackSoull.
7/8/2020 2:45:35 AM berenicE le dio 2000000 monedas de oro a Owen thiz.
7/8/2020 3:53:26 AM jHON JAiRO le dio 200000 monedas de oro a albeiro.
7/8/2020 3:53:27 AM Johnson muerto le dio 300000 monedas de oro a albeiro.
7/8/2020 4:03:31 AM jHON JAiRO le dio 200000 monedas de oro a Gioconda.
7/8/2020 4:05:08 AM TIDEO le dio 1000000 monedas de oro a Gioconda.
7/8/2020 7:51:09 AM BlackSoull le dio 40000 monedas de oro a CORONAViRUS.
7/8/2020 3:34:33 PM Kamolina le dio 2000000 monedas de oro a Noga Lite.
7/8/2020 5:09:24 PM Owen thiz le dio 6000000 monedas de oro a GoRRiLLa GluE.
7/8/2020 5:36:06 PM Renger le dio 1000000 monedas de oro a UnderNow.
7/8/2020 6:11:19 PM KyznaroV le dio 700000 monedas de oro a PaTaTa.
7/8/2020 7:06:13 PM SehkaY le dio 6000000 monedas de oro a Abra Kadabra.
7/8/2020 8:25:55 PM Strenker le dio 1000000 monedas de oro a Nhoa.
7/8/2020 8:40:22 PM Nhoa le dio 100000 monedas de oro a CLEAR.
7/9/2020 12:53:20 AM The Unknown le dio 200000 monedas de oro a DrixPoweR.
7/9/2020 12:54:46 AM Klerhoff le dio 200000 monedas de oro a DrixPoweR.
7/9/2020 2:12:21 AM Chupala le dio 123123 monedas de oro a Destiny.
7/9/2020 2:21:05 AM The Unknown le dio 500000 monedas de oro a Zhendall.
7/9/2020 1:37:49 PM TAiCHU le dio 100000 monedas de oro a KARASANO.
7/9/2020 6:36:15 PM Noga Lite le dio 500000 monedas de oro a vhaltaz.
7/9/2020 7:41:38 PM Zhendall le dio 600000 monedas de oro a Neutio.
7/9/2020 8:00:32 PM Lherian le dio 1000000 monedas de oro a UnderNow.
7/9/2020 9:04:16 PM Lherian le dio 2000000 monedas de oro a HeyertaL I.
7/9/2020 9:11:43 PM HeyertaL I le dio 2000000 monedas de oro a Lherian.
7/9/2020 10:08:33 PM Zhendall le dio 500000 monedas de oro a KiaToNe.
7/9/2020 10:57:41 PM The Unknown le dio 200000 monedas de oro a ESSEN.
7/9/2020 11:42:03 PM Zhendall le dio 200000 monedas de oro a AxxA II.
7/9/2020 11:43:28 PM Zhendall le dio 200000 monedas de oro a AxxA II.
7/9/2020 11:46:07 PM Zhendall le dio 200000 monedas de oro a AxxA II.
7/10/2020 12:37:00 AM The Unknown le dio 200000 monedas de oro a LupitA.
7/10/2020 12:48:13 AM RenaTo le dio 1000000 monedas de oro a The Unknown.
7/10/2020 1:59:05 AM KyznaroV le dio 4000000 monedas de oro a Cusenier.
7/10/2020 2:55:43 AM Renegado le dio 1000000 monedas de oro a kAENNo.
7/10/2020 3:16:57 AM No Juego le dio 500000 monedas de oro a franchezca.
7/10/2020 3:17:04 AM No Juego le dio 2500000 monedas de oro a franchezca.
7/10/2020 3:16:57 PM Renger le dio 20000000 monedas de oro a HeyertaL I.
7/10/2020 5:18:18 PM Freyja le dio 15000000 monedas de oro a Strenker.
7/10/2020 6:16:09 PM jHON JAiRO le dio 2000000 monedas de oro a UnderNow.
7/10/2020 7:44:23 PM Renger le dio 5000000 monedas de oro a Beuttly.
7/10/2020 7:51:18 PM SehkaY le dio 200000 monedas de oro a Zabaleta.
7/10/2020 7:54:12 PM Zasko Master le dio 100000 monedas de oro a Zabaleta.
7/10/2020 10:07:37 PM Lherian le dio 1000000 monedas de oro a KALOPOLA.
7/10/2020 10:19:51 PM The Unknown le dio 100000 monedas de oro a KALOPOLA.
7/10/2020 10:22:30 PM The Unknown le dio 200000 monedas de oro a KALOPOLA.
7/11/2020 12:13:23 AM KALOPOLA le dio 200000 monedas de oro a mellodas.
7/11/2020 12:13:36 AM The Unknown le dio 600000 monedas de oro a mellodas.
7/11/2020 4:13:31 AM KyznaroV le dio 1000000 monedas de oro a BlackSoull.
7/11/2020 12:25:41 PM SehkaY le dio 500000 monedas de oro a SKYLER.
7/11/2020 5:45:08 PM No Juego le dio 200000 monedas de oro a KALOPOLA.
7/11/2020 5:45:22 PM No Juego le dio 2000000 monedas de oro a KALOPOLA.
7/11/2020 6:37:43 PM Noga Lite le dio 20000000 monedas de oro a Shady.
7/11/2020 7:41:47 PM totala le dio 2000000 monedas de oro a The Unknown.
7/11/2020 8:45:21 PM totala le dio 2000000 monedas de oro a Cusenier.
7/11/2020 9:59:09 PM The Unknown le dio 500000 monedas de oro a Sra Lamonsoff.
7/11/2020 10:07:58 PM Sra Lamonsoff le dio 400000 monedas de oro a ZeleNac.
7/11/2020 10:36:02 PM Renegado le dio 2000000 monedas de oro a Okey.
7/11/2020 10:45:00 PM Lherian le dio 1000000 monedas de oro a KhannaN.
7/11/2020 11:13:34 PM The Unknown le dio 500000 monedas de oro a Zabaleta.
7/11/2020 11:29:15 PM ESSEN le dio 1000000 monedas de oro a ZeleNac.
7/11/2020 11:43:24 PM The Unknown le dio 2000000 monedas de oro a Zabaleta.
7/12/2020 3:16:57 AM BlackSoull le dio 2000000 monedas de oro a lAVAR dERA.
7/12/2020 11:22:51 AM Owen thiz le dio 5000000 monedas de oro a vhaltaz.
7/12/2020 12:42:13 PM MAgopro le dio 10000000 monedas de oro a Nhatalael.
7/12/2020 8:06:37 PM Hector Lavoe le dio 2000000 monedas de oro a Shady.
7/12/2020 8:06:49 PM Kamolina le dio 2000000 monedas de oro a Shady.
7/12/2020 8:21:15 PM franchezca le dio 2000000 monedas de oro a Shady.
7/12/2020 8:32:38 PM Kamolina le dio 20000000 monedas de oro a Shady.
7/12/2020 9:39:00 PM Kamolina le dio 3000000 monedas de oro a No Juega.
7/12/2020 11:40:21 PM EnnyA le dio 3500000 monedas de oro a SehkaY.
7/12/2020 11:40:53 PM Renegado le dio 1000000 monedas de oro a KhannaN.
7/13/2020 12:42:36 AM totala le dio 2000000 monedas de oro a Cusenier.
7/13/2020 1:45:45 AM RenaTo le dio 4000000 monedas de oro a SoteldO.
7/13/2020 3:43:36 AM DanyhieL le dio 10000000 monedas de oro a LUCHITO SSJ.
7/13/2020 5:36:25 AM Bhavi le dio 100000 monedas de oro a Zabaleta.
7/13/2020 6:48:06 AM BlackSoull le dio 1500000 monedas de oro a PaTaTa.
7/13/2020 9:46:26 AM BlackSoull le dio 2000000 monedas de oro a fotoshop.
7/13/2020 11:05:31 AM fotoshop le dio 1000000 monedas de oro a BlackSoull.
7/13/2020 2:35:01 PM The Virzi le dio 200000 monedas de oro a eternel.
7/13/2020 3:31:17 PM HeyertaL I le dio 1000000 monedas de oro a AstaroTh.
7/13/2020 3:34:00 PM Zasko Master le dio 300000 monedas de oro a AstaroTh.
7/13/2020 4:06:40 PM totala le dio 2000000 monedas de oro a Cusenier.
7/13/2020 6:13:57 PM bandolier le dio 1000000 monedas de oro a AstaroTh.
7/13/2020 6:19:51 PM UnderNow le dio 1000000 monedas de oro a bandolier.
7/13/2020 6:26:12 PM Vhimmala le dio 3000000 monedas de oro a Noga Lite.
7/13/2020 6:28:58 PM UnderNow le dio 2000000 monedas de oro a KHALOPOE.
7/13/2020 6:29:03 PM UnderNow le dio 200000 monedas de oro a KHALOPOE.
7/13/2020 6:46:27 PM totala le dio 2000000 monedas de oro a No Juega.
7/13/2020 8:32:45 PM Vhimmala le dio 2000000 monedas de oro a DaBabY.
7/13/2020 9:48:35 PM SehkaY le dio 600000 monedas de oro a The Unknown.
7/13/2020 11:08:59 PM totala le dio 10000 monedas de oro a Khuroro.
7/13/2020 11:49:44 PM CORONAViRUS le dio 500000 monedas de oro a JharD.
7/14/2020 12:43:57 AM dasfar le dio 5000000 monedas de oro a The Unknown.
7/14/2020 1:19:10 AM RenaTo le dio 1000000 monedas de oro a Zabaleta.
7/14/2020 8:22:03 PM No Juego le dio 3000000 monedas de oro a Noga Lite.
7/14/2020 8:37:50 PM Zhendall le dio 500000 monedas de oro a Ultra Instic.
7/14/2020 9:55:09 PM KiaToNe le dio 100000 monedas de oro a Zhendall.
7/14/2020 10:26:53 PM Noga Lite le dio 100000 monedas de oro a AstaroTh.
7/14/2020 10:42:33 PM unbanee le dio 3560988 monedas de oro a Noga Lite.
7/14/2020 10:43:48 PM KiaToNe le dio 100000 monedas de oro a Tannen.
7/14/2020 11:04:14 PM Renegado le dio 20000000 monedas de oro a Shady.
7/14/2020 11:21:29 PM UnderNow le dio 5000000 monedas de oro a MiSTiD.
7/15/2020 12:03:52 AM RenaTo le dio 4000000 monedas de oro a MiSTiD.
7/15/2020 12:23:03 AM Strenker le dio 200000 monedas de oro a Timmers.
7/15/2020 12:26:57 AM Renegado le dio 4000000 monedas de oro a Timmers.
7/15/2020 1:06:38 AM The Unknown le dio 300000 monedas de oro a Lamonsoff.
7/15/2020 2:04:47 AM RenaTo le dio 400000 monedas de oro a kROMO.
7/15/2020 3:05:30 AM totala le dio 3000000 monedas de oro a CORONAViRUS.
7/15/2020 10:37:49 AM Enanos le dio 500000 monedas de oro a ALIYAH.
7/15/2020 11:27:46 AM MAgopro le dio 10000000 monedas de oro a Rhikzer.
7/15/2020 12:07:50 PM MAgopro le dio 10000000 monedas de oro a Shady.
7/15/2020 1:49:30 PM UnderNow le dio 500000 monedas de oro a BlenD.
7/15/2020 2:00:44 PM Husseim le dio 500000 monedas de oro a NIKE.
7/15/2020 3:16:26 PM Noga Lite le dio 2000000 monedas de oro a franchezca.
7/15/2020 4:07:13 PM totala le dio 2000000 monedas de oro a Cusenier.
7/15/2020 5:11:31 PM totala le dio 2000000 monedas de oro a Cusenier.
7/15/2020 6:02:36 PM totala le dio 2000000 monedas de oro a Cusenier.
7/15/2020 6:28:48 PM BlenD le dio 6000000 monedas de oro a NIKE.
7/15/2020 6:34:01 PM Michael Farady le dio 10000 monedas de oro a Rhikzer.
7/15/2020 6:34:36 PM totala le dio 2000000 monedas de oro a Cusenier.
7/15/2020 10:01:59 PM Husseim le dio 2000000 monedas de oro a Noga Lite.
7/15/2020 10:02:15 PM Noga Lite le dio 2000000 monedas de oro a Gelato Haze.
7/16/2020 2:34:50 AM mellodas le dio 600000 monedas de oro a MBappe.
7/16/2020 2:35:23 AM MBappe le dio 200000 monedas de oro a mellodas.
7/16/2020 2:41:08 AM XhenkyS le dio 1500000 monedas de oro a mellodas.
7/16/2020 12:00:49 PM totala le dio 500000 monedas de oro a SUNDOWN.
7/16/2020 3:17:21 PM totala le dio 2000000 monedas de oro a Cusenier.
7/16/2020 6:52:06 PM Lherian le dio 200000 monedas de oro a RayderZ.
7/16/2020 10:46:53 PM Zhennmeng le dio 1000000 monedas de oro a Phershema.
7/17/2020 9:32:56 PM MAgopro le dio 1000000 monedas de oro a Apudor.
7/17/2020 10:15:31 PM Renegado le dio 1231231 monedas de oro a nacho flores.
7/17/2020 11:53:17 PM The Unknown le dio 100000 monedas de oro a Ke Personaje.
7/18/2020 12:54:54 AM The Unknown le dio 1000000 monedas de oro a KiaToNe.
7/18/2020 12:59:05 AM totala le dio 200000 monedas de oro a Zhennklaff.
7/18/2020 1:09:05 AM totala le dio 300000 monedas de oro a Drop Gema.
7/18/2020 12:03:50 PM franchezca le dio 3000000 monedas de oro a INSTINCT.
7/18/2020 2:43:30 PM totala le dio 2000000 monedas de oro a Cusenier.
7/18/2020 2:54:00 PM Bieen NASI le dio 300000 monedas de oro a EsTeLiThA.
7/18/2020 3:20:53 PM Bieen NASI le dio 300000 monedas de oro a Persefone.
7/18/2020 3:38:38 PM RenaTo le dio 100000 monedas de oro a Persefone.
