6/24/2020 3:33:25 AM YAIEL canjeo /gemas: 1 gema octarina
6/24/2020 3:33:52 AM YAIEL mejoró el objeto: Corona
6/24/2020 4:23:47 AM YAIEL canjeo /gemas: 1 gema octarina
6/24/2020 6:01:10 AM Renger canjeo /gemas: 1 gema octarina
6/24/2020 6:02:09 AM Freyja mejoró el objeto: Armadura Heróica (Altos)
6/24/2020 7:30:04 PM fotoshop canjeo /gemas: 1 gema octarina
6/24/2020 7:30:17 PM fotoshop mejoró el objeto: Túnica Apocalíptica (RM+15)
6/24/2020 10:10:01 PM dasfar canjeo /gemas: 1 gema octarina
6/24/2020 10:11:05 PM berenicE mejoró el objeto: Casco de Gladiador
6/24/2020 11:24:19 PM Lamonsoff canjeo /gemas: 1 gema octarina
6/26/2020 12:18:19 AM YAIEL canjeo /gemas: 1 gema octarina
6/26/2020 2:02:40 AM YAIEL mejoró el objeto: Espada del Balrog
6/26/2020 6:11:14 AM YAIEL canjeo /gemas: 1 gema octarina
6/26/2020 9:05:18 AM Ziruja canjeo /gemas: 30.000 almas
6/26/2020 10:45:46 AM bobedita canjeo /gemas: 1 gema octarina
6/26/2020 10:46:04 AM KreiL mejoró el objeto: Sombrero de Baile
6/27/2020 1:32:39 PM Owen thiz canjeo /gemas: 1 gema octarina
6/27/2020 1:32:42 PM Owen thiz mejoró el objeto: Anillo de los Dioses
6/27/2020 1:59:38 PM Zasko Master canjeo /gemas: 1 gema octarina
6/27/2020 2:00:00 PM Zasko Master mejoró el objeto: Túnica Apocalíptica (RM+15)
6/27/2020 7:08:10 PM Michael Farady canjeo /gemas: 1 gema octarina
6/27/2020 7:08:21 PM Michael Farady mejoró el objeto: Manto Alado (E/G)
6/27/2020 7:23:59 PM YAIEL canjeo /gemas: 1 gema octarina
6/27/2020 7:24:20 PM YAIEL mejoró el objeto: Espada del Balrog
6/27/2020 8:00:02 PM YAIEL canjeo /gemas: 1 gema octarina
6/27/2020 8:00:09 PM YAIEL mejoró el objeto: Manto Alado (E/G)
6/28/2020 12:29:50 AM YAIEL canjeo /gemas: 1 gema octarina
6/28/2020 12:30:15 AM YAIEL mejoró el objeto: Daga Infernal
6/28/2020 12:37:54 AM The Virzi canjeo /gemas: 1 gema octarina
6/28/2020 12:38:00 AM The Virzi mejoró el objeto: Corona
6/28/2020 12:48:49 AM Lamonsoff mejoró el objeto: Túnica Apocalíptica (RM+15)(Bajos)
6/28/2020 3:04:59 AM YAIEL canjeo /gemas: 1 gema octarina
6/28/2020 3:55:20 AM Oliver tree canjeo /gemas: 1 gema octarina
6/28/2020 3:56:00 AM Oliver tree mejoró el objeto: Espada Argentum
6/28/2020 4:34:05 AM SHAWARMA canjeo /gemas: 1 gema octarina
6/28/2020 4:34:09 AM SHAWARMA mejoró el objeto: Espada Argentum
6/28/2020 8:48:21 AM Ziruja canjeo /gemas: 30.000 almas
6/28/2020 3:34:30 PM The Virzi canjeo /gemas: 30.000 almas
6/28/2020 3:45:37 PM The Virzi canjeo /gemas: 30.000 almas
6/28/2020 4:24:34 PM felipito canjeo /gemas: 1 gema octarina
6/28/2020 4:24:42 PM felipito mejoró el objeto: Anillo de los Dioses
6/28/2020 5:47:40 PM The Virzi canjeo /gemas: 30.000 almas
6/28/2020 5:47:44 PM The Virzi canjeo /gemas: 30.000 almas
6/28/2020 6:11:24 PM The Unknown canjeo /gemas: 1 gema octarina
6/28/2020 6:11:33 PM The Unknown mejoró el objeto: Túnica Apocalíptica (RM+15)
6/28/2020 6:13:38 PM Owencito canjeo /gemas: 1 gema octarina
6/28/2020 6:14:38 PM Owencito mejoró el objeto: Cetro de Archimago
6/28/2020 6:26:41 PM SehkaY canjeo /gemas: 1 gema octarina
6/28/2020 6:27:27 PM SehkaY mejoró el objeto: Manto Alado (Altos)
6/28/2020 9:33:44 PM boveda canjeo /gemas: 1 gema octarina
6/28/2020 9:33:54 PM boveda canjeo /gemas: 1 gema octarina
6/28/2020 9:33:59 PM boveda canjeo /gemas: 1 gema octarina
6/28/2020 9:34:03 PM boveda canjeo /gemas: 1 gema octarina
6/28/2020 9:35:08 PM calabuth mejoró el objeto: Manto Alado (Altos)
6/28/2020 9:35:13 PM calabuth mejoró el objeto: Espada Argentum
6/28/2020 9:38:11 PM lampara mejoró el objeto: Armadura Heróica (Altos)
6/28/2020 9:46:37 PM Xhev canjeo /gemas: 1 gema octarina
6/28/2020 9:46:51 PM Xhev mejoró el objeto: Cetro de Archimago
6/28/2020 9:49:13 PM Shevchenko canjeo /gemas: 1 gema octarina
6/28/2020 9:49:50 PM Shevchenko mejoró el objeto: Manto Alado (Altos)
6/29/2020 12:35:03 AM krystal canjeo /gemas: 1 gema octarina
6/29/2020 12:35:07 AM krystal mejoró el objeto: Cetro de Archimago
6/29/2020 12:36:39 AM Brikenia canjeo /gemas: 1 gema octarina
6/29/2020 8:22:29 AM Husseim canjeo /gemas: 1 gema octarina
6/29/2020 8:23:19 AM Husseim mejoró el objeto: Corona
6/29/2020 10:36:22 AM Husseim canjeo /gemas: 1 gema octarina
6/29/2020 10:36:27 AM Husseim mejoró el objeto: Túnica Apocalíptica (RM+15)
6/29/2020 3:12:43 PM GrandChester canjeo /gemas: 1 gema octarina
6/29/2020 3:12:53 PM GrandChester mejoró el objeto: Corona
6/29/2020 5:54:51 PM Akhender canjeo: 150 puntos de torneo.
6/29/2020 6:03:26 PM Michael Farady canjeo /gemas: 1 gema octarina
6/29/2020 6:03:45 PM Michael Farady mejoró el objeto: Escudo Tenebroso
6/29/2020 6:36:22 PM Lherian mejoró el objeto: Cetro de Archimago
6/29/2020 7:18:23 PM Owencito canjeo /gemas: 30.000 almas
6/29/2020 7:40:37 PM thyam canjeo /gemas: 30.000 almas
6/29/2020 8:19:06 PM No Juego canjeo /gemas: 1 gema octarina
6/29/2020 8:19:13 PM No Juego mejoró el objeto: Espada de las Almas
6/29/2020 11:17:43 PM YAIEL canjeo /gemas: 1 gema octarina
6/29/2020 11:18:06 PM YAIEL canjeo /gemas: 1 gema octarina
6/29/2020 11:30:35 PM Owencito canjeo /gemas: 30.000 almas
6/30/2020 2:25:45 AM YAIEL canjeo /gemas: 1 gema octarina
6/30/2020 3:40:34 AM ADELINA canjeo /gemas: 1 gema octarina
6/30/2020 3:40:42 AM ADELINA mejoró el objeto: Túnica Apocalíptica (RM+15)
6/30/2020 4:48:36 AM YAIEL canjeo /gemas: 1 gema octarina
6/30/2020 1:57:34 PM Lherian canjeo: Pendiente de sacrificio
6/30/2020 1:57:43 PM Lherian canjeo: Pendiente de sacrificio
6/30/2020 1:57:47 PM Lherian canjeo: Pendiente de sacrificio
6/30/2020 4:27:16 PM GrandChester canjeo /gemas: 1 gema octarina
6/30/2020 4:27:26 PM GrandChester mejoró el objeto: Anillo de los Dioses
6/30/2020 5:39:07 PM No Juego canjeo /gemas: 1 gema octarina
6/30/2020 5:39:11 PM No Juego mejoró el objeto: Anillo de los Dioses
6/30/2020 6:35:20 PM YAIEL mejoró el objeto: Escudo de Dragón
6/30/2020 6:36:29 PM Renegado mejoró el objeto: Sombrero de Baile
6/30/2020 6:36:45 PM YAIEL mejoró el objeto: Corona
6/30/2020 6:38:19 PM totala mejoró el objeto: Armadura Heróica (Altos)
6/30/2020 7:42:55 PM Lherian canjeo: Pendiente de sacrificio
6/30/2020 9:37:14 PM Owen thiz canjeo /gemas: 1 gema octarina
6/30/2020 9:37:29 PM Owen thiz mejoró el objeto: Corona
6/30/2020 9:42:03 PM Strenker mejoró el objeto: Escudo Tenebroso
6/30/2020 10:59:05 PM ZAKARiA canjeo: 150 puntos de torneo.
7/1/2020 12:33:21 AM Scrazy canjeo: 150 puntos de torneo.
7/1/2020 1:01:15 AM YAIEL canjeo /gemas: 1 gema octarina
7/1/2020 1:02:04 AM totala mejoró el objeto: Manto Alado (Altos)
7/1/2020 2:18:00 AM Power canjeo /gemas: 1 gema octarina
7/1/2020 3:07:45 AM Power mejoró el objeto: Túnica Apocalíptica (RM+15)
7/1/2020 11:54:06 AM fotoshop canjeo /gemas: 1 gema octarina
7/1/2020 11:54:20 AM fotoshop mejoró el objeto: Cetro de Archimago
7/1/2020 12:55:27 PM ZAKARiA canjeo: 150 puntos de torneo.
7/1/2020 12:56:15 PM ZAKARiA canjeo: 150 puntos de torneo.
7/1/2020 12:56:19 PM ZAKARiA canjeo: 150 puntos de torneo.
7/1/2020 12:58:05 PM ZAKARiA canjeo: 150 puntos de torneo.
7/1/2020 12:58:13 PM ZAKARiA canjeo: 150 puntos de torneo.
7/1/2020 1:14:09 PM fotoshop canjeo /gemas: 1 gema octarina
7/1/2020 1:14:13 PM fotoshop mejoró el objeto: Anillo de los Dioses
7/1/2020 1:37:36 PM Ziruja canjeo /gemas: 30.000 almas
7/1/2020 5:30:36 PM Renegado canjeo /gemas: 1 gema octarina
7/1/2020 5:30:41 PM Renegado mejoró el objeto: Escudo Lirico
7/1/2020 5:57:15 PM Zasko Master canjeo /gemas: 1 gema octarina
7/1/2020 5:57:22 PM Zasko Master mejoró el objeto: Corona
7/1/2020 10:30:27 PM ZAKARiA canjeo: 150 puntos de torneo.
7/2/2020 9:10:59 AM Husseim canjeo /gemas: 1 gema octarina
7/2/2020 9:11:03 AM Husseim mejoró el objeto: Anillo de los Dioses
7/2/2020 2:03:42 PM Zasko Master canjeo /gemas: 1 gema octarina
7/2/2020 2:03:45 PM Zasko Master mejoró el objeto: Manto Alado (Altos)
7/2/2020 3:14:16 PM Renegado canjeo /gemas: 1 gema octarina
7/2/2020 3:16:58 PM Michael Farady canjeo: Cofre de Diamante
7/2/2020 4:43:52 PM berenicE canjeo: Pendiente de sacrificio
7/2/2020 6:13:06 PM Vente mejoró el objeto: Daga Infernal
7/2/2020 6:19:37 PM Strenker mejoró el objeto: Armadura de Dragon Oscuro (E/G)
7/2/2020 7:14:00 PM Michael Farady canjeo: Cofre de Diamante
7/2/2020 7:40:43 PM Michael Farady canjeo /gemas: 1 gema octarina
7/2/2020 7:40:58 PM Michael Farady mejoró el objeto: Casco de Gladiador
7/2/2020 8:34:41 PM The Unknown canjeo /gemas: 1 gema octarina
7/2/2020 8:34:52 PM The Unknown mejoró el objeto: Corona
7/2/2020 9:38:37 PM Vhimmala canjeo /gemas: 1 gema octarina
7/2/2020 9:38:42 PM Vhimmala mejoró el objeto: Túnica Apocalíptica (RM+15)(Bajos)
7/2/2020 10:47:02 PM Lamonsoff canjeo /gemas: 30.000 almas
7/2/2020 10:47:44 PM Lamonsoff canjeo /gemas: 30.000 almas
7/3/2020 2:10:09 AM Shibe canjeo /gemas: 1 gema octarina
7/3/2020 2:10:19 AM Shibe canjeo /gemas: 1 gema octarina
7/3/2020 2:20:00 AM DanyhieL mejoró el objeto: Manto Alado (E/G)
7/3/2020 4:22:08 AM YAIEL canjeo /gemas: 1 gema octarina
7/3/2020 4:22:24 AM YAIEL canjeo /gemas: 1 gema octarina
7/3/2020 4:22:46 AM Eloy mejoró el objeto: Espada de las Almas
7/3/2020 4:22:58 AM Eloy mejoró el objeto: Anillo de los Dioses
7/3/2020 4:23:42 AM Eloy mejoró el objeto: Túnica Apocalíptica (RM+15)(Bajos)
7/3/2020 4:31:20 AM YAIEL canjeo /gemas: 1 gema octarina
7/3/2020 4:32:41 AM Eloy mejoró el objeto: Sombrero de Baile
7/3/2020 2:09:32 PM Shibe canjeo /gemas: 1 gema octarina
7/3/2020 3:26:45 PM fotoshop canjeo /gemas: 1 gema octarina
7/3/2020 3:26:49 PM fotoshop mejoró el objeto: Corona
7/3/2020 5:38:38 PM Bobeda Off canjeo /gemas: 1 gema octarina
7/3/2020 5:38:44 PM Bobeda Off canjeo /gemas: 1 gema octarina
7/3/2020 5:39:28 PM NOT YOOUR mejoró el objeto: Sombrero de Baile
7/3/2020 5:39:44 PM NOT YOOUR mejoró el objeto: Escudo Lirico
7/3/2020 5:56:23 PM OffSet canjeo /gemas: 1 gema octarina
7/3/2020 6:10:25 PM NOT YOOUR mejoró el objeto: Anillo de los Dioses
7/3/2020 9:32:28 PM Enanos canjeo /gemas: 30.000 almas
7/4/2020 3:10:30 AM Scrazy canjeo: Cofre de Diamante
7/4/2020 1:20:02 PM SehkaY canjeo /gemas: 1 gema octarina
7/4/2020 1:20:08 PM SehkaY mejoró el objeto: Casco de Gladiador
7/4/2020 1:36:55 PM DanyhieL mejoró el objeto: Escudo Lirico
7/4/2020 2:45:10 PM Micaela canjeo: Cofre de Diamante
7/4/2020 7:21:41 PM YAIEL canjeo /gemas: 1 gema octarina
7/4/2020 10:04:12 PM franchezca mejoró el objeto: Espada de las Almas
7/4/2020 10:37:54 PM Strenker canjeo: Cofre de Diamante
7/4/2020 11:03:36 PM Scrazy canjeo: 150 puntos de torneo.
7/4/2020 11:39:32 PM Scrazy canjeo: 150 puntos de torneo.
7/4/2020 11:49:10 PM Scrazy canjeo: 150 puntos de torneo.
7/4/2020 11:56:16 PM MithiaN canjeo /gemas: 1 gema octarina
7/4/2020 11:56:21 PM MithiaN mejoró el objeto: Corona
7/5/2020 2:17:24 AM franchezca canjeo /gemas: 1 gema octarina
7/5/2020 2:17:32 AM franchezca mejoró el objeto: Escudo Lirico
7/5/2020 2:17:55 AM franchezca canjeo /gemas: 1 gema octarina
7/5/2020 2:18:04 AM franchezca mejoró el objeto: Sombrero de Baile
7/5/2020 3:16:49 AM YAIEL canjeo /gemas: 1 gema octarina
7/5/2020 3:17:12 AM YAIEL canjeo: Gema Lila
7/5/2020 3:18:30 AM Eloy mejoró el objeto: Manto Alado (E/G)
7/5/2020 3:19:01 AM Eloy mejoró el objeto: Escudo Lirico
7/5/2020 4:36:44 AM franchezca canjeo /gemas: 1 gema octarina
7/5/2020 4:36:50 AM franchezca mejoró el objeto: Anillo de los Dioses
7/5/2020 11:10:42 AM Scrazy canjeo: Cofre de Diamante
7/5/2020 11:10:52 AM Scrazy canjeo: 150 puntos de torneo.
7/5/2020 11:10:56 AM Scrazy canjeo: 150 puntos de torneo.
7/5/2020 4:42:59 PM Lherian canjeo: Pendiente de sacrificio
7/5/2020 4:43:04 PM Lherian canjeo: Pendiente de sacrificio
7/5/2020 7:27:30 PM No Juego canjeo /gemas: 1 gema octarina
7/5/2020 7:27:36 PM No Juego mejoró el objeto: Manto Alado (E/G)
7/5/2020 8:41:35 PM Lherian canjeo: 150 puntos de torneo.
7/5/2020 10:29:40 PM adioS canjeo: Cofre de Diamante
7/5/2020 11:16:36 PM Sin Nombre canjeo /gemas: 1 gema octarina
7/5/2020 11:17:39 PM Sin Nombre mejoró el objeto: Escudo Lirico
7/5/2020 11:39:03 PM lampara canjeo: Cofre de Diamante
7/5/2020 11:39:09 PM lampara canjeo: Cofre de Diamante
7/6/2020 2:02:24 AM Power canjeo /gemas: 1 gema octarina
7/6/2020 2:03:10 AM Power mejoró el objeto: Corona
7/6/2020 6:45:04 PM Enanos canjeo /gemas: 30.000 almas
7/6/2020 7:52:43 PM UnderNow canjeo /gemas: 1 gema octarina
7/6/2020 7:53:49 PM UnderNow mejoró el objeto: Anillo de los Dioses
7/6/2020 8:58:08 PM UnderNow canjeo /gemas: 1 gema octarina
7/6/2020 8:58:11 PM UnderNow mejoró el objeto: Manto Alado (Altos)
7/6/2020 9:06:42 PM Chupala canjeo /gemas: 30.000 almas
7/6/2020 9:25:01 PM Chupala canjeo /gemas: 1 gema octarina
7/6/2020 10:49:55 PM totala canjeo: Cofre de Diamante
7/6/2020 11:03:32 PM Rodols mejoró el objeto: Espada Argentum
7/6/2020 11:09:06 PM Lamonsoff canjeo /gemas: 1 gema octarina
7/6/2020 11:10:14 PM dasfar canjeo /gemas: 1 gema octarina
7/6/2020 11:10:24 PM dasfar mejoró el objeto: Espada Argentum
7/6/2020 11:23:54 PM totala canjeo: Cofre de Diamante
7/7/2020 1:50:50 AM YAIEL canjeo /gemas: 1 gema octarina
7/7/2020 6:15:43 PM lord Ragnar canjeo /gemas: 1 gema octarina
7/7/2020 6:17:46 PM lord Ragnar mejoró el objeto: Manto Alado (Altos)
7/7/2020 10:11:07 PM Lherian canjeo: 150 puntos de torneo.
7/7/2020 10:11:18 PM UnderNow canjeo: Cofre de Diamante
7/7/2020 10:45:54 PM SehkaY canjeo: Cofre de Diamante
7/7/2020 10:49:44 PM Enanos canjeo /gemas: 1 gema octarina
7/7/2020 10:49:59 PM Enanos mejoró el objeto: Arco Argentum
7/8/2020 12:04:24 AM Gioconda canjeo /gemas: 1 gema octarina
7/8/2020 12:04:35 AM Gioconda mejoró el objeto: Túnica Apocalíptica (RM+15)
7/8/2020 2:51:05 AM berenicE mejoró el objeto: Espada Argentum
7/8/2020 10:39:44 AM Shibe mejoró el objeto: Casco de Gladiador
7/8/2020 3:43:59 PM Kamolina canjeo /gemas: 1 gema octarina
7/8/2020 3:44:09 PM Kamolina mejoró el objeto: Túnica Apocalíptica (RM+15)(Bajos)
7/8/2020 3:45:39 PM Kamolina canjeo /gemas: 1 gema octarina
7/8/2020 3:45:46 PM Kamolina mejoró el objeto: Espada Argentum
7/9/2020 4:12:41 AM Rels B canjeo /gemas: 1 gema octarina
7/9/2020 4:12:53 AM Rels B mejoró el objeto: Túnica Apocalíptica (RM+15)
7/9/2020 5:19:19 AM Vhimmala canjeo /gemas: 1 gema octarina
7/9/2020 5:19:25 AM Vhimmala mejoró el objeto: Sombrero de Baile
7/9/2020 5:19:26 AM YAIEL canjeo /gemas: 1 gema octarina
7/9/2020 5:20:32 AM bandolier mejoró el objeto: Túnica Apocalíptica (RM+15)
7/9/2020 5:20:47 AM bandolier mejoró el objeto: Anillo de los Dioses
7/9/2020 10:34:23 AM lord Ragnar canjeo /gemas: 1 gema octarina
7/9/2020 10:37:05 AM lord Ragnar mejoró el objeto: Casco de Gladiador
7/9/2020 2:39:01 PM Vhimmala canjeo /gemas: 1 gema octarina
7/9/2020 2:39:05 PM Vhimmala mejoró el objeto: Escudo Lirico
7/9/2020 7:44:10 PM Johnson muerto canjeo /gemas: 1 gema octarina
7/9/2020 7:44:16 PM Johnson muerto mejoró el objeto: Anillo de los Dioses
7/9/2020 8:42:00 PM DESTROGGER canjeo /gemas: 1 gema octarina
7/9/2020 8:42:05 PM DESTROGGER mejoró el objeto: Cetro de Archimago
7/9/2020 10:07:48 PM Strenker canjeo /gemas: 30.000 almas
7/9/2020 10:36:23 PM TiEDEMANN canjeo /gemas: 30.000 almas
7/9/2020 10:36:27 PM TiEDEMANN canjeo /gemas: 30.000 almas
7/9/2020 10:36:31 PM TiEDEMANN canjeo /gemas: 30.000 almas
7/9/2020 10:36:35 PM TiEDEMANN canjeo /gemas: 30.000 almas
7/10/2020 6:16:28 PM jHON JAiRO canjeo: Cofre de Diamante
7/10/2020 7:54:10 PM HeyertaL I canjeo /gemas: 30.000 almas
7/10/2020 8:08:19 PM Kamolina canjeo /gemas: 1 gema octarina
7/10/2020 8:08:28 PM Kamolina mejoró el objeto: Escudo Tenebroso
7/10/2020 8:09:05 PM Kamolina canjeo /gemas: 1 gema octarina
7/10/2020 8:09:10 PM Kamolina mejoró el objeto: Casco de Gladiador
7/11/2020 1:14:37 AM ESSEN canjeo /gemas: 1 gema octarina
7/11/2020 1:15:21 AM ESSEN mejoró el objeto: Escudo Tenebroso
7/11/2020 3:14:13 AM KyznaroV canjeo /gemas: 1 gema octarina
7/11/2020 3:14:17 AM KyznaroV mejoró el objeto: Casco de Gladiador
7/11/2020 7:34:06 AM BlackSoull canjeo /gemas: 1 gema octarina
7/11/2020 7:34:22 AM BlackSoull mejoró el objeto: Cetro de Archimago
7/11/2020 11:19:18 AM Kamolina canjeo /gemas: 1 gema octarina
7/11/2020 11:20:11 AM Kamolina mejoró el objeto: Anillo de los Dioses
7/11/2020 5:31:09 PM Zasko Master canjeo /gemas: 1 gema octarina
7/11/2020 5:31:15 PM Zasko Master mejoró el objeto: Túnica Apocalíptica (RM+15)
7/11/2020 9:10:49 PM lord Ragnar canjeo /gemas: 1 gema octarina
7/11/2020 9:10:54 PM lord Ragnar mejoró el objeto: Escudo Tenebroso
7/12/2020 3:09:27 AM Zhendall canjeo /gemas: 1 gema octarina
7/12/2020 3:09:33 AM Zhendall mejoró el objeto: Escudo Tenebroso
7/12/2020 7:36:45 PM Lherian canjeo /gemas: 1 gema octarina
7/12/2020 7:36:54 PM Lherian mejoró el objeto: Corona
7/12/2020 7:51:16 PM totala canjeo: Cofre de Diamante
7/13/2020 12:47:00 AM Bhavi canjeo /gemas: 30.000 almas
7/13/2020 5:57:44 PM UnderNow mejoró el objeto: Cetro de Archimago
7/13/2020 5:57:48 PM UnderNow mejoró el objeto: Corona
7/13/2020 5:57:52 PM UnderNow mejoró el objeto: Manto Alado (Altos)
7/13/2020 5:57:57 PM UnderNow mejoró el objeto: Túnica Apocalíptica (RM+15)
7/13/2020 6:08:11 PM AstaroTh mejoró el objeto: Espada de las Almas
7/13/2020 10:09:55 PM Owen thiz mejoró el objeto: Túnica Apocalíptica (RM+15)
7/13/2020 10:10:15 PM Owen thiz mejoró el objeto: Cetro de Archimago
7/13/2020 10:10:29 PM Owen thiz mejoró el objeto: Corona
7/13/2020 10:10:34 PM Owen thiz mejoró el objeto: Anillo de los Dioses
7/13/2020 10:10:46 PM Owen thiz mejoró el objeto: Manto Alado (Altos)
7/13/2020 11:22:02 PM YAIEL canjeo /gemas: 1 gema octarina
7/13/2020 11:22:37 PM eternel mejoró el objeto: Daga Infernal
7/14/2020 12:04:01 AM YAIEL canjeo /gemas: 1 gema octarina
7/14/2020 12:04:25 AM eternel mejoró el objeto: Manto Alado (Altos)
7/14/2020 12:37:59 AM Zabaleta mejoró el objeto: Cetro de Archimago
7/14/2020 1:19:03 AM totala canjeo: Cofre de Diamante
7/14/2020 10:58:53 AM Enanos canjeo: 150 puntos de torneo.
7/14/2020 10:59:02 AM Enanos canjeo: 150 puntos de torneo.
7/14/2020 10:59:18 AM Enanos canjeo: 150 puntos de torneo.
7/14/2020 11:40:58 AM BlackSoull canjeo /gemas: 1 gema octarina
7/14/2020 11:41:08 AM BlackSoull mejoró el objeto: Corona
7/14/2020 6:57:38 PM Lherian canjeo: Pendiente de sacrificio
7/14/2020 7:17:52 PM Lherian canjeo: Pendiente de sacrificio
7/14/2020 7:58:17 PM totala canjeo: Cofre de Diamante
7/14/2020 8:57:48 PM totala canjeo: Cofre de Diamante
7/14/2020 9:14:20 PM totala canjeo: Cofre de Diamante
7/14/2020 10:54:50 PM Lherian canjeo: Pendiente de sacrificio
7/14/2020 11:46:22 PM Timmers canjeo /gemas: 1 gema octarina
7/14/2020 11:46:36 PM Timmers mejoró el objeto: Arco Argentum
7/15/2020 2:11:45 AM totala canjeo: Cofre de Diamante
7/15/2020 12:54:49 PM BlackSoull canjeo: Pendiente de sacrificio
7/15/2020 1:20:47 PM UnderNow canjeo /gemas: 1 gema octarina
7/15/2020 4:55:04 PM Lherian canjeo: Pendiente de sacrificio
7/15/2020 8:01:42 PM Power canjeo /gemas: 1 gema octarina
7/15/2020 8:02:45 PM Power canjeo /gemas: 30.000 almas
7/15/2020 8:04:17 PM Lherian canjeo: Pendiente de sacrificio
7/15/2020 8:09:01 PM Lherian canjeo: Pendiente de sacrificio
7/15/2020 9:10:43 PM totala canjeo: Cofre de Diamante
7/15/2020 9:13:04 PM Lherian canjeo: Pendiente de sacrificio
7/15/2020 9:21:14 PM Asesino canjeo /gemas: renuncio a su dios
7/15/2020 9:42:11 PM NIKE canjeo /gemas: 1 gema octarina
7/15/2020 9:42:20 PM NIKE mejoró el objeto: Espada de las Almas
7/15/2020 9:57:43 PM Dolce canjeo /gemas: 1 gema octarina
7/15/2020 10:00:23 PM Gelato Haze mejoró el objeto: Espada del Balrog
7/15/2020 10:09:15 PM Bardera canjeo /gemas: 1 gema octarina
7/15/2020 10:09:23 PM Bardera mejoró el objeto: Sombrero de Baile
7/15/2020 10:58:05 PM Noga Lite canjeo /gemas: 1 gema octarina
7/15/2020 10:58:11 PM Noga Lite mejoró el objeto: Armadura Heróica (Altos)
7/16/2020 2:23:02 PM Shady mejoró el objeto: Sombrero de Baile
7/16/2020 2:55:42 PM NIKE canjeo /gemas: 1 gema octarina
7/16/2020 2:56:02 PM NIKE mejoró el objeto: Manto Alado (E/G)
7/16/2020 6:36:32 PM Shibe canjeo /gemas: 1 gema octarina
7/16/2020 6:36:35 PM Shibe mejoró el objeto: Anillo de los Dioses
7/16/2020 7:08:49 PM YAIEL canjeo /gemas: 1 gema octarina
7/16/2020 7:08:56 PM YAIEL canjeo /gemas: 1 gema octarina
7/16/2020 7:09:04 PM YAIEL canjeo /gemas: 1 gema octarina
7/16/2020 7:09:33 PM ARTICUNO mejoró el objeto: Corona
7/16/2020 7:09:39 PM ARTICUNO mejoró el objeto: Anillo de los Dioses
7/16/2020 7:09:45 PM ARTICUNO mejoró el objeto: Túnica Apocalíptica (RM+15)
7/17/2020 9:46:06 PM SehkaY canjeo: Cofre de Diamante
7/18/2020 12:07:42 AM Timmers canjeo /gemas: 1 gema octarina
7/18/2020 12:07:48 AM Timmers mejoró el objeto: Túnica Apocalíptica (RM+15)(Bajos)
7/18/2020 12:23:53 AM AxxA II canjeo /gemas: 30.000 almas
7/18/2020 12:25:00 AM AxxA II canjeo /gemas: 30.000 almas
7/18/2020 1:39:39 AM totala canjeo: Cofre de Diamante
7/18/2020 1:40:33 AM totala canjeo: Cofre de Diamante
7/18/2020 1:53:02 PM BlenD canjeo: 150 puntos de torneo.
