[CUENTA: kaiser] Clave anterior: maiateamo123 - Clave nueva: asdasd123
[CUENTA: tuvi] Clave anterior: tuvieja123 - Clave nueva: alejo123
[CUENTA: samu] Clave anterior: asd123asd - Clave nueva: 605
[CUENTA: f] Clave anterior: 486402 - Clave nueva: fer10
[CUENTA: ALEJANDRA] Clave anterior: 40039432 - Clave nueva: 481526
[CUENTA: roma] Clave anterior: 17956163 - Clave nueva: 8696159
[CUENTA: samu] Clave anterior: 214 - Clave nueva: asd123asd
[CUENTA: maurlz] Clave anterior: 476 - Clave nueva: athos123
[CUENTA: juacks] Clave anterior: elloco2001 - Clave nueva: yeahmadafacka
[CUENTA: sebita] Clave anterior: 6055 - Clave nueva: 605
[CUENTA: hola] Clave anterior: 123456789 - Clave nueva: asdasd
[CUENTA: hola] Clave anterior: asdasd - Clave nueva: medina
[CUENTA: gari] Clave anterior: aavila - Clave nueva: 12345
[CUENTA: gari] Clave anterior: 12345 - Clave nueva: MEDINA
[CUENTA: gari] Clave anterior: MEDINA - Clave nueva: medina
[CUENTA: kaiser] Clave anterior: asdasd123 - Clave nueva: 7233
[CUENTA: ivan] Clave anterior: ivan123 - Clave nueva: 7233
[CUENTA: flores] Clave anterior: IGNACIO321 - Clave nueva: ignacio321
[CUENTA: owen] Clave anterior: owen123 - Clave nueva: memo321
[CUENTA: owen] Clave anterior: memo321 - Clave nueva: owen123
[CUENTA: shevchenko] Clave anterior: beret123 - Clave nueva: lichalopez
[CUENTA: owen] Clave anterior: owen123 - Clave nueva: memo12
[CUENTA: owen] Clave anterior: memo12 - Clave nueva: owen123
[CUENTA: LOLAMENTO] Clave anterior: 232415467642 - Clave nueva: valenm
[CUENTA: lolamento] Clave anterior: valenm - Clave nueva: 232415467863
[CUENTA: shaqq] Clave anterior: 645542juan - Clave nueva: 31829185j
[CUENTA: targan] Clave anterior: asdasd - Clave nueva: medina
[CUENTA: mateodepaa] Clave anterior: 791 - Clave nueva: underground456
[CUENTA: lolamento] Clave anterior: 232415467863 - Clave nueva: 232415467642
[CUENTA: GHURIAM] Clave anterior: 622 - Clave nueva: valenm
[CUENTA: ghuriam] Clave anterior: 885 - Clave nueva: valenm
[CUENTA: lolamento] Clave anterior: 250 - Clave nueva: ramoneta2014
[CUENTA: cancer] Clave anterior: 315 - Clave nueva: pulgui1337
[CUENTA: lolamento] Clave anterior: 991 - Clave nueva: 232415467642
[CUENTA: TINCHO] Clave anterior: 272 - Clave nueva: martin123bere
[CUENTA: sebita] Clave anterior: 605 - Clave nueva: elloco2001
[CUENTA: clepekE] Clave anterior: 47697540 - Clave nueva: leonel573866
[CUENTA: sebita] Clave anterior: elloco2001 - Clave nueva: 605
[CUENTA: juacks] Clave anterior: yeahmadafacka - Clave nueva: chucky2001
[CUENTA: alesinho] Clave anterior: 877 - Clave nueva: 38067259a
[CUENTA: juacks] Clave anterior: chucky2001 - Clave nueva: la12laboca
[CUENTA: NAHUCOLLADO] Clave anterior: nahu123 - Clave nueva: valentino123
[CUENTA: kaimen] Clave anterior: 564 - Clave nueva: 43179829Quimey
[CUENTA: pipa] Clave anterior: 597 - Clave nueva: 16500jona
[CUENTA: fraann] Clave anterior: 46762122 - Clave nueva: 13476567
[CUENTA: zynker] Clave anterior: 143 - Clave nueva: zynker123
[CUENTA: LOCKORC] Clave anterior: 836 - Clave nueva: 36010543rc
[CUENTA: tierras] Clave anterior: 866866 - Clave nueva: bbb1000b1
[CUENTA: loramp] Clave anterior: 8095525168 - Clave nueva: marcosatr
[CUENTA: renata] Clave anterior: 736 - Clave nueva: renatasuarez
[CUENTA: cuenta] Clave anterior: asdasd - Clave nueva: 721
[CUENTA: loramp] Clave anterior: 380 - Clave nueva: 721
[CUENTA: andrus] Clave anterior: 422893 - Clave nueva: andres422893
[CUENTA: albeiro] Clave anterior: 8294181192 - Clave nueva: jhonangelrd
[CUENTA: Beltrox] Clave anterior: 501 - Clave nueva: 41147666fmb
[CUENTA: lolamento] Clave anterior: 164 - Clave nueva: 232415467642
