6/24/2020 6:00:18 PM SehkaY obtuvo 5
6/24/2020 6:00:18 PM SehkaY obtuvo 5
6/26/2020 1:21:17 AM Spinetta obtuvo 5
6/27/2020 9:53:16 AM ErlinG obtuvo 5
6/28/2020 12:16:45 AM SehkaY obtuvo 5
6/28/2020 12:17:38 AM iNDiHiKiEV obtuvo 5
6/28/2020 12:47:22 AM Aezerehv obtuvo 25
6/28/2020 2:50:40 PM whorten obtuvo 10
6/28/2020 2:50:44 PM whorten obtuvo 25
6/28/2020 2:50:45 PM whorten obtuvo 25
6/28/2020 2:50:46 PM whorten obtuvo 25
6/28/2020 2:50:46 PM whorten obtuvo 25
6/28/2020 7:23:42 PM SehkaY obtuvo 5
6/28/2020 7:39:27 PM flow obtuvo 5
6/29/2020 4:14:13 AM ZAKARiA obtuvo 10
6/29/2020 8:25:29 AM Husseim obtuvo 5
6/29/2020 5:50:18 PM Michael Farady obtuvo 10
6/29/2020 6:07:12 PM Owencito obtuvo 5
6/30/2020 1:46:06 PM GrandChester obtuvo 10
6/30/2020 7:31:28 PM Rosario TIjeras obtuvo 5
6/30/2020 7:31:29 PM Rosario TIjeras obtuvo 5
6/30/2020 9:29:29 PM ZAKARiA obtuvo 10
7/1/2020 1:13:31 PM thyam obtuvo 10
7/1/2020 2:16:02 PM Owen thiz obtuvo 25
7/1/2020 2:16:04 PM Owen thiz obtuvo 25
7/2/2020 3:17:33 PM Michael Farady obtuvo 1
7/2/2020 7:14:10 PM Michael Farady obtuvo 1
7/3/2020 5:24:29 AM Sabrina obtuvo 1
7/3/2020 5:24:29 AM Sabrina obtuvo 1
7/3/2020 5:24:30 AM Sabrina obtuvo 1
7/3/2020 5:24:30 AM Sabrina obtuvo 1
7/3/2020 5:24:31 AM Sabrina obtuvo 1
7/3/2020 5:24:31 AM Sabrina obtuvo 1
7/3/2020 5:24:31 AM Sabrina obtuvo 1
7/3/2020 5:24:32 AM Sabrina obtuvo 1
7/3/2020 5:24:32 AM Sabrina obtuvo 1
7/3/2020 5:24:33 AM Sabrina obtuvo 1
7/3/2020 5:24:33 AM Sabrina obtuvo 1
7/3/2020 5:24:33 AM Sabrina obtuvo 1
7/3/2020 5:24:33 AM Sabrina obtuvo 1
7/3/2020 5:24:34 AM Sabrina obtuvo 1
7/3/2020 5:24:34 AM Sabrina obtuvo 1
7/3/2020 5:24:35 AM Sabrina obtuvo 1
7/3/2020 5:24:36 AM Sabrina obtuvo 5
7/3/2020 5:24:36 AM Sabrina obtuvo 10
7/3/2020 5:26:17 AM Sabrina obtuvo 5
7/3/2020 5:26:19 AM Sabrina obtuvo 25
7/3/2020 5:26:21 AM Sabrina obtuvo 10
7/3/2020 5:26:21 AM Sabrina obtuvo 10
7/3/2020 5:27:04 AM DanyhieL obtuvo 10
7/3/2020 5:27:04 AM DanyhieL obtuvo 10
7/3/2020 5:27:23 AM DanyhieL obtuvo 5
7/3/2020 5:37:03 AM Scrazy obtuvo 5
7/3/2020 6:52:53 AM NOT YOOUR obtuvo 10
7/3/2020 8:27:47 AM NOT YOOUR obtuvo 5
7/3/2020 2:07:50 PM Michael Farady obtuvo 25
7/3/2020 4:53:48 PM Owen thiz obtuvo 5
7/3/2020 4:53:49 PM Owen thiz obtuvo 5
7/3/2020 6:21:49 PM NOT YOOUR obtuvo 25
7/3/2020 6:21:50 PM NOT YOOUR obtuvo 25
7/3/2020 6:21:51 PM NOT YOOUR obtuvo 25
7/3/2020 6:21:51 PM NOT YOOUR obtuvo 25
7/3/2020 6:21:51 PM NOT YOOUR obtuvo 25
7/3/2020 6:21:52 PM NOT YOOUR obtuvo 25
7/3/2020 6:21:53 PM NOT YOOUR obtuvo 5
7/3/2020 7:16:41 PM Gemass obtuvo 10
7/3/2020 7:16:41 PM Gemass obtuvo 10
7/3/2020 7:17:44 PM Gemass obtuvo 10
7/3/2020 7:17:46 PM Gemass obtuvo 5
7/3/2020 7:26:47 PM Strenker obtuvo 5
7/3/2020 7:26:48 PM Strenker obtuvo 10
7/3/2020 7:26:58 PM Strenker obtuvo 5
7/3/2020 7:26:58 PM Strenker obtuvo 10
7/3/2020 7:26:59 PM Strenker obtuvo 10
7/3/2020 7:26:59 PM Strenker obtuvo 10
7/3/2020 7:27:00 PM Strenker obtuvo 10
7/3/2020 7:27:04 PM Strenker obtuvo 25
7/4/2020 12:45:29 AM Gemass obtuvo 5
7/4/2020 3:10:38 AM Scrazy obtuvo 1
7/4/2020 2:22:46 PM Strenker obtuvo 10
7/4/2020 2:35:54 PM ATR CUMBiA obtuvo 10
7/4/2020 3:00:06 PM Strenker obtuvo 10
7/4/2020 3:00:07 PM Strenker obtuvo 5
7/4/2020 3:09:49 PM Renger obtuvo 1
7/4/2020 3:12:36 PM Strenker obtuvo 5
7/4/2020 8:17:11 PM Strenker obtuvo 25
7/4/2020 8:17:44 PM Strenker obtuvo 10
7/5/2020 11:10:46 AM Scrazy obtuvo 1
7/5/2020 4:45:26 PM Shady obtuvo 25
7/5/2020 7:04:33 PM No Juego obtuvo 25
7/5/2020 7:04:34 PM No Juego obtuvo 10
7/5/2020 10:36:54 PM Owen thiz obtuvo 1
7/6/2020 1:15:55 AM RenaTo obtuvo 10
7/6/2020 7:03:47 PM NOT YOOUR obtuvo 10
7/6/2020 10:50:06 PM totala obtuvo 10
7/6/2020 11:23:58 PM totala obtuvo 1
7/7/2020 10:11:26 PM UnderNow obtuvo 1
7/7/2020 10:45:58 PM SehkaY obtuvo 1
7/9/2020 11:54:33 PM totala obtuvo 25
7/9/2020 11:54:34 PM totala obtuvo 10
7/10/2020 6:17:49 PM jHON JAiRO obtuvo 1
7/12/2020 1:41:26 PM Owen thiz obtuvo 25
7/12/2020 1:41:27 PM Owen thiz obtuvo 25
7/12/2020 1:41:28 PM Owen thiz obtuvo 5
7/12/2020 7:51:19 PM totala obtuvo 10
7/13/2020 7:44:37 PM Shady obtuvo 25
7/13/2020 7:44:37 PM Shady obtuvo 25
7/13/2020 7:44:37 PM Shady obtuvo 25
7/13/2020 7:44:38 PM Shady obtuvo 25
7/13/2020 7:44:38 PM Shady obtuvo 25
7/13/2020 7:44:38 PM Shady obtuvo 25
7/13/2020 7:44:39 PM Shady obtuvo 25
7/13/2020 7:44:42 PM Shady obtuvo 25
7/13/2020 7:44:43 PM Shady obtuvo 25
7/13/2020 7:44:43 PM Shady obtuvo 25
7/13/2020 9:21:10 PM Shady obtuvo 25
7/13/2020 10:30:14 PM Owen thiz obtuvo 25
7/13/2020 10:30:14 PM Owen thiz obtuvo 25
7/13/2020 10:30:15 PM Owen thiz obtuvo 25
7/13/2020 10:30:15 PM Owen thiz obtuvo 25
7/13/2020 10:30:16 PM Owen thiz obtuvo 25
7/13/2020 11:26:26 PM Sin Nombre obtuvo 25
7/14/2020 1:19:11 AM totala obtuvo 1
7/14/2020 7:35:15 PM totala obtuvo 10
7/14/2020 7:58:20 PM totala obtuvo 1
7/14/2020 8:47:27 PM Zhendall obtuvo 5
7/14/2020 8:49:22 PM OffSet obtuvo 5
7/14/2020 8:57:52 PM totala obtuvo 25
7/14/2020 9:14:22 PM totala obtuvo 1
7/15/2020 2:11:47 AM totala obtuvo 1
7/15/2020 9:10:46 PM totala obtuvo 5
7/15/2020 11:24:06 PM Ziruja obtuvo 5
7/15/2020 11:28:31 PM totala obtuvo 5
7/17/2020 9:46:10 PM SehkaY obtuvo 1
7/18/2020 1:39:42 AM totala obtuvo 1
7/18/2020 1:40:36 AM totala obtuvo 1
7/18/2020 4:05:51 PM TiEDEMANN obtuvo 5
7/18/2020 4:05:51 PM TiEDEMANN obtuvo 5
