6/24/2020 5:25:33 AM Renger transfirio 1 - Manto Alado de Sangre (Bajos) a iSSACk
6/24/2020 10:23:22 AM Tu Mismo transfirio 1 - Cristal de Almas (Pequeño) a DanyhieL
6/24/2020 10:23:31 AM Tu Mismo transfirio 9 - Cristal de Almas (Pequeño) a DanyhieL
6/24/2020 10:23:36 AM Tu Mismo transfirio 4 - Cristal de Almas (Mediano) a DanyhieL
6/24/2020 1:34:36 PM DanyhieL transfirio 1 - Tiara Dorada a TAiCHU
6/24/2020 1:34:55 PM TAiCHU transfirio 1 - Tiara Dorada a DanyhieL
6/24/2020 3:32:17 PM SehkaY transfirio 1 - Máscara de Squirtle a iSSACk
6/24/2020 4:01:48 PM iNDiHiViKiNSiTO transfirio 1 - Anillo de la Inmunidad a iNSiNSiNSiTiNTO
6/24/2020 4:01:56 PM iNDiHiViKiNSiTO transfirio 1 - Túnica del Averno a iNSiNSiNSiTiNTO
6/24/2020 4:02:27 PM iNDiHiViKiNSiTO transfirio 1 - Arco Aurum a iNSiNSiNSiTiNTO
6/24/2020 4:02:29 PM iNDiHiViKiNSiTO transfirio 1 - Manto Alado de Sangre (Altos) a iNSiNSiNSiTiNTO
6/24/2020 4:02:31 PM iNDiHiViKiNSiTO transfirio 1 - Tiara Dorada a iNSiNSiNSiTiNTO
6/24/2020 4:02:35 PM iNDiHiViKiNSiTO transfirio 1630 - Flecha +3 a iNSiNSiNSiTiNTO
6/24/2020 4:02:39 PM iNDiHiViKiNSiTO transfirio 1 - Espada Mata Dragones a iNSiNSiNSiTiNTO
6/24/2020 5:10:25 PM iNDiHiViKiN transfirio 1 - Pendiente de sacrificio a ZAKARiA
6/24/2020 5:11:15 PM iNDiHiViKiN transfirio 1 - Pendiente de sacrificio a iSSACk
6/24/2020 5:14:11 PM iNDiHiViKiN transfirio 1 - Pendiente de sacrificio a iSSACk
6/24/2020 5:14:58 PM ZAKARiA transfirio 1 - Pendiente de sacrificio a iNDiHiViKiN
6/24/2020 5:24:48 PM fACiLiTO transfirio 1 - Túnica Perseus a iNSiNSiNSiTiNTO
6/24/2020 6:56:48 PM Mica Bezona transfirio 1 - Túnica Apocalíptica (RM+15)(Bajos) a Strenker
6/24/2020 6:56:50 PM Mica Bezona transfirio 1 - Escudo Tenebroso a Strenker
6/24/2020 6:56:52 PM Mica Bezona transfirio 1 - Armadura de Dragon Oscuro (E/G) a Strenker
6/24/2020 6:56:54 PM Mica Bezona transfirio 1 - Arco Argentum a Strenker
6/24/2020 7:26:50 PM Roben transfirio 1 - Pendiente de sacrificio a Renger
6/24/2020 8:01:23 PM Strenker transfirio 1 - Cristal de Almas (Mitico) a Bovidita
6/24/2020 8:01:28 PM Strenker transfirio 2 - Cristal de Almas (Mediano) a Bovidita
6/24/2020 8:01:34 PM Strenker transfirio 28 - Cristal de Almas (Pequeño) a Bovidita
6/24/2020 8:58:00 PM DanyhieL transfirio 1 - Tiara Dorada a TAiCHU
6/24/2020 8:58:03 PM DanyhieL transfirio 1 - Anillo de la Inmunidad a TAiCHU
6/24/2020 8:58:06 PM DanyhieL transfirio 1 - Túnica de los Campeones a TAiCHU
6/24/2020 8:58:12 PM DanyhieL transfirio 14 - Pendiente de sacrificio a TAiCHU
6/24/2020 9:40:42 PM TAiCHU transfirio 14 - Pendiente de sacrificio a DanyhieL
6/24/2020 9:41:03 PM TAiCHU transfirio 1 - Túnica de los Campeones a DanyhieL
6/24/2020 9:41:25 PM Paulo Dywalan transfirio 1 - Laúd Mágico a DanyhieL
6/24/2020 9:41:29 PM Paulo Dywalan transfirio 1 - Sombrero de Baile a DanyhieL
6/25/2020 9:55:56 PM Scrazy transfirio 1 - Anillo de la Inmunidad a Shevchenko
6/25/2020 9:57:47 PM Shevchenko transfirio 1 - Anillo Neutro a Scrazy
6/25/2020 10:05:17 PM Shevchenko transfirio 1 - Anillo de la Inmunidad a Scrazy
6/25/2020 10:12:17 PM los uno transfirio 1 - Anillo de la Inmunidad a Boludeandoo
6/25/2020 10:12:23 PM los uno transfirio 1 - Daga Abismal a Boludeandoo
6/25/2020 10:52:03 PM los uno transfirio 1 - Tiara Dorada a Boludeandoo
6/25/2020 11:03:02 PM los uno transfirio 1 - Arco Aurum a Strenker
6/26/2020 12:13:05 AM Scrazy transfirio 1 - Túnica Bendita a RiNGTiNTiNSiNTi
6/26/2020 12:18:30 AM Scrazy transfirio 1 - Túnica Bendita a RiNGTiNTiNSiNTi
6/26/2020 12:28:35 AM Scrazy transfirio 1 - Túnica Bendita a Shevchenko
6/26/2020 12:45:56 AM Shevchenko transfirio 1 - Túnica Bendita a Scrazy
6/26/2020 12:46:04 AM Scrazy transfirio 1 - Túnica Bendita a cHUPAMELACONCHA
6/26/2020 12:48:57 AM Scrazy transfirio 1 - Túnica Bendita a Shevchenko
6/26/2020 12:53:35 AM Scrazy transfirio 1 - Túnica Bendita a Shevchenko
6/26/2020 1:08:13 AM Scrazy transfirio 1 - Túnica Bendita a Shevchenko
6/27/2020 2:59:42 AM Scrazy transfirio 1 - Pendiente de sacrificio a Cooper
6/27/2020 3:02:10 AM Shevchenko transfirio 1 - Pendiente de sacrificio a Scrazy
6/27/2020 1:30:56 PM No Juego transfirio 1 - Báculo Ancestral a totala
6/27/2020 1:31:43 PM No Juego transfirio 1 - Gema Verde a Owen thiz
6/27/2020 1:32:14 PM No Juego transfirio 1 - Gema Lila a Owen thiz
6/27/2020 1:32:16 PM No Juego transfirio 1 - Gema Roja a Owen thiz
6/27/2020 1:32:20 PM No Juego transfirio 1 - Gema Celeste a Owen thiz
6/27/2020 1:32:23 PM No Juego transfirio 1 - Anillo de los Dioses a Owen thiz
6/27/2020 2:25:32 PM Lherian transfirio 1 - Pendiente de sacrificio a iSSACk
6/27/2020 3:47:41 PM SHAWARMA transfirio 1 - Escudo Tenebroso a The Virzi
6/27/2020 11:00:14 PM VhradliS transfirio 1 - Túnica Apocalíptica (RM+15) a calabuth
6/27/2020 11:00:19 PM VhradliS transfirio 1 - Anillo de los Dioses a calabuth
6/27/2020 11:00:23 PM VhradliS transfirio 1 - Escudo Tenebroso a calabuth
6/27/2020 11:00:25 PM VhradliS transfirio 1 - Espada Argentum a calabuth
6/27/2020 11:00:27 PM VhradliS transfirio 1 - Manto Alado (Altos) a calabuth
6/27/2020 11:52:48 PM muliting transfirio 2 - Poción de la Resurrección a The Virzi
6/28/2020 12:53:40 AM SoteldO transfirio 1 - Sombrero de Juglar a RenaTa
6/28/2020 12:53:46 AM SoteldO transfirio 1 - Purgadora de Almas a RenaTa
6/28/2020 12:53:49 AM SoteldO transfirio 1 - Escudo Lirico Mejorado a RenaTa
6/28/2020 12:53:53 AM SoteldO transfirio 1 - Poción de la Resurrección a RenaTa
6/28/2020 12:53:55 AM SoteldO transfirio 1 - Laúd Mágico a RenaTa
6/28/2020 3:04:08 AM No Juego transfirio 1 - Scroll de Drop (x2) (15m) a totala
6/28/2020 3:06:53 AM Vhimmala transfirio 2 - Cabeza de Bestia Infernal a Owen thiz
6/28/2020 3:46:00 AM Vhimmala transfirio 1 - Espada Mata Dragones a totala
6/28/2020 1:12:39 PM DrixPrO transfirio 1 - Anillo de los Dioses a TraviesO
6/28/2020 4:19:03 PM MERO MERO transfirio 1 - Anillo Neutro a BenjaEsPro
6/28/2020 8:22:42 PM NAVONI transfirio 1 - Anillo Del Origen a cancer
6/28/2020 8:22:47 PM NAVONI transfirio 1 - Corona Alada a cancer
6/28/2020 8:23:29 PM NAVONI transfirio 1 - Manto Alado (E/G) a cancer
6/28/2020 8:23:31 PM NAVONI transfirio 1 - Túnica Apocalíptica (RM+15)(Bajos) a cancer
6/28/2020 8:23:33 PM NAVONI transfirio 1 - Cetro Supremo a cancer
6/28/2020 8:23:35 PM NAVONI transfirio 1 - Anillo de los Dioses a cancer
6/28/2020 8:23:37 PM NAVONI transfirio 1 - Pendiente de sacrificio a cancer
6/28/2020 8:23:39 PM NAVONI transfirio 1 - Armadura Heróica (Altos) a cancer
6/28/2020 8:52:27 PM NAVONI transfirio 1 - Scroll de Cristales (x3) (15m) a calabuth
6/28/2020 8:52:32 PM NAVONI transfirio 1 - Gema Celeste a calabuth
6/28/2020 8:52:56 PM NAVONI transfirio 1 - Gema Naranja a calabuth
6/28/2020 8:55:17 PM cancer transfirio 1 - Manto Alado (E/G) a RenzheOo
6/28/2020 8:55:18 PM cancer transfirio 1 - Manto Alado de Sangre (Bajos) a RenzheOo
6/28/2020 8:55:20 PM cancer transfirio 1 - Purgadora de Almas a RenzheOo
6/28/2020 8:55:23 PM cancer transfirio 1 - Laúd Mágico a RenzheOo
6/28/2020 8:55:24 PM cancer transfirio 1 - Túnica Apocalíptica (RM+15)(Bajos) a RenzheOo
6/28/2020 8:55:38 PM cancer transfirio 1 - Túnica Apocalíptica (RM+15)(Bajos) a RenzheOo
6/28/2020 8:55:39 PM cancer transfirio 1 - Manto Alado (E/G) a RenzheOo
6/28/2020 8:56:02 PM sifilis transfirio 1 - Anillo de los Dioses a RenzheOo
6/28/2020 10:48:56 PM los uno transfirio 1 - Túnica Apocaliptica Erebea (Bajos) a Strenker
6/28/2020 10:50:35 PM lampara transfirio 1 - Túnica Apocalíptica (RM+15)(Bajos) a NAVONI
6/28/2020 10:50:42 PM lampara transfirio 1 - Manto Alado (E/G) a NAVONI
6/28/2020 10:50:48 PM lampara transfirio 1 - Anillo de los Dioses a NAVONI
6/28/2020 10:50:54 PM lampara transfirio 1 - Sombrero de Warmog a NAVONI
6/28/2020 11:05:09 PM DanyhieL transfirio 1 - Espada Mata Dragones a berenicE
6/28/2020 11:15:25 PM Nhoa transfirio 1 - Barca a Oscar Ruggeri
6/28/2020 11:17:14 PM Alea transfirio 1 - Coraza Clerical (Bajos)  a Nhoa
6/28/2020 11:28:54 PM Nhoa transfirio 1 - Coraza Clerical (Bajos)  a LAblanca
6/28/2020 11:38:06 PM lampara transfirio 1 - Manto Alado de Sangre (Bajos) a IL SIDITA
6/28/2020 11:39:15 PM RenzheOo transfirio 1 - Purgadora de Almas a IL SIDITA
6/29/2020 10:27:28 AM khet transfirio 1 - Báculo Ancestral a GOYTA
6/29/2020 1:41:22 PM DanyhieL transfirio 1 - Espada Mata Dragones a thyam
6/29/2020 2:14:53 PM BEYBII transfirio 1 - Daga a Khronzek
6/29/2020 3:26:41 PM DanyhieL transfirio 1 - Cetro de Archimago a TAiCHU
6/29/2020 3:26:44 PM DanyhieL transfirio 1 - Corona a TAiCHU
6/29/2020 5:26:02 PM Fuerza Gordoo transfirio 1 - Espada Mata Dragones a Neyth
6/29/2020 5:26:04 PM Fuerza Gordoo transfirio 1 - Casco de acero a Neyth
6/29/2020 5:26:08 PM Fuerza Gordoo transfirio 1 - Armadura de Dragón (E/G) a Neyth
6/29/2020 5:26:10 PM Fuerza Gordoo transfirio 1 - Anillo de Zafiro a Neyth
6/29/2020 5:26:14 PM Fuerza Gordoo transfirio 1 - Anillo de la Inmunidad a Neyth
6/29/2020 5:26:21 PM Neyth transfirio 1 - Anillo de la Inmunidad a Fuerza Gordoo
6/29/2020 6:01:04 PM Lherian transfirio 1 - Gema Naranja a Michael Farady
6/29/2020 6:43:35 PM DanyhieL transfirio 1 - Tiara Dorada a TAiCHU
6/29/2020 6:44:10 PM los uno transfirio 1 - Anillo Del Origen a Strenker
6/29/2020 6:44:13 PM los uno transfirio 1 - Manto Alado de Sangre (Bajos) a Strenker
6/29/2020 6:52:04 PM TAiCHU transfirio 1 - Tiara Dorada a DanyhieL
6/29/2020 7:58:53 PM Lherian transfirio 1 - Gema Verde a thyam
6/30/2020 9:34:45 AM KiRiXAN transfirio 1 - Manto Alado de Sangre (Altos) a Shibe
6/30/2020 9:34:47 AM KiRiXAN transfirio 1 - Túnica de la Suerte a Shibe
6/30/2020 9:34:50 AM KiRiXAN transfirio 1 - Anillo Del Origen a Shibe
6/30/2020 9:34:52 AM KiRiXAN transfirio 1 - Corona a Shibe
6/30/2020 9:34:55 AM KiRiXAN transfirio 1 - Pendiente de sacrificio a Shibe
6/30/2020 3:32:41 PM iSSACk transfirio 1 - Pendiente de sacrificio a Praimfaya
6/30/2020 3:37:27 PM iSSACk transfirio 1 - Pendiente de sacrificio a Michael Farady
6/30/2020 7:45:47 PM Lherian transfirio 1 - Gema Lila a Michael Farady
6/30/2020 7:46:02 PM Lherian transfirio 1 - Gema Naranja a Michael Farady
6/30/2020 9:41:40 PM los uno transfirio 1 - Gema Octarina a Strenker
7/1/2020 2:27:00 AM DanyhieL transfirio 1 - Espada Mata Dragones a GraSias
7/1/2020 4:57:58 PM diablo transfirio 1 - Túnica de los Campeones a Salvador Dali
7/1/2020 6:45:53 PM Renger transfirio 1 - Pendiente de sacrificio a Salvador Dali
7/1/2020 6:49:07 PM Salvador Dali transfirio 1 - Pendiente de sacrificio a Renger
7/1/2020 7:04:02 PM Cooper transfirio 1 - Túnica Apocaliptica Erebea (Altos) a ZAKARiA
7/1/2020 7:04:06 PM Cooper transfirio 1 - Anillo Del Origen a ZAKARiA
7/1/2020 7:04:41 PM Cooper transfirio 1 - Manto Alado de Sangre (Altos) a ZAKARiA
7/1/2020 7:27:23 PM Louis Pasteur transfirio 1 - Túnica Apocalíptica (RM+15) a SehkaY
7/1/2020 9:22:16 PM Lherian transfirio 1 - Pendiente de sacrificio a berenicE
7/1/2020 10:29:16 PM agus transfirio 1 - Túnica Apocalíptica (RM+15)(Bajos) a NAVONI
7/1/2020 10:41:41 PM Renger transfirio 1 - Túnica 3ra Jerarquia Alianza (Altos) a Strenker
7/1/2020 10:41:51 PM Strenker transfirio 1 - Túnica 3ra Jerarquia Alianza (Altos) a Renger
7/1/2020 10:41:53 PM calabuth transfirio 1 - Túnica Apocalíptica (RM+15) a acrUNO
7/1/2020 10:41:57 PM calabuth transfirio 1 - Purgadora de Almas a acrUNO
7/1/2020 10:44:42 PM calabuth transfirio 1 - Manto Alado (Altos) a acrUNO
7/1/2020 10:54:49 PM calabuth transfirio 1 - Espada Balrog Maestra a lampara
7/1/2020 11:11:23 PM totala transfirio 1 - Daga de Hielo a berenicE
7/2/2020 3:53:42 PM TAiCHU transfirio 1 - Scroll de Experiencia (x2) (15m) a DanyhieL
7/2/2020 4:14:56 PM DanyhieL transfirio 1 - Sombrero de Baile a TAiCHU
7/2/2020 5:26:20 PM Michael Farady transfirio 1 - Gema Negra a berenicE
7/2/2020 5:30:22 PM berenicE transfirio 1 - Máscara de Calavera a DanyhieL
7/2/2020 6:19:13 PM los uno transfirio 1 - Gema Octarina a Strenker
7/2/2020 7:03:35 PM Maggie SimpsoN transfirio 1 - Máscara de Papa Noel a DanyhieL
7/2/2020 7:28:53 PM DanyhieL transfirio 1 - Máscara de Papa Noel a Maggie SimpsoN
7/2/2020 7:51:01 PM Michael Farady transfirio 1 - Cetro Supremo a iSSACk
7/2/2020 7:51:03 PM Michael Farady transfirio 1 - Anillo Del Origen a iSSACk
7/2/2020 7:51:05 PM Michael Farady transfirio 1 - Corona Alada a iSSACk
7/2/2020 7:51:08 PM Michael Farady transfirio 1 - Túnica Suprema a iSSACk
7/2/2020 7:51:11 PM Michael Farady transfirio 1 - Túnica Divina a iSSACk
7/2/2020 7:51:13 PM Michael Farady transfirio 1 - Túnica de los Heroes a iSSACk
7/2/2020 7:51:15 PM Michael Farady transfirio 1 - Túnica de los Campeones a iSSACk
7/2/2020 7:51:22 PM Michael Farady transfirio 1 - Túnica Apocaliptica Erebea (Bajos) a iSSACk
7/2/2020 7:51:24 PM Michael Farady transfirio 1 - Manto Alado de Sangre (Bajos) a iSSACk
7/2/2020 7:51:28 PM Michael Farady transfirio 1 - Anillo de la Inmunidad a iSSACk
7/2/2020 9:19:42 PM SehkaY transfirio 1 - Túnica Perseus a RenaTo
7/2/2020 11:53:07 PM RenaTo transfirio 1 - Túnica Perseus a SehkaY
7/3/2020 2:03:54 AM iSSACk transfirio 1 - Gema Naranja a DanyhieL
7/3/2020 3:32:48 AM OCHENTAYOCHOSM transfirio 5 - Cristal de Almas (Mediano) a Shibe
7/3/2020 3:32:51 AM OCHENTAYOCHOSM transfirio 17 - Cristal de Almas (Pequeño) a Shibe
7/3/2020 4:00:55 AM Bart Simpson transfirio 1 - Cristal de Almas (Mediano) a Shibe
7/3/2020 4:01:00 AM Bart Simpson transfirio 32 - Cristal de Almas (Pequeño) a Shibe
7/3/2020 4:01:22 AM HaelTHas transfirio 10 - Cristal de Almas (Mediano) a Shibe
7/3/2020 4:01:25 AM HaelTHas transfirio 47 - Cristal de Almas (Pequeño) a Shibe
7/3/2020 1:06:50 PM ASHAUSDJ transfirio 1 - Casco de acero a fotoshop
7/3/2020 6:37:40 PM Renger transfirio 1 - Túnica de la Suerte a Strenker
7/3/2020 6:43:16 PM Renger transfirio 2 - Gema Lila a Strenker
7/3/2020 6:43:18 PM Renger transfirio 2 - Gema Celeste a Strenker
7/3/2020 6:48:05 PM Renger transfirio 1 - Gema Celeste a Strenker
7/3/2020 6:48:10 PM Renger transfirio 1 - Gema Naranja a Strenker
7/3/2020 6:54:42 PM Renger transfirio 1 - Saco de 10 créditos a Strenker
7/3/2020 7:16:26 PM Spinetta transfirio 1 - Saco de 10 créditos a Shazam
7/3/2020 7:16:47 PM Shazam transfirio 1 - Saco de 10 créditos a Gemass
7/3/2020 7:16:49 PM Shazam transfirio 1 - Saco de 5 créditos a Gemass
7/3/2020 7:17:19 PM Shazam transfirio 7 - Scroll de Experiencia (x2) (15m) a Gemass
7/3/2020 7:17:24 PM Shazam transfirio 2 - Scroll de Oro (x2) (15m) a Gemass
7/3/2020 7:17:26 PM Shazam transfirio 1 - Scroll de Experiencia (x2) (30m) a Gemass
7/3/2020 7:17:30 PM Shazam transfirio 1 - Scroll de Cristales (x2) (15m) a Gemass
7/3/2020 7:17:32 PM Shazam transfirio 1 - Scroll de Drop (x2) (15m) a Gemass
7/3/2020 7:17:35 PM Shazam transfirio 2 - Amuleto de Lider a Gemass
7/3/2020 7:17:39 PM Shazam transfirio 2 - Anillo de la Inmunidad a Gemass
7/3/2020 7:19:08 PM Shazam transfirio 1 - Poción de la Resurrección a Gemass
7/3/2020 7:20:45 PM Shazam transfirio 2 - Túnica de los Heroes a Tuniques
7/3/2020 7:20:47 PM Shazam transfirio 4 - Túnica de los Campeones a Tuniques
7/3/2020 7:20:50 PM Shazam transfirio 1 - Túnica Divina a Tuniques
7/3/2020 7:20:58 PM Shazam transfirio 1 - Túnica de la Maestria a Tuniques
7/3/2020 7:59:40 PM lampara transfirio 1 - Armadura Triunfal (Altos) a calabuth
7/3/2020 8:02:37 PM calabuth transfirio 1 - Armadura Triunfal (Altos) a lampara
7/3/2020 8:32:37 PM Strenker transfirio 1 - Túnica de la Suerte a Renger
7/3/2020 10:24:47 PM Boveduki transfirio 2 - Scroll de Experiencia (x2) (30m) a Gemass
7/3/2020 10:24:50 PM Boveduki transfirio 1 - Scroll de Cristales (x3) (15m) a Gemass
7/3/2020 10:24:52 PM Boveduki transfirio 1 - Scroll de Oro (x2) (15m) a Gemass
7/3/2020 10:25:27 PM Boveduki transfirio 4 - Fragmento de la Hermandad (Izquierdo) a Gemass
7/3/2020 10:25:59 PM Boveduki transfirio 46 - Gema Violeta a Gemass
7/3/2020 10:26:02 PM Boveduki transfirio 3 - Gema Azul a Gemass
7/3/2020 10:28:32 PM Gemass transfirio 1 - Anillo de la Inmunidad a Scrazy
7/4/2020 12:44:51 AM Scrazy transfirio 1 - Saco de 5 créditos a Gemass
7/4/2020 12:44:54 AM Scrazy transfirio 1 - Gema Verde a Gemass
7/4/2020 12:54:50 AM Scrazy transfirio 1 - Pergamino del Regreso a DanyhieL
7/4/2020 3:15:17 AM Tuniques transfirio 1 - Túnica de los Heroes a Shaqq
7/4/2020 3:39:30 AM Shazam transfirio 1 - Túnica Apocaliptica Erebea (Altos) a puntoExe
7/4/2020 3:39:32 AM Shazam transfirio 1 - Cetro Supremo a puntoExe
7/4/2020 3:39:34 AM Shazam transfirio 1 - Manto Alado de Sangre (Altos) a puntoExe
7/4/2020 3:40:01 AM Shazam transfirio 1 - Corona Alada a puntoExe
7/4/2020 3:40:04 AM Shazam transfirio 1 - Anillo Del Origen a puntoExe
7/4/2020 3:41:33 AM Shazam transfirio 1 - Túnica Apocaliptica Erebea (Altos) a puntoExe
7/4/2020 3:41:35 AM Shazam transfirio 1 - Cetro Supremo a puntoExe
7/4/2020 3:41:38 AM Shazam transfirio 1 - Manto Alado de Sangre (Altos) a puntoExe
7/4/2020 3:41:41 AM Shazam transfirio 1 - Corona Alada a puntoExe
7/4/2020 3:41:43 AM Shazam transfirio 1 - Anillo Del Origen a puntoExe
7/4/2020 3:58:18 AM puntoExe transfirio 2 - Corona Alada a Shazam
7/4/2020 3:58:21 AM puntoExe transfirio 2 - Anillo Del Origen a Shazam
7/4/2020 3:58:23 AM puntoExe transfirio 2 - Cetro Supremo a Shazam
7/4/2020 3:58:25 AM puntoExe transfirio 2 - Manto Alado de Sangre (Altos) a Shazam
7/4/2020 3:58:29 AM puntoExe transfirio 2 - Túnica Apocaliptica Erebea (Altos) a Shazam
7/4/2020 1:31:23 PM SehkaY transfirio 1 - Escudo Lirico a DanyhieL
7/4/2020 1:31:26 PM SehkaY transfirio 3 - Pendiente de sacrificio a DanyhieL
7/4/2020 2:22:19 PM Renger transfirio 1 - Gema Plateada a Strenker
7/4/2020 2:36:31 PM Lyric transfirio 2 - Poción de la Resurrección a Micaela
7/4/2020 2:36:53 PM Zedark transfirio 1 - Medalla de Oro a Micaela
7/4/2020 2:37:05 PM Zedark transfirio 2 - Poción de la Resurrección a Micaela
7/4/2020 2:37:28 PM Reina transfirio 2 - Poción de la Resurrección a Micaela
7/4/2020 2:37:30 PM Reina transfirio 2 - Pendiente de sacrificio a Micaela
7/4/2020 2:37:33 PM Reina transfirio 1 - Scroll de Oro (x2) (15m) a Micaela
7/4/2020 2:39:03 PM Nato transfirio 2 - Poción de la Resurrección a Micaela
7/4/2020 2:40:27 PM Lavatupper transfirio 2 - Poción de la Resurrección a Micaela
7/4/2020 2:43:40 PM Zedark transfirio 1 - Medalla de Oro a Micaela
7/4/2020 2:44:17 PM Freya transfirio 2 - Medalla de Oro a Micaela
7/4/2020 2:48:30 PM Negro Ibarra transfirio 1 - Máscara de Lobo Sanguinario a Strenker
7/4/2020 3:09:45 PM Micaela transfirio 1 - 1 crédito a Renger
7/4/2020 3:10:04 PM Renger transfirio 1 - Saco de 5 créditos a Micaela
7/4/2020 3:12:00 PM Renger transfirio 319 - Cristal de Almas (Pequeño) a Micaela
7/4/2020 3:12:03 PM Renger transfirio 83 - Cristal de Almas (Mediano) a Micaela
7/4/2020 8:32:12 PM Cusenier transfirio 1 - Anillo Del Origen a Owen thiz
7/4/2020 9:19:51 PM Shazam transfirio 1 - Túnica Apocaliptica Erebea (Altos) a puntoExe
7/4/2020 9:19:53 PM Shazam transfirio 1 - Cetro Supremo a puntoExe
7/4/2020 9:19:56 PM Shazam transfirio 1 - Manto Alado de Sangre (Altos) a puntoExe
7/4/2020 9:20:00 PM Shazam transfirio 1 - Anillo Del Origen a puntoExe
7/4/2020 9:20:08 PM Shazam transfirio 1 - Corona Alada a puntoExe
7/4/2020 9:20:29 PM Tuniques transfirio 1 - Túnica Divina a puntoExe
7/4/2020 10:15:17 PM SehkaY transfirio 1 - Tiara Dorada a DanyhieL
7/4/2020 11:06:10 PM Scrazy transfirio 1 - Gema Celeste a Gemass
7/4/2020 11:06:12 PM Scrazy transfirio 1 - Scroll de Experiencia (x2) (15m) a Gemass
7/4/2020 11:21:43 PM Shazam transfirio 1 - Cetro Supremo a puntoExe
7/4/2020 11:28:10 PM Scrazy transfirio 1 - Gema Naranja a Gemass
7/5/2020 12:37:16 AM RenaTo transfirio 1 - Túnica Perseus a DrixPoweR
7/5/2020 12:37:18 AM RenaTo transfirio 1 - Cetro Supremo a DrixPoweR
7/5/2020 12:37:20 AM RenaTo transfirio 1 - Corona Alada a DrixPoweR
7/5/2020 12:37:25 AM RenaTo transfirio 1 - Anillo Del Origen a DrixPoweR
7/5/2020 12:43:04 AM DrixPoweR transfirio 1 - Cetro Supremo a RenaTo
7/5/2020 12:43:08 AM DrixPoweR transfirio 1 - Túnica Perseus a RenaTo
7/5/2020 12:43:10 AM DrixPoweR transfirio 1 - Anillo Del Origen a RenaTo
7/5/2020 12:43:14 AM DrixPoweR transfirio 1 - Corona Alada a RenaTo
7/5/2020 11:07:50 AM iNDiHiKiEV transfirio 1 - Arco Aurum a Scrazy
7/5/2020 11:07:53 AM iNDiHiKiEV transfirio 1 - Scroll de Cristales (x2) (15m) a Scrazy
7/5/2020 11:07:55 AM iNDiHiKiEV transfirio 5 - Medalla de Oro a Scrazy
7/5/2020 11:08:14 AM iNDiHiKiEV transfirio 1 - Gema Sauron (Renuncia a la horda) a Scrazy
7/5/2020 11:08:47 AM ATR CUMBiA transfirio 1 - Tiara Dorada a Scrazy
7/5/2020 11:09:14 AM fACiLiTO transfirio 1 - Gema Naranja a Scrazy
7/5/2020 11:09:50 AM Scrazy transfirio 1 - Arco Aurum a Shazam
7/5/2020 11:10:32 AM Scrazy transfirio 1 - Gema Sauron (Renuncia a la horda) a Gemass
7/5/2020 11:10:34 AM Scrazy transfirio 1 - Scroll de Cristales (x2) (15m) a Gemass
7/5/2020 11:11:00 AM Scrazy transfirio 1 - Gema Naranja a Gemass
7/5/2020 11:11:19 AM Scrazy transfirio 1 - Túnica de los Campeones a Gemass
7/5/2020 11:12:31 AM iNDiHiViKiN transfirio 20 - Pendiente de sacrificio a Scrazy
7/5/2020 11:13:33 AM iNDiHiViKiN transfirio 1 - Anillo Del Origen a Shazam
7/5/2020 11:14:02 AM fACiLiTO transfirio 2 - Gema Lila a Gemass
7/5/2020 11:14:04 AM fACiLiTO transfirio 1 - Gema Plateada a Gemass
7/5/2020 11:14:20 AM iNDiHiViKiN transfirio 1 - Scroll de Experiencia (x2) (30m) a Gemass
7/5/2020 1:15:20 PM Strenker transfirio 1 - Corona a Shael
7/5/2020 1:35:22 PM Zedark transfirio 1 - Arco Simple Reforzado a Strenker
7/5/2020 10:44:05 PM fACiLiTO transfirio 1 - Manto Alado de Sangre (Bajos) a Scrazy
7/5/2020 10:44:18 PM fACiLiTO transfirio 1 - Túnica Erebea +2 (Bajos) a Scrazy
7/5/2020 10:44:33 PM Scrazy transfirio 1 - Túnica Erebea +2 (Bajos) a fACiLiTO
7/5/2020 10:45:46 PM fACiLiTO transfirio 3 - Manto Alado (Altos) a Shazam
7/5/2020 10:45:53 PM fACiLiTO transfirio 4 - Corona a Shazam
7/5/2020 10:45:55 PM fACiLiTO transfirio 4 - Cetro de Archimago a Shazam
7/5/2020 10:45:58 PM fACiLiTO transfirio 2 - Anillo de los Dioses a Shazam
7/5/2020 10:46:00 PM fACiLiTO transfirio 1 - Arco Argentum a Shazam
7/5/2020 10:47:11 PM Boveduki transfirio 2 - Corona a Shazam
7/5/2020 10:47:14 PM Boveduki transfirio 1 - Sombrero de Baile a Shazam
7/5/2020 10:47:16 PM Boveduki transfirio 1 - Escudo Lirico a Shazam
7/5/2020 10:47:18 PM Boveduki transfirio 1 - Espada Argentum a Shazam
7/5/2020 10:47:20 PM Boveduki transfirio 1 - Escudo Tenebroso a Shazam
7/5/2020 10:47:22 PM Boveduki transfirio 1 - Espada del Balrog a Shazam
7/5/2020 10:47:24 PM Boveduki transfirio 1 - Escudo de Dragón a Shazam
7/5/2020 10:47:26 PM Boveduki transfirio 2 - Cetro de Archimago a Shazam
7/5/2020 10:48:12 PM Boveduki transfirio 1 - Daga Abismal a Shazam
7/5/2020 10:48:15 PM Boveduki transfirio 1 - Sombrero de Juglar a Shazam
7/5/2020 10:48:38 PM Boveduki transfirio 1 - Gema Naranja a Gemass
7/5/2020 10:50:49 PM Shazam transfirio 1 - Sombrero de Juglar a Scrazy
7/5/2020 10:51:05 PM Scrazy transfirio 1 - Tiara Dorada a Shazam
7/5/2020 11:23:28 PM Scrazy transfirio 1 - Manto Alado de Sangre (Bajos) a Shazam
7/5/2020 11:37:17 PM Nhoa transfirio 1 - Túnica Suprema a Strenker
7/5/2020 11:37:21 PM Nhoa transfirio 1 - Medalla de Oro a Strenker
7/6/2020 12:48:23 PM Renger transfirio 2 - Espada Mata Dragones a Strenker
7/6/2020 12:51:05 PM Freyja transfirio 2 - Scroll de Cristales (x2) (15m) a Renger
7/6/2020 12:51:06 PM Freyja transfirio 1 - Scroll de Oro (x2) (15m) a Renger
7/6/2020 7:08:35 PM Marie Curie transfirio 100 - Poción Verde a DON RAMON
7/6/2020 10:00:24 PM Lherian transfirio 1 - Pendiente de sacrificio a Hector Lavoe
7/6/2020 11:07:00 PM Freyja transfirio 1 - Gema Celeste a Bardo G
7/6/2020 11:07:02 PM Freyja transfirio 1 - Gema Naranja a Bardo G
7/6/2020 11:07:03 PM Freyja transfirio 1 - Medalla de Oro a Bardo G
7/6/2020 11:07:05 PM Freyja transfirio 178 - Cristal de Almas (Pequeño) a Bardo G
7/6/2020 11:07:07 PM Freyja transfirio 35 - Cristal de Almas (Mediano) a Bardo G
7/6/2020 11:07:51 PM Reina transfirio 1 - Gema Azul a Bardo G
7/6/2020 11:07:53 PM Reina transfirio 1 - Gema Verde a Bardo G
7/6/2020 11:10:04 PM Chipi Barijho transfirio 1 - Medalla de Oro a Bardo G
7/6/2020 11:13:17 PM Lucky transfirio 1 - Anillo Del Origen a Bobeda Off
7/6/2020 11:13:19 PM Lucky transfirio 1 - Corona Alada a Bobeda Off
7/6/2020 11:13:22 PM Lucky transfirio 1 - Manto Alado de Sangre (Altos) a Bobeda Off
7/6/2020 11:13:27 PM Lucky transfirio 1 - Túnica Perseus a Bobeda Off
7/6/2020 11:13:30 PM Lucky transfirio 1 - Cetro Supremo a Bobeda Off
7/6/2020 11:13:59 PM Yahoo transfirio 1 - Túnica Apocaliptica Erebea (Altos) a Bobeda Off
7/6/2020 11:36:23 PM Hector Lavoe transfirio 1 - Anillo de los Dioses a UnderNow
7/7/2020 2:11:55 PM Nhoa transfirio 1 - Túnica de la Suerte a Renger
7/7/2020 2:12:08 PM Nhoa transfirio 3 - Espada Mata Dragones a Renger
7/7/2020 2:12:35 PM Renger transfirio 3 - Espada Mata Dragones a Strenker
7/7/2020 2:18:19 PM Renger transfirio 1 - Gema Roja a Strenker
7/7/2020 2:48:39 PM Renger transfirio 37 - Cristal de Almas (Mediano) a Strenker
7/7/2020 2:48:42 PM Renger transfirio 160 - Cristal de Almas (Pequeño) a Strenker
7/7/2020 2:54:51 PM Cyrus transfirio 8 - Espada Mata Dragones a Strenker
7/7/2020 2:55:44 PM Cyrus transfirio 1 - Pendiente de sacrificio a Strenker
7/8/2020 2:50:42 PM Renger transfirio 1 - Túnica de la Suerte a Nhoa
7/8/2020 7:06:39 PM Renger transfirio 1 - Túnica de la Suerte a Freyja
7/8/2020 7:35:10 PM Freyja transfirio 30 - Cristal de Almas (Mediano) a Strenker
7/8/2020 7:35:13 PM Freyja transfirio 118 - Cristal de Almas (Pequeño) a Strenker
7/8/2020 7:35:32 PM Strenker transfirio 1 - Arco Simple Reforzado a Freyja
7/8/2020 7:37:36 PM Freyja transfirio 8 - Cristal de Almas (Pequeño) a Strenker
7/8/2020 7:37:37 PM Freyja transfirio 3 - Cristal de Almas (Mediano) a Strenker
7/8/2020 7:38:57 PM Freyja transfirio 1 - Túnica de la Suerte a Renger
7/8/2020 8:10:39 PM Renger transfirio 5 - Cristal de Almas (Mediano) a Strenker
7/8/2020 8:10:41 PM Renger transfirio 13 - Cristal de Almas (Pequeño) a Strenker
7/8/2020 11:14:05 PM Rodols transfirio 1 - Escudo Tenebroso a ESSEN
7/9/2020 12:12:58 PM Ragnar lothbrok transfirio 1 - Túnica de la Riqueza  a lula
7/9/2020 8:15:56 PM Strenker transfirio 3 - Scroll de Drop (x2) (30m) a Renger
7/9/2020 8:16:03 PM Strenker transfirio 4 - Scroll de Cristales (x3) (15m) a Renger
7/9/2020 8:39:55 PM Renger transfirio 135 - Cristal de Almas (Mediano) a Strenker
7/9/2020 8:39:57 PM Renger transfirio 512 - Cristal de Almas (Pequeño) a Strenker
7/9/2020 8:39:59 PM Renger transfirio 3 - Scroll de Cristales (x3) (15m) a Strenker
7/9/2020 8:40:57 PM Renger transfirio 2 - Scroll de Drop (x2) (30m) a Strenker
7/9/2020 9:29:21 PM Renger transfirio 21 - Cristal de Almas (Pequeño) a HeyertaL I
7/9/2020 9:29:23 PM Renger transfirio 11 - Cristal de Almas (Pequeño) a HeyertaL I
7/10/2020 12:01:48 AM Nhoa transfirio 4 - Cristal de Almas (Mediano) a HeyertaL I
7/10/2020 12:01:50 AM Nhoa transfirio 14 - Cristal de Almas (Pequeño) a HeyertaL I
7/10/2020 12:11:03 AM Nhoa transfirio 1 - Cetro Supremo a HeyertaL I
7/10/2020 2:58:25 PM Renger transfirio 1 - Pendiente de sacrificio a Yhakur
7/10/2020 4:17:18 PM Strenker transfirio 1 - Corona Oscura a BlackSoull
7/10/2020 4:21:21 PM Lherian transfirio 1 - Máscara Anonymous a Strenker
7/10/2020 5:15:58 PM Shael transfirio 1 - Gema Naranja a Strenker
7/10/2020 5:20:40 PM Jessie Eden transfirio 1 - Gema Naranja a Strenker
7/10/2020 5:20:43 PM Jessie Eden transfirio 2 - Gema Verde a Strenker
7/10/2020 5:20:45 PM Jessie Eden transfirio 1 - Medalla de Oro a Strenker
7/10/2020 7:30:07 PM Bardo G transfirio 1 - Scroll de Drop (x2) (30m) a Renger
7/10/2020 11:44:39 PM RenaTo transfirio 1 - Espada Mata Dragones a SehkaY
7/11/2020 12:18:07 AM Chupala transfirio 1 - Anillo de la Inmunidad a ESSEN
7/11/2020 1:23:16 AM ESSEN transfirio 290 - Cristal de Almas (Pequeño) a Chupala
7/11/2020 1:23:32 AM ESSEN transfirio 1 - Cristal de Almas (Mediano) a Chupala
7/11/2020 1:23:50 AM ESSEN transfirio 38 - Cristal de Almas (Mediano) a Chupala
7/11/2020 11:58:17 PM RenaTo transfirio 1 - Túnica Perseus a Aezerehv
7/12/2020 9:52:29 PM SehkaY transfirio 1 - Máscara Anonymous a TraviesO
7/13/2020 1:45:50 AM RenaTo transfirio 1 - Túnica Perseus a SoteldO
7/13/2020 1:45:54 AM RenaTo transfirio 1 - Anillo de la Inmunidad a SoteldO
7/13/2020 1:46:09 AM RonaldO transfirio 1 - Túnica de los Heroes a SoteldO
7/14/2020 1:03:09 AM SoteldO transfirio 1 - Anillo de la Inmunidad a RenaTo
7/14/2020 1:03:11 AM SoteldO transfirio 1 - Túnica Perseus a RenaTo
7/15/2020 11:53:50 AM Boludeandos transfirio 1 - Escudo Tenebroso a MAgopro
7/15/2020 3:41:57 PM Zasko Master transfirio 1 - Cetro Supremo a Owen thiz
